[15:35:56.391] [INFO   ] thread main starting.
[15:35:56.391] [SEVERE ] cannot read configuration file config.properties trying from resources.
[15:35:56.407] [SEVERE ] configuration file was loaded from resources directory.
[15:35:57.217] [INFO   ] thread dealer starting.
[15:35:57.330] [SEVERE ] placing card 76 in slot 0
[15:35:57.445] [SEVERE ] placing card 44 in slot 1
[15:35:57.550] [SEVERE ] placing card 78 in slot 2
[15:35:57.667] [SEVERE ] placing card 18 in slot 3
[15:35:57.775] [SEVERE ] placing card 0 in slot 4
[15:35:57.886] [SEVERE ] placing card 2 in slot 5
[15:35:57.997] [SEVERE ] placing card 55 in slot 6
[15:35:58.107] [SEVERE ] placing card 47 in slot 7
[15:35:58.217] [SEVERE ] placing card 60 in slot 8
[15:35:58.330] [SEVERE ] placing card 80 in slot 9
[15:35:58.436] [SEVERE ] placing card 34 in slot 10
[15:35:58.547] [SEVERE ] placing card 65 in slot 11
[15:35:58.549] [SEVERE ] updating countdown to 60000
[15:35:58.664] [SEVERE ] updating countdown to 59883
[15:35:58.775] [SEVERE ] updating countdown to 59773
[15:35:58.884] [SEVERE ] updating countdown to 59663
[15:35:58.995] [SEVERE ] updating countdown to 59552
[15:35:59.105] [SEVERE ] updating countdown to 59442
[15:35:59.218] [SEVERE ] updating countdown to 59329
[15:35:59.336] [SEVERE ] updating countdown to 59211
[15:35:59.438] [SEVERE ] updating countdown to 59109
[15:35:59.548] [SEVERE ] updating countdown to 58999
[15:35:59.658] [SEVERE ] updating countdown to 58889
[15:35:59.764] [SEVERE ] updating countdown to 58783
[15:35:59.874] [SEVERE ] updating countdown to 58673
[15:35:59.989] [SEVERE ] updating countdown to 58558
[15:36:00.100] [SEVERE ] updating countdown to 58447
[15:36:00.210] [SEVERE ] updating countdown to 58337
[15:36:00.325] [SEVERE ] updating countdown to 58222
[15:36:00.434] [SEVERE ] updating countdown to 58113
[15:36:00.545] [SEVERE ] updating countdown to 58002
[15:36:00.655] [SEVERE ] updating countdown to 57892
[15:36:00.760] [SEVERE ] updating countdown to 57787
[15:36:00.863] [SEVERE ] updating countdown to 57684
[15:36:00.967] [SEVERE ] updating countdown to 57580
[15:36:01.077] [SEVERE ] updating countdown to 57470
[15:36:01.184] [SEVERE ] updating countdown to 57363
[15:36:01.296] [SEVERE ] updating countdown to 57251
[15:36:01.408] [SEVERE ] updating countdown to 57139
[15:36:01.511] [SEVERE ] updating countdown to 57036
[15:36:01.631] [SEVERE ] updating countdown to 56916
[15:36:01.738] [SEVERE ] updating countdown to 56809
[15:36:01.848] [SEVERE ] updating countdown to 56699
[15:36:01.960] [SEVERE ] updating countdown to 56587
[15:36:02.070] [SEVERE ] updating countdown to 56477
[15:36:02.180] [SEVERE ] updating countdown to 56367
[15:36:02.289] [SEVERE ] updating countdown to 56258
[15:36:02.400] [SEVERE ] updating countdown to 56147
[15:36:02.509] [SEVERE ] updating countdown to 56038
[15:36:02.625] [SEVERE ] updating countdown to 55922
[15:36:02.735] [SEVERE ] updating countdown to 55812
[15:36:02.845] [SEVERE ] updating countdown to 55702
[15:36:02.955] [SEVERE ] updating countdown to 55592
[15:36:03.065] [SEVERE ] updating countdown to 55482
[15:36:03.175] [SEVERE ] updating countdown to 55372
[15:36:03.285] [SEVERE ] updating countdown to 55262
[15:36:03.395] [SEVERE ] updating countdown to 55152
[15:36:03.492] [SEVERE ] key 83 was pressed by player 1
[15:36:03.505] [SEVERE ] updating countdown to 55042
[15:36:03.505] [SEVERE ] player 1 placing token on slot 5
[15:36:03.618] [SEVERE ] updating countdown to 54929
[15:36:03.724] [SEVERE ] updating countdown to 54823
[15:36:03.834] [SEVERE ] updating countdown to 54713
[15:36:03.945] [SEVERE ] updating countdown to 54602
[15:36:04.056] [SEVERE ] updating countdown to 54491
[15:36:04.166] [SEVERE ] updating countdown to 54381
[15:36:04.275] [SEVERE ] updating countdown to 54272
[15:36:04.386] [SEVERE ] updating countdown to 54161
[15:36:04.487] [SEVERE ] updating countdown to 54060
[15:36:04.602] [SEVERE ] updating countdown to 53945
[15:36:04.681] [SEVERE ] key 70 was pressed by player 1
[15:36:04.681] [SEVERE ] player 1 placing token on slot 7
[15:36:04.712] [SEVERE ] updating countdown to 53835
[15:36:04.827] [SEVERE ] updating countdown to 53720
[15:36:04.937] [SEVERE ] updating countdown to 53610
[15:36:05.041] [SEVERE ] updating countdown to 53506
[15:36:05.151] [SEVERE ] updating countdown to 53396
[15:36:05.261] [SEVERE ] updating countdown to 53286
[15:36:05.371] [SEVERE ] updating countdown to 53176
[15:36:05.481] [SEVERE ] updating countdown to 53066
[15:36:05.591] [SEVERE ] updating countdown to 52956
[15:36:05.701] [SEVERE ] updating countdown to 52846
[15:36:05.811] [SEVERE ] updating countdown to 52736
[15:36:05.921] [SEVERE ] updating countdown to 52626
[15:36:06.032] [SEVERE ] updating countdown to 52515
[15:36:06.142] [SEVERE ] updating countdown to 52405
[15:36:06.252] [SEVERE ] updating countdown to 52295
[15:36:06.362] [SEVERE ] updating countdown to 52185
[15:36:06.472] [SEVERE ] updating countdown to 52075
[15:36:06.576] [SEVERE ] updating countdown to 51971
[15:36:06.686] [SEVERE ] updating countdown to 51861
[15:36:06.786] [SEVERE ] key 86 was pressed by player 1
[15:36:06.786] [SEVERE ] player 1 placing token on slot 11
[15:36:06.802] [SEVERE ] updating countdown to 51745
[15:36:06.802] [SEVERE ] removing all tokens
[15:36:06.913] [SEVERE ] removing card from slot 5
[15:36:06.913] [SEVERE ] removing all tokens
[15:36:07.023] [SEVERE ] removing card from slot 7
[15:36:07.023] [SEVERE ] removing all tokens
[15:36:07.130] [SEVERE ] removing card from slot 11
[15:36:07.130] [SEVERE ] setting player 1 score to 1
[15:36:07.240] [SEVERE ] placing card 34 in slot 5
[15:36:07.351] [SEVERE ] placing card 6 in slot 7
[15:36:07.460] [SEVERE ] placing card 12 in slot 11
[15:36:07.570] [SEVERE ] updating countdown to 50977
[15:36:07.680] [SEVERE ] updating countdown to 50867
[15:36:07.790] [SEVERE ] updating countdown to 50757
[15:36:07.900] [SEVERE ] updating countdown to 50647
[15:36:08.010] [SEVERE ] updating countdown to 50537
[15:36:08.120] [SEVERE ] updating countdown to 50427
[15:36:08.230] [SEVERE ] updating countdown to 50317
[15:36:08.341] [SEVERE ] updating countdown to 50206
[15:36:08.451] [SEVERE ] updating countdown to 50096
[15:36:08.560] [SEVERE ] updating countdown to 49987
[15:36:08.671] [SEVERE ] updating countdown to 49876
[15:36:08.780] [SEVERE ] updating countdown to 49767
[15:36:08.890] [SEVERE ] updating countdown to 49657
[15:36:09.000] [SEVERE ] updating countdown to 49547
[15:36:09.114] [SEVERE ] updating countdown to 49433
[15:36:09.224] [SEVERE ] updating countdown to 49323
[15:36:09.334] [SEVERE ] updating countdown to 49213
[15:36:09.446] [SEVERE ] updating countdown to 49101
[15:36:09.550] [SEVERE ] updating countdown to 48997
[15:36:09.662] [SEVERE ] updating countdown to 48885
[15:36:09.772] [SEVERE ] updating countdown to 48775
[15:36:09.884] [SEVERE ] updating countdown to 48663
[15:36:09.994] [SEVERE ] updating countdown to 48553
[15:36:10.104] [SEVERE ] updating countdown to 48443
[15:36:10.211] [SEVERE ] updating countdown to 48336
[15:36:10.321] [SEVERE ] updating countdown to 48226
[15:36:10.431] [SEVERE ] updating countdown to 48116
[15:36:10.541] [SEVERE ] updating countdown to 48006
[15:36:10.651] [SEVERE ] updating countdown to 47896
[15:36:10.761] [SEVERE ] updating countdown to 47786
[15:36:10.871] [SEVERE ] updating countdown to 47676
[15:36:10.981] [SEVERE ] updating countdown to 47566
[15:36:11.091] [SEVERE ] updating countdown to 47456
[15:36:11.201] [SEVERE ] updating countdown to 47346
[15:36:11.311] [SEVERE ] updating countdown to 47236
[15:36:11.421] [SEVERE ] updating countdown to 47126
[15:36:11.524] [SEVERE ] updating countdown to 47023
[15:36:11.634] [SEVERE ] updating countdown to 46913
[15:36:11.744] [SEVERE ] updating countdown to 46803
[15:36:11.744] [SEVERE ] key 83 was pressed by player 1
[15:36:11.744] [SEVERE ] player 1 placing token on slot 5
[15:36:11.855] [SEVERE ] updating countdown to 46692
[15:36:11.958] [SEVERE ] updating countdown to 46589
[15:36:12.068] [SEVERE ] updating countdown to 46479
[15:36:12.181] [SEVERE ] updating countdown to 46366
[15:36:12.268] [SEVERE ] key 68 was pressed by player 1
[15:36:12.268] [SEVERE ] player 1 placing token on slot 6
[15:36:12.283] [SEVERE ] updating countdown to 46264
[15:36:12.393] [SEVERE ] updating countdown to 46154
[15:36:12.498] [SEVERE ] updating countdown to 46049
[15:36:12.608] [SEVERE ] updating countdown to 45939
[15:36:12.718] [SEVERE ] updating countdown to 45829
[15:36:12.828] [SEVERE ] updating countdown to 45719
[15:36:12.938] [SEVERE ] updating countdown to 45609
[15:36:13.048] [SEVERE ] updating countdown to 45499
[15:36:13.158] [SEVERE ] updating countdown to 45389
[15:36:13.268] [SEVERE ] updating countdown to 45279
[15:36:13.378] [SEVERE ] updating countdown to 45169
[15:36:13.410] [SEVERE ] key 67 was pressed by player 1
[15:36:13.410] [SEVERE ] player 1 placing token on slot 10
[15:36:13.488] [SEVERE ] updating countdown to 45059
[15:36:13.488] [SEVERE ] removing player 1 token from slot 5
[15:36:13.488] [SEVERE ] removing player 1 token from slot 6
[15:36:13.488] [SEVERE ] removing player 1 token from slot 10
[15:36:13.488] [SEVERE ] setting player 1 score to 0
[15:36:13.598] [SEVERE ] updating countdown to 44949
[15:36:13.709] [SEVERE ] updating countdown to 44838
[15:36:13.827] [SEVERE ] updating countdown to 44720
[15:36:13.930] [SEVERE ] updating countdown to 44617
[15:36:14.039] [SEVERE ] updating countdown to 44508
[15:36:14.150] [SEVERE ] updating countdown to 44397
[15:36:14.261] [SEVERE ] updating countdown to 44286
[15:36:14.371] [SEVERE ] updating countdown to 44176
[15:36:14.481] [SEVERE ] updating countdown to 44066
[15:36:14.592] [SEVERE ] updating countdown to 43955
[15:36:14.702] [SEVERE ] updating countdown to 43845
[15:36:14.811] [SEVERE ] updating countdown to 43736
[15:36:14.921] [SEVERE ] updating countdown to 43626
[15:36:15.031] [SEVERE ] updating countdown to 43516
[15:36:15.142] [SEVERE ] updating countdown to 43405
[15:36:15.252] [SEVERE ] updating countdown to 43295
[15:36:15.362] [SEVERE ] updating countdown to 43185
[15:36:15.472] [SEVERE ] updating countdown to 43075
[15:36:15.582] [SEVERE ] updating countdown to 42965
[15:36:15.692] [SEVERE ] updating countdown to 42855
[15:36:15.802] [SEVERE ] updating countdown to 42745
[15:36:15.912] [SEVERE ] updating countdown to 42635
[15:36:16.022] [SEVERE ] updating countdown to 42525
[15:36:16.132] [SEVERE ] updating countdown to 42415
[15:36:16.242] [SEVERE ] updating countdown to 42305
[15:36:16.352] [SEVERE ] updating countdown to 42195
[15:36:16.461] [SEVERE ] updating countdown to 42086
[15:36:16.571] [SEVERE ] updating countdown to 41976
[15:36:16.681] [SEVERE ] updating countdown to 41866
[15:36:16.792] [SEVERE ] updating countdown to 41755
[15:36:16.902] [SEVERE ] updating countdown to 41645
[15:36:17.013] [SEVERE ] updating countdown to 41534
[15:36:17.123] [SEVERE ] updating countdown to 41424
[15:36:17.232] [SEVERE ] updating countdown to 41315
[15:36:17.342] [SEVERE ] updating countdown to 41205
[15:36:17.453] [SEVERE ] updating countdown to 41094
[15:36:17.562] [SEVERE ] updating countdown to 40985
[15:36:17.672] [SEVERE ] updating countdown to 40875
[15:36:17.783] [SEVERE ] updating countdown to 40764
[15:36:17.894] [SEVERE ] updating countdown to 40653
[15:36:18.004] [SEVERE ] updating countdown to 40543
[15:36:18.114] [SEVERE ] updating countdown to 40433
[15:36:18.224] [SEVERE ] updating countdown to 40323
[15:36:18.334] [SEVERE ] updating countdown to 40213
[15:36:18.447] [SEVERE ] updating countdown to 40100
[15:36:18.556] [SEVERE ] updating countdown to 39991
[15:36:18.667] [SEVERE ] updating countdown to 39880
[15:36:18.779] [SEVERE ] updating countdown to 39768
[15:36:18.889] [SEVERE ] updating countdown to 39658
[15:36:18.999] [SEVERE ] updating countdown to 39548
[15:36:19.109] [SEVERE ] updating countdown to 39438
[15:36:19.218] [SEVERE ] updating countdown to 39329
[15:36:19.328] [SEVERE ] updating countdown to 39219
[15:36:19.452] [SEVERE ] updating countdown to 39095
[15:36:19.563] [SEVERE ] updating countdown to 38984
[15:36:19.674] [SEVERE ] updating countdown to 38873
[15:36:19.784] [SEVERE ] updating countdown to 38763
[15:36:19.894] [SEVERE ] updating countdown to 38653
[15:36:19.998] [SEVERE ] updating countdown to 38549
[15:36:20.100] [SEVERE ] updating countdown to 38447
[15:36:20.208] [SEVERE ] updating countdown to 38339
[15:36:20.318] [SEVERE ] updating countdown to 38229
[15:36:20.428] [SEVERE ] updating countdown to 38119
[15:36:20.539] [SEVERE ] updating countdown to 38008
[15:36:20.648] [SEVERE ] updating countdown to 37899
[15:36:20.758] [SEVERE ] updating countdown to 37789
[15:36:20.868] [SEVERE ] updating countdown to 37679
[15:36:20.978] [SEVERE ] updating countdown to 37569
[15:36:21.088] [SEVERE ] updating countdown to 37459
[15:36:21.198] [SEVERE ] updating countdown to 37349
[15:36:21.310] [SEVERE ] updating countdown to 37237
[15:36:21.420] [SEVERE ] updating countdown to 37127
[15:36:21.530] [SEVERE ] updating countdown to 37017
[15:36:21.640] [SEVERE ] updating countdown to 36907
[15:36:21.750] [SEVERE ] updating countdown to 36797
[15:36:21.859] [SEVERE ] updating countdown to 36688
[15:36:21.969] [SEVERE ] updating countdown to 36578
[15:36:22.079] [SEVERE ] updating countdown to 36468
[15:36:22.190] [SEVERE ] updating countdown to 36357
[15:36:22.300] [SEVERE ] updating countdown to 36247
[15:36:22.410] [SEVERE ] updating countdown to 36137
[15:36:22.520] [SEVERE ] updating countdown to 36027
[15:36:22.629] [SEVERE ] updating countdown to 35918
[15:36:22.739] [SEVERE ] updating countdown to 35808
[15:36:22.849] [SEVERE ] updating countdown to 35698
[15:36:22.959] [SEVERE ] updating countdown to 35588
[15:36:23.069] [SEVERE ] updating countdown to 35478
[15:36:23.179] [SEVERE ] updating countdown to 35368
[15:36:23.289] [SEVERE ] updating countdown to 35258
[15:36:23.399] [SEVERE ] updating countdown to 35148
[15:36:23.508] [SEVERE ] updating countdown to 35039
[15:36:23.619] [SEVERE ] updating countdown to 34928
[15:36:23.729] [SEVERE ] updating countdown to 34818
[15:36:23.839] [SEVERE ] updating countdown to 34708
[15:36:23.949] [SEVERE ] updating countdown to 34598
[15:36:24.059] [SEVERE ] updating countdown to 34488
[15:36:24.170] [SEVERE ] updating countdown to 34377
[15:36:24.280] [SEVERE ] updating countdown to 34267
[15:36:24.389] [SEVERE ] updating countdown to 34158
[15:36:24.499] [SEVERE ] updating countdown to 34048
[15:36:24.609] [SEVERE ] updating countdown to 33938
[15:36:24.719] [SEVERE ] updating countdown to 33828
[15:36:24.829] [SEVERE ] updating countdown to 33718
[15:36:24.939] [SEVERE ] updating countdown to 33608
[15:36:25.048] [SEVERE ] updating countdown to 33499
[15:36:25.158] [SEVERE ] updating countdown to 33389
[15:36:25.268] [SEVERE ] updating countdown to 33279
[15:36:25.378] [SEVERE ] updating countdown to 33169
[15:36:25.488] [SEVERE ] updating countdown to 33059
[15:36:25.598] [SEVERE ] updating countdown to 32949
[15:36:25.708] [SEVERE ] updating countdown to 32840
[15:36:25.818] [SEVERE ] updating countdown to 32729
[15:36:25.928] [SEVERE ] updating countdown to 32619
[15:36:26.038] [SEVERE ] updating countdown to 32509
[15:36:26.148] [SEVERE ] updating countdown to 32399
[15:36:26.259] [SEVERE ] updating countdown to 32288
[15:36:26.369] [SEVERE ] updating countdown to 32178
[15:36:26.479] [SEVERE ] updating countdown to 32068
[15:36:26.589] [SEVERE ] updating countdown to 31958
[15:36:26.699] [SEVERE ] updating countdown to 31848
[15:36:26.809] [SEVERE ] updating countdown to 31738
[15:36:26.919] [SEVERE ] updating countdown to 31628
[15:36:27.029] [SEVERE ] updating countdown to 31518
[15:36:27.139] [SEVERE ] updating countdown to 31408
[15:36:27.249] [SEVERE ] updating countdown to 31298
[15:36:27.359] [SEVERE ] updating countdown to 31188
[15:36:27.469] [SEVERE ] updating countdown to 31078
[15:36:27.579] [SEVERE ] updating countdown to 30968
[15:36:27.689] [SEVERE ] updating countdown to 30858
[15:36:27.799] [SEVERE ] updating countdown to 30748
[15:36:27.909] [SEVERE ] updating countdown to 30638
[15:36:28.018] [SEVERE ] updating countdown to 30529
[15:36:28.128] [SEVERE ] updating countdown to 30419
[15:36:28.238] [SEVERE ] updating countdown to 30309
[15:36:28.348] [SEVERE ] updating countdown to 30199
[15:36:28.458] [SEVERE ] updating countdown to 30089
[15:36:28.568] [SEVERE ] updating countdown to 29979
[15:36:28.679] [SEVERE ] updating countdown to 29868
[15:36:28.789] [SEVERE ] updating countdown to 29759
[15:36:28.899] [SEVERE ] updating countdown to 29648
[15:36:29.009] [SEVERE ] updating countdown to 29538
[15:36:29.119] [SEVERE ] updating countdown to 29428
[15:36:29.229] [SEVERE ] updating countdown to 29318
[15:36:29.339] [SEVERE ] updating countdown to 29208
[15:36:29.448] [SEVERE ] updating countdown to 29099
[15:36:29.558] [SEVERE ] updating countdown to 28989
[15:36:29.670] [SEVERE ] updating countdown to 28877
[15:36:29.779] [SEVERE ] updating countdown to 28768
[15:36:29.889] [SEVERE ] updating countdown to 28658
[15:36:30.002] [SEVERE ] updating countdown to 28545
[15:36:30.112] [SEVERE ] updating countdown to 28435
[15:36:30.222] [SEVERE ] updating countdown to 28325
[15:36:30.332] [SEVERE ] updating countdown to 28215
[15:36:30.441] [SEVERE ] updating countdown to 28106
[15:36:30.551] [SEVERE ] updating countdown to 27996
[15:36:30.661] [SEVERE ] updating countdown to 27886
[15:36:30.771] [SEVERE ] updating countdown to 27776
[15:36:30.881] [SEVERE ] updating countdown to 27666
[15:36:30.991] [SEVERE ] updating countdown to 27556
[15:36:31.101] [SEVERE ] updating countdown to 27446
[15:36:31.211] [SEVERE ] updating countdown to 27336
[15:36:31.321] [SEVERE ] updating countdown to 27226
[15:36:31.430] [SEVERE ] updating countdown to 27117
[15:36:31.540] [SEVERE ] updating countdown to 27007
[15:36:31.650] [SEVERE ] updating countdown to 26897
[15:36:31.761] [SEVERE ] updating countdown to 26786
[15:36:31.871] [SEVERE ] updating countdown to 26676
[15:36:31.981] [SEVERE ] updating countdown to 26566
[15:36:32.091] [SEVERE ] updating countdown to 26456
[15:36:32.201] [SEVERE ] updating countdown to 26346
[15:36:32.313] [SEVERE ] updating countdown to 26234
[15:36:32.423] [SEVERE ] updating countdown to 26124
[15:36:32.534] [SEVERE ] updating countdown to 26013
[15:36:32.644] [SEVERE ] updating countdown to 25903
[15:36:32.754] [SEVERE ] updating countdown to 25793
[15:36:32.864] [SEVERE ] updating countdown to 25683
[15:36:32.974] [SEVERE ] updating countdown to 25573
[15:36:33.084] [SEVERE ] updating countdown to 25463
[15:36:33.193] [SEVERE ] updating countdown to 25354
[15:36:33.304] [SEVERE ] updating countdown to 25243
[15:36:33.414] [SEVERE ] updating countdown to 25133
[15:36:33.524] [SEVERE ] updating countdown to 25023
[15:36:33.634] [SEVERE ] updating countdown to 24913
[15:36:33.743] [SEVERE ] updating countdown to 24804
[15:36:33.853] [SEVERE ] updating countdown to 24694
[15:36:33.963] [SEVERE ] updating countdown to 24584
[15:36:34.073] [SEVERE ] updating countdown to 24474
[15:36:34.185] [SEVERE ] updating countdown to 24362
[15:36:34.295] [SEVERE ] updating countdown to 24252
[15:36:34.403] [SEVERE ] updating countdown to 24144
[15:36:34.513] [SEVERE ] updating countdown to 24034
[15:36:34.623] [SEVERE ] updating countdown to 23924
[15:36:34.734] [SEVERE ] updating countdown to 23813
[15:36:34.845] [SEVERE ] updating countdown to 23702
[15:36:34.954] [SEVERE ] updating countdown to 23593
[15:36:35.064] [SEVERE ] updating countdown to 23483
[15:36:35.174] [SEVERE ] updating countdown to 23373
[15:36:35.282] [SEVERE ] updating countdown to 23265
[15:36:35.395] [SEVERE ] updating countdown to 23152
[15:36:35.504] [SEVERE ] updating countdown to 23043
[15:36:35.615] [SEVERE ] updating countdown to 22932
[15:36:35.725] [SEVERE ] updating countdown to 22822
[15:36:35.835] [SEVERE ] updating countdown to 22712
[15:36:35.945] [SEVERE ] updating countdown to 22602
[15:36:36.055] [SEVERE ] updating countdown to 22492
[15:36:36.165] [SEVERE ] updating countdown to 22382
[15:36:36.275] [SEVERE ] updating countdown to 22272
[15:36:36.385] [SEVERE ] updating countdown to 22162
[15:36:36.495] [SEVERE ] updating countdown to 22052
[15:36:36.605] [SEVERE ] updating countdown to 21942
[15:36:36.715] [SEVERE ] updating countdown to 21832
[15:36:36.824] [SEVERE ] updating countdown to 21723
[15:36:36.934] [SEVERE ] updating countdown to 21613
[15:36:37.044] [SEVERE ] updating countdown to 21503
[15:36:37.154] [SEVERE ] updating countdown to 21393
[15:36:37.264] [SEVERE ] updating countdown to 21283
[15:36:37.374] [SEVERE ] updating countdown to 21173
[15:36:37.484] [SEVERE ] updating countdown to 21063
[15:36:37.594] [SEVERE ] updating countdown to 20953
[15:36:37.704] [SEVERE ] updating countdown to 20843
[15:36:37.814] [SEVERE ] updating countdown to 20733
[15:36:37.924] [SEVERE ] updating countdown to 20623
[15:36:38.034] [SEVERE ] updating countdown to 20513
[15:36:38.144] [SEVERE ] updating countdown to 20403
[15:36:38.254] [SEVERE ] updating countdown to 20293
[15:36:38.364] [SEVERE ] updating countdown to 20183
[15:36:38.474] [SEVERE ] updating countdown to 20073
[15:36:38.583] [SEVERE ] updating countdown to 19964
[15:36:38.693] [SEVERE ] updating countdown to 19854
[15:36:38.803] [SEVERE ] updating countdown to 19744
[15:36:38.913] [SEVERE ] updating countdown to 19634
[15:36:39.022] [SEVERE ] updating countdown to 19525
[15:36:39.133] [SEVERE ] updating countdown to 19414
[15:36:39.243] [SEVERE ] updating countdown to 19304
[15:36:39.353] [SEVERE ] updating countdown to 19194
[15:36:39.462] [SEVERE ] updating countdown to 19085
[15:36:39.572] [SEVERE ] updating countdown to 18975
[15:36:39.683] [SEVERE ] updating countdown to 18864
[15:36:39.793] [SEVERE ] updating countdown to 18754
[15:36:39.903] [SEVERE ] updating countdown to 18644
[15:36:40.013] [SEVERE ] updating countdown to 18534
[15:36:40.123] [SEVERE ] updating countdown to 18424
[15:36:40.233] [SEVERE ] updating countdown to 18314
[15:36:40.344] [SEVERE ] updating countdown to 18203
[15:36:40.454] [SEVERE ] updating countdown to 18093
[15:36:40.563] [SEVERE ] updating countdown to 17984
[15:36:40.673] [SEVERE ] updating countdown to 17874
[15:36:40.783] [SEVERE ] updating countdown to 17764
[15:36:40.893] [SEVERE ] updating countdown to 17654
[15:36:41.003] [SEVERE ] updating countdown to 17544
[15:36:41.114] [SEVERE ] updating countdown to 17433
[15:36:41.224] [SEVERE ] updating countdown to 17323
[15:36:41.335] [SEVERE ] updating countdown to 17212
[15:36:41.445] [SEVERE ] updating countdown to 17102
[15:36:41.555] [SEVERE ] updating countdown to 16992
[15:36:41.665] [SEVERE ] updating countdown to 16882
[15:36:41.775] [SEVERE ] updating countdown to 16772
[15:36:41.885] [SEVERE ] updating countdown to 16662
[15:36:41.995] [SEVERE ] updating countdown to 16552
[15:36:42.104] [SEVERE ] updating countdown to 16443
[15:36:42.215] [SEVERE ] updating countdown to 16332
[15:36:42.326] [SEVERE ] updating countdown to 16221
[15:36:42.435] [SEVERE ] updating countdown to 16112
[15:36:42.546] [SEVERE ] updating countdown to 16001
[15:36:42.656] [SEVERE ] updating countdown to 15891
[15:36:42.766] [SEVERE ] updating countdown to 15781
[15:36:42.876] [SEVERE ] updating countdown to 15671
[15:36:42.986] [SEVERE ] updating countdown to 15561
[15:36:43.095] [SEVERE ] updating countdown to 15452
[15:36:43.205] [SEVERE ] updating countdown to 15342
[15:36:43.315] [SEVERE ] updating countdown to 15232
[15:36:43.425] [SEVERE ] updating countdown to 15122
[15:36:43.535] [SEVERE ] updating countdown to 15012
[15:36:43.645] [SEVERE ] updating countdown to 14902
[15:36:43.755] [SEVERE ] updating countdown to 14792
[15:36:43.864] [SEVERE ] updating countdown to 14683
[15:36:43.978] [SEVERE ] updating countdown to 14569
[15:36:44.079] [SEVERE ] updating countdown to 14468
[15:36:44.181] [SEVERE ] updating countdown to 14366
[15:36:44.294] [SEVERE ] updating countdown to 14253
[15:36:44.405] [SEVERE ] updating countdown to 14142
[15:36:44.514] [SEVERE ] updating countdown to 14033
[15:36:44.626] [SEVERE ] updating countdown to 13921
[15:36:44.736] [SEVERE ] updating countdown to 13811
[15:36:44.846] [SEVERE ] updating countdown to 13701
[15:36:44.957] [SEVERE ] updating countdown to 13590
[15:36:45.067] [SEVERE ] updating countdown to 13480
[15:36:45.178] [SEVERE ] updating countdown to 13369
[15:36:45.287] [SEVERE ] updating countdown to 13260
[15:36:45.398] [SEVERE ] updating countdown to 13149
[15:36:45.508] [SEVERE ] updating countdown to 13039
[15:36:45.618] [SEVERE ] updating countdown to 12929
[15:36:45.729] [SEVERE ] updating countdown to 12818
[15:36:45.838] [SEVERE ] updating countdown to 12709
[15:36:45.949] [SEVERE ] updating countdown to 12598
[15:36:46.060] [SEVERE ] updating countdown to 12487
[15:36:46.170] [SEVERE ] updating countdown to 12377
[15:36:46.280] [SEVERE ] updating countdown to 12267
[15:36:46.390] [SEVERE ] updating countdown to 12157
[15:36:46.500] [SEVERE ] updating countdown to 12047
[15:36:46.610] [SEVERE ] updating countdown to 11937
[15:36:46.720] [SEVERE ] updating countdown to 11827
[15:36:46.830] [SEVERE ] updating countdown to 11717
[15:36:46.940] [SEVERE ] updating countdown to 11607
[15:36:47.050] [SEVERE ] updating countdown to 11497
[15:36:47.160] [SEVERE ] updating countdown to 11387
[15:36:47.270] [SEVERE ] updating countdown to 11277
[15:36:47.380] [SEVERE ] updating countdown to 11167
[15:36:47.490] [SEVERE ] updating countdown to 11057
[15:36:47.600] [SEVERE ] updating countdown to 10947
[15:36:47.709] [SEVERE ] updating countdown to 10838
[15:36:47.820] [SEVERE ] updating countdown to 10727
[15:36:47.930] [SEVERE ] updating countdown to 10617
[15:36:48.039] [SEVERE ] updating countdown to 10508
[15:36:48.150] [SEVERE ] updating countdown to 10397
[15:36:48.260] [SEVERE ] updating countdown to 10287
[15:36:48.371] [SEVERE ] updating countdown to 10176
[15:36:48.483] [SEVERE ] updating countdown to 10064
[15:36:48.593] [SEVERE ] updating countdown to 9954
[15:36:48.699] [SEVERE ] updating countdown to 9848
[15:36:48.808] [SEVERE ] updating countdown to 9739
[15:36:48.918] [SEVERE ] updating countdown to 9629
[15:36:49.028] [SEVERE ] updating countdown to 9519
[15:36:49.138] [SEVERE ] updating countdown to 9409
[15:36:49.248] [SEVERE ] updating countdown to 9299
[15:36:49.358] [SEVERE ] updating countdown to 9189
[15:36:49.468] [SEVERE ] updating countdown to 9079
[15:36:49.579] [SEVERE ] updating countdown to 8968
[15:36:49.690] [SEVERE ] updating countdown to 8857
[15:36:49.800] [SEVERE ] updating countdown to 8747
[15:36:49.910] [SEVERE ] updating countdown to 8637
[15:36:50.020] [SEVERE ] updating countdown to 8527
[15:36:50.130] [SEVERE ] updating countdown to 8417
[15:36:50.241] [SEVERE ] updating countdown to 8306
[15:36:50.349] [SEVERE ] updating countdown to 8198
[15:36:50.460] [SEVERE ] updating countdown to 8087
[15:36:50.569] [SEVERE ] updating countdown to 7978
[15:36:50.679] [SEVERE ] updating countdown to 7868
[15:36:50.789] [SEVERE ] updating countdown to 7758
[15:36:50.898] [SEVERE ] updating countdown to 7649
[15:36:51.008] [SEVERE ] updating countdown to 7539
[15:36:51.117] [SEVERE ] updating countdown to 7430
[15:36:51.228] [SEVERE ] updating countdown to 7319
[15:36:51.337] [SEVERE ] updating countdown to 7210
[15:36:51.447] [SEVERE ] updating countdown to 7100
[15:36:51.557] [SEVERE ] updating countdown to 6990
[15:36:51.668] [SEVERE ] updating countdown to 6879
[15:36:51.778] [SEVERE ] updating countdown to 6769
[15:36:51.888] [SEVERE ] updating countdown to 6659
[15:36:51.998] [SEVERE ] updating countdown to 6549
[15:36:52.107] [SEVERE ] updating countdown to 6440
[15:36:52.218] [SEVERE ] updating countdown to 6329
[15:36:52.327] [SEVERE ] updating countdown to 6220
[15:36:52.437] [SEVERE ] updating countdown to 6110
[15:36:52.547] [SEVERE ] updating countdown to 6000
[15:36:52.657] [SEVERE ] updating countdown to 5890
[15:36:52.767] [SEVERE ] updating countdown to 5780
[15:36:52.876] [SEVERE ] updating countdown to 5671
[15:36:52.986] [SEVERE ] updating countdown to 5561
[15:36:53.096] [SEVERE ] updating countdown to 5451
[15:36:53.206] [SEVERE ] updating countdown to 5341
[15:36:53.316] [SEVERE ] updating countdown to 5231
[15:36:53.426] [SEVERE ] updating countdown to 5121
[15:36:53.536] [SEVERE ] updating countdown to 5011
[15:36:56.894] [SEVERE ] key 83 was pressed by player 1
[15:36:56.894] [SEVERE ] player 1 placing token on slot 5
[15:36:58.075] [SEVERE ] key 82 was pressed by player 1
[15:36:58.075] [SEVERE ] player 1 placing token on slot 3
[15:36:58.165] [SEVERE ] key 70 was pressed by player 1
[15:36:58.165] [SEVERE ] player 1 placing token on slot 7
[15:36:58.171] [SEVERE ] removing player 1 token from slot 3
[15:36:58.171] [SEVERE ] removing player 1 token from slot 5
[15:36:58.171] [SEVERE ] removing player 1 token from slot 7
[15:36:58.171] [SEVERE ] setting player 1 score to -1
[15:36:58.332] [SEVERE ] key 67 was pressed by player 1
[15:36:58.332] [SEVERE ] player 1 placing token on slot 10
[15:36:58.549] [SEVERE ] removing all tokens
[15:36:58.660] [SEVERE ] placing card 4 in slot 0
[15:36:58.770] [SEVERE ] placing card 59 in slot 1
[15:36:58.881] [SEVERE ] placing card 28 in slot 2
[15:36:58.990] [SEVERE ] placing card 60 in slot 3
[15:36:59.100] [SEVERE ] placing card 55 in slot 4
[15:36:59.210] [SEVERE ] placing card 40 in slot 5
[15:36:59.321] [SEVERE ] placing card 42 in slot 6
[15:36:59.430] [SEVERE ] placing card 44 in slot 7
[15:36:59.540] [SEVERE ] placing card 42 in slot 8
[15:36:59.649] [SEVERE ] placing card 44 in slot 9
[15:36:59.760] [SEVERE ] placing card 34 in slot 10
[15:36:59.870] [SEVERE ] placing card 70 in slot 11
[15:36:59.870] [SEVERE ] updating countdown to 60000
[15:36:59.980] [SEVERE ] updating countdown to 59890
[15:37:00.083] [SEVERE ] updating countdown to 59787
[15:37:00.190] [SEVERE ] updating countdown to 59680
[15:37:00.304] [SEVERE ] updating countdown to 59566
[15:37:00.419] [SEVERE ] updating countdown to 59451
[15:37:00.530] [SEVERE ] updating countdown to 59340
[15:37:00.640] [SEVERE ] updating countdown to 59230
[15:37:00.751] [SEVERE ] updating countdown to 59119
[15:37:00.862] [SEVERE ] updating countdown to 59008
[15:37:00.973] [SEVERE ] updating countdown to 58897
[15:37:01.084] [SEVERE ] updating countdown to 58786
[15:37:01.195] [SEVERE ] updating countdown to 58675
[15:37:01.304] [SEVERE ] updating countdown to 58566
[15:37:01.405] [SEVERE ] updating countdown to 58465
[15:37:01.505] [SEVERE ] updating countdown to 58365
[15:37:01.615] [SEVERE ] updating countdown to 58255
[15:37:01.725] [SEVERE ] updating countdown to 58145
[15:37:01.835] [SEVERE ] updating countdown to 58035
[15:37:01.945] [SEVERE ] updating countdown to 57925
[15:37:02.055] [SEVERE ] updating countdown to 57815
[15:37:02.162] [SEVERE ] updating countdown to 57708
[15:37:02.271] [SEVERE ] updating countdown to 57599
[15:37:02.380] [SEVERE ] updating countdown to 57490
[15:37:02.490] [SEVERE ] updating countdown to 57380
[15:37:02.600] [SEVERE ] updating countdown to 57270
[15:37:02.710] [SEVERE ] updating countdown to 57160
[15:37:02.820] [SEVERE ] updating countdown to 57050
[15:37:02.929] [SEVERE ] updating countdown to 56941
[15:37:03.039] [SEVERE ] updating countdown to 56831
[15:37:03.150] [SEVERE ] updating countdown to 56720
[15:37:03.261] [SEVERE ] updating countdown to 56609
[15:37:03.371] [SEVERE ] updating countdown to 56499
[15:37:03.489] [SEVERE ] updating countdown to 56381
[15:37:03.599] [SEVERE ] updating countdown to 56271
[15:37:03.709] [SEVERE ] updating countdown to 56161
[15:37:03.819] [SEVERE ] updating countdown to 56051
[15:37:03.929] [SEVERE ] updating countdown to 55941
[15:37:04.039] [SEVERE ] updating countdown to 55831
[15:37:04.149] [SEVERE ] updating countdown to 55721
[15:37:04.259] [SEVERE ] updating countdown to 55611
[15:37:04.369] [SEVERE ] updating countdown to 55501
[15:37:04.479] [SEVERE ] updating countdown to 55391
[15:37:04.589] [SEVERE ] updating countdown to 55281
[15:37:04.698] [SEVERE ] updating countdown to 55172
[15:37:04.809] [SEVERE ] updating countdown to 55061
[15:37:04.919] [SEVERE ] updating countdown to 54951
[15:37:05.029] [SEVERE ] updating countdown to 54841
[15:37:05.138] [SEVERE ] updating countdown to 54732
[15:37:05.249] [SEVERE ] updating countdown to 54621
[15:37:05.359] [SEVERE ] updating countdown to 54511
[15:37:05.469] [SEVERE ] updating countdown to 54401
[15:37:05.579] [SEVERE ] updating countdown to 54291
[15:37:05.689] [SEVERE ] updating countdown to 54181
[15:37:05.800] [SEVERE ] updating countdown to 54070
[15:37:05.910] [SEVERE ] updating countdown to 53960
[15:37:06.020] [SEVERE ] updating countdown to 53850
[15:37:06.130] [SEVERE ] updating countdown to 53740
[15:37:06.240] [SEVERE ] updating countdown to 53630
[15:37:06.353] [SEVERE ] updating countdown to 53517
[15:37:06.463] [SEVERE ] updating countdown to 53407
[15:37:06.573] [SEVERE ] updating countdown to 53297
[15:37:06.683] [SEVERE ] updating countdown to 53187
[15:37:06.795] [SEVERE ] updating countdown to 53075
[15:37:06.904] [SEVERE ] updating countdown to 52966
[15:37:07.014] [SEVERE ] updating countdown to 52856
[15:37:07.124] [SEVERE ] updating countdown to 52746
[15:37:07.234] [SEVERE ] updating countdown to 52636
[15:37:07.344] [SEVERE ] updating countdown to 52526
[15:37:07.454] [SEVERE ] updating countdown to 52416
[15:37:07.564] [SEVERE ] updating countdown to 52306
[15:37:07.673] [SEVERE ] updating countdown to 52197
[15:37:07.784] [SEVERE ] updating countdown to 52086
[15:37:07.895] [SEVERE ] updating countdown to 51975
[15:37:08.005] [SEVERE ] updating countdown to 51865
[15:37:08.114] [SEVERE ] updating countdown to 51756
[15:37:08.224] [SEVERE ] updating countdown to 51646
[15:37:08.334] [SEVERE ] updating countdown to 51536
[15:37:08.444] [SEVERE ] updating countdown to 51426
[15:37:08.554] [SEVERE ] updating countdown to 51316
[15:37:08.664] [SEVERE ] updating countdown to 51206
[15:37:08.777] [SEVERE ] updating countdown to 51093
[15:37:08.888] [SEVERE ] updating countdown to 50982
[15:37:08.998] [SEVERE ] updating countdown to 50872
[15:37:09.108] [SEVERE ] updating countdown to 50762
[15:37:09.218] [SEVERE ] updating countdown to 50652
[15:37:09.328] [SEVERE ] updating countdown to 50542
[15:37:09.438] [SEVERE ] updating countdown to 50432
[15:37:09.548] [SEVERE ] updating countdown to 50322
[15:37:09.661] [SEVERE ] updating countdown to 50209
[15:37:09.762] [SEVERE ] updating countdown to 50108
[15:37:09.872] [SEVERE ] updating countdown to 49998
[15:37:09.983] [SEVERE ] updating countdown to 49887
[15:37:10.094] [SEVERE ] updating countdown to 49776
[15:37:10.204] [SEVERE ] updating countdown to 49666
[15:37:10.309] [SEVERE ] updating countdown to 49561
[15:37:10.420] [SEVERE ] updating countdown to 49450
[15:37:10.525] [SEVERE ] updating countdown to 49345
[15:37:10.633] [SEVERE ] updating countdown to 49237
[15:37:10.733] [SEVERE ] updating countdown to 49137
[15:37:10.836] [SEVERE ] updating countdown to 49034
[15:37:10.941] [SEVERE ] updating countdown to 48929
[15:37:11.051] [SEVERE ] updating countdown to 48819
[15:37:11.168] [SEVERE ] updating countdown to 48702
[15:37:11.269] [SEVERE ] updating countdown to 48601
[15:37:11.379] [SEVERE ] updating countdown to 48491
[15:37:11.489] [SEVERE ] updating countdown to 48381
[15:37:11.599] [SEVERE ] updating countdown to 48271
[15:37:11.709] [SEVERE ] updating countdown to 48161
[15:37:11.819] [SEVERE ] updating countdown to 48051
[15:37:11.928] [SEVERE ] updating countdown to 47942
[15:37:12.043] [SEVERE ] updating countdown to 47827
[15:37:12.144] [SEVERE ] updating countdown to 47726
[15:37:12.255] [SEVERE ] updating countdown to 47615
[15:37:12.365] [SEVERE ] updating countdown to 47505
[15:37:12.475] [SEVERE ] updating countdown to 47395
[15:37:12.585] [SEVERE ] updating countdown to 47285
[15:37:12.696] [SEVERE ] updating countdown to 47174
[15:37:12.806] [SEVERE ] updating countdown to 47064
[15:37:12.916] [SEVERE ] updating countdown to 46954
[15:37:13.026] [SEVERE ] updating countdown to 46844
[15:37:13.130] [SEVERE ] updating countdown to 46740
[15:37:13.239] [SEVERE ] updating countdown to 46631
[15:37:13.349] [SEVERE ] updating countdown to 46521
[15:37:13.463] [SEVERE ] updating countdown to 46407
[15:37:13.573] [SEVERE ] updating countdown to 46297
[15:37:13.683] [SEVERE ] updating countdown to 46187
[15:37:13.793] [SEVERE ] updating countdown to 46077
[15:37:13.903] [SEVERE ] updating countdown to 45967
[15:37:14.015] [SEVERE ] updating countdown to 45855
[15:37:14.119] [SEVERE ] updating countdown to 45752
[15:37:14.237] [SEVERE ] updating countdown to 45633
[15:37:14.352] [SEVERE ] updating countdown to 45518
[15:37:14.462] [SEVERE ] updating countdown to 45408
[15:37:14.573] [SEVERE ] updating countdown to 45297
[15:37:14.682] [SEVERE ] updating countdown to 45188
[15:37:14.793] [SEVERE ] updating countdown to 45077
[15:37:14.903] [SEVERE ] updating countdown to 44967
[15:37:15.013] [SEVERE ] updating countdown to 44857
[15:37:15.123] [SEVERE ] updating countdown to 44747
[15:37:15.237] [SEVERE ] updating countdown to 44633
[15:37:15.347] [SEVERE ] updating countdown to 44523
[15:37:15.457] [SEVERE ] updating countdown to 44413
[15:37:15.567] [SEVERE ] updating countdown to 44303
[15:37:15.677] [SEVERE ] updating countdown to 44193
[15:37:15.787] [SEVERE ] updating countdown to 44083
[15:37:15.897] [SEVERE ] updating countdown to 43973
[15:37:16.007] [SEVERE ] updating countdown to 43863
[15:37:16.114] [SEVERE ] updating countdown to 43756
[15:37:16.223] [SEVERE ] updating countdown to 43647
[15:37:16.333] [SEVERE ] updating countdown to 43537
[15:37:16.444] [SEVERE ] updating countdown to 43426
[15:37:16.555] [SEVERE ] updating countdown to 43315
[15:37:16.665] [SEVERE ] updating countdown to 43205
[15:37:16.775] [SEVERE ] updating countdown to 43095
[15:37:16.885] [SEVERE ] updating countdown to 42985
[15:37:16.995] [SEVERE ] updating countdown to 42875
[15:37:17.105] [SEVERE ] updating countdown to 42765
[15:37:17.215] [SEVERE ] updating countdown to 42655
[15:37:17.325] [SEVERE ] updating countdown to 42545
[15:37:17.435] [SEVERE ] updating countdown to 42435
[15:37:17.545] [SEVERE ] updating countdown to 42325
[15:37:17.656] [SEVERE ] updating countdown to 42214
[15:37:17.765] [SEVERE ] updating countdown to 42105
[15:37:17.876] [SEVERE ] updating countdown to 41994
[15:37:17.986] [SEVERE ] updating countdown to 41884
[15:37:18.097] [SEVERE ] updating countdown to 41773
[15:37:18.206] [SEVERE ] updating countdown to 41664
[15:37:18.328] [SEVERE ] updating countdown to 41542
[15:37:18.441] [SEVERE ] updating countdown to 41429
[15:37:18.551] [SEVERE ] updating countdown to 41319
[15:37:18.661] [SEVERE ] updating countdown to 41209
[15:37:18.771] [SEVERE ] updating countdown to 41099
[15:37:18.881] [SEVERE ] updating countdown to 40989
[15:37:18.991] [SEVERE ] updating countdown to 40879
[15:37:19.101] [SEVERE ] updating countdown to 40769
[15:37:19.216] [SEVERE ] updating countdown to 40654
[15:37:19.326] [SEVERE ] updating countdown to 40544
[15:37:19.436] [SEVERE ] updating countdown to 40434
[15:37:19.547] [SEVERE ] updating countdown to 40323
[15:37:19.658] [SEVERE ] updating countdown to 40212
[15:37:19.769] [SEVERE ] updating countdown to 40101
[15:37:19.879] [SEVERE ] updating countdown to 39991
[15:37:19.989] [SEVERE ] updating countdown to 39881
[15:37:20.099] [SEVERE ] updating countdown to 39771
[15:37:20.209] [SEVERE ] updating countdown to 39661
[15:37:20.319] [SEVERE ] updating countdown to 39551
[15:37:20.429] [SEVERE ] updating countdown to 39441
[15:37:20.538] [SEVERE ] updating countdown to 39332
[15:37:20.648] [SEVERE ] updating countdown to 39222
[15:37:20.758] [SEVERE ] updating countdown to 39112
[15:37:20.868] [SEVERE ] updating countdown to 39002
[15:37:20.978] [SEVERE ] updating countdown to 38892
[15:37:21.088] [SEVERE ] updating countdown to 38782
[15:37:21.198] [SEVERE ] updating countdown to 38672
[15:37:21.308] [SEVERE ] updating countdown to 38562
[15:37:21.419] [SEVERE ] updating countdown to 38451
[15:37:21.528] [SEVERE ] updating countdown to 38342
[15:37:21.638] [SEVERE ] updating countdown to 38232
[15:37:21.748] [SEVERE ] updating countdown to 38122
[15:37:21.858] [SEVERE ] updating countdown to 38012
[15:37:21.968] [SEVERE ] updating countdown to 37902
[15:37:22.078] [SEVERE ] updating countdown to 37792
[15:37:22.188] [SEVERE ] updating countdown to 37682
[15:37:22.298] [SEVERE ] updating countdown to 37572
[15:37:22.407] [SEVERE ] updating countdown to 37463
[15:37:22.517] [SEVERE ] updating countdown to 37353
[15:37:22.627] [SEVERE ] updating countdown to 37243
[15:37:22.737] [SEVERE ] updating countdown to 37133
[15:37:22.847] [SEVERE ] updating countdown to 37023
[15:37:22.956] [SEVERE ] updating countdown to 36914
[15:37:23.066] [SEVERE ] updating countdown to 36804
[15:37:23.176] [SEVERE ] updating countdown to 36694
[15:37:23.286] [SEVERE ] updating countdown to 36584
[15:37:23.396] [SEVERE ] updating countdown to 36474
[15:37:23.506] [SEVERE ] updating countdown to 36364
[15:37:23.616] [SEVERE ] updating countdown to 36254
[15:37:23.726] [SEVERE ] updating countdown to 36144
[15:37:23.835] [SEVERE ] updating countdown to 36035
[15:37:23.946] [SEVERE ] updating countdown to 35924
[15:37:24.055] [SEVERE ] updating countdown to 35815
[15:37:24.166] [SEVERE ] updating countdown to 35704
[15:37:24.276] [SEVERE ] updating countdown to 35594
[15:37:24.386] [SEVERE ] updating countdown to 35484
[15:37:24.497] [SEVERE ] updating countdown to 35373
[15:37:24.604] [SEVERE ] updating countdown to 35266
[15:37:24.708] [SEVERE ] updating countdown to 35162
[15:37:24.812] [SEVERE ] updating countdown to 35058
[15:37:24.916] [SEVERE ] updating countdown to 34954
[15:37:25.026] [SEVERE ] updating countdown to 34844
[15:37:25.136] [SEVERE ] updating countdown to 34734
[15:37:25.247] [SEVERE ] updating countdown to 34623
[15:37:25.357] [SEVERE ] updating countdown to 34513
[15:37:25.467] [SEVERE ] updating countdown to 34403
[15:37:25.577] [SEVERE ] updating countdown to 34293
[15:37:25.678] [SEVERE ] updating countdown to 34192
[15:37:25.788] [SEVERE ] updating countdown to 34082
[15:37:25.898] [SEVERE ] updating countdown to 33972
[15:37:26.009] [SEVERE ] updating countdown to 33861
[15:37:26.119] [SEVERE ] updating countdown to 33751
[15:37:26.229] [SEVERE ] updating countdown to 33641
[15:37:26.340] [SEVERE ] updating countdown to 33530
[15:37:26.450] [SEVERE ] updating countdown to 33420
[15:37:26.560] [SEVERE ] updating countdown to 33310
[15:37:26.670] [SEVERE ] updating countdown to 33200
[15:37:26.779] [SEVERE ] updating countdown to 33091
[15:37:26.889] [SEVERE ] updating countdown to 32981
[15:37:26.999] [SEVERE ] updating countdown to 32871
[15:37:27.108] [SEVERE ] updating countdown to 32762
[15:37:27.218] [SEVERE ] updating countdown to 32652
[15:37:27.328] [SEVERE ] updating countdown to 32542
[15:37:27.438] [SEVERE ] updating countdown to 32432
[15:37:27.548] [SEVERE ] updating countdown to 32322
[15:37:27.657] [SEVERE ] updating countdown to 32213
[15:37:27.768] [SEVERE ] updating countdown to 32102
[15:37:27.877] [SEVERE ] updating countdown to 31993
[15:37:27.987] [SEVERE ] updating countdown to 31883
[15:37:28.097] [SEVERE ] updating countdown to 31773
[15:37:28.212] [SEVERE ] updating countdown to 31658
[15:37:28.322] [SEVERE ] updating countdown to 31548
[15:37:28.432] [SEVERE ] updating countdown to 31438
[15:37:28.541] [SEVERE ] updating countdown to 31329
[15:37:28.651] [SEVERE ] updating countdown to 31219
[15:37:28.761] [SEVERE ] updating countdown to 31109
[15:37:28.871] [SEVERE ] updating countdown to 30999
[15:37:28.981] [SEVERE ] updating countdown to 30889
[15:37:29.090] [SEVERE ] updating countdown to 30780
[15:37:29.200] [SEVERE ] updating countdown to 30670
[15:37:29.310] [SEVERE ] updating countdown to 30560
[15:37:29.421] [SEVERE ] updating countdown to 30449
[15:37:29.530] [SEVERE ] updating countdown to 30340
[15:37:29.642] [SEVERE ] updating countdown to 30228
[15:37:29.752] [SEVERE ] updating countdown to 30118
[15:37:29.863] [SEVERE ] updating countdown to 30007
[15:37:29.973] [SEVERE ] updating countdown to 29897
[15:37:30.079] [SEVERE ] updating countdown to 29791
[15:37:30.189] [SEVERE ] updating countdown to 29681
[15:37:30.300] [SEVERE ] updating countdown to 29570
[15:37:30.410] [SEVERE ] updating countdown to 29460
[15:37:30.520] [SEVERE ] updating countdown to 29350
[15:37:30.630] [SEVERE ] updating countdown to 29240
[15:37:30.740] [SEVERE ] updating countdown to 29130
[15:37:30.850] [SEVERE ] updating countdown to 29020
[15:37:30.961] [SEVERE ] updating countdown to 28909
[15:37:31.072] [SEVERE ] updating countdown to 28798
[15:37:31.182] [SEVERE ] updating countdown to 28688
[15:37:31.292] [SEVERE ] updating countdown to 28578
[15:37:31.402] [SEVERE ] updating countdown to 28468
[15:37:31.512] [SEVERE ] updating countdown to 28358
[15:37:31.622] [SEVERE ] updating countdown to 28248
[15:37:31.731] [SEVERE ] updating countdown to 28139
[15:37:31.841] [SEVERE ] updating countdown to 28029
[15:37:31.952] [SEVERE ] updating countdown to 27918
[15:37:32.062] [SEVERE ] updating countdown to 27808
[15:37:32.171] [SEVERE ] updating countdown to 27699
[15:37:32.281] [SEVERE ] updating countdown to 27589
[15:37:32.393] [SEVERE ] updating countdown to 27477
[15:37:32.503] [SEVERE ] updating countdown to 27367
[15:37:32.613] [SEVERE ] updating countdown to 27257
[15:37:32.723] [SEVERE ] updating countdown to 27147
[15:37:32.833] [SEVERE ] updating countdown to 27037
[15:37:32.943] [SEVERE ] updating countdown to 26927
[15:37:33.056] [SEVERE ] updating countdown to 26814
[15:37:33.166] [SEVERE ] updating countdown to 26704
[15:37:33.276] [SEVERE ] updating countdown to 26594
[15:37:33.386] [SEVERE ] updating countdown to 26484
[15:37:33.496] [SEVERE ] updating countdown to 26374
[15:37:33.606] [SEVERE ] updating countdown to 26264
[15:37:33.716] [SEVERE ] updating countdown to 26154
[15:37:33.826] [SEVERE ] updating countdown to 26044
[15:37:33.937] [SEVERE ] updating countdown to 25933
[15:37:34.053] [SEVERE ] updating countdown to 25817
[15:37:34.163] [SEVERE ] updating countdown to 25707
[15:37:34.273] [SEVERE ] updating countdown to 25597
[15:37:34.383] [SEVERE ] updating countdown to 25487
[15:37:34.493] [SEVERE ] updating countdown to 25377
[15:37:34.603] [SEVERE ] updating countdown to 25267
[15:37:34.712] [SEVERE ] updating countdown to 25158
[15:37:34.822] [SEVERE ] updating countdown to 25048
[15:37:34.932] [SEVERE ] updating countdown to 24938
[15:37:35.043] [SEVERE ] updating countdown to 24827
[15:37:35.152] [SEVERE ] updating countdown to 24718
[15:37:35.262] [SEVERE ] updating countdown to 24608
[15:37:35.372] [SEVERE ] updating countdown to 24498
[15:37:35.482] [SEVERE ] updating countdown to 24388
[15:37:35.592] [SEVERE ] updating countdown to 24278
[15:37:35.702] [SEVERE ] updating countdown to 24168
[15:37:35.812] [SEVERE ] updating countdown to 24058
[15:37:35.922] [SEVERE ] updating countdown to 23948
[15:37:36.033] [SEVERE ] updating countdown to 23837
[15:37:36.143] [SEVERE ] updating countdown to 23727
[15:37:36.253] [SEVERE ] updating countdown to 23617
[15:37:36.363] [SEVERE ] updating countdown to 23507
[15:37:36.473] [SEVERE ] updating countdown to 23397
[15:37:36.583] [SEVERE ] updating countdown to 23287
[15:37:36.693] [SEVERE ] updating countdown to 23177
[15:37:36.803] [SEVERE ] updating countdown to 23067
[15:37:36.915] [SEVERE ] updating countdown to 22955
[15:37:37.021] [SEVERE ] updating countdown to 22849
[15:37:37.139] [SEVERE ] updating countdown to 22731
[15:37:37.249] [SEVERE ] updating countdown to 22621
[15:37:37.359] [SEVERE ] updating countdown to 22511
[15:37:37.469] [SEVERE ] updating countdown to 22401
[15:37:37.579] [SEVERE ] updating countdown to 22291
[15:37:37.689] [SEVERE ] updating countdown to 22181
[15:37:37.799] [SEVERE ] updating countdown to 22071
[15:37:37.909] [SEVERE ] updating countdown to 21961
[15:37:38.018] [SEVERE ] updating countdown to 21852
[15:37:38.129] [SEVERE ] updating countdown to 21741
[15:37:38.239] [SEVERE ] updating countdown to 21631
[15:37:38.349] [SEVERE ] updating countdown to 21521
[15:37:38.460] [SEVERE ] updating countdown to 21410
[15:37:38.570] [SEVERE ] updating countdown to 21300
[15:37:38.671] [SEVERE ] updating countdown to 21199
[15:37:38.749] [SEVERE ] key 82 was pressed by player 1
[15:37:38.749] [SEVERE ] player 1 placing token on slot 3
[15:37:38.781] [SEVERE ] updating countdown to 21089
[15:37:38.890] [SEVERE ] updating countdown to 20980
[15:37:39.000] [SEVERE ] updating countdown to 20870
[15:37:39.109] [SEVERE ] updating countdown to 20761
[15:37:39.222] [SEVERE ] updating countdown to 20648
[15:37:39.328] [SEVERE ] updating countdown to 20542
[15:37:39.438] [SEVERE ] updating countdown to 20432
[15:37:39.548] [SEVERE ] updating countdown to 20322
[15:37:39.663] [SEVERE ] updating countdown to 20207
[15:37:39.764] [SEVERE ] updating countdown to 20106
[15:37:39.875] [SEVERE ] updating countdown to 19995
[15:37:39.987] [SEVERE ] updating countdown to 19883
[15:37:40.023] [SEVERE ] key 69 was pressed by player 1
[15:37:40.028] [SEVERE ] player 1 placing token on slot 2
[15:37:40.098] [SEVERE ] updating countdown to 19772
[15:37:40.208] [SEVERE ] updating countdown to 19662
[15:37:40.318] [SEVERE ] updating countdown to 19552
[15:37:40.428] [SEVERE ] updating countdown to 19442
[15:37:40.538] [SEVERE ] updating countdown to 19332
[15:37:40.591] [SEVERE ] key 69 was pressed by player 1
[15:37:40.591] [SEVERE ] removing player 1 token from slot 2
[15:37:40.644] [SEVERE ] updating countdown to 19226
[15:37:40.754] [SEVERE ] updating countdown to 19116
[15:37:40.864] [SEVERE ] updating countdown to 19006
[15:37:40.969] [SEVERE ] updating countdown to 18901
[15:37:41.075] [SEVERE ] updating countdown to 18795
[15:37:41.143] [SEVERE ] key 87 was pressed by player 1
[15:37:41.143] [SEVERE ] player 1 placing token on slot 1
[15:37:41.187] [SEVERE ] updating countdown to 18683
[15:37:41.287] [SEVERE ] updating countdown to 18583
[15:37:41.397] [SEVERE ] updating countdown to 18473
[15:37:41.506] [SEVERE ] updating countdown to 18364
[15:37:41.627] [SEVERE ] updating countdown to 18243
[15:37:41.739] [SEVERE ] updating countdown to 18131
[15:37:41.849] [SEVERE ] updating countdown to 18021
[15:37:41.961] [SEVERE ] updating countdown to 17909
[15:37:42.071] [SEVERE ] updating countdown to 17799
[15:37:42.180] [SEVERE ] updating countdown to 17690
[15:37:42.290] [SEVERE ] updating countdown to 17580
[15:37:42.400] [SEVERE ] updating countdown to 17470
[15:37:42.511] [SEVERE ] updating countdown to 17359
[15:37:42.620] [SEVERE ] updating countdown to 17250
[15:37:42.730] [SEVERE ] updating countdown to 17140
[15:37:42.777] [SEVERE ] key 65 was pressed by player 1
[15:37:42.777] [SEVERE ] player 1 placing token on slot 4
[15:37:42.839] [SEVERE ] updating countdown to 17031
[15:37:42.839] [SEVERE ] removing all tokens
[15:37:42.953] [SEVERE ] removing card from slot 1
[15:37:42.953] [SEVERE ] removing all tokens
[15:37:43.063] [SEVERE ] removing card from slot 3
[15:37:43.063] [SEVERE ] removing all tokens
[15:37:43.180] [SEVERE ] removing card from slot 4
[15:37:43.180] [SEVERE ] setting player 1 score to 0
[15:37:43.292] [SEVERE ] placing card 42 in slot 1
[15:37:43.401] [SEVERE ] placing card 76 in slot 3
[15:37:43.511] [SEVERE ] placing card 62 in slot 4
[15:37:43.617] [SEVERE ] updating countdown to 16253
[15:37:43.728] [SEVERE ] updating countdown to 16142
[15:37:43.838] [SEVERE ] updating countdown to 16032
[15:37:43.950] [SEVERE ] updating countdown to 15920
[15:37:44.058] [SEVERE ] updating countdown to 15812
[15:37:44.171] [SEVERE ] updating countdown to 15699
[15:37:44.281] [SEVERE ] updating countdown to 15589
[15:37:44.395] [SEVERE ] updating countdown to 15475
[15:37:44.505] [SEVERE ] updating countdown to 15365
[15:37:44.615] [SEVERE ] updating countdown to 15255
[15:37:44.725] [SEVERE ] updating countdown to 15145
[15:37:44.835] [SEVERE ] updating countdown to 15035
[15:37:44.944] [SEVERE ] updating countdown to 14926
[15:37:45.055] [SEVERE ] updating countdown to 14815
[15:37:45.165] [SEVERE ] updating countdown to 14705
[15:37:45.274] [SEVERE ] updating countdown to 14596
[15:37:45.384] [SEVERE ] updating countdown to 14486
[15:37:45.494] [SEVERE ] updating countdown to 14376
[15:37:45.600] [SEVERE ] updating countdown to 14270
[15:37:45.710] [SEVERE ] updating countdown to 14160
[15:37:45.820] [SEVERE ] updating countdown to 14050
[15:37:45.929] [SEVERE ] updating countdown to 13941
[15:37:46.039] [SEVERE ] updating countdown to 13831
[15:37:46.149] [SEVERE ] updating countdown to 13721
[15:37:46.260] [SEVERE ] updating countdown to 13610
[15:37:46.370] [SEVERE ] updating countdown to 13500
[15:37:46.480] [SEVERE ] updating countdown to 13390
[15:37:46.590] [SEVERE ] updating countdown to 13280
[15:37:46.700] [SEVERE ] updating countdown to 13170
[15:37:46.810] [SEVERE ] updating countdown to 13060
[15:37:46.920] [SEVERE ] updating countdown to 12950
[15:37:47.030] [SEVERE ] updating countdown to 12840
[15:37:47.140] [SEVERE ] updating countdown to 12730
[15:37:47.250] [SEVERE ] updating countdown to 12620
[15:37:47.361] [SEVERE ] updating countdown to 12509
[15:37:47.470] [SEVERE ] updating countdown to 12400
[15:37:47.580] [SEVERE ] updating countdown to 12290
[15:37:47.690] [SEVERE ] updating countdown to 12180
[15:37:47.800] [SEVERE ] updating countdown to 12070
[15:37:47.909] [SEVERE ] updating countdown to 11961
[15:37:48.020] [SEVERE ] updating countdown to 11850
[15:37:48.130] [SEVERE ] updating countdown to 11740
[15:37:48.240] [SEVERE ] updating countdown to 11630
[15:37:48.354] [SEVERE ] updating countdown to 11516
[15:37:48.464] [SEVERE ] updating countdown to 11406
[15:37:48.569] [SEVERE ] updating countdown to 11301
[15:37:48.679] [SEVERE ] updating countdown to 11191
[15:37:48.789] [SEVERE ] updating countdown to 11081
[15:37:48.898] [SEVERE ] updating countdown to 10972
[15:37:49.008] [SEVERE ] updating countdown to 10862
[15:37:49.118] [SEVERE ] updating countdown to 10752
[15:37:49.227] [SEVERE ] updating countdown to 10643
[15:37:49.337] [SEVERE ] updating countdown to 10533
[15:37:49.447] [SEVERE ] updating countdown to 10423
[15:37:49.557] [SEVERE ] updating countdown to 10313
[15:37:49.667] [SEVERE ] updating countdown to 10203
[15:37:49.778] [SEVERE ] updating countdown to 10092
[15:37:49.888] [SEVERE ] updating countdown to 9982
[15:37:49.998] [SEVERE ] updating countdown to 9872
[15:37:50.108] [SEVERE ] updating countdown to 9762
[15:37:50.217] [SEVERE ] updating countdown to 9653
[15:37:50.327] [SEVERE ] updating countdown to 9543
[15:37:50.437] [SEVERE ] updating countdown to 9433
[15:37:50.547] [SEVERE ] updating countdown to 9323
[15:37:50.659] [SEVERE ] updating countdown to 9211
[15:37:50.768] [SEVERE ] updating countdown to 9102
[15:37:50.878] [SEVERE ] updating countdown to 8992
[15:37:50.988] [SEVERE ] updating countdown to 8882
[15:37:51.099] [SEVERE ] updating countdown to 8771
[15:37:51.208] [SEVERE ] updating countdown to 8662
[15:37:51.318] [SEVERE ] updating countdown to 8552
[15:37:51.428] [SEVERE ] updating countdown to 8442
[15:37:51.537] [SEVERE ] updating countdown to 8333
[15:37:51.652] [SEVERE ] updating countdown to 8218
[15:37:51.762] [SEVERE ] updating countdown to 8108
[15:37:51.872] [SEVERE ] updating countdown to 7998
[15:37:51.982] [SEVERE ] updating countdown to 7888
[15:37:52.030] [SEVERE ] key 69 was pressed by player 1
[15:37:52.030] [SEVERE ] player 1 placing token on slot 2
[15:37:52.092] [SEVERE ] updating countdown to 7778
[15:37:52.206] [SEVERE ] updating countdown to 7664
[15:37:52.316] [SEVERE ] updating countdown to 7554
[15:37:52.410] [SEVERE ] key 83 was pressed by player 1
[15:37:52.410] [SEVERE ] player 1 placing token on slot 5
[15:37:52.426] [SEVERE ] updating countdown to 7444
[15:37:52.535] [SEVERE ] updating countdown to 7335
[15:37:52.652] [SEVERE ] updating countdown to 7218
[15:37:52.761] [SEVERE ] updating countdown to 7109
[15:37:52.825] [SEVERE ] key 90 was pressed by player 1
[15:37:52.825] [SEVERE ] player 1 placing token on slot 8
[15:37:52.872] [SEVERE ] updating countdown to 6998
[15:37:52.872] [SEVERE ] removing player 1 token from slot 2
[15:37:52.872] [SEVERE ] removing player 1 token from slot 5
[15:37:52.872] [SEVERE ] removing player 1 token from slot 8
[15:37:52.872] [SEVERE ] setting player 1 score to -1
[15:37:52.982] [SEVERE ] updating countdown to 6888
[15:37:53.092] [SEVERE ] updating countdown to 6778
[15:37:53.202] [SEVERE ] updating countdown to 6668
[15:37:53.312] [SEVERE ] updating countdown to 6558
[15:37:53.421] [SEVERE ] updating countdown to 6449
[15:37:53.531] [SEVERE ] updating countdown to 6339
[15:37:53.641] [SEVERE ] updating countdown to 6229
[15:37:53.751] [SEVERE ] updating countdown to 6119
[15:37:53.861] [SEVERE ] updating countdown to 6009
[15:37:53.971] [SEVERE ] updating countdown to 5899
[15:37:54.081] [SEVERE ] updating countdown to 5789
[15:37:54.191] [SEVERE ] updating countdown to 5679
[15:37:54.300] [SEVERE ] updating countdown to 5570
[15:37:54.410] [SEVERE ] updating countdown to 5460
[15:37:54.520] [SEVERE ] updating countdown to 5350
[15:37:54.626] [SEVERE ] updating countdown to 5244
[15:37:54.736] [SEVERE ] updating countdown to 5134
[15:37:54.846] [SEVERE ] updating countdown to 5024
