[23:22:34.007] [INFO   ] thread main starting.
[23:22:34.021] [SEVERE ] cannot read configuration file config.properties trying from resources.
[23:22:34.021] [SEVERE ] configuration file was loaded from resources directory.
[23:22:34.658] [INFO   ] thread dealer starting.
[23:22:34.808] [SEVERE ] placing card 17 in slot 0
[23:22:34.949] [SEVERE ] placing card 45 in slot 1
[23:22:35.061] [SEVERE ] placing card 53 in slot 2
[23:22:35.175] [SEVERE ] placing card 77 in slot 3
[23:22:35.281] [SEVERE ] placing card 4 in slot 4
[23:22:35.394] [SEVERE ] placing card 80 in slot 5
[23:22:35.504] [SEVERE ] placing card 6 in slot 6
[23:22:35.647] [SEVERE ] placing card 75 in slot 7
[23:22:35.757] [SEVERE ] placing card 36 in slot 8
[23:22:35.867] [SEVERE ] placing card 37 in slot 9
[23:22:35.981] [SEVERE ] placing card 12 in slot 10
[23:22:36.093] [SEVERE ] placing card 47 in slot 11
[23:22:36.094] [SEVERE ] updating countdown to 60000
[23:22:36.210] [SEVERE ] updating countdown to 59883
[23:22:36.323] [SEVERE ] updating countdown to 59770
[23:22:36.435] [SEVERE ] updating countdown to 59658
[23:22:36.545] [SEVERE ] updating countdown to 59548
[23:22:36.660] [SEVERE ] updating countdown to 59433
[23:22:36.771] [SEVERE ] updating countdown to 59322
[23:22:36.881] [SEVERE ] updating countdown to 59212
[23:22:36.992] [SEVERE ] updating countdown to 59101
[23:22:37.102] [SEVERE ] updating countdown to 58991
[23:22:37.207] [SEVERE ] updating countdown to 58886
[23:22:37.322] [SEVERE ] updating countdown to 58771
[23:22:37.433] [SEVERE ] updating countdown to 58660
[23:22:37.543] [SEVERE ] updating countdown to 58550
[23:22:37.654] [SEVERE ] updating countdown to 58439
[23:22:37.764] [SEVERE ] updating countdown to 58329
[23:22:37.874] [SEVERE ] updating countdown to 58219
[23:22:37.984] [SEVERE ] updating countdown to 58109
[23:22:38.094] [SEVERE ] updating countdown to 57999
[23:22:38.203] [SEVERE ] updating countdown to 57890
[23:22:38.320] [SEVERE ] updating countdown to 57773
[23:22:38.431] [SEVERE ] updating countdown to 57662
[23:22:38.542] [SEVERE ] updating countdown to 57551
[23:22:38.652] [SEVERE ] updating countdown to 57441
[23:22:38.763] [SEVERE ] updating countdown to 57330
[23:22:38.873] [SEVERE ] updating countdown to 57220
[23:22:38.984] [SEVERE ] updating countdown to 57109
[23:22:39.094] [SEVERE ] updating countdown to 56999
[23:22:39.204] [SEVERE ] updating countdown to 56889
[23:22:39.309] [SEVERE ] updating countdown to 56784
[23:22:39.424] [SEVERE ] updating countdown to 56669
[23:22:39.534] [SEVERE ] updating countdown to 56559
[23:22:39.644] [SEVERE ] updating countdown to 56449
[23:22:39.755] [SEVERE ] updating countdown to 56338
[23:22:39.865] [SEVERE ] updating countdown to 56228
[23:22:39.971] [SEVERE ] updating countdown to 56122
[23:22:40.082] [SEVERE ] updating countdown to 56011
[23:22:40.188] [SEVERE ] updating countdown to 55905
[23:22:40.299] [SEVERE ] updating countdown to 55794
[23:22:40.411] [SEVERE ] updating countdown to 55682
[23:22:40.521] [SEVERE ] updating countdown to 55572
[23:22:40.631] [SEVERE ] updating countdown to 55462
[23:22:40.741] [SEVERE ] updating countdown to 55352
[23:22:40.851] [SEVERE ] updating countdown to 55242
[23:22:40.961] [SEVERE ] updating countdown to 55132
[23:22:41.071] [SEVERE ] updating countdown to 55022
[23:22:41.178] [SEVERE ] updating countdown to 54915
[23:22:41.291] [SEVERE ] updating countdown to 54802
[23:22:41.401] [SEVERE ] updating countdown to 54692
[23:22:41.512] [SEVERE ] updating countdown to 54581
[23:22:41.622] [SEVERE ] updating countdown to 54471
[23:22:41.736] [SEVERE ] updating countdown to 54357
[23:22:41.846] [SEVERE ] updating countdown to 54247
[23:22:41.959] [SEVERE ] updating countdown to 54134
[23:22:42.064] [SEVERE ] updating countdown to 54029
[23:22:42.178] [SEVERE ] updating countdown to 53915
[23:22:42.289] [SEVERE ] updating countdown to 53804
[23:22:42.399] [SEVERE ] updating countdown to 53694
[23:22:42.510] [SEVERE ] updating countdown to 53583
[23:22:42.620] [SEVERE ] updating countdown to 53473
[23:22:42.730] [SEVERE ] updating countdown to 53363
[23:22:42.840] [SEVERE ] updating countdown to 53253
[23:22:42.950] [SEVERE ] updating countdown to 53143
[23:22:43.061] [SEVERE ] updating countdown to 53032
[23:22:43.172] [SEVERE ] updating countdown to 52921
[23:22:43.283] [SEVERE ] updating countdown to 52810
[23:22:43.393] [SEVERE ] updating countdown to 52700
[23:22:43.503] [SEVERE ] updating countdown to 52590
[23:22:43.613] [SEVERE ] updating countdown to 52480
[23:22:43.723] [SEVERE ] updating countdown to 52370
[23:22:43.781] [SEVERE ] key 88 was pressed by player 1
[23:22:43.781] [SEVERE ] player 1 placing token on slot 9
[23:22:43.836] [SEVERE ] updating countdown to 52257
[23:22:43.950] [SEVERE ] updating countdown to 52143
[23:22:44.060] [SEVERE ] updating countdown to 52033
[23:22:44.170] [SEVERE ] updating countdown to 51923
[23:22:44.282] [SEVERE ] updating countdown to 51811
[23:22:44.386] [SEVERE ] updating countdown to 51707
[23:22:44.496] [SEVERE ] updating countdown to 51597
[23:22:44.606] [SEVERE ] updating countdown to 51487
[23:22:44.716] [SEVERE ] updating countdown to 51377
[23:22:44.827] [SEVERE ] updating countdown to 51266
[23:22:44.937] [SEVERE ] updating countdown to 51156
[23:22:45.049] [SEVERE ] updating countdown to 51044
[23:22:45.159] [SEVERE ] updating countdown to 50934
[23:22:45.273] [SEVERE ] updating countdown to 50820
[23:22:45.386] [SEVERE ] updating countdown to 50707
[23:22:45.386] [SEVERE ] key 68 was pressed by player 1
[23:22:45.386] [SEVERE ] player 1 placing token on slot 6
[23:22:45.496] [SEVERE ] updating countdown to 50597
[23:22:45.607] [SEVERE ] updating countdown to 50486
[23:22:45.718] [SEVERE ] updating countdown to 50375
[23:22:45.828] [SEVERE ] updating countdown to 50265
[23:22:45.939] [SEVERE ] updating countdown to 50154
[23:22:45.990] [SEVERE ] key 82 was pressed by player 1
[23:22:45.990] [SEVERE ] player 1 placing token on slot 3
[23:22:46.039] [SEVERE ] updating countdown to 50054
[23:23:03.141] [SEVERE ] removing all tokens
[23:23:03.243] [SEVERE ] removing card from slot 3
[23:23:03.243] [SEVERE ] removing all tokens
[23:23:03.355] [SEVERE ] removing card from slot 6
[23:23:03.356] [SEVERE ] removing all tokens
[23:23:03.465] [SEVERE ] removing card from slot 9
[23:23:03.580] [SEVERE ] placing card 18 in slot 3
[23:23:03.696] [SEVERE ] placing card 52 in slot 6
[23:23:03.799] [SEVERE ] placing card 23 in slot 9
[23:23:03.799] [SEVERE ] setting player 1 score to 1
[23:23:03.909] [SEVERE ] updating countdown to 32184
[23:24:03.265] [INFO   ] thread dealer terminated.
