[22:58:01.790] [INFO   ] thread main starting.
[22:58:01.801] [SEVERE ] cannot read configuration file config.properties trying from resources.
[22:58:01.801] [SEVERE ] configuration file was loaded from resources directory.
[22:58:02.413] [INFO   ] thread dealer starting.
[22:58:02.542] [SEVERE ] placing card 13 in slot 0
[22:58:02.647] [SEVERE ] placing card 76 in slot 1
[22:58:02.757] [SEVERE ] placing card 41 in slot 2
[22:58:02.876] [SEVERE ] placing card 60 in slot 3
[22:58:02.981] [SEVERE ] placing card 66 in slot 4
[22:58:03.091] [SEVERE ] placing card 12 in slot 5
[22:58:03.192] [SEVERE ] placing card 30 in slot 6
[22:58:03.338] [SEVERE ] placing card 54 in slot 7
[22:58:03.453] [SEVERE ] placing card 39 in slot 8
[22:58:03.568] [SEVERE ] placing card 59 in slot 9
[22:58:03.679] [SEVERE ] placing card 78 in slot 10
[22:58:03.790] [SEVERE ] placing card 51 in slot 11
[22:58:03.790] [SEVERE ] updating countdown to 60000
[22:58:03.900] [SEVERE ] updating countdown to 59890
[22:58:04.013] [SEVERE ] updating countdown to 59777
[22:58:04.123] [SEVERE ] updating countdown to 59667
[22:58:04.224] [SEVERE ] updating countdown to 59566
[22:58:04.334] [SEVERE ] updating countdown to 59456
[22:58:04.439] [SEVERE ] updating countdown to 59351
[22:58:04.552] [SEVERE ] updating countdown to 59238
[22:58:04.676] [SEVERE ] updating countdown to 59114
[22:58:04.788] [SEVERE ] updating countdown to 59002
[22:58:04.899] [SEVERE ] updating countdown to 58891
[22:58:05.005] [SEVERE ] updating countdown to 58785
[22:58:05.117] [SEVERE ] updating countdown to 58673
[22:58:05.227] [SEVERE ] updating countdown to 58563
[22:58:05.337] [SEVERE ] updating countdown to 58453
[22:58:05.450] [SEVERE ] updating countdown to 58340
[22:58:05.560] [SEVERE ] updating countdown to 58230
[22:58:05.670] [SEVERE ] updating countdown to 58120
[22:58:05.780] [SEVERE ] updating countdown to 58010
[22:58:05.882] [SEVERE ] updating countdown to 57908
[22:58:05.992] [SEVERE ] updating countdown to 57798
[22:58:06.102] [SEVERE ] updating countdown to 57688
[22:58:06.212] [SEVERE ] updating countdown to 57578
[22:58:06.322] [SEVERE ] updating countdown to 57468
[22:58:06.432] [SEVERE ] updating countdown to 57358
[22:58:06.547] [SEVERE ] updating countdown to 57243
[22:58:06.657] [SEVERE ] updating countdown to 57133
[22:58:06.768] [SEVERE ] updating countdown to 57022
[22:58:06.879] [SEVERE ] updating countdown to 56911
[22:58:06.989] [SEVERE ] updating countdown to 56801
[22:58:07.099] [SEVERE ] updating countdown to 56691
[22:58:07.209] [SEVERE ] updating countdown to 56581
[22:58:07.320] [SEVERE ] updating countdown to 56470
[22:58:07.431] [SEVERE ] updating countdown to 56359
[22:58:07.541] [SEVERE ] updating countdown to 56249
[22:58:07.651] [SEVERE ] updating countdown to 56139
[22:58:07.762] [SEVERE ] updating countdown to 56028
[22:58:07.872] [SEVERE ] updating countdown to 55918
[22:58:07.982] [SEVERE ] updating countdown to 55808
[22:58:08.092] [SEVERE ] updating countdown to 55698
[22:58:08.202] [SEVERE ] updating countdown to 55588
[22:58:08.312] [SEVERE ] updating countdown to 55478
[22:58:08.422] [SEVERE ] updating countdown to 55368
[22:58:08.532] [SEVERE ] updating countdown to 55258
[22:58:08.645] [SEVERE ] updating countdown to 55145
[22:58:08.754] [SEVERE ] updating countdown to 55036
[22:58:08.864] [SEVERE ] updating countdown to 54926
[22:58:08.976] [SEVERE ] updating countdown to 54814
[22:58:09.087] [SEVERE ] updating countdown to 54703
[22:58:09.196] [SEVERE ] updating countdown to 54594
[22:58:09.306] [SEVERE ] updating countdown to 54484
[22:58:09.416] [SEVERE ] updating countdown to 54374
[22:58:09.526] [SEVERE ] updating countdown to 54264
[22:58:09.636] [SEVERE ] updating countdown to 54154
[22:58:09.746] [SEVERE ] updating countdown to 54044
[22:58:09.856] [SEVERE ] updating countdown to 53934
[22:58:09.965] [SEVERE ] updating countdown to 53825
[22:58:10.079] [SEVERE ] updating countdown to 53711
[22:58:10.189] [SEVERE ] updating countdown to 53601
[22:58:10.298] [SEVERE ] updating countdown to 53492
[22:58:10.408] [SEVERE ] updating countdown to 53382
[22:58:10.518] [SEVERE ] updating countdown to 53272
[22:58:10.632] [SEVERE ] updating countdown to 53158
[22:58:10.742] [SEVERE ] updating countdown to 53048
[22:58:10.852] [SEVERE ] updating countdown to 52938
[22:58:10.966] [SEVERE ] updating countdown to 52824
[22:58:11.075] [SEVERE ] updating countdown to 52715
[22:58:11.185] [SEVERE ] updating countdown to 52605
[22:58:11.295] [SEVERE ] updating countdown to 52495
[22:58:11.405] [SEVERE ] updating countdown to 52385
[22:58:11.515] [SEVERE ] updating countdown to 52275
[22:58:11.625] [SEVERE ] updating countdown to 52165
[22:58:11.738] [SEVERE ] updating countdown to 52052
[22:58:11.853] [SEVERE ] updating countdown to 51937
[22:58:11.963] [SEVERE ] updating countdown to 51827
[22:58:12.074] [SEVERE ] updating countdown to 51716
[22:58:12.182] [SEVERE ] updating countdown to 51608
[22:58:12.292] [SEVERE ] updating countdown to 51498
[22:58:12.403] [SEVERE ] updating countdown to 51387
[22:58:12.515] [SEVERE ] updating countdown to 51275
[22:58:12.619] [SEVERE ] updating countdown to 51171
[22:58:12.729] [SEVERE ] updating countdown to 51061
[22:58:12.837] [SEVERE ] updating countdown to 50953
[22:58:12.943] [SEVERE ] updating countdown to 50847
[22:58:13.050] [SEVERE ] updating countdown to 50740
[22:58:13.159] [SEVERE ] updating countdown to 50631
[22:58:13.269] [SEVERE ] updating countdown to 50521
[22:58:13.380] [SEVERE ] updating countdown to 50410
[22:58:13.493] [SEVERE ] updating countdown to 50297
[22:58:13.603] [SEVERE ] updating countdown to 50187
[22:58:13.713] [SEVERE ] updating countdown to 50077
[22:58:13.823] [SEVERE ] updating countdown to 49967
[22:58:13.932] [SEVERE ] updating countdown to 49858
[22:58:14.042] [SEVERE ] updating countdown to 49748
[22:58:14.152] [SEVERE ] updating countdown to 49638
[22:58:14.262] [SEVERE ] updating countdown to 49528
[22:58:14.372] [SEVERE ] updating countdown to 49418
[22:58:14.482] [SEVERE ] updating countdown to 49308
[22:58:14.591] [SEVERE ] updating countdown to 49199
[22:58:14.702] [SEVERE ] updating countdown to 49088
[22:58:14.813] [SEVERE ] updating countdown to 48977
[22:58:14.923] [SEVERE ] updating countdown to 48867
[22:58:15.036] [SEVERE ] updating countdown to 48754
[22:58:15.147] [SEVERE ] updating countdown to 48643
[22:58:15.259] [SEVERE ] updating countdown to 48531
[22:58:15.324] [SEVERE ] key 87 was pressed by player 1
[22:58:15.324] [SEVERE ] player 1 placing token on slot 1
[22:58:15.371] [SEVERE ] updating countdown to 48419
[22:58:15.481] [SEVERE ] updating countdown to 48309
[22:58:15.591] [SEVERE ] updating countdown to 48199
[22:58:15.697] [SEVERE ] key 65 was pressed by player 1
[22:58:15.697] [SEVERE ] player 1 placing token on slot 4
[22:58:15.712] [SEVERE ] updating countdown to 48078
[22:58:15.823] [SEVERE ] updating countdown to 47967
[22:58:15.935] [SEVERE ] updating countdown to 47855
[22:58:16.045] [SEVERE ] updating countdown to 47746
[22:58:16.155] [SEVERE ] updating countdown to 47635
[22:58:16.265] [SEVERE ] updating countdown to 47525
[22:58:16.375] [SEVERE ] updating countdown to 47415
[22:58:16.485] [SEVERE ] updating countdown to 47305
[22:58:16.595] [SEVERE ] updating countdown to 47195
[22:58:16.706] [SEVERE ] updating countdown to 47084
[22:58:16.820] [SEVERE ] updating countdown to 46970
[22:58:16.930] [SEVERE ] updating countdown to 46860
[22:58:17.041] [SEVERE ] updating countdown to 46749
[22:58:17.152] [SEVERE ] updating countdown to 46638
[22:58:17.262] [SEVERE ] updating countdown to 46528
[22:58:17.372] [SEVERE ] updating countdown to 46418
[22:58:17.486] [SEVERE ] updating countdown to 46304
[22:58:17.596] [SEVERE ] updating countdown to 46194
[22:58:17.706] [SEVERE ] updating countdown to 46084
[22:58:17.817] [SEVERE ] updating countdown to 45973
[22:58:17.928] [SEVERE ] updating countdown to 45862
[22:58:18.038] [SEVERE ] updating countdown to 45752
[22:58:18.148] [SEVERE ] updating countdown to 45642
[22:58:18.258] [SEVERE ] updating countdown to 45532
[22:58:18.368] [SEVERE ] updating countdown to 45422
[22:58:18.478] [SEVERE ] updating countdown to 45312
[22:58:18.591] [SEVERE ] updating countdown to 45199
[22:58:18.701] [SEVERE ] updating countdown to 45089
[22:58:18.811] [SEVERE ] updating countdown to 44979
[22:58:18.920] [SEVERE ] updating countdown to 44870
[22:58:19.030] [SEVERE ] updating countdown to 44760
[22:58:19.140] [SEVERE ] updating countdown to 44650
[22:58:19.250] [SEVERE ] updating countdown to 44540
[22:58:19.360] [SEVERE ] updating countdown to 44430
[22:58:19.470] [SEVERE ] updating countdown to 44320
[22:58:19.580] [SEVERE ] updating countdown to 44210
[22:58:19.690] [SEVERE ] updating countdown to 44100
[22:58:19.799] [SEVERE ] updating countdown to 43991
[22:58:19.910] [SEVERE ] updating countdown to 43880
[22:58:20.020] [SEVERE ] updating countdown to 43770
[22:58:20.130] [SEVERE ] updating countdown to 43660
[22:58:20.239] [SEVERE ] updating countdown to 43551
[22:58:20.350] [SEVERE ] updating countdown to 43440
[22:58:20.460] [SEVERE ] updating countdown to 43330
[22:58:20.571] [SEVERE ] updating countdown to 43219
[22:58:20.685] [SEVERE ] updating countdown to 43105
[22:58:20.796] [SEVERE ] updating countdown to 42994
[22:58:20.905] [SEVERE ] updating countdown to 42885
[22:58:21.015] [SEVERE ] updating countdown to 42775
[22:58:21.125] [SEVERE ] updating countdown to 42665
[22:58:21.234] [SEVERE ] updating countdown to 42556
[22:58:21.345] [SEVERE ] updating countdown to 42445
[22:58:21.455] [SEVERE ] updating countdown to 42335
[22:58:21.565] [SEVERE ] updating countdown to 42225
[22:58:21.675] [SEVERE ] updating countdown to 42115
[22:58:21.785] [SEVERE ] updating countdown to 42005
[22:58:21.892] [SEVERE ] key 88 was pressed by player 1
[22:58:21.892] [SEVERE ] player 1 placing token on slot 9
[22:58:21.908] [SEVERE ] updating countdown to 41882
[23:06:41.741] [SEVERE ] removing all tokens
[23:07:14.483] [SEVERE ] removing card from slot 1
[23:07:16.922] [SEVERE ] removing all tokens
[23:07:20.005] [SEVERE ] removing card from slot 4
[23:07:21.325] [SEVERE ] removing all tokens
[23:07:23.972] [SEVERE ] removing card from slot 9
[23:07:44.533] [SEVERE ] placing card 4 in slot 1
[23:07:44.646] [SEVERE ] placing card 56 in slot 4
[23:07:44.756] [SEVERE ] placing card 76 in slot 9
[23:07:47.732] [SEVERE ] setting player 1 score to 1
[23:07:47.743] [SEVERE ] removing all tokens
[23:07:47.853] [SEVERE ] placing card 10 in slot 0
[23:07:47.963] [SEVERE ] placing card 8 in slot 1
[23:07:48.075] [SEVERE ] placing card 16 in slot 2
[23:07:48.186] [SEVERE ] placing card 54 in slot 3
[23:07:48.301] [SEVERE ] placing card 3 in slot 4
[23:07:48.410] [SEVERE ] placing card 63 in slot 5
[23:07:48.524] [SEVERE ] placing card 5 in slot 6
[23:07:48.634] [SEVERE ] placing card 46 in slot 7
[23:07:48.744] [SEVERE ] placing card 33 in slot 8
[23:07:48.855] [SEVERE ] placing card 34 in slot 9
[23:07:48.966] [SEVERE ] placing card 13 in slot 10
[23:07:49.076] [SEVERE ] placing card 6 in slot 11
[23:07:49.076] [SEVERE ] updating countdown to 60000
[23:07:49.186] [SEVERE ] updating countdown to 59890
[23:08:00.533] [INFO   ] thread dealer terminated.
[23:08:05.535] [SEVERE ] disposing of user interface elements
[23:08:05.545] [SEVERE ] thanks for playing... it was fun!
[23:08:05.545] [INFO   ] thread main terminated.
