[15:57:08.237] [INFO   ] thread main starting.
[15:57:08.237] [SEVERE ] cannot read configuration file config.properties trying from resources.
[15:57:08.237] [SEVERE ] configuration file was loaded from resources directory.
[15:57:08.788] [INFO   ] thread dealer starting.
[15:57:08.897] [SEVERE ] placing card 78 in slot 0
[15:57:09.003] [SEVERE ] placing card 51 in slot 1
[15:57:09.115] [SEVERE ] placing card 24 in slot 2
[15:57:09.219] [SEVERE ] placing card 45 in slot 3
[15:57:09.329] [SEVERE ] placing card 8 in slot 4
[15:57:09.434] [SEVERE ] placing card 38 in slot 5
[15:57:09.546] [SEVERE ] placing card 41 in slot 6
[15:57:09.661] [SEVERE ] placing card 37 in slot 7
[15:57:09.784] [SEVERE ] placing card 74 in slot 8
[15:57:09.886] [SEVERE ] placing card 22 in slot 9
[15:57:09.996] [SEVERE ] placing card 40 in slot 10
[15:57:10.108] [SEVERE ] placing card 47 in slot 11
[15:57:10.110] [SEVERE ] updating countdown to 60000
[15:57:10.216] [SEVERE ] updating countdown to 59892
[15:57:10.319] [SEVERE ] updating countdown to 59789
[15:57:10.428] [SEVERE ] updating countdown to 59680
[15:57:10.539] [SEVERE ] updating countdown to 59569
[15:57:10.652] [SEVERE ] updating countdown to 59456
[15:57:10.763] [SEVERE ] updating countdown to 59345
[15:57:10.873] [SEVERE ] updating countdown to 59235
[15:57:10.983] [SEVERE ] updating countdown to 59125
[15:57:11.093] [SEVERE ] updating countdown to 59015
[15:57:11.205] [SEVERE ] updating countdown to 58903
[15:57:11.316] [SEVERE ] updating countdown to 58792
[15:57:11.426] [SEVERE ] updating countdown to 58682
[15:57:11.536] [SEVERE ] updating countdown to 58572
[15:57:11.646] [SEVERE ] updating countdown to 58462
[15:57:11.755] [SEVERE ] updating countdown to 58353
[15:57:11.866] [SEVERE ] updating countdown to 58242
[15:57:11.978] [SEVERE ] updating countdown to 58130
[15:57:12.087] [SEVERE ] updating countdown to 58021
[15:57:12.197] [SEVERE ] updating countdown to 57911
[15:57:12.312] [SEVERE ] updating countdown to 57796
[15:57:12.417] [SEVERE ] updating countdown to 57691
[15:57:12.532] [SEVERE ] updating countdown to 57576
[15:57:12.643] [SEVERE ] updating countdown to 57465
[15:57:12.753] [SEVERE ] updating countdown to 57355
[15:57:12.863] [SEVERE ] updating countdown to 57245
[15:57:12.973] [SEVERE ] updating countdown to 57135
[15:57:13.083] [SEVERE ] updating countdown to 57025
[15:57:13.193] [SEVERE ] updating countdown to 56915
[15:57:13.303] [SEVERE ] updating countdown to 56805
[15:57:13.413] [SEVERE ] updating countdown to 56695
[15:57:13.523] [SEVERE ] updating countdown to 56585
[15:57:13.633] [SEVERE ] updating countdown to 56475
[15:57:13.743] [SEVERE ] updating countdown to 56365
[15:57:13.850] [SEVERE ] updating countdown to 56258
[15:57:13.960] [SEVERE ] updating countdown to 56148
[15:57:14.070] [SEVERE ] updating countdown to 56038
[15:57:14.184] [SEVERE ] updating countdown to 55924
[15:57:14.295] [SEVERE ] updating countdown to 55813
[15:57:14.405] [SEVERE ] updating countdown to 55703
[15:57:14.514] [SEVERE ] updating countdown to 55594
[15:57:14.629] [SEVERE ] updating countdown to 55479
[15:57:14.734] [SEVERE ] updating countdown to 55374
[15:57:14.849] [SEVERE ] updating countdown to 55259
[15:57:14.956] [SEVERE ] updating countdown to 55152
[15:57:15.067] [SEVERE ] updating countdown to 55041
[15:57:15.178] [SEVERE ] updating countdown to 54930
[15:57:15.288] [SEVERE ] updating countdown to 54820
[15:57:15.398] [SEVERE ] updating countdown to 54710
[15:57:15.508] [SEVERE ] updating countdown to 54600
[15:57:15.618] [SEVERE ] updating countdown to 54490
[15:57:15.727] [SEVERE ] updating countdown to 54381
[15:57:15.841] [SEVERE ] updating countdown to 54267
[15:57:15.951] [SEVERE ] updating countdown to 54157
[15:57:16.060] [SEVERE ] updating countdown to 54048
[15:57:16.171] [SEVERE ] updating countdown to 53937
[15:57:16.282] [SEVERE ] updating countdown to 53826
[15:57:16.392] [SEVERE ] updating countdown to 53716
[15:57:16.502] [SEVERE ] updating countdown to 53606
[15:57:16.612] [SEVERE ] updating countdown to 53496
[15:57:16.725] [SEVERE ] updating countdown to 53383
[15:57:16.834] [SEVERE ] updating countdown to 53274
[15:57:16.944] [SEVERE ] updating countdown to 53164
[15:57:17.054] [SEVERE ] updating countdown to 53054
[15:57:17.164] [SEVERE ] updating countdown to 52944
[15:57:17.275] [SEVERE ] updating countdown to 52833
[15:57:17.385] [SEVERE ] updating countdown to 52723
[15:57:17.494] [SEVERE ] updating countdown to 52614
[15:57:17.605] [SEVERE ] updating countdown to 52503
[15:57:17.715] [SEVERE ] updating countdown to 52393
[15:57:17.827] [SEVERE ] updating countdown to 52281
[15:57:17.931] [SEVERE ] updating countdown to 52177
[15:57:18.035] [SEVERE ] updating countdown to 52073
[15:57:18.137] [SEVERE ] updating countdown to 51971
[15:57:18.244] [SEVERE ] updating countdown to 51864
[15:57:18.347] [SEVERE ] updating countdown to 51761
[15:57:18.456] [SEVERE ] updating countdown to 51652
[15:57:18.567] [SEVERE ] updating countdown to 51541
[15:57:18.679] [SEVERE ] updating countdown to 51429
[15:57:18.792] [SEVERE ] updating countdown to 51316
[15:57:18.905] [SEVERE ] updating countdown to 51203
[15:57:19.015] [SEVERE ] updating countdown to 51093
[15:57:19.125] [SEVERE ] updating countdown to 50984
[15:57:19.236] [SEVERE ] updating countdown to 50872
[15:57:19.346] [SEVERE ] updating countdown to 50762
[15:57:19.457] [SEVERE ] updating countdown to 50651
[15:57:19.567] [SEVERE ] updating countdown to 50541
[15:57:19.678] [SEVERE ] updating countdown to 50430
[15:57:19.789] [SEVERE ] updating countdown to 50319
[15:57:19.890] [SEVERE ] updating countdown to 50218
[15:57:20.003] [SEVERE ] updating countdown to 50105
[15:57:20.106] [SEVERE ] updating countdown to 50002
[15:57:20.218] [SEVERE ] updating countdown to 49890
[15:57:20.328] [SEVERE ] updating countdown to 49780
[15:57:20.438] [SEVERE ] updating countdown to 49670
[15:57:20.548] [SEVERE ] updating countdown to 49560
[15:57:20.659] [SEVERE ] updating countdown to 49449
[15:57:20.769] [SEVERE ] updating countdown to 49339
[15:57:20.879] [SEVERE ] updating countdown to 49229
[15:57:20.991] [SEVERE ] updating countdown to 49117
[15:57:21.101] [SEVERE ] updating countdown to 49007
[15:57:21.211] [SEVERE ] updating countdown to 48897
[15:57:21.322] [SEVERE ] updating countdown to 48786
[15:57:21.432] [SEVERE ] updating countdown to 48676
[15:57:21.542] [SEVERE ] updating countdown to 48566
[15:57:21.653] [SEVERE ] updating countdown to 48455
[15:57:21.762] [SEVERE ] updating countdown to 48346
[15:57:21.873] [SEVERE ] updating countdown to 48235
[15:57:21.982] [SEVERE ] updating countdown to 48126
[15:57:22.093] [SEVERE ] updating countdown to 48015
[15:57:22.203] [SEVERE ] updating countdown to 47905
[15:57:22.313] [SEVERE ] updating countdown to 47795
[15:57:22.423] [SEVERE ] updating countdown to 47685
[15:57:22.533] [SEVERE ] updating countdown to 47575
[15:57:22.644] [SEVERE ] updating countdown to 47464
[15:57:22.755] [SEVERE ] updating countdown to 47353
[15:57:22.864] [SEVERE ] updating countdown to 47244
[15:57:22.975] [SEVERE ] updating countdown to 47133
[15:57:23.085] [SEVERE ] updating countdown to 47023
[15:57:23.195] [SEVERE ] updating countdown to 46913
[15:57:23.306] [SEVERE ] updating countdown to 46802
[15:57:23.416] [SEVERE ] updating countdown to 46693
[15:57:23.526] [SEVERE ] updating countdown to 46582
[15:57:23.636] [SEVERE ] updating countdown to 46472
[15:57:23.746] [SEVERE ] updating countdown to 46362
[15:57:23.856] [SEVERE ] updating countdown to 46252
[15:57:23.966] [SEVERE ] updating countdown to 46142
[15:57:24.068] [SEVERE ] updating countdown to 46040
[15:57:24.179] [SEVERE ] updating countdown to 45929
[15:57:24.290] [SEVERE ] updating countdown to 45818
[15:57:24.400] [SEVERE ] updating countdown to 45708
[15:57:24.510] [SEVERE ] updating countdown to 45598
[15:57:24.620] [SEVERE ] updating countdown to 45488
[15:57:24.732] [SEVERE ] updating countdown to 45376
[15:57:24.842] [SEVERE ] updating countdown to 45266
[15:57:24.953] [SEVERE ] updating countdown to 45155
[15:57:25.063] [SEVERE ] updating countdown to 45045
[15:57:25.174] [SEVERE ] updating countdown to 44934
[15:57:25.284] [SEVERE ] updating countdown to 44824
[15:57:25.395] [SEVERE ] updating countdown to 44713
[15:57:25.506] [SEVERE ] updating countdown to 44602
[15:57:25.616] [SEVERE ] updating countdown to 44492
[15:57:25.726] [SEVERE ] updating countdown to 44382
[15:57:25.835] [SEVERE ] updating countdown to 44273
[15:57:25.945] [SEVERE ] updating countdown to 44163
[15:57:26.055] [SEVERE ] updating countdown to 44053
[15:57:26.166] [SEVERE ] updating countdown to 43942
[15:57:26.275] [SEVERE ] updating countdown to 43833
[15:57:26.385] [SEVERE ] updating countdown to 43723
[15:57:26.495] [SEVERE ] updating countdown to 43613
[15:57:26.596] [SEVERE ] updating countdown to 43512
[15:57:26.705] [SEVERE ] updating countdown to 43403
[15:57:26.818] [SEVERE ] updating countdown to 43290
[15:57:26.929] [SEVERE ] updating countdown to 43179
[15:57:27.039] [SEVERE ] updating countdown to 43069
[15:57:27.149] [SEVERE ] updating countdown to 42959
[15:57:27.259] [SEVERE ] updating countdown to 42849
[15:57:27.370] [SEVERE ] updating countdown to 42738
[15:57:27.481] [SEVERE ] updating countdown to 42627
[15:57:27.593] [SEVERE ] updating countdown to 42515
[15:57:27.704] [SEVERE ] updating countdown to 42404
[15:57:27.812] [SEVERE ] updating countdown to 42296
[15:57:27.923] [SEVERE ] updating countdown to 42185
[15:57:28.036] [SEVERE ] updating countdown to 42072
[15:57:28.146] [SEVERE ] updating countdown to 41962
[15:57:28.257] [SEVERE ] updating countdown to 41851
[15:57:28.367] [SEVERE ] updating countdown to 41741
[15:57:28.477] [SEVERE ] updating countdown to 41631
[15:57:28.588] [SEVERE ] updating countdown to 41520
[15:57:28.698] [SEVERE ] updating countdown to 41410
[15:57:28.807] [SEVERE ] updating countdown to 41301
[15:57:28.917] [SEVERE ] updating countdown to 41191
[15:57:29.027] [SEVERE ] updating countdown to 41081
[15:57:29.140] [SEVERE ] updating countdown to 40968
[15:57:29.250] [SEVERE ] updating countdown to 40858
[15:57:29.360] [SEVERE ] updating countdown to 40748
[15:57:29.476] [SEVERE ] updating countdown to 40632
[15:57:29.585] [SEVERE ] updating countdown to 40523
[15:57:29.696] [SEVERE ] updating countdown to 40412
[15:57:29.806] [SEVERE ] updating countdown to 40302
[15:57:29.907] [SEVERE ] updating countdown to 40201
[15:57:30.017] [SEVERE ] updating countdown to 40091
[15:57:30.127] [SEVERE ] updating countdown to 39981
[15:57:30.238] [SEVERE ] updating countdown to 39870
[15:57:30.349] [SEVERE ] updating countdown to 39759
[15:57:30.459] [SEVERE ] updating countdown to 39649
[15:57:30.572] [SEVERE ] updating countdown to 39536
[15:57:30.674] [SEVERE ] updating countdown to 39434
[15:57:30.785] [SEVERE ] updating countdown to 39323
[15:57:30.894] [SEVERE ] updating countdown to 39214
[15:57:31.004] [SEVERE ] updating countdown to 39104
[15:57:31.114] [SEVERE ] updating countdown to 38994
[15:57:31.226] [SEVERE ] updating countdown to 38882
[15:57:31.337] [SEVERE ] updating countdown to 38771
[15:57:31.447] [SEVERE ] updating countdown to 38661
[15:57:31.558] [SEVERE ] updating countdown to 38550
[15:57:31.668] [SEVERE ] updating countdown to 38440
[15:57:31.782] [SEVERE ] updating countdown to 38326
[15:57:31.892] [SEVERE ] updating countdown to 38216
[15:57:32.002] [SEVERE ] updating countdown to 38106
[15:57:32.112] [SEVERE ] updating countdown to 37996
[15:57:32.222] [SEVERE ] updating countdown to 37886
[15:57:32.332] [SEVERE ] updating countdown to 37776
[15:57:32.442] [SEVERE ] updating countdown to 37666
[15:57:32.548] [SEVERE ] updating countdown to 37560
[15:57:32.659] [SEVERE ] updating countdown to 37449
[15:57:32.769] [SEVERE ] updating countdown to 37339
[15:57:32.879] [SEVERE ] updating countdown to 37229
[15:57:32.990] [SEVERE ] updating countdown to 37118
[15:57:33.100] [SEVERE ] updating countdown to 37008
[15:57:33.213] [SEVERE ] updating countdown to 36895
[15:57:33.324] [SEVERE ] updating countdown to 36785
[15:57:33.434] [SEVERE ] updating countdown to 36674
[15:57:33.545] [SEVERE ] updating countdown to 36563
[15:57:33.655] [SEVERE ] updating countdown to 36453
[15:57:33.767] [SEVERE ] updating countdown to 36342
[15:57:33.877] [SEVERE ] updating countdown to 36231
[15:57:33.989] [SEVERE ] updating countdown to 36119
[15:57:34.099] [SEVERE ] updating countdown to 36009
[15:57:34.203] [SEVERE ] updating countdown to 35905
[15:57:34.312] [SEVERE ] updating countdown to 35796
[15:57:34.422] [SEVERE ] updating countdown to 35686
[15:57:34.532] [SEVERE ] updating countdown to 35576
[15:57:34.642] [SEVERE ] updating countdown to 35466
[15:57:34.752] [SEVERE ] updating countdown to 35356
[15:57:34.862] [SEVERE ] updating countdown to 35246
[15:57:34.971] [SEVERE ] updating countdown to 35137
[15:57:35.081] [SEVERE ] updating countdown to 35027
[15:57:35.191] [SEVERE ] updating countdown to 34917
[15:57:35.301] [SEVERE ] updating countdown to 34807
[15:57:35.411] [SEVERE ] updating countdown to 34697
[15:57:35.521] [SEVERE ] updating countdown to 34587
[15:57:35.633] [SEVERE ] updating countdown to 34475
[15:57:35.742] [SEVERE ] updating countdown to 34366
[15:57:35.852] [SEVERE ] updating countdown to 34256
[15:57:35.963] [SEVERE ] updating countdown to 34145
[15:57:36.074] [SEVERE ] updating countdown to 34034
[15:57:36.184] [SEVERE ] updating countdown to 33924
[15:57:36.294] [SEVERE ] updating countdown to 33814
[15:57:36.404] [SEVERE ] updating countdown to 33704
[15:57:36.514] [SEVERE ] updating countdown to 33594
[15:57:36.625] [SEVERE ] updating countdown to 33483
[15:57:36.740] [SEVERE ] updating countdown to 33368
[15:57:36.850] [SEVERE ] updating countdown to 33258
[15:57:36.960] [SEVERE ] updating countdown to 33148
[15:57:37.070] [SEVERE ] updating countdown to 33038
[15:57:37.181] [SEVERE ] updating countdown to 32927
[15:57:37.291] [SEVERE ] updating countdown to 32817
[15:57:37.401] [SEVERE ] updating countdown to 32707
[15:57:37.511] [SEVERE ] updating countdown to 32597
[15:57:37.621] [SEVERE ] updating countdown to 32487
[15:57:37.732] [SEVERE ] updating countdown to 32376
[15:57:37.852] [SEVERE ] updating countdown to 32256
[15:57:37.962] [SEVERE ] updating countdown to 32146
[15:57:38.071] [SEVERE ] updating countdown to 32037
[15:57:38.182] [SEVERE ] updating countdown to 31926
[15:57:38.293] [SEVERE ] updating countdown to 31815
[15:57:38.403] [SEVERE ] updating countdown to 31705
[15:57:38.513] [SEVERE ] updating countdown to 31595
[15:57:38.623] [SEVERE ] updating countdown to 31485
[15:57:38.733] [SEVERE ] updating countdown to 31375
[15:57:38.844] [SEVERE ] updating countdown to 31264
[15:57:38.954] [SEVERE ] updating countdown to 31154
[15:57:39.064] [SEVERE ] updating countdown to 31044
[15:57:39.174] [SEVERE ] updating countdown to 30934
[15:57:39.285] [SEVERE ] updating countdown to 30823
[15:57:39.396] [SEVERE ] updating countdown to 30712
[15:57:39.505] [SEVERE ] updating countdown to 30603
[15:57:39.616] [SEVERE ] updating countdown to 30492
[15:57:39.725] [SEVERE ] updating countdown to 30383
[15:57:39.835] [SEVERE ] updating countdown to 30273
[15:57:39.945] [SEVERE ] updating countdown to 30163
[15:57:40.057] [SEVERE ] updating countdown to 30051
[15:57:40.167] [SEVERE ] updating countdown to 29941
[15:57:40.277] [SEVERE ] updating countdown to 29831
[15:57:40.390] [SEVERE ] updating countdown to 29718
[15:57:40.501] [SEVERE ] updating countdown to 29607
[15:57:40.611] [SEVERE ] updating countdown to 29497
[15:57:40.721] [SEVERE ] updating countdown to 29387
[15:57:40.836] [SEVERE ] updating countdown to 29272
[15:57:40.946] [SEVERE ] updating countdown to 29162
[15:57:41.057] [SEVERE ] updating countdown to 29051
[15:57:41.168] [SEVERE ] updating countdown to 28940
[15:57:41.277] [SEVERE ] updating countdown to 28831
[15:57:41.382] [SEVERE ] updating countdown to 28726
[15:57:41.493] [SEVERE ] updating countdown to 28615
[15:57:41.604] [SEVERE ] updating countdown to 28504
[15:57:41.713] [SEVERE ] updating countdown to 28395
[15:57:41.824] [SEVERE ] updating countdown to 28284
[15:57:41.933] [SEVERE ] updating countdown to 28175
[15:57:42.043] [SEVERE ] updating countdown to 28065
[15:57:42.152] [SEVERE ] updating countdown to 27956
[15:57:42.263] [SEVERE ] updating countdown to 27845
[15:57:42.372] [SEVERE ] updating countdown to 27736
[15:57:42.482] [SEVERE ] updating countdown to 27626
[15:57:42.592] [SEVERE ] updating countdown to 27516
[15:57:42.703] [SEVERE ] updating countdown to 27405
[15:57:42.813] [SEVERE ] updating countdown to 27295
[15:57:42.923] [SEVERE ] updating countdown to 27185
[15:57:43.033] [SEVERE ] updating countdown to 27075
[15:57:43.144] [SEVERE ] updating countdown to 26965
[15:57:43.250] [SEVERE ] updating countdown to 26858
[15:57:43.360] [SEVERE ] updating countdown to 26748
[15:57:43.475] [SEVERE ] updating countdown to 26633
[15:57:43.577] [SEVERE ] updating countdown to 26531
[15:57:43.689] [SEVERE ] updating countdown to 26419
[15:57:43.797] [SEVERE ] updating countdown to 26311
[15:57:43.907] [SEVERE ] updating countdown to 26201
[15:57:44.017] [SEVERE ] updating countdown to 26091
[15:57:44.126] [SEVERE ] updating countdown to 25982
[15:57:44.237] [SEVERE ] updating countdown to 25871
[15:57:44.347] [SEVERE ] updating countdown to 25761
[15:57:44.456] [SEVERE ] updating countdown to 25652
[15:57:44.563] [SEVERE ] updating countdown to 25545
[15:57:44.665] [SEVERE ] updating countdown to 25443
[15:57:44.769] [SEVERE ] updating countdown to 25339
[15:57:44.870] [SEVERE ] updating countdown to 25238
[15:57:44.980] [SEVERE ] updating countdown to 25128
[15:57:45.090] [SEVERE ] updating countdown to 25018
[15:57:45.200] [SEVERE ] updating countdown to 24908
[15:57:45.311] [SEVERE ] updating countdown to 24797
[15:57:45.421] [SEVERE ] updating countdown to 24687
[15:57:45.530] [SEVERE ] updating countdown to 24578
[15:57:45.640] [SEVERE ] updating countdown to 24468
[15:57:45.750] [SEVERE ] updating countdown to 24358
[15:57:45.860] [SEVERE ] updating countdown to 24248
[15:57:45.970] [SEVERE ] updating countdown to 24138
[15:57:46.080] [SEVERE ] updating countdown to 24028
[15:57:46.190] [SEVERE ] updating countdown to 23918
[15:57:46.300] [SEVERE ] updating countdown to 23808
[15:57:46.410] [SEVERE ] updating countdown to 23698
[15:57:46.520] [SEVERE ] updating countdown to 23588
[15:57:46.630] [SEVERE ] updating countdown to 23478
[15:57:46.739] [SEVERE ] updating countdown to 23369
[15:57:46.850] [SEVERE ] updating countdown to 23258
[15:57:46.959] [SEVERE ] updating countdown to 23149
[15:57:47.069] [SEVERE ] updating countdown to 23039
[15:57:47.179] [SEVERE ] updating countdown to 22929
[15:57:47.289] [SEVERE ] updating countdown to 22819
[15:57:47.399] [SEVERE ] updating countdown to 22709
[15:57:47.509] [SEVERE ] updating countdown to 22599
[15:57:47.619] [SEVERE ] updating countdown to 22489
[15:57:47.729] [SEVERE ] updating countdown to 22379
[15:57:47.838] [SEVERE ] updating countdown to 22270
[15:57:47.948] [SEVERE ] updating countdown to 22160
[15:57:48.058] [SEVERE ] updating countdown to 22050
[15:57:48.168] [SEVERE ] updating countdown to 21940
[15:57:48.278] [SEVERE ] updating countdown to 21830
[15:57:48.390] [SEVERE ] updating countdown to 21718
[15:57:48.500] [SEVERE ] updating countdown to 21608
[15:57:48.611] [SEVERE ] updating countdown to 21497
[15:57:48.721] [SEVERE ] updating countdown to 21387
[15:57:48.831] [SEVERE ] updating countdown to 21277
[15:57:48.941] [SEVERE ] updating countdown to 21167
[15:57:49.050] [SEVERE ] updating countdown to 21058
[15:57:49.160] [SEVERE ] updating countdown to 20948
[15:57:49.271] [SEVERE ] updating countdown to 20837
[15:57:49.381] [SEVERE ] updating countdown to 20727
[15:57:49.491] [SEVERE ] updating countdown to 20617
[15:57:49.602] [SEVERE ] updating countdown to 20506
[15:57:49.712] [SEVERE ] updating countdown to 20396
[15:57:49.823] [SEVERE ] updating countdown to 20285
[15:57:49.933] [SEVERE ] updating countdown to 20175
[15:57:50.044] [SEVERE ] updating countdown to 20064
[15:57:50.154] [SEVERE ] updating countdown to 19954
[15:57:50.263] [SEVERE ] updating countdown to 19845
[15:57:50.374] [SEVERE ] updating countdown to 19734
[15:57:50.483] [SEVERE ] updating countdown to 19625
[15:57:50.594] [SEVERE ] updating countdown to 19514
[15:57:50.705] [SEVERE ] updating countdown to 19403
[15:57:50.815] [SEVERE ] updating countdown to 19293
[15:57:50.926] [SEVERE ] updating countdown to 19182
[15:57:51.036] [SEVERE ] updating countdown to 19072
[15:57:51.146] [SEVERE ] updating countdown to 18962
[15:57:51.256] [SEVERE ] updating countdown to 18852
[15:57:51.367] [SEVERE ] updating countdown to 18741
[15:57:51.477] [SEVERE ] updating countdown to 18631
[15:57:51.587] [SEVERE ] updating countdown to 18521
[15:57:51.698] [SEVERE ] updating countdown to 18410
[15:57:51.808] [SEVERE ] updating countdown to 18300
[15:57:51.918] [SEVERE ] updating countdown to 18190
[15:57:52.028] [SEVERE ] updating countdown to 18080
[15:57:52.139] [SEVERE ] updating countdown to 17969
[15:57:52.249] [SEVERE ] updating countdown to 17859
[15:57:52.359] [SEVERE ] updating countdown to 17749
[15:57:52.468] [SEVERE ] updating countdown to 17640
[15:57:52.580] [SEVERE ] updating countdown to 17528
[15:57:52.700] [SEVERE ] updating countdown to 17408
[15:57:52.811] [SEVERE ] updating countdown to 17297
[15:57:52.921] [SEVERE ] updating countdown to 17187
[15:57:53.032] [SEVERE ] updating countdown to 17076
[15:57:53.142] [SEVERE ] updating countdown to 16966
[15:57:53.252] [SEVERE ] updating countdown to 16856
[15:57:53.364] [SEVERE ] updating countdown to 16744
[15:57:53.474] [SEVERE ] updating countdown to 16634
[15:57:53.474] [SEVERE ] key 81 was pressed by player 1
[15:57:53.474] [SEVERE ] player 1 placing token on slot 0
[15:57:53.577] [SEVERE ] updating countdown to 16531
[15:57:53.687] [SEVERE ] updating countdown to 16421
[15:57:53.797] [SEVERE ] updating countdown to 16311
[15:57:53.828] [SEVERE ] key 87 was pressed by player 1
[15:57:53.828] [SEVERE ] player 1 placing token on slot 1
[15:57:53.906] [SEVERE ] updating countdown to 16202
[15:57:54.016] [SEVERE ] updating countdown to 16092
[15:57:54.127] [SEVERE ] updating countdown to 15981
[15:57:54.237] [SEVERE ] updating countdown to 15871
[15:57:54.341] [SEVERE ] updating countdown to 15767
[15:57:54.442] [SEVERE ] updating countdown to 15666
[15:57:54.473] [SEVERE ] key 69 was pressed by player 1
[15:57:54.473] [SEVERE ] player 1 placing token on slot 2
[15:57:54.552] [SEVERE ] updating countdown to 15556
[15:57:54.552] [SEVERE ] removing all tokens
[15:57:54.662] [SEVERE ] removing card from slot 0
[15:57:54.662] [SEVERE ] removing all tokens
[15:57:54.772] [SEVERE ] removing card from slot 1
[15:57:54.772] [SEVERE ] removing all tokens
[15:57:54.883] [SEVERE ] removing card from slot 2
[15:57:54.883] [SEVERE ] setting player 1 score to 1
[15:57:54.988] [SEVERE ] placing card 38 in slot 0
[15:57:55.098] [SEVERE ] placing card 36 in slot 1
[15:57:55.211] [SEVERE ] placing card 21 in slot 2
[15:57:55.322] [SEVERE ] updating countdown to 14786
[15:57:55.432] [SEVERE ] updating countdown to 14676
[15:57:55.541] [SEVERE ] updating countdown to 14567
[15:57:55.651] [SEVERE ] updating countdown to 14457
[15:57:55.764] [SEVERE ] updating countdown to 14344
[15:57:55.873] [SEVERE ] updating countdown to 14235
[15:57:55.983] [SEVERE ] updating countdown to 14125
[15:57:56.093] [SEVERE ] updating countdown to 14015
[15:57:56.204] [SEVERE ] updating countdown to 13904
[15:57:56.314] [SEVERE ] updating countdown to 13794
[15:57:56.424] [SEVERE ] updating countdown to 13684
[15:57:56.534] [SEVERE ] updating countdown to 13574
[15:57:56.644] [SEVERE ] updating countdown to 13464
[15:57:56.754] [SEVERE ] updating countdown to 13354
[15:57:56.864] [SEVERE ] updating countdown to 13244
[15:57:56.973] [SEVERE ] updating countdown to 13135
[15:57:57.085] [SEVERE ] updating countdown to 13023
[15:57:57.195] [SEVERE ] updating countdown to 12913
[15:57:57.306] [SEVERE ] updating countdown to 12802
[15:57:57.416] [SEVERE ] updating countdown to 12692
[15:57:57.526] [SEVERE ] updating countdown to 12582
[15:57:57.636] [SEVERE ] updating countdown to 12472
[15:57:57.747] [SEVERE ] updating countdown to 12361
[15:57:57.857] [SEVERE ] updating countdown to 12251
[15:57:57.967] [SEVERE ] updating countdown to 12141
[15:57:58.077] [SEVERE ] updating countdown to 12031
[15:57:58.187] [SEVERE ] updating countdown to 11921
[15:57:58.297] [SEVERE ] updating countdown to 11811
[15:57:58.407] [SEVERE ] updating countdown to 11701
[15:57:58.518] [SEVERE ] updating countdown to 11590
[15:57:58.627] [SEVERE ] updating countdown to 11481
[15:57:58.731] [SEVERE ] updating countdown to 11377
[15:57:58.841] [SEVERE ] updating countdown to 11267
[15:57:58.951] [SEVERE ] updating countdown to 11157
[15:57:59.051] [SEVERE ] updating countdown to 11057
[15:57:59.161] [SEVERE ] updating countdown to 10947
[15:57:59.272] [SEVERE ] updating countdown to 10836
[15:57:59.382] [SEVERE ] updating countdown to 10726
[15:57:59.492] [SEVERE ] updating countdown to 10616
[15:57:59.602] [SEVERE ] updating countdown to 10506
[15:57:59.712] [SEVERE ] updating countdown to 10396
[15:57:59.823] [SEVERE ] updating countdown to 10285
[15:57:59.933] [SEVERE ] updating countdown to 10175
[15:58:00.053] [SEVERE ] updating countdown to 10055
[15:58:00.163] [SEVERE ] updating countdown to 9945
[15:58:00.274] [SEVERE ] updating countdown to 9834
[15:58:00.384] [SEVERE ] updating countdown to 9724
[15:58:00.495] [SEVERE ] updating countdown to 9613
[15:58:00.605] [SEVERE ] updating countdown to 9503
[15:58:00.716] [SEVERE ] updating countdown to 9392
[15:58:00.826] [SEVERE ] updating countdown to 9282
[15:58:00.936] [SEVERE ] updating countdown to 9172
[15:58:01.050] [SEVERE ] updating countdown to 9058
[15:58:01.160] [SEVERE ] updating countdown to 8948
[15:58:01.270] [SEVERE ] updating countdown to 8838
[15:58:01.380] [SEVERE ] updating countdown to 8728
[15:58:01.490] [SEVERE ] updating countdown to 8618
[15:58:01.600] [SEVERE ] updating countdown to 8508
[15:58:01.710] [SEVERE ] updating countdown to 8398
[15:58:01.821] [SEVERE ] updating countdown to 8287
[15:58:01.931] [SEVERE ] updating countdown to 8177
[15:58:02.041] [SEVERE ] updating countdown to 8067
[15:58:02.152] [SEVERE ] updating countdown to 7956
[15:58:02.261] [SEVERE ] updating countdown to 7847
[15:58:02.371] [SEVERE ] updating countdown to 7737
[15:58:02.482] [SEVERE ] updating countdown to 7626
[15:58:02.587] [SEVERE ] updating countdown to 7521
[15:58:02.698] [SEVERE ] updating countdown to 7410
[15:58:02.808] [SEVERE ] updating countdown to 7300
[15:58:02.919] [SEVERE ] updating countdown to 7189
[15:58:03.029] [SEVERE ] updating countdown to 7079
[15:58:03.140] [SEVERE ] updating countdown to 6968
[15:58:03.253] [SEVERE ] updating countdown to 6855
[15:58:03.363] [SEVERE ] updating countdown to 6745
[15:58:03.473] [SEVERE ] updating countdown to 6635
[15:58:03.585] [SEVERE ] updating countdown to 6523
[15:58:03.696] [SEVERE ] updating countdown to 6412
[15:58:03.807] [SEVERE ] updating countdown to 6301
[15:58:03.916] [SEVERE ] updating countdown to 6192
[15:58:04.027] [SEVERE ] updating countdown to 6081
[15:58:04.136] [SEVERE ] updating countdown to 5972
[15:58:04.246] [SEVERE ] updating countdown to 5862
[15:58:04.356] [SEVERE ] updating countdown to 5752
[15:58:04.467] [SEVERE ] updating countdown to 5641
[15:58:04.576] [SEVERE ] updating countdown to 5532
[15:58:04.687] [SEVERE ] updating countdown to 5421
[15:58:04.797] [SEVERE ] updating countdown to 5311
[15:58:04.908] [SEVERE ] updating countdown to 5200
[15:58:05.018] [SEVERE ] updating countdown to 5090
[15:58:05.680] [SEVERE ] key 81 was pressed by player 1
[15:58:05.680] [SEVERE ] player 1 placing token on slot 0
[15:58:06.023] [SEVERE ] key 87 was pressed by player 1
[15:58:06.023] [SEVERE ] player 1 placing token on slot 1
[15:58:07.159] [SEVERE ] key 70 was pressed by player 1
[15:58:07.159] [SEVERE ] player 1 placing token on slot 7
[15:58:07.175] [SEVERE ] removing all tokens
[15:58:07.288] [SEVERE ] removing card from slot 0
[15:58:07.288] [SEVERE ] removing all tokens
[15:58:07.398] [SEVERE ] removing card from slot 1
[15:58:07.398] [SEVERE ] removing all tokens
[15:58:07.508] [SEVERE ] removing card from slot 7
[15:58:07.508] [SEVERE ] setting player 1 score to 2
[15:58:07.619] [SEVERE ] placing card 34 in slot 0
[15:58:07.729] [SEVERE ] placing card 59 in slot 1
[15:58:07.839] [SEVERE ] placing card 28 in slot 7
[15:58:10.116] [SEVERE ] removing all tokens
[15:58:10.226] [SEVERE ] placing card 54 in slot 0
[15:58:10.330] [SEVERE ] placing card 35 in slot 1
[15:58:10.447] [SEVERE ] placing card 54 in slot 2
[15:58:10.558] [SEVERE ] placing card 3 in slot 3
[15:58:10.671] [SEVERE ] placing card 53 in slot 4
[15:58:10.781] [SEVERE ] placing card 17 in slot 5
[15:58:10.891] [SEVERE ] placing card 71 in slot 6
[15:58:11.001] [SEVERE ] placing card 8 in slot 7
[15:58:11.095] [SEVERE ] key 87 was pressed by player 1
[15:58:11.095] [SEVERE ] player 1 placing token on slot 1
[15:58:11.110] [SEVERE ] placing card 14 in slot 8
[15:58:11.220] [SEVERE ] placing card 11 in slot 9
[15:58:11.334] [SEVERE ] placing card 64 in slot 10
[15:58:11.444] [SEVERE ] placing card 79 in slot 11
[15:58:11.444] [SEVERE ] updating countdown to 60000
[15:58:11.460] [SEVERE ] key 70 was pressed by player 1
[15:58:11.460] [SEVERE ] player 1 placing token on slot 7
[15:58:11.554] [SEVERE ] updating countdown to 59890
[15:58:11.666] [SEVERE ] updating countdown to 59778
[15:58:11.771] [SEVERE ] updating countdown to 59673
[15:58:11.882] [SEVERE ] updating countdown to 59562
[15:58:11.992] [SEVERE ] updating countdown to 59452
[15:58:12.102] [SEVERE ] updating countdown to 59342
[15:58:12.212] [SEVERE ] updating countdown to 59232
[15:58:12.321] [SEVERE ] updating countdown to 59123
[15:58:12.432] [SEVERE ] updating countdown to 59012
[15:58:12.541] [SEVERE ] updating countdown to 58903
[15:58:12.652] [SEVERE ] updating countdown to 58792
[15:58:12.762] [SEVERE ] updating countdown to 58682
[15:58:12.862] [SEVERE ] updating countdown to 58582
[15:58:12.972] [SEVERE ] updating countdown to 58472
[15:58:13.082] [SEVERE ] updating countdown to 58362
[15:58:13.192] [SEVERE ] updating countdown to 58252
[15:58:13.302] [SEVERE ] updating countdown to 58142
[15:58:13.411] [SEVERE ] updating countdown to 58033
[15:58:13.521] [SEVERE ] updating countdown to 57923
[15:58:13.631] [SEVERE ] updating countdown to 57813
[15:58:13.741] [SEVERE ] updating countdown to 57703
[15:58:13.851] [SEVERE ] updating countdown to 57593
[15:58:13.961] [SEVERE ] updating countdown to 57483
[15:58:14.071] [SEVERE ] updating countdown to 57373
[15:58:14.180] [SEVERE ] updating countdown to 57264
[15:58:14.290] [SEVERE ] updating countdown to 57154
[15:58:14.400] [SEVERE ] updating countdown to 57044
[15:58:14.524] [SEVERE ] updating countdown to 56920
[15:58:14.637] [SEVERE ] updating countdown to 56807
[15:58:14.748] [SEVERE ] updating countdown to 56696
[15:58:14.860] [SEVERE ] updating countdown to 56584
[15:58:14.971] [SEVERE ] updating countdown to 56473
[15:58:15.081] [SEVERE ] updating countdown to 56363
[15:58:15.191] [SEVERE ] updating countdown to 56253
[15:58:15.302] [SEVERE ] updating countdown to 56142
[15:58:15.412] [SEVERE ] updating countdown to 56032
[15:58:15.522] [SEVERE ] updating countdown to 55922
[15:58:15.632] [SEVERE ] updating countdown to 55812
[15:58:15.746] [SEVERE ] updating countdown to 55698
[15:58:15.852] [SEVERE ] updating countdown to 55592
[15:58:15.962] [SEVERE ] updating countdown to 55482
[15:58:16.072] [SEVERE ] updating countdown to 55372
[15:58:16.182] [SEVERE ] updating countdown to 55262
[15:58:16.292] [SEVERE ] updating countdown to 55152
[15:58:16.402] [SEVERE ] updating countdown to 55042
[15:58:16.512] [SEVERE ] updating countdown to 54932
[15:58:16.625] [SEVERE ] updating countdown to 54819
[15:58:16.735] [SEVERE ] updating countdown to 54709
[15:58:16.845] [SEVERE ] updating countdown to 54599
[15:58:16.955] [SEVERE ] updating countdown to 54489
[15:58:17.065] [SEVERE ] updating countdown to 54379
[15:58:17.175] [SEVERE ] updating countdown to 54269
[15:58:17.285] [SEVERE ] updating countdown to 54159
[15:58:17.395] [SEVERE ] updating countdown to 54049
[15:58:17.505] [SEVERE ] updating countdown to 53939
[15:58:17.614] [SEVERE ] updating countdown to 53830
[15:58:17.724] [SEVERE ] updating countdown to 53720
[15:58:17.834] [SEVERE ] updating countdown to 53610
[15:58:17.945] [SEVERE ] updating countdown to 53499
[15:58:18.055] [SEVERE ] updating countdown to 53389
[15:58:18.165] [SEVERE ] updating countdown to 53279
[15:58:18.275] [SEVERE ] updating countdown to 53169
[15:58:18.386] [SEVERE ] updating countdown to 53058
[15:58:18.495] [SEVERE ] updating countdown to 52949
[15:58:18.605] [SEVERE ] updating countdown to 52839
[15:58:18.715] [SEVERE ] updating countdown to 52729
[15:58:18.826] [SEVERE ] updating countdown to 52618
[15:58:18.936] [SEVERE ] updating countdown to 52508
[15:58:19.046] [SEVERE ] updating countdown to 52398
[15:58:19.160] [SEVERE ] updating countdown to 52284
[15:58:19.276] [SEVERE ] updating countdown to 52168
[15:58:19.381] [SEVERE ] updating countdown to 52063
[15:58:19.484] [SEVERE ] updating countdown to 51960
[15:58:19.592] [SEVERE ] updating countdown to 51852
[15:58:19.703] [SEVERE ] updating countdown to 51741
[15:58:19.813] [SEVERE ] updating countdown to 51631
[15:58:19.923] [SEVERE ] updating countdown to 51521
[15:58:20.033] [SEVERE ] updating countdown to 51411
[15:58:20.143] [SEVERE ] updating countdown to 51301
[15:58:20.253] [SEVERE ] updating countdown to 51191
[15:58:20.363] [SEVERE ] updating countdown to 51081
[15:58:20.473] [SEVERE ] updating countdown to 50971
[15:58:20.583] [SEVERE ] updating countdown to 50861
[15:58:20.694] [SEVERE ] updating countdown to 50750
[15:58:20.804] [SEVERE ] updating countdown to 50640
[15:58:20.914] [SEVERE ] updating countdown to 50530
[15:58:21.024] [SEVERE ] updating countdown to 50420
[15:58:21.134] [SEVERE ] updating countdown to 50310
[15:58:21.243] [SEVERE ] updating countdown to 50201
[15:58:21.353] [SEVERE ] updating countdown to 50091
[15:58:21.463] [SEVERE ] updating countdown to 49981
[15:58:21.573] [SEVERE ] updating countdown to 49871
[15:58:21.683] [SEVERE ] updating countdown to 49761
[15:58:21.792] [SEVERE ] updating countdown to 49652
[15:58:21.902] [SEVERE ] updating countdown to 49542
[15:58:22.011] [SEVERE ] updating countdown to 49433
[15:58:22.121] [SEVERE ] updating countdown to 49323
[15:58:22.231] [SEVERE ] updating countdown to 49213
[15:58:22.341] [SEVERE ] updating countdown to 49103
[15:58:22.451] [SEVERE ] updating countdown to 48993
[15:58:22.561] [SEVERE ] updating countdown to 48883
[15:58:22.671] [SEVERE ] updating countdown to 48773
[15:58:22.781] [SEVERE ] updating countdown to 48663
[15:58:22.892] [SEVERE ] updating countdown to 48552
[15:58:23.002] [SEVERE ] updating countdown to 48442
[15:58:23.111] [SEVERE ] updating countdown to 48333
[15:58:23.221] [SEVERE ] updating countdown to 48223
[15:58:23.331] [SEVERE ] updating countdown to 48113
[15:58:23.441] [SEVERE ] updating countdown to 48003
[15:58:23.551] [SEVERE ] updating countdown to 47893
[15:58:23.661] [SEVERE ] updating countdown to 47783
[15:58:23.770] [SEVERE ] updating countdown to 47674
[15:58:23.880] [SEVERE ] updating countdown to 47564
[15:58:23.990] [SEVERE ] updating countdown to 47454
[15:58:24.100] [SEVERE ] updating countdown to 47344
[15:58:24.210] [SEVERE ] updating countdown to 47234
[15:58:24.320] [SEVERE ] updating countdown to 47124
[15:58:24.429] [SEVERE ] updating countdown to 47015
[15:58:24.539] [SEVERE ] updating countdown to 46905
[15:58:24.652] [SEVERE ] updating countdown to 46792
[15:58:24.762] [SEVERE ] updating countdown to 46682
[15:58:24.873] [SEVERE ] updating countdown to 46571
[15:58:24.983] [SEVERE ] updating countdown to 46461
[15:58:25.092] [SEVERE ] updating countdown to 46352
[15:58:25.202] [SEVERE ] updating countdown to 46242
[15:58:25.312] [SEVERE ] updating countdown to 46132
[15:58:25.422] [SEVERE ] updating countdown to 46022
[15:58:25.532] [SEVERE ] updating countdown to 45912
[15:58:25.642] [SEVERE ] updating countdown to 45802
[15:58:25.754] [SEVERE ] updating countdown to 45690
[15:58:25.864] [SEVERE ] updating countdown to 45580
[15:58:25.974] [SEVERE ] updating countdown to 45470
[15:58:26.083] [SEVERE ] updating countdown to 45361
[15:58:26.193] [SEVERE ] updating countdown to 45251
[15:58:26.303] [SEVERE ] updating countdown to 45141
[15:58:26.413] [SEVERE ] updating countdown to 45031
[15:58:26.523] [SEVERE ] updating countdown to 44921
[15:58:26.633] [SEVERE ] updating countdown to 44811
[15:58:26.743] [SEVERE ] updating countdown to 44701
[15:58:26.854] [SEVERE ] updating countdown to 44590
[15:58:26.964] [SEVERE ] updating countdown to 44480
[15:58:27.074] [SEVERE ] updating countdown to 44370
[15:58:27.184] [SEVERE ] updating countdown to 44260
[15:58:27.294] [SEVERE ] updating countdown to 44150
[15:58:27.404] [SEVERE ] updating countdown to 44040
[15:58:27.515] [SEVERE ] updating countdown to 43929
[15:58:27.625] [SEVERE ] updating countdown to 43819
[15:58:27.735] [SEVERE ] updating countdown to 43709
[15:58:27.845] [SEVERE ] updating countdown to 43599
[15:58:27.955] [SEVERE ] updating countdown to 43489
[15:58:28.065] [SEVERE ] updating countdown to 43379
[15:58:28.175] [SEVERE ] updating countdown to 43269
[15:58:28.285] [SEVERE ] updating countdown to 43159
[15:58:28.394] [SEVERE ] updating countdown to 43050
[15:58:28.504] [SEVERE ] updating countdown to 42940
[15:58:28.615] [SEVERE ] updating countdown to 42829
[15:58:28.725] [SEVERE ] updating countdown to 42719
[15:58:28.834] [SEVERE ] updating countdown to 42610
[15:58:28.945] [SEVERE ] updating countdown to 42499
[15:58:29.055] [SEVERE ] updating countdown to 42389
[15:58:29.165] [SEVERE ] updating countdown to 42279
[15:58:29.275] [SEVERE ] updating countdown to 42169
[15:58:29.384] [SEVERE ] updating countdown to 42060
[15:58:29.494] [SEVERE ] updating countdown to 41950
[15:58:29.603] [SEVERE ] updating countdown to 41841
[15:58:29.713] [SEVERE ] updating countdown to 41731
[15:58:29.823] [SEVERE ] updating countdown to 41621
[15:58:29.932] [SEVERE ] updating countdown to 41512
[15:58:30.043] [SEVERE ] updating countdown to 41401
[15:58:30.152] [SEVERE ] updating countdown to 41292
[15:58:30.262] [SEVERE ] updating countdown to 41182
[15:58:30.372] [SEVERE ] updating countdown to 41072
[15:58:30.482] [SEVERE ] updating countdown to 40962
[15:58:30.590] [SEVERE ] updating countdown to 40854
[15:58:30.700] [SEVERE ] updating countdown to 40744
[15:58:30.810] [SEVERE ] updating countdown to 40634
[15:58:30.920] [SEVERE ] updating countdown to 40524
[15:58:31.030] [SEVERE ] updating countdown to 40414
[15:58:31.139] [SEVERE ] updating countdown to 40305
[15:58:31.249] [SEVERE ] updating countdown to 40195
[15:58:31.359] [SEVERE ] updating countdown to 40085
[15:58:31.469] [SEVERE ] updating countdown to 39975
[15:58:31.580] [SEVERE ] updating countdown to 39864
[15:58:31.690] [SEVERE ] updating countdown to 39754
[15:58:31.799] [SEVERE ] updating countdown to 39645
[15:58:31.909] [SEVERE ] updating countdown to 39535
[15:58:32.012] [SEVERE ] updating countdown to 39432
[15:58:32.122] [SEVERE ] updating countdown to 39322
[15:58:32.232] [SEVERE ] updating countdown to 39212
[15:58:32.341] [SEVERE ] updating countdown to 39103
[15:58:32.451] [SEVERE ] updating countdown to 38993
[15:58:32.562] [SEVERE ] updating countdown to 38882
[15:58:32.673] [SEVERE ] updating countdown to 38771
[15:58:32.783] [SEVERE ] updating countdown to 38661
[15:58:32.892] [SEVERE ] updating countdown to 38552
[15:58:33.003] [SEVERE ] updating countdown to 38441
[15:58:33.113] [SEVERE ] updating countdown to 38331
[15:58:33.222] [SEVERE ] updating countdown to 38222
[15:58:33.332] [SEVERE ] updating countdown to 38112
[15:58:33.442] [SEVERE ] updating countdown to 38002
[15:58:33.553] [SEVERE ] updating countdown to 37891
[15:58:33.663] [SEVERE ] updating countdown to 37781
[15:58:33.773] [SEVERE ] updating countdown to 37671
[15:58:33.883] [SEVERE ] updating countdown to 37561
[15:58:33.997] [SEVERE ] updating countdown to 37447
[15:58:34.107] [SEVERE ] updating countdown to 37337
[15:58:34.216] [SEVERE ] updating countdown to 37228
[15:58:34.326] [SEVERE ] updating countdown to 37118
[15:58:34.436] [SEVERE ] updating countdown to 37008
[15:58:34.546] [SEVERE ] updating countdown to 36898
[15:58:34.656] [SEVERE ] updating countdown to 36788
[15:58:34.766] [SEVERE ] updating countdown to 36678
[15:58:34.876] [SEVERE ] updating countdown to 36568
[15:58:34.986] [SEVERE ] updating countdown to 36458
[15:58:35.096] [SEVERE ] updating countdown to 36348
[15:58:35.207] [SEVERE ] updating countdown to 36237
[15:58:35.317] [SEVERE ] updating countdown to 36127
[15:58:35.426] [SEVERE ] updating countdown to 36018
[15:58:35.536] [SEVERE ] updating countdown to 35908
[15:58:35.646] [SEVERE ] updating countdown to 35798
[15:58:35.757] [SEVERE ] updating countdown to 35687
[15:58:35.868] [SEVERE ] updating countdown to 35576
[15:58:35.978] [SEVERE ] updating countdown to 35466
[15:58:36.089] [SEVERE ] updating countdown to 35355
[15:58:36.199] [SEVERE ] updating countdown to 35245
[15:58:36.309] [SEVERE ] updating countdown to 35135
[15:58:36.419] [SEVERE ] updating countdown to 35025
[15:58:36.528] [SEVERE ] updating countdown to 34916
[15:58:36.638] [SEVERE ] updating countdown to 34806
[15:58:36.748] [SEVERE ] updating countdown to 34696
[15:58:36.858] [SEVERE ] updating countdown to 34586
[15:58:36.968] [SEVERE ] updating countdown to 34476
[15:58:37.079] [SEVERE ] updating countdown to 34365
[15:58:37.191] [SEVERE ] updating countdown to 34253
[15:58:37.293] [SEVERE ] updating countdown to 34151
[15:58:37.396] [SEVERE ] updating countdown to 34048
[15:58:37.514] [SEVERE ] updating countdown to 33930
[15:58:37.625] [SEVERE ] updating countdown to 33819
[15:58:37.740] [SEVERE ] updating countdown to 33704
[15:58:37.842] [SEVERE ] updating countdown to 33602
[15:58:37.952] [SEVERE ] updating countdown to 33492
[15:58:38.053] [SEVERE ] updating countdown to 33391
