[23:19:30.824] [INFO   ] thread main starting.
[23:19:30.846] [SEVERE ] cannot read configuration file config.properties trying from resources.
[23:19:30.851] [SEVERE ] configuration file was loaded from resources directory.
[23:19:31.545] [INFO   ] thread dealer starting.
[23:19:31.669] [SEVERE ] placing card 32 in slot 0
[23:19:31.782] [SEVERE ] placing card 72 in slot 1
[23:19:31.890] [SEVERE ] placing card 44 in slot 2
[23:19:32.000] [SEVERE ] placing card 25 in slot 3
[23:19:32.112] [SEVERE ] placing card 72 in slot 4
[23:19:32.222] [SEVERE ] placing card 38 in slot 5
[23:19:32.333] [SEVERE ] placing card 37 in slot 6
[23:19:32.476] [SEVERE ] placing card 26 in slot 7
[23:19:32.587] [SEVERE ] placing card 39 in slot 8
[23:19:32.700] [SEVERE ] placing card 46 in slot 9
[23:19:32.811] [SEVERE ] placing card 51 in slot 10
[23:19:32.922] [SEVERE ] placing card 54 in slot 11
[23:19:32.922] [SEVERE ] updating countdown to 60000
[23:19:33.033] [SEVERE ] updating countdown to 59889
[23:19:33.145] [SEVERE ] updating countdown to 59777
[23:19:33.256] [SEVERE ] updating countdown to 59666
[23:19:33.367] [SEVERE ] updating countdown to 59555
[23:19:33.477] [SEVERE ] updating countdown to 59445
[23:19:33.588] [SEVERE ] updating countdown to 59334
[23:19:33.698] [SEVERE ] updating countdown to 59224
[23:19:33.800] [SEVERE ] updating countdown to 59122
[23:19:33.910] [SEVERE ] updating countdown to 59012
[23:19:34.021] [SEVERE ] updating countdown to 58901
[23:19:34.131] [SEVERE ] updating countdown to 58791
[23:19:34.242] [SEVERE ] updating countdown to 58680
[23:19:34.357] [SEVERE ] updating countdown to 58565
[23:19:34.468] [SEVERE ] updating countdown to 58454
[23:19:34.578] [SEVERE ] updating countdown to 58344
[23:19:34.687] [SEVERE ] updating countdown to 58235
[23:19:34.797] [SEVERE ] updating countdown to 58125
[23:19:34.908] [SEVERE ] updating countdown to 58014
[23:19:35.018] [SEVERE ] updating countdown to 57904
[23:19:35.127] [SEVERE ] updating countdown to 57795
[23:19:35.237] [SEVERE ] updating countdown to 57685
[23:19:35.349] [SEVERE ] updating countdown to 57573
[23:19:35.460] [SEVERE ] updating countdown to 57462
[23:19:35.572] [SEVERE ] updating countdown to 57351
[23:19:35.681] [SEVERE ] updating countdown to 57241
[23:19:35.792] [SEVERE ] updating countdown to 57130
[23:19:35.898] [SEVERE ] updating countdown to 57024
[23:19:36.008] [SEVERE ] updating countdown to 56914
[23:19:36.119] [SEVERE ] updating countdown to 56803
[23:19:36.230] [SEVERE ] updating countdown to 56692
[23:19:36.340] [SEVERE ] updating countdown to 56582
[23:19:36.451] [SEVERE ] updating countdown to 56471
[23:19:36.561] [SEVERE ] updating countdown to 56361
[23:19:36.673] [SEVERE ] updating countdown to 56249
[23:19:36.783] [SEVERE ] updating countdown to 56139
[23:19:36.898] [SEVERE ] updating countdown to 56024
[23:19:37.008] [SEVERE ] updating countdown to 55914
[23:19:37.122] [SEVERE ] updating countdown to 55800
[23:19:37.232] [SEVERE ] updating countdown to 55690
[23:19:37.342] [SEVERE ] updating countdown to 55580
[23:19:37.452] [SEVERE ] updating countdown to 55470
[23:19:37.562] [SEVERE ] updating countdown to 55360
[23:19:37.672] [SEVERE ] updating countdown to 55250
[23:19:37.783] [SEVERE ] updating countdown to 55139
[23:19:37.893] [SEVERE ] updating countdown to 55029
[23:19:38.003] [SEVERE ] updating countdown to 54919
[23:19:38.114] [SEVERE ] updating countdown to 54808
[23:19:38.226] [SEVERE ] updating countdown to 54696
[23:19:38.339] [SEVERE ] updating countdown to 54583
[23:19:38.450] [SEVERE ] updating countdown to 54472
[23:19:38.561] [SEVERE ] updating countdown to 54361
[23:19:38.672] [SEVERE ] updating countdown to 54250
[23:19:38.782] [SEVERE ] updating countdown to 54140
[23:19:38.891] [SEVERE ] updating countdown to 54031
[23:19:39.002] [SEVERE ] updating countdown to 53920
[23:19:39.115] [SEVERE ] updating countdown to 53807
[23:19:39.226] [SEVERE ] updating countdown to 53696
[23:19:39.336] [SEVERE ] updating countdown to 53586
[23:19:39.447] [SEVERE ] updating countdown to 53475
[23:19:39.557] [SEVERE ] updating countdown to 53365
[23:19:39.667] [SEVERE ] updating countdown to 53255
[23:19:39.777] [SEVERE ] updating countdown to 53145
[23:19:39.887] [SEVERE ] updating countdown to 53035
[23:19:39.997] [SEVERE ] updating countdown to 52925
[23:19:40.108] [SEVERE ] updating countdown to 52814
[23:19:40.218] [SEVERE ] updating countdown to 52704
[23:19:40.328] [SEVERE ] updating countdown to 52594
[23:19:40.438] [SEVERE ] updating countdown to 52484
[23:19:40.549] [SEVERE ] updating countdown to 52373
[23:19:40.655] [SEVERE ] updating countdown to 52267
[23:19:40.765] [SEVERE ] updating countdown to 52157
[23:19:40.874] [SEVERE ] updating countdown to 52048
[23:19:40.984] [SEVERE ] updating countdown to 51938
[23:19:41.095] [SEVERE ] updating countdown to 51827
[23:19:41.207] [SEVERE ] updating countdown to 51715
[23:19:41.317] [SEVERE ] updating countdown to 51605
[23:19:41.430] [SEVERE ] updating countdown to 51492
[23:19:41.540] [SEVERE ] updating countdown to 51382
[23:19:41.651] [SEVERE ] updating countdown to 51271
[23:19:41.752] [SEVERE ] updating countdown to 51170
[23:19:41.861] [SEVERE ] updating countdown to 51061
[23:19:41.971] [SEVERE ] updating countdown to 50951
[23:19:42.082] [SEVERE ] updating countdown to 50840
[23:19:42.192] [SEVERE ] updating countdown to 50730
[23:19:42.301] [SEVERE ] updating countdown to 50621
[23:19:42.411] [SEVERE ] updating countdown to 50511
[23:19:42.521] [SEVERE ] updating countdown to 50401
[23:19:42.632] [SEVERE ] updating countdown to 50290
[23:19:42.742] [SEVERE ] updating countdown to 50180
[23:19:42.852] [SEVERE ] updating countdown to 50070
[23:19:42.961] [SEVERE ] updating countdown to 49961
[23:19:43.072] [SEVERE ] updating countdown to 49850
[23:19:43.182] [SEVERE ] updating countdown to 49740
[23:19:43.292] [SEVERE ] updating countdown to 49630
[23:19:43.402] [SEVERE ] updating countdown to 49520
[23:19:43.513] [SEVERE ] updating countdown to 49409
[23:19:43.623] [SEVERE ] updating countdown to 49299
[23:19:43.733] [SEVERE ] updating countdown to 49189
[23:19:43.843] [SEVERE ] updating countdown to 49079
[23:19:43.952] [SEVERE ] updating countdown to 48970
[23:19:44.062] [SEVERE ] updating countdown to 48860
[23:19:44.172] [SEVERE ] updating countdown to 48750
[23:19:44.281] [SEVERE ] updating countdown to 48641
[23:19:44.382] [SEVERE ] updating countdown to 48540
[23:19:44.492] [SEVERE ] updating countdown to 48430
[23:19:44.602] [SEVERE ] updating countdown to 48320
[23:19:44.713] [SEVERE ] updating countdown to 48209
[23:19:44.824] [SEVERE ] updating countdown to 48098
[23:19:44.934] [SEVERE ] updating countdown to 47988
[23:19:45.044] [SEVERE ] updating countdown to 47878
[23:19:45.154] [SEVERE ] updating countdown to 47768
[23:19:45.265] [SEVERE ] updating countdown to 47657
[23:19:45.375] [SEVERE ] updating countdown to 47547
[23:19:45.486] [SEVERE ] updating countdown to 47436
[23:19:45.596] [SEVERE ] updating countdown to 47326
[23:19:45.707] [SEVERE ] updating countdown to 47215
[23:19:45.817] [SEVERE ] updating countdown to 47105
[23:19:45.926] [SEVERE ] updating countdown to 46996
[23:19:46.036] [SEVERE ] updating countdown to 46886
[23:19:46.147] [SEVERE ] updating countdown to 46775
[23:19:46.257] [SEVERE ] updating countdown to 46665
[23:19:46.367] [SEVERE ] updating countdown to 46555
[23:19:46.482] [SEVERE ] updating countdown to 46440
[23:19:46.593] [SEVERE ] updating countdown to 46329
[23:19:46.703] [SEVERE ] updating countdown to 46219
[23:19:46.813] [SEVERE ] updating countdown to 46109
[23:19:46.923] [SEVERE ] updating countdown to 45999
[23:19:47.033] [SEVERE ] updating countdown to 45889
[23:19:47.143] [SEVERE ] updating countdown to 45779
[23:19:47.253] [SEVERE ] updating countdown to 45669
[23:19:47.363] [SEVERE ] updating countdown to 45559
[23:19:47.473] [SEVERE ] updating countdown to 45449
[23:19:47.584] [SEVERE ] updating countdown to 45338
[23:19:47.695] [SEVERE ] updating countdown to 45227
[23:19:47.805] [SEVERE ] updating countdown to 45117
[23:19:47.916] [SEVERE ] updating countdown to 45006
[23:19:48.026] [SEVERE ] updating countdown to 44896
[23:19:48.139] [SEVERE ] updating countdown to 44783
[23:19:48.249] [SEVERE ] updating countdown to 44673
[23:19:48.359] [SEVERE ] updating countdown to 44563
[23:19:48.469] [SEVERE ] updating countdown to 44453
[23:19:48.579] [SEVERE ] updating countdown to 44343
[23:19:48.690] [SEVERE ] updating countdown to 44232
[23:19:48.790] [SEVERE ] updating countdown to 44132
[23:19:48.901] [SEVERE ] updating countdown to 44021
[23:19:49.010] [SEVERE ] updating countdown to 43912
[23:19:49.121] [SEVERE ] updating countdown to 43801
[23:19:49.231] [SEVERE ] updating countdown to 43691
[23:19:49.340] [SEVERE ] updating countdown to 43582
[23:19:49.451] [SEVERE ] updating countdown to 43471
[23:19:49.560] [SEVERE ] updating countdown to 43362
[23:19:49.670] [SEVERE ] updating countdown to 43252
[23:19:49.787] [SEVERE ] updating countdown to 43135
[23:19:49.897] [SEVERE ] updating countdown to 43025
[23:19:50.007] [SEVERE ] updating countdown to 42915
[23:19:50.117] [SEVERE ] updating countdown to 42805
[23:19:50.227] [SEVERE ] updating countdown to 42695
[23:19:50.337] [SEVERE ] updating countdown to 42585
[23:19:50.449] [SEVERE ] updating countdown to 42473
[23:19:50.559] [SEVERE ] updating countdown to 42363
[23:19:50.670] [SEVERE ] updating countdown to 42252
[23:19:50.781] [SEVERE ] updating countdown to 42141
[23:19:50.891] [SEVERE ] updating countdown to 42031
[23:19:51.002] [SEVERE ] updating countdown to 41920
[23:19:51.113] [SEVERE ] updating countdown to 41809
[23:19:51.223] [SEVERE ] updating countdown to 41699
[23:19:51.333] [SEVERE ] updating countdown to 41589
[23:19:51.442] [SEVERE ] updating countdown to 41480
[23:19:51.553] [SEVERE ] updating countdown to 41369
[23:19:51.663] [SEVERE ] updating countdown to 41259
[23:19:51.773] [SEVERE ] updating countdown to 41149
[23:19:51.884] [SEVERE ] updating countdown to 41038
[23:19:51.994] [SEVERE ] updating countdown to 40928
[23:19:52.104] [SEVERE ] updating countdown to 40818
[23:19:52.215] [SEVERE ] updating countdown to 40707
[23:19:52.325] [SEVERE ] updating countdown to 40597
[23:19:52.428] [SEVERE ] updating countdown to 40494
[23:19:52.537] [SEVERE ] updating countdown to 40385
[23:19:52.649] [SEVERE ] updating countdown to 40273
[23:19:52.759] [SEVERE ] updating countdown to 40163
[23:19:52.869] [SEVERE ] updating countdown to 40053
[23:19:52.980] [SEVERE ] updating countdown to 39942
[23:19:53.090] [SEVERE ] updating countdown to 39832
[23:19:53.200] [SEVERE ] updating countdown to 39722
[23:19:53.310] [SEVERE ] updating countdown to 39612
[23:19:53.421] [SEVERE ] updating countdown to 39501
[23:19:53.530] [SEVERE ] updating countdown to 39392
[23:19:53.641] [SEVERE ] updating countdown to 39281
[23:19:53.752] [SEVERE ] updating countdown to 39170
[23:19:53.861] [SEVERE ] updating countdown to 39061
[23:19:53.971] [SEVERE ] updating countdown to 38951
[23:19:54.081] [SEVERE ] updating countdown to 38841
[23:19:54.191] [SEVERE ] updating countdown to 38731
[23:19:54.302] [SEVERE ] updating countdown to 38620
[23:19:54.412] [SEVERE ] updating countdown to 38510
[23:19:54.522] [SEVERE ] updating countdown to 38400
[23:19:54.625] [SEVERE ] updating countdown to 38297
[23:19:54.735] [SEVERE ] updating countdown to 38187
[23:19:54.845] [SEVERE ] updating countdown to 38077
[23:19:54.958] [SEVERE ] updating countdown to 37964
[23:19:55.069] [SEVERE ] updating countdown to 37853
[23:19:55.194] [SEVERE ] updating countdown to 37728
[23:19:55.308] [SEVERE ] updating countdown to 37614
[23:19:55.419] [SEVERE ] updating countdown to 37503
[23:19:55.530] [SEVERE ] updating countdown to 37392
[23:19:55.639] [SEVERE ] updating countdown to 37283
[23:19:55.750] [SEVERE ] updating countdown to 37172
[23:19:55.860] [SEVERE ] updating countdown to 37062
[23:19:55.975] [SEVERE ] updating countdown to 36947
[23:19:56.085] [SEVERE ] updating countdown to 36837
[23:19:56.200] [SEVERE ] updating countdown to 36722
[23:19:56.310] [SEVERE ] updating countdown to 36612
[23:19:56.423] [SEVERE ] updating countdown to 36499
[23:19:56.534] [SEVERE ] updating countdown to 36388
[23:19:56.645] [SEVERE ] updating countdown to 36277
[23:19:56.756] [SEVERE ] updating countdown to 36166
[23:19:56.866] [SEVERE ] updating countdown to 36056
[23:19:56.976] [SEVERE ] updating countdown to 35946
[23:19:57.087] [SEVERE ] updating countdown to 35835
[23:19:57.197] [SEVERE ] updating countdown to 35725
[23:19:57.304] [SEVERE ] updating countdown to 35618
[23:19:57.415] [SEVERE ] updating countdown to 35507
[23:19:57.525] [SEVERE ] updating countdown to 35397
[23:19:57.635] [SEVERE ] updating countdown to 35287
[23:19:57.745] [SEVERE ] updating countdown to 35177
[23:19:57.854] [SEVERE ] updating countdown to 35068
[23:19:57.964] [SEVERE ] updating countdown to 34958
[23:19:58.076] [SEVERE ] updating countdown to 34846
[23:19:58.178] [SEVERE ] updating countdown to 34744
[23:19:58.289] [SEVERE ] updating countdown to 34633
[23:19:58.400] [SEVERE ] updating countdown to 34522
[23:19:58.510] [SEVERE ] updating countdown to 34412
[23:19:58.620] [SEVERE ] updating countdown to 34302
[23:19:58.731] [SEVERE ] updating countdown to 34191
[23:19:58.841] [SEVERE ] updating countdown to 34081
[23:19:58.951] [SEVERE ] updating countdown to 33971
[23:19:59.061] [SEVERE ] updating countdown to 33861
[23:19:59.172] [SEVERE ] updating countdown to 33750
[23:19:59.282] [SEVERE ] updating countdown to 33640
[23:19:59.391] [SEVERE ] updating countdown to 33531
[23:19:59.502] [SEVERE ] updating countdown to 33420
[23:19:59.612] [SEVERE ] updating countdown to 33310
[23:19:59.738] [SEVERE ] updating countdown to 33184
[23:19:59.849] [SEVERE ] updating countdown to 33073
[23:19:59.959] [SEVERE ] updating countdown to 32963
[23:20:00.071] [SEVERE ] updating countdown to 32851
[23:20:00.181] [SEVERE ] updating countdown to 32741
[23:20:00.291] [SEVERE ] updating countdown to 32631
[23:20:00.401] [SEVERE ] updating countdown to 32521
[23:20:00.511] [SEVERE ] updating countdown to 32411
[23:20:00.622] [SEVERE ] updating countdown to 32300
[23:20:00.733] [SEVERE ] updating countdown to 32189
[23:20:00.844] [SEVERE ] updating countdown to 32078
[23:20:00.955] [SEVERE ] updating countdown to 31967
[23:20:01.065] [SEVERE ] updating countdown to 31857
[23:20:01.175] [SEVERE ] updating countdown to 31747
[23:20:01.284] [SEVERE ] updating countdown to 31638
[23:20:01.395] [SEVERE ] updating countdown to 31527
[23:20:01.505] [SEVERE ] updating countdown to 31417
[23:20:01.616] [SEVERE ] updating countdown to 31306
[23:20:01.730] [SEVERE ] updating countdown to 31192
[23:20:01.840] [SEVERE ] updating countdown to 31082
[23:20:01.951] [SEVERE ] updating countdown to 30971
[23:20:02.061] [SEVERE ] updating countdown to 30861
[23:20:02.171] [SEVERE ] updating countdown to 30751
[23:20:02.280] [SEVERE ] updating countdown to 30642
[23:20:02.390] [SEVERE ] updating countdown to 30532
[23:20:02.501] [SEVERE ] updating countdown to 30421
[23:20:02.613] [SEVERE ] updating countdown to 30309
[23:20:02.724] [SEVERE ] updating countdown to 30198
[23:20:02.835] [SEVERE ] updating countdown to 30087
[23:20:02.945] [SEVERE ] updating countdown to 29977
[23:20:03.056] [SEVERE ] updating countdown to 29866
[23:20:03.165] [SEVERE ] updating countdown to 29757
[23:20:03.275] [SEVERE ] updating countdown to 29647
[23:20:03.385] [SEVERE ] updating countdown to 29537
[23:20:03.495] [SEVERE ] updating countdown to 29427
[23:20:03.605] [SEVERE ] updating countdown to 29317
[23:20:03.715] [SEVERE ] updating countdown to 29207
[23:20:03.825] [SEVERE ] updating countdown to 29097
[23:20:03.936] [SEVERE ] updating countdown to 28986
[23:20:04.049] [SEVERE ] updating countdown to 28873
[23:20:04.162] [SEVERE ] updating countdown to 28760
[23:20:04.272] [SEVERE ] updating countdown to 28650
[23:20:04.385] [SEVERE ] updating countdown to 28537
[23:20:04.494] [SEVERE ] updating countdown to 28428
[23:20:04.604] [SEVERE ] updating countdown to 28318
[23:20:04.715] [SEVERE ] updating countdown to 28207
[23:20:04.825] [SEVERE ] updating countdown to 28097
[23:20:04.935] [SEVERE ] updating countdown to 27987
[23:20:05.046] [SEVERE ] updating countdown to 27876
[23:20:05.156] [SEVERE ] updating countdown to 27766
[23:20:05.265] [SEVERE ] updating countdown to 27657
[23:20:05.378] [SEVERE ] updating countdown to 27544
[23:20:05.488] [SEVERE ] updating countdown to 27434
[23:20:05.599] [SEVERE ] updating countdown to 27323
[23:20:05.710] [SEVERE ] updating countdown to 27212
[23:20:05.820] [SEVERE ] updating countdown to 27102
[23:20:05.931] [SEVERE ] updating countdown to 26991
[23:20:06.042] [SEVERE ] updating countdown to 26880
[23:20:06.151] [SEVERE ] updating countdown to 26771
[23:20:06.261] [SEVERE ] updating countdown to 26661
[23:20:06.371] [SEVERE ] updating countdown to 26551
[23:20:06.480] [SEVERE ] updating countdown to 26442
[23:20:06.591] [SEVERE ] updating countdown to 26331
[23:20:06.701] [SEVERE ] updating countdown to 26221
[23:20:06.810] [SEVERE ] updating countdown to 26112
[23:20:06.920] [SEVERE ] updating countdown to 26002
[23:20:07.030] [SEVERE ] updating countdown to 25892
[23:20:07.141] [SEVERE ] updating countdown to 25781
[23:20:07.251] [SEVERE ] updating countdown to 25671
[23:20:07.361] [SEVERE ] updating countdown to 25561
[23:20:07.471] [SEVERE ] updating countdown to 25451
[23:20:07.581] [SEVERE ] updating countdown to 25341
[23:20:07.692] [SEVERE ] updating countdown to 25230
[23:20:07.801] [SEVERE ] updating countdown to 25121
[23:20:07.912] [SEVERE ] updating countdown to 25010
[23:20:08.023] [SEVERE ] updating countdown to 24899
[23:20:08.133] [SEVERE ] updating countdown to 24789
[23:20:08.243] [SEVERE ] updating countdown to 24679
[23:20:08.355] [SEVERE ] updating countdown to 24567
[23:20:08.465] [SEVERE ] updating countdown to 24457
[23:20:08.575] [SEVERE ] updating countdown to 24347
[23:20:08.685] [SEVERE ] updating countdown to 24237
[23:20:08.796] [SEVERE ] updating countdown to 24126
[23:20:08.906] [SEVERE ] updating countdown to 24016
[23:20:09.016] [SEVERE ] updating countdown to 23906
[23:20:09.125] [SEVERE ] updating countdown to 23797
[23:20:09.235] [SEVERE ] updating countdown to 23687
[23:20:09.345] [SEVERE ] updating countdown to 23577
[23:20:09.455] [SEVERE ] updating countdown to 23467
[23:20:09.565] [SEVERE ] updating countdown to 23357
[23:20:09.675] [SEVERE ] updating countdown to 23247
[23:20:09.785] [SEVERE ] updating countdown to 23137
[23:20:09.896] [SEVERE ] updating countdown to 23026
[23:20:10.006] [SEVERE ] updating countdown to 22916
[23:20:10.116] [SEVERE ] updating countdown to 22806
[23:20:10.226] [SEVERE ] updating countdown to 22696
[23:20:10.336] [SEVERE ] updating countdown to 22586
[23:20:10.445] [SEVERE ] updating countdown to 22477
[23:20:10.555] [SEVERE ] updating countdown to 22367
[23:20:10.664] [SEVERE ] updating countdown to 22258
[23:20:10.774] [SEVERE ] updating countdown to 22148
[23:20:10.884] [SEVERE ] updating countdown to 22038
[23:20:10.995] [SEVERE ] updating countdown to 21927
[23:20:11.105] [SEVERE ] updating countdown to 21817
[23:20:11.215] [SEVERE ] updating countdown to 21707
[23:20:11.325] [SEVERE ] updating countdown to 21597
[23:20:11.435] [SEVERE ] updating countdown to 21487
[23:20:11.545] [SEVERE ] updating countdown to 21377
[23:20:11.655] [SEVERE ] updating countdown to 21267
[23:20:11.765] [SEVERE ] updating countdown to 21157
[23:20:11.866] [SEVERE ] updating countdown to 21056
[23:20:11.978] [SEVERE ] updating countdown to 20944
[23:20:12.088] [SEVERE ] updating countdown to 20834
[23:20:12.198] [SEVERE ] updating countdown to 20724
[23:20:12.308] [SEVERE ] updating countdown to 20614
[23:20:12.419] [SEVERE ] updating countdown to 20503
[23:20:12.529] [SEVERE ] updating countdown to 20393
[23:20:12.638] [SEVERE ] updating countdown to 20284
[23:20:12.748] [SEVERE ] updating countdown to 20174
[23:20:12.859] [SEVERE ] updating countdown to 20063
[23:20:12.969] [SEVERE ] updating countdown to 19953
[23:20:13.082] [SEVERE ] updating countdown to 19840
[23:20:13.192] [SEVERE ] updating countdown to 19730
[23:20:13.302] [SEVERE ] updating countdown to 19620
[23:20:13.412] [SEVERE ] updating countdown to 19510
[23:20:13.522] [SEVERE ] updating countdown to 19400
[23:20:13.632] [SEVERE ] updating countdown to 19290
[23:20:13.743] [SEVERE ] updating countdown to 19179
[23:20:13.853] [SEVERE ] updating countdown to 19069
[23:20:13.964] [SEVERE ] updating countdown to 18958
[23:20:14.075] [SEVERE ] updating countdown to 18847
[23:20:14.185] [SEVERE ] updating countdown to 18737
[23:20:14.295] [SEVERE ] updating countdown to 18627
[23:20:14.328] [SEVERE ] key 81 was pressed by player 1
[23:20:14.328] [SEVERE ] player 1 placing token on slot 0
[23:20:14.400] [SEVERE ] updating countdown to 18522
[23:20:14.510] [SEVERE ] updating countdown to 18412
[23:20:14.622] [SEVERE ] updating countdown to 18300
[23:20:14.733] [SEVERE ] updating countdown to 18189
[23:20:14.842] [SEVERE ] updating countdown to 18080
[23:20:14.953] [SEVERE ] updating countdown to 17969
[23:20:15.064] [SEVERE ] updating countdown to 17858
[23:20:15.175] [SEVERE ] updating countdown to 17747
[23:20:15.285] [SEVERE ] updating countdown to 17637
[23:20:15.395] [SEVERE ] updating countdown to 17527
[23:20:15.505] [SEVERE ] updating countdown to 17417
[23:20:15.614] [SEVERE ] updating countdown to 17308
[23:20:15.725] [SEVERE ] updating countdown to 17197
[23:20:15.835] [SEVERE ] updating countdown to 17087
[23:20:15.945] [SEVERE ] updating countdown to 16977
[23:20:16.055] [SEVERE ] updating countdown to 16867
[23:20:16.165] [SEVERE ] updating countdown to 16757
[23:20:16.275] [SEVERE ] updating countdown to 16647
[23:20:16.306] [SEVERE ] key 68 was pressed by player 1
[23:20:16.306] [SEVERE ] player 1 placing token on slot 6
[23:20:16.389] [SEVERE ] updating countdown to 16533
[23:20:16.492] [SEVERE ] updating countdown to 16430
[23:20:16.602] [SEVERE ] updating countdown to 16320
[23:20:16.712] [SEVERE ] updating countdown to 16210
[23:20:16.824] [SEVERE ] updating countdown to 16098
[23:20:16.934] [SEVERE ] updating countdown to 15988
[23:20:17.045] [SEVERE ] updating countdown to 15877
[23:20:17.154] [SEVERE ] updating countdown to 15768
[23:20:17.265] [SEVERE ] updating countdown to 15657
[23:20:17.376] [SEVERE ] updating countdown to 15546
[23:20:17.486] [SEVERE ] updating countdown to 15436
[23:20:17.596] [SEVERE ] updating countdown to 15326
[23:20:17.706] [SEVERE ] updating countdown to 15216
[23:20:17.816] [SEVERE ] updating countdown to 15106
[23:20:17.927] [SEVERE ] updating countdown to 14995
[23:20:18.036] [SEVERE ] updating countdown to 14886
[23:20:18.146] [SEVERE ] updating countdown to 14776
[23:20:18.160] [SEVERE ] key 67 was pressed by player 1
[23:20:18.160] [SEVERE ] player 1 placing token on slot 10
[23:20:18.258] [SEVERE ] updating countdown to 14664
[23:20:18.258] [SEVERE ] removing all tokens
[23:20:18.373] [SEVERE ] removing card from slot 0
[23:20:18.374] [SEVERE ] removing all tokens
[23:20:18.476] [SEVERE ] removing card from slot 6
[23:20:18.476] [SEVERE ] removing all tokens
[23:20:18.586] [SEVERE ] removing card from slot 10
[23:20:18.696] [SEVERE ] placing card 35 in slot 0
[23:20:18.822] [SEVERE ] placing card 78 in slot 6
[23:20:18.933] [SEVERE ] placing card 75 in slot 10
[23:20:18.933] [SEVERE ] setting player 1 score to 1
[23:20:19.046] [SEVERE ] updating countdown to 13876
[23:22:30.292] [INFO   ] thread dealer terminated.
