[22:39:05.129] [INFO   ] thread main starting.
[22:39:05.141] [SEVERE ] cannot read configuration file config.properties trying from resources.
[22:39:05.144] [SEVERE ] configuration file was loaded from resources directory.
[22:39:05.797] [INFO   ] thread dealer starting.
[22:39:05.933] [SEVERE ] placing card 3 in slot 0
[22:39:06.048] [SEVERE ] placing card 49 in slot 1
[22:39:06.161] [SEVERE ] placing card 40 in slot 2
[22:39:06.275] [SEVERE ] placing card 19 in slot 3
[22:39:06.378] [SEVERE ] placing card 67 in slot 4
[22:39:06.489] [SEVERE ] placing card 76 in slot 5
[22:39:06.594] [SEVERE ] placing card 3 in slot 6
[22:39:06.738] [SEVERE ] placing card 7 in slot 7
[22:39:06.849] [SEVERE ] placing card 34 in slot 8
[22:39:06.962] [SEVERE ] placing card 51 in slot 9
[22:39:07.077] [SEVERE ] placing card 37 in slot 10
[22:39:07.178] [SEVERE ] placing card 66 in slot 11
[22:39:07.181] [SEVERE ] updating countdown to 60000
[22:39:07.293] [SEVERE ] updating countdown to 59885
[22:39:07.397] [SEVERE ] updating countdown to 59781
[22:39:07.509] [SEVERE ] updating countdown to 59669
[22:39:07.611] [SEVERE ] updating countdown to 59567
[22:39:07.725] [SEVERE ] updating countdown to 59453
[22:39:07.845] [SEVERE ] updating countdown to 59333
[22:39:07.955] [SEVERE ] updating countdown to 59223
[22:39:08.065] [SEVERE ] updating countdown to 59113
[22:39:08.174] [SEVERE ] updating countdown to 59004
[22:39:08.284] [SEVERE ] updating countdown to 58894
[22:39:08.396] [SEVERE ] updating countdown to 58782
[22:39:08.506] [SEVERE ] updating countdown to 58672
[22:39:08.609] [SEVERE ] updating countdown to 58569
[22:39:08.719] [SEVERE ] updating countdown to 58459
[22:39:08.830] [SEVERE ] updating countdown to 58348
[22:39:08.939] [SEVERE ] updating countdown to 58239
[22:39:09.049] [SEVERE ] updating countdown to 58129
[22:39:09.160] [SEVERE ] updating countdown to 58018
[22:39:09.269] [SEVERE ] updating countdown to 57909
[22:39:09.380] [SEVERE ] updating countdown to 57798
[22:39:09.490] [SEVERE ] updating countdown to 57688
[22:39:09.591] [SEVERE ] updating countdown to 57587
[22:39:09.701] [SEVERE ] updating countdown to 57477
[22:39:09.811] [SEVERE ] updating countdown to 57367
[22:39:09.923] [SEVERE ] updating countdown to 57255
[22:39:10.034] [SEVERE ] updating countdown to 57144
[22:39:10.145] [SEVERE ] updating countdown to 57033
[22:39:10.255] [SEVERE ] updating countdown to 56923
[22:39:10.367] [SEVERE ] updating countdown to 56811
[22:39:10.471] [SEVERE ] updating countdown to 56707
[22:39:10.582] [SEVERE ] updating countdown to 56596
[22:39:10.693] [SEVERE ] updating countdown to 56485
[22:39:10.804] [SEVERE ] updating countdown to 56374
[22:39:10.949] [SEVERE ] updating countdown to 56229
[22:39:11.062] [SEVERE ] updating countdown to 56116
[22:39:11.172] [SEVERE ] updating countdown to 56006
[22:39:11.281] [SEVERE ] updating countdown to 55897
[22:39:11.391] [SEVERE ] updating countdown to 55787
[22:39:11.501] [SEVERE ] updating countdown to 55677
[22:39:11.611] [SEVERE ] updating countdown to 55567
[22:39:11.714] [SEVERE ] updating countdown to 55464
[22:39:11.819] [SEVERE ] updating countdown to 55359
[22:39:11.932] [SEVERE ] updating countdown to 55246
[22:39:12.043] [SEVERE ] updating countdown to 55136
[22:39:12.153] [SEVERE ] updating countdown to 55025
[22:39:12.263] [SEVERE ] updating countdown to 54915
[22:39:12.374] [SEVERE ] updating countdown to 54804
[22:39:12.490] [SEVERE ] updating countdown to 54688
[22:39:12.602] [SEVERE ] updating countdown to 54576
[22:39:12.711] [SEVERE ] updating countdown to 54467
[22:39:12.821] [SEVERE ] updating countdown to 54357
[22:39:12.930] [SEVERE ] updating countdown to 54248
[22:39:13.040] [SEVERE ] updating countdown to 54138
[22:39:13.152] [SEVERE ] updating countdown to 54026
[22:39:13.262] [SEVERE ] updating countdown to 53916
[22:39:13.374] [SEVERE ] updating countdown to 53804
[22:39:13.487] [SEVERE ] updating countdown to 53691
[22:39:13.597] [SEVERE ] updating countdown to 53581
[22:39:13.707] [SEVERE ] updating countdown to 53471
[22:39:13.817] [SEVERE ] updating countdown to 53361
[22:39:13.931] [SEVERE ] updating countdown to 53247
[22:39:14.041] [SEVERE ] updating countdown to 53137
[22:39:14.151] [SEVERE ] updating countdown to 53027
[22:39:14.260] [SEVERE ] updating countdown to 52918
[22:39:14.370] [SEVERE ] updating countdown to 52808
[22:39:14.481] [SEVERE ] updating countdown to 52697
[22:39:14.592] [SEVERE ] updating countdown to 52586
[22:39:14.702] [SEVERE ] updating countdown to 52476
[22:39:14.812] [SEVERE ] updating countdown to 52366
[22:39:14.925] [SEVERE ] updating countdown to 52253
[22:39:15.037] [SEVERE ] updating countdown to 52141
[22:39:15.147] [SEVERE ] updating countdown to 52031
[22:39:15.224] [SEVERE ] key 87 was pressed by player 1
[22:39:15.224] [SEVERE ] player 1 placing token on slot 1
[22:39:15.265] [SEVERE ] updating countdown to 51913
[22:39:15.375] [SEVERE ] updating countdown to 51803
[22:39:15.485] [SEVERE ] updating countdown to 51693
[22:39:15.595] [SEVERE ] updating countdown to 51583
[22:39:15.696] [SEVERE ] updating countdown to 51482
[22:39:15.807] [SEVERE ] updating countdown to 51371
[22:39:15.917] [SEVERE ] updating countdown to 51261
[22:39:16.026] [SEVERE ] updating countdown to 51152
[22:39:16.137] [SEVERE ] updating countdown to 51041
[22:39:16.247] [SEVERE ] updating countdown to 50931
[22:39:16.367] [SEVERE ] updating countdown to 50811
[22:39:16.479] [SEVERE ] updating countdown to 50699
[22:39:16.589] [SEVERE ] updating countdown to 50589
[22:39:16.699] [SEVERE ] updating countdown to 50479
[22:39:16.809] [SEVERE ] updating countdown to 50369
[22:39:16.919] [SEVERE ] updating countdown to 50259
[22:39:17.029] [SEVERE ] updating countdown to 50149
[22:39:17.140] [SEVERE ] updating countdown to 50038
[22:39:17.251] [SEVERE ] updating countdown to 49927
[22:39:17.252] [SEVERE ] key 90 was pressed by player 1
[22:39:17.257] [SEVERE ] player 1 placing token on slot 8
[22:39:17.354] [SEVERE ] updating countdown to 49824
[22:39:17.463] [SEVERE ] updating countdown to 49715
[22:39:17.573] [SEVERE ] updating countdown to 49605
[22:39:17.684] [SEVERE ] updating countdown to 49494
[22:39:17.794] [SEVERE ] updating countdown to 49384
[22:39:17.905] [SEVERE ] updating countdown to 49273
[22:39:18.014] [SEVERE ] updating countdown to 49164
[22:39:18.125] [SEVERE ] updating countdown to 49053
[22:39:18.237] [SEVERE ] updating countdown to 48941
[22:39:18.346] [SEVERE ] updating countdown to 48832
[22:39:18.456] [SEVERE ] updating countdown to 48722
[22:39:18.567] [SEVERE ] updating countdown to 48611
[22:39:18.678] [SEVERE ] updating countdown to 48500
[22:39:18.788] [SEVERE ] updating countdown to 48390
[22:39:18.788] [SEVERE ] key 67 was pressed by player 1
[22:39:18.788] [SEVERE ] player 1 placing token on slot 10
[22:39:34.062] [SEVERE ] updating countdown to 33116
[22:39:54.125] [SEVERE ] updating countdown to 13053
[22:39:54.900] [SEVERE ] removing all tokens
[22:44:19.384] [SEVERE ] removing card from slot 1
[22:44:19.407] [SEVERE ] removing all tokens
