[14:18:01.061] [INFO   ] thread main starting.
[14:18:01.061] [SEVERE ] cannot read configuration file config.properties trying from resources.
[14:18:01.061] [SEVERE ] configuration file was loaded from resources directory.
[14:18:01.517] [INFO   ] thread dealer starting.
[14:18:01.627] [SEVERE ] placing card 50 in slot 0
[14:18:01.741] [SEVERE ] placing card 73 in slot 1
[14:18:01.854] [SEVERE ] placing card 7 in slot 2
[14:18:01.959] [SEVERE ] placing card 16 in slot 3
[14:18:02.072] [SEVERE ] placing card 69 in slot 4
[14:18:02.176] [SEVERE ] placing card 66 in slot 5
[14:18:02.295] [SEVERE ] placing card 47 in slot 6
[14:18:02.405] [SEVERE ] placing card 0 in slot 7
[14:18:02.507] [SEVERE ] placing card 8 in slot 8
[14:18:02.617] [SEVERE ] placing card 42 in slot 9
[14:18:02.735] [SEVERE ] placing card 32 in slot 10
[14:18:02.839] [SEVERE ] placing card 7 in slot 11
[14:18:45.457] [SEVERE ] key 67 was pressed by player 1
[14:18:45.457] [SEVERE ] player 1 placing token on slot 10
[14:18:45.845] [SEVERE ] key 67 was pressed by player 1
[14:18:45.845] [SEVERE ] removing player 1 token from slot 10
[14:18:46.220] [SEVERE ] key 86 was pressed by player 1
[14:18:46.220] [SEVERE ] player 1 placing token on slot 11
[14:18:47.978] [SEVERE ] key 70 was pressed by player 1
[14:18:47.978] [SEVERE ] player 1 placing token on slot 7
[14:18:48.473] [SEVERE ] key 70 was pressed by player 1
[14:18:48.473] [SEVERE ] removing player 1 token from slot 7
[14:18:48.792] [SEVERE ] key 68 was pressed by player 1
[14:18:48.792] [SEVERE ] player 1 placing token on slot 6
[14:18:50.727] [SEVERE ] key 83 was pressed by player 1
[14:18:50.727] [SEVERE ] player 1 placing token on slot 5
[14:18:50.727] [SEVERE ] removing all tokens
[14:18:50.831] [SEVERE ] removing card from slot 5
[14:18:50.831] [SEVERE ] removing all tokens
[14:18:50.941] [SEVERE ] removing card from slot 6
[14:18:50.941] [SEVERE ] removing all tokens
[14:18:51.054] [SEVERE ] removing card from slot 11
[14:18:51.054] [SEVERE ] setting player 1 score to 1
[14:18:51.168] [SEVERE ] placing card 11 in slot 5
[14:18:51.283] [SEVERE ] placing card 12 in slot 6
[14:18:51.393] [SEVERE ] placing card 41 in slot 11
