[14:51:44.523] [INFO   ] thread main starting.
[14:51:44.523] [SEVERE ] cannot read configuration file config.properties trying from resources.
[14:51:44.523] [SEVERE ] configuration file was loaded from resources directory.
[14:51:44.964] [INFO   ] thread dealer starting.
[14:51:45.075] [SEVERE ] placing card 34 in slot 0
[14:51:45.193] [SEVERE ] placing card 78 in slot 1
[14:51:45.295] [SEVERE ] placing card 77 in slot 2
[14:51:45.408] [SEVERE ] placing card 48 in slot 3
[14:51:45.522] [SEVERE ] placing card 40 in slot 4
[14:51:45.626] [SEVERE ] placing card 9 in slot 5
[14:51:45.742] [SEVERE ] placing card 57 in slot 6
[14:51:45.858] [SEVERE ] placing card 39 in slot 7
[14:51:45.974] [SEVERE ] placing card 7 in slot 8
[14:51:46.086] [SEVERE ] placing card 65 in slot 9
[14:51:46.187] [SEVERE ] placing card 11 in slot 10
[14:51:46.298] [SEVERE ] placing card 65 in slot 11
[14:53:15.691] [SEVERE ] key 83 was pressed by player 1
[14:53:15.692] [SEVERE ] player 1 placing token on slot 5
[14:53:17.025] [SEVERE ] key 81 was pressed by player 1
[14:53:17.041] [SEVERE ] player 1 placing token on slot 0
[14:53:18.784] [SEVERE ] key 69 was pressed by player 1
[14:53:18.785] [SEVERE ] player 1 placing token on slot 2
[14:53:18.785] [SEVERE ] removing all tokens
[14:53:18.898] [SEVERE ] removing card from slot 0
[14:53:18.898] [SEVERE ] removing all tokens
[14:53:19.010] [SEVERE ] removing card from slot 2
[14:53:19.010] [SEVERE ] removing all tokens
[14:53:19.120] [SEVERE ] removing card from slot 5
[14:53:19.122] [SEVERE ] setting player 1 score to 1
[14:53:19.232] [SEVERE ] placing card 78 in slot 0
[14:53:19.343] [SEVERE ] placing card 27 in slot 2
[14:53:19.454] [SEVERE ] placing card 20 in slot 5
[14:53:28.845] [SEVERE ] exit button pressed
[14:53:28.845] [SEVERE ] thanks for playing... it was fun!
[14:53:28.846] [INFO   ] thread main terminated.
