[14:58:07.788] [INFO   ] thread main starting.
[14:58:07.794] [SEVERE ] cannot read configuration file config.properties trying from resources.
[14:58:07.794] [SEVERE ] configuration file was loaded from resources directory.
[14:58:08.509] [INFO   ] thread dealer starting.
[14:58:08.626] [SEVERE ] placing card 78 in slot 0
[14:58:08.733] [SEVERE ] placing card 30 in slot 1
[14:58:08.850] [SEVERE ] placing card 41 in slot 2
[14:58:08.956] [SEVERE ] placing card 40 in slot 3
[14:58:09.071] [SEVERE ] placing card 42 in slot 4
[14:58:09.181] [SEVERE ] placing card 58 in slot 5
[14:58:09.293] [SEVERE ] placing card 65 in slot 6
[14:58:09.407] [SEVERE ] placing card 39 in slot 7
[14:58:09.522] [SEVERE ] placing card 26 in slot 8
[14:58:09.627] [SEVERE ] placing card 17 in slot 9
[14:58:09.737] [SEVERE ] placing card 28 in slot 10
[14:58:09.851] [SEVERE ] placing card 28 in slot 11
[14:58:13.829] [SEVERE ] key 75 was pressed by player 2
[14:58:13.829] [SEVERE ] player 2 placing token on slot 5
[14:58:15.104] [SEVERE ] key 76 was pressed by player 2
[14:58:15.104] [SEVERE ] player 2 placing token on slot 6
[14:58:21.147] [SEVERE ] key 83 was pressed by player 1
[14:58:21.147] [SEVERE ] player 1 placing token on slot 5
[14:58:29.630] [SEVERE ] key 85 was pressed by player 2
[14:58:29.630] [SEVERE ] player 2 placing token on slot 0
[14:58:29.630] [SEVERE ] removing all tokens
[14:58:29.743] [SEVERE ] removing card from slot 0
[14:58:29.743] [SEVERE ] removing all tokens
[14:58:29.854] [SEVERE ] removing card from slot 5
[14:58:29.855] [SEVERE ] removing all tokens
[14:58:29.965] [SEVERE ] removing card from slot 6
[14:58:29.965] [SEVERE ] setting player 2 score to 1
[14:58:30.075] [SEVERE ] placing card 9 in slot 0
[14:58:30.185] [SEVERE ] placing card 73 in slot 5
[14:58:30.295] [SEVERE ] placing card 66 in slot 6
[14:58:42.409] [SEVERE ] key 81 was pressed by player 1
[14:58:42.409] [SEVERE ] player 1 placing token on slot 0
[14:58:43.654] [SEVERE ] key 65 was pressed by player 1
[14:58:43.654] [SEVERE ] player 1 placing token on slot 4
[14:58:45.379] [SEVERE ] key 68 was pressed by player 1
[14:58:45.379] [SEVERE ] player 1 placing token on slot 6
[14:58:45.379] [SEVERE ] removing all tokens
[14:58:45.496] [SEVERE ] removing card from slot 0
[14:58:45.496] [SEVERE ] removing all tokens
[14:58:45.606] [SEVERE ] removing card from slot 4
[14:58:45.606] [SEVERE ] removing all tokens
[14:58:45.716] [SEVERE ] removing card from slot 6
[14:58:45.716] [SEVERE ] setting player 1 score to 1
[14:58:45.826] [SEVERE ] placing card 37 in slot 0
[14:58:45.932] [SEVERE ] placing card 59 in slot 4
[14:58:46.042] [SEVERE ] placing card 78 in slot 6
[14:58:49.703] [SEVERE ] key 80 was pressed by player 2
[14:58:49.703] [SEVERE ] player 2 placing token on slot 3
[14:58:50.440] [SEVERE ] key 79 was pressed by player 2
[14:58:50.440] [SEVERE ] player 2 placing token on slot 2
[14:58:51.196] [SEVERE ] key 59 was pressed by player 2
[14:58:51.196] [SEVERE ] player 2 placing token on slot 7
[14:58:51.196] [SEVERE ] removing all tokens
[14:58:51.306] [SEVERE ] removing card from slot 2
[14:58:51.306] [SEVERE ] removing all tokens
[14:58:51.416] [SEVERE ] removing card from slot 3
[14:58:51.416] [SEVERE ] removing all tokens
[14:58:51.526] [SEVERE ] removing card from slot 7
[14:58:51.526] [SEVERE ] setting player 2 score to 2
[14:58:51.640] [SEVERE ] placing card 51 in slot 2
[14:58:51.751] [SEVERE ] placing card 57 in slot 3
[14:58:51.861] [SEVERE ] placing card 73 in slot 7
[14:59:00.271] [SEVERE ] key 65 was pressed by player 1
[14:59:00.271] [SEVERE ] player 1 placing token on slot 4
[14:59:13.376] [SEVERE ] key 81 was pressed by player 1
[14:59:13.376] [SEVERE ] player 1 placing token on slot 0
[15:00:30.110] [SEVERE ] key 85 was pressed by player 2
[15:00:30.110] [SEVERE ] player 2 placing token on slot 0
[15:00:30.893] [SEVERE ] key 85 was pressed by player 2
[15:00:30.893] [SEVERE ] removing player 2 token from slot 0
[15:00:31.443] [SEVERE ] key 73 was pressed by player 2
[15:00:31.443] [SEVERE ] player 2 placing token on slot 1
[15:00:32.265] [SEVERE ] key 75 was pressed by player 2
[15:00:32.265] [SEVERE ] player 2 placing token on slot 5
[15:00:36.647] [SEVERE ] key 44 was pressed by player 2
[15:00:36.647] [SEVERE ] player 2 placing token on slot 9
[15:00:36.647] [SEVERE ] removing all tokens
[15:00:36.759] [SEVERE ] removing card from slot 1
[15:00:36.759] [SEVERE ] removing all tokens
[15:00:36.870] [SEVERE ] removing card from slot 7
[15:00:36.870] [SEVERE ] removing all tokens
[15:00:36.979] [SEVERE ] removing card from slot 9
[15:00:36.979] [SEVERE ] setting player 2 score to 3
[15:00:37.090] [SEVERE ] placing card 48 in slot 1
[15:00:37.200] [SEVERE ] placing card 26 in slot 7
[15:00:37.310] [SEVERE ] placing card 20 in slot 9
[15:00:46.116] [SEVERE ] key 77 was pressed by player 2
[15:00:46.116] [SEVERE ] player 2 placing token on slot 8
[15:00:46.840] [SEVERE ] key 77 was pressed by player 2
[15:00:46.840] [SEVERE ] removing player 2 token from slot 8
[15:00:49.129] [SEVERE ] key 77 was pressed by player 2
[15:00:49.129] [SEVERE ] player 2 placing token on slot 8
[15:00:49.633] [SEVERE ] key 77 was pressed by player 2
[15:00:49.633] [SEVERE ] removing player 2 token from slot 8
[15:00:50.792] [SEVERE ] key 44 was pressed by player 2
[15:00:50.793] [SEVERE ] player 2 placing token on slot 9
[15:00:52.126] [SEVERE ] key 44 was pressed by player 2
[15:00:52.126] [SEVERE ] removing player 2 token from slot 9
[15:00:52.712] [SEVERE ] key 44 was pressed by player 2
[15:00:52.712] [SEVERE ] player 2 placing token on slot 9
[15:00:52.984] [SEVERE ] key 81 was pressed by player 1
[15:00:52.984] [SEVERE ] removing player 1 token from slot 0
[15:00:53.584] [SEVERE ] key 65 was pressed by player 1
[15:00:53.584] [SEVERE ] removing player 1 token from slot 4
[15:00:53.900] [SEVERE ] key 81 was pressed by player 1
[15:00:53.900] [SEVERE ] player 1 placing token on slot 0
[15:00:54.058] [SEVERE ] key 65 was pressed by player 1
[15:00:54.058] [SEVERE ] player 1 placing token on slot 4
[15:00:55.011] [SEVERE ] key 44 was pressed by player 2
[15:00:55.017] [SEVERE ] removing player 2 token from slot 9
[15:01:10.313] [SEVERE ] key 75 was pressed by player 2
[15:01:10.313] [SEVERE ] removing player 2 token from slot 5
[15:01:10.625] [SEVERE ] key 90 was pressed by player 1
[15:01:10.625] [SEVERE ] player 1 placing token on slot 8
[15:01:11.177] [SEVERE ] key 75 was pressed by player 2
[15:01:11.177] [SEVERE ] player 2 placing token on slot 5
[15:01:11.668] [SEVERE ] key 75 was pressed by player 2
[15:01:11.668] [SEVERE ] removing player 2 token from slot 5
[15:01:12.306] [SEVERE ] key 76 was pressed by player 2
[15:01:12.306] [SEVERE ] player 2 placing token on slot 6
[15:01:12.668] [SEVERE ] key 76 was pressed by player 2
[15:01:12.668] [SEVERE ] removing player 2 token from slot 6
[15:01:13.096] [SEVERE ] key 59 was pressed by player 2
[15:01:13.096] [SEVERE ] player 2 placing token on slot 7
[15:01:15.316] [SEVERE ] key 59 was pressed by player 2
[15:01:15.316] [SEVERE ] removing player 2 token from slot 7
[15:01:19.664] [SEVERE ] key 90 was pressed by player 1
[15:01:19.664] [SEVERE ] removing player 1 token from slot 8
[15:01:21.780] [SEVERE ] key 90 was pressed by player 1
[15:01:21.780] [SEVERE ] player 1 placing token on slot 8
[15:01:22.200] [SEVERE ] key 90 was pressed by player 1
[15:01:22.201] [SEVERE ] removing player 1 token from slot 8
[15:01:22.528] [SEVERE ] key 90 was pressed by player 1
[15:01:22.528] [SEVERE ] player 1 placing token on slot 8
[15:01:22.811] [SEVERE ] key 90 was pressed by player 1
[15:01:22.811] [SEVERE ] removing player 1 token from slot 8
[15:01:23.057] [SEVERE ] key 90 was pressed by player 1
[15:01:23.057] [SEVERE ] player 1 placing token on slot 8
[15:01:23.247] [SEVERE ] key 90 was pressed by player 1
[15:01:23.247] [SEVERE ] removing player 1 token from slot 8
[15:01:23.467] [SEVERE ] key 90 was pressed by player 1
[15:01:23.467] [SEVERE ] player 1 placing token on slot 8
[15:01:23.718] [SEVERE ] key 90 was pressed by player 1
[15:01:23.718] [SEVERE ] removing player 1 token from slot 8
[15:01:25.016] [SEVERE ] key 90 was pressed by player 1
[15:01:25.017] [SEVERE ] player 1 placing token on slot 8
[15:01:33.171] [SEVERE ] key 85 was pressed by player 2
[15:01:33.177] [SEVERE ] player 2 placing token on slot 0
[15:01:34.244] [SEVERE ] key 74 was pressed by player 2
[15:01:34.244] [SEVERE ] player 2 placing token on slot 4
[15:01:39.118] [SEVERE ] key 74 was pressed by player 2
[15:01:39.118] [SEVERE ] removing player 2 token from slot 4
[15:01:39.648] [SEVERE ] key 85 was pressed by player 2
[15:01:39.648] [SEVERE ] removing player 2 token from slot 0
[15:01:56.339] [SEVERE ] exit button pressed
[15:01:56.339] [SEVERE ] thanks for playing... it was fun!
[15:01:56.340] [INFO   ] thread main terminated.
