[23:24:06.201] [INFO   ] thread main starting.
[23:24:06.212] [SEVERE ] cannot read configuration file config.properties trying from resources.
[23:24:06.214] [SEVERE ] configuration file was loaded from resources directory.
[23:24:06.841] [INFO   ] thread dealer starting.
[23:24:06.988] [SEVERE ] placing card 6 in slot 0
[23:24:07.111] [SEVERE ] placing card 4 in slot 1
[23:24:07.213] [SEVERE ] placing card 51 in slot 2
[23:24:07.321] [SEVERE ] placing card 58 in slot 3
[23:24:07.426] [SEVERE ] placing card 42 in slot 4
[23:24:07.544] [SEVERE ] placing card 73 in slot 5
[23:24:07.659] [SEVERE ] placing card 51 in slot 6
[23:24:07.802] [SEVERE ] placing card 19 in slot 7
[23:24:07.912] [SEVERE ] placing card 32 in slot 8
[23:24:08.023] [SEVERE ] placing card 31 in slot 9
[23:24:08.134] [SEVERE ] placing card 35 in slot 10
[23:24:08.243] [SEVERE ] placing card 13 in slot 11
[23:24:08.243] [SEVERE ] updating countdown to 60000
[23:24:08.348] [SEVERE ] updating countdown to 59895
[23:24:08.459] [SEVERE ] updating countdown to 59784
[23:24:08.570] [SEVERE ] updating countdown to 59673
[23:24:08.680] [SEVERE ] updating countdown to 59563
[23:24:08.790] [SEVERE ] updating countdown to 59453
[23:24:08.901] [SEVERE ] updating countdown to 59343
[23:24:09.011] [SEVERE ] updating countdown to 59232
[23:24:09.121] [SEVERE ] updating countdown to 59122
[23:24:09.232] [SEVERE ] updating countdown to 59011
[23:24:09.343] [SEVERE ] updating countdown to 58900
[23:24:09.457] [SEVERE ] updating countdown to 58786
[23:24:09.567] [SEVERE ] updating countdown to 58676
[23:24:09.682] [SEVERE ] updating countdown to 58561
[23:24:09.794] [SEVERE ] updating countdown to 58449
[23:24:09.905] [SEVERE ] updating countdown to 58338
[23:24:10.015] [SEVERE ] updating countdown to 58228
[23:24:10.126] [SEVERE ] updating countdown to 58117
[23:24:10.236] [SEVERE ] updating countdown to 58007
[23:24:10.346] [SEVERE ] updating countdown to 57897
[23:24:10.456] [SEVERE ] updating countdown to 57787
[23:24:10.566] [SEVERE ] updating countdown to 57677
[23:24:10.676] [SEVERE ] updating countdown to 57567
[23:24:10.786] [SEVERE ] updating countdown to 57457
[23:24:10.897] [SEVERE ] updating countdown to 57346
[23:24:11.006] [SEVERE ] updating countdown to 57237
[23:24:11.117] [SEVERE ] updating countdown to 57126
[23:24:11.228] [SEVERE ] updating countdown to 57015
[23:24:11.339] [SEVERE ] updating countdown to 56904
[23:24:11.449] [SEVERE ] updating countdown to 56794
[23:24:11.559] [SEVERE ] updating countdown to 56684
[23:24:11.669] [SEVERE ] updating countdown to 56574
[23:24:11.780] [SEVERE ] updating countdown to 56463
[23:24:11.893] [SEVERE ] updating countdown to 56350
[23:24:12.003] [SEVERE ] updating countdown to 56240
[23:24:12.114] [SEVERE ] updating countdown to 56129
[23:24:12.223] [SEVERE ] updating countdown to 56020
[23:24:12.332] [SEVERE ] updating countdown to 55911
[23:24:12.443] [SEVERE ] updating countdown to 55800
[23:24:12.553] [SEVERE ] updating countdown to 55690
[23:24:12.664] [SEVERE ] updating countdown to 55579
[23:24:12.774] [SEVERE ] updating countdown to 55469
[23:24:12.886] [SEVERE ] updating countdown to 55357
[23:24:12.996] [SEVERE ] updating countdown to 55247
[23:24:13.105] [SEVERE ] updating countdown to 55138
[23:24:13.221] [SEVERE ] updating countdown to 55022
[23:24:13.331] [SEVERE ] updating countdown to 54912
[23:24:13.442] [SEVERE ] updating countdown to 54801
[23:24:13.552] [SEVERE ] updating countdown to 54691
[23:24:13.663] [SEVERE ] updating countdown to 54580
[23:24:13.774] [SEVERE ] updating countdown to 54469
[23:24:13.883] [SEVERE ] updating countdown to 54360
[23:24:13.995] [SEVERE ] updating countdown to 54248
[23:24:14.104] [SEVERE ] updating countdown to 54139
[23:24:14.215] [SEVERE ] updating countdown to 54028
[23:24:14.330] [SEVERE ] updating countdown to 53913
[23:24:14.444] [SEVERE ] updating countdown to 53799
[23:24:14.553] [SEVERE ] updating countdown to 53690
[23:24:14.663] [SEVERE ] updating countdown to 53580
[23:24:14.774] [SEVERE ] updating countdown to 53469
[23:24:14.885] [SEVERE ] updating countdown to 53358
[23:24:14.996] [SEVERE ] updating countdown to 53247
[23:24:15.109] [SEVERE ] updating countdown to 53134
[23:24:15.223] [SEVERE ] updating countdown to 53020
[23:24:15.333] [SEVERE ] updating countdown to 52910
[23:24:15.443] [SEVERE ] updating countdown to 52800
[23:24:15.553] [SEVERE ] updating countdown to 52690
[23:24:15.663] [SEVERE ] updating countdown to 52580
[23:24:15.772] [SEVERE ] updating countdown to 52471
[23:24:15.882] [SEVERE ] updating countdown to 52361
[23:24:15.992] [SEVERE ] updating countdown to 52251
[23:24:16.102] [SEVERE ] updating countdown to 52141
[23:24:16.213] [SEVERE ] updating countdown to 52030
[23:24:16.323] [SEVERE ] updating countdown to 51920
[23:24:16.433] [SEVERE ] updating countdown to 51810
[23:24:16.543] [SEVERE ] updating countdown to 51700
[23:24:16.653] [SEVERE ] updating countdown to 51590
[23:24:16.764] [SEVERE ] updating countdown to 51479
[23:24:16.875] [SEVERE ] updating countdown to 51368
[23:24:16.984] [SEVERE ] updating countdown to 51259
[23:24:17.094] [SEVERE ] updating countdown to 51149
[23:24:17.205] [SEVERE ] updating countdown to 51038
[23:24:17.314] [SEVERE ] updating countdown to 50929
[23:24:17.415] [SEVERE ] updating countdown to 50828
[23:24:17.527] [SEVERE ] updating countdown to 50716
[23:24:17.637] [SEVERE ] updating countdown to 50606
[23:24:17.747] [SEVERE ] updating countdown to 50496
[23:24:17.857] [SEVERE ] updating countdown to 50386
[23:24:17.968] [SEVERE ] updating countdown to 50275
[23:24:18.078] [SEVERE ] updating countdown to 50165
[23:24:18.188] [SEVERE ] updating countdown to 50055
[23:24:18.297] [SEVERE ] updating countdown to 49946
[23:24:18.408] [SEVERE ] updating countdown to 49835
[23:24:18.518] [SEVERE ] updating countdown to 49725
[23:24:18.627] [SEVERE ] updating countdown to 49616
[23:24:18.737] [SEVERE ] updating countdown to 49506
[23:24:18.847] [SEVERE ] updating countdown to 49396
[23:24:18.957] [SEVERE ] updating countdown to 49286
[23:24:19.066] [SEVERE ] updating countdown to 49177
[23:24:19.176] [SEVERE ] updating countdown to 49067
[23:24:19.287] [SEVERE ] updating countdown to 48956
[23:24:19.396] [SEVERE ] updating countdown to 48847
[23:24:19.506] [SEVERE ] updating countdown to 48737
[23:24:19.618] [SEVERE ] updating countdown to 48625
[23:24:19.728] [SEVERE ] updating countdown to 48515
[23:24:19.838] [SEVERE ] updating countdown to 48405
[23:24:19.948] [SEVERE ] updating countdown to 48295
[23:24:20.058] [SEVERE ] updating countdown to 48185
[23:24:20.167] [SEVERE ] updating countdown to 48076
[23:24:20.277] [SEVERE ] updating countdown to 47966
[23:24:20.388] [SEVERE ] updating countdown to 47855
[23:24:20.497] [SEVERE ] updating countdown to 47746
[23:24:20.608] [SEVERE ] updating countdown to 47635
[23:24:20.719] [SEVERE ] updating countdown to 47524
[23:24:20.828] [SEVERE ] updating countdown to 47415
[23:24:20.938] [SEVERE ] updating countdown to 47305
[23:24:21.049] [SEVERE ] updating countdown to 47194
[23:24:21.160] [SEVERE ] updating countdown to 47083
[23:24:21.269] [SEVERE ] updating countdown to 46974
[23:24:21.380] [SEVERE ] updating countdown to 46863
[23:24:21.490] [SEVERE ] updating countdown to 46753
[23:24:21.602] [SEVERE ] updating countdown to 46641
[23:24:21.713] [SEVERE ] updating countdown to 46530
[23:24:21.825] [SEVERE ] updating countdown to 46418
[23:24:21.936] [SEVERE ] updating countdown to 46307
[23:24:22.046] [SEVERE ] updating countdown to 46197
[23:24:22.156] [SEVERE ] updating countdown to 46087
[23:24:22.266] [SEVERE ] updating countdown to 45977
[23:24:22.379] [SEVERE ] updating countdown to 45864
[23:24:22.489] [SEVERE ] updating countdown to 45754
[23:24:22.599] [SEVERE ] updating countdown to 45644
[23:24:22.709] [SEVERE ] updating countdown to 45534
[23:24:22.819] [SEVERE ] updating countdown to 45424
[23:24:22.929] [SEVERE ] updating countdown to 45314
[23:24:23.044] [SEVERE ] updating countdown to 45199
[23:24:23.154] [SEVERE ] updating countdown to 45089
[23:24:23.264] [SEVERE ] updating countdown to 44979
[23:24:23.374] [SEVERE ] updating countdown to 44869
[23:24:23.485] [SEVERE ] updating countdown to 44758
[23:24:23.594] [SEVERE ] updating countdown to 44649
[23:24:23.705] [SEVERE ] updating countdown to 44538
[23:24:23.814] [SEVERE ] updating countdown to 44429
[23:24:23.924] [SEVERE ] updating countdown to 44319
[23:24:24.035] [SEVERE ] updating countdown to 44208
[23:24:24.145] [SEVERE ] updating countdown to 44098
[23:24:24.255] [SEVERE ] updating countdown to 43988
[23:24:24.366] [SEVERE ] updating countdown to 43877
[23:24:24.476] [SEVERE ] updating countdown to 43767
[23:24:24.585] [SEVERE ] updating countdown to 43658
[23:24:24.695] [SEVERE ] updating countdown to 43548
[23:24:24.806] [SEVERE ] updating countdown to 43437
[23:24:24.919] [SEVERE ] updating countdown to 43324
[23:24:25.028] [SEVERE ] updating countdown to 43215
[23:24:25.138] [SEVERE ] updating countdown to 43105
[23:24:25.248] [SEVERE ] updating countdown to 42995
[23:24:25.359] [SEVERE ] updating countdown to 42884
[23:24:25.469] [SEVERE ] updating countdown to 42774
[23:24:25.579] [SEVERE ] updating countdown to 42664
[23:24:25.689] [SEVERE ] updating countdown to 42554
[23:24:25.799] [SEVERE ] updating countdown to 42444
[23:24:25.910] [SEVERE ] updating countdown to 42333
[23:24:26.019] [SEVERE ] updating countdown to 42224
[23:24:26.130] [SEVERE ] updating countdown to 42113
[23:24:26.240] [SEVERE ] updating countdown to 42003
[23:24:26.354] [SEVERE ] updating countdown to 41889
[23:24:26.463] [SEVERE ] updating countdown to 41780
[23:24:26.565] [SEVERE ] updating countdown to 41678
[23:24:26.675] [SEVERE ] updating countdown to 41568
[23:24:26.785] [SEVERE ] updating countdown to 41458
[23:24:26.894] [SEVERE ] updating countdown to 41349
[23:24:27.005] [SEVERE ] updating countdown to 41238
[23:24:27.116] [SEVERE ] updating countdown to 41127
[23:24:27.225] [SEVERE ] updating countdown to 41018
[23:24:27.339] [SEVERE ] updating countdown to 40904
[23:24:27.452] [SEVERE ] updating countdown to 40791
[23:24:27.563] [SEVERE ] updating countdown to 40680
[23:24:27.672] [SEVERE ] updating countdown to 40571
[23:24:27.782] [SEVERE ] updating countdown to 40461
[23:24:27.892] [SEVERE ] updating countdown to 40351
[23:24:28.002] [SEVERE ] updating countdown to 40241
[23:24:28.113] [SEVERE ] updating countdown to 40130
[23:24:28.222] [SEVERE ] updating countdown to 40021
[23:24:28.323] [SEVERE ] updating countdown to 39920
[23:24:28.436] [SEVERE ] updating countdown to 39808
[23:24:28.549] [SEVERE ] updating countdown to 39694
[23:24:28.678] [SEVERE ] updating countdown to 39565
[23:24:28.786] [SEVERE ] updating countdown to 39457
[23:24:28.898] [SEVERE ] updating countdown to 39345
[23:24:29.005] [SEVERE ] updating countdown to 39238
[23:24:29.109] [SEVERE ] updating countdown to 39134
[23:24:29.225] [SEVERE ] updating countdown to 39018
[23:24:29.337] [SEVERE ] updating countdown to 38906
[23:24:29.447] [SEVERE ] updating countdown to 38796
[23:24:29.558] [SEVERE ] updating countdown to 38685
[23:24:29.668] [SEVERE ] updating countdown to 38575
[23:24:29.778] [SEVERE ] updating countdown to 38465
[23:24:29.888] [SEVERE ] updating countdown to 38355
[23:24:29.999] [SEVERE ] updating countdown to 38244
[23:24:30.109] [SEVERE ] updating countdown to 38134
[23:24:30.220] [SEVERE ] updating countdown to 38024
[23:24:30.333] [SEVERE ] updating countdown to 37910
[23:24:30.443] [SEVERE ] updating countdown to 37800
[23:24:30.553] [SEVERE ] updating countdown to 37690
[23:24:30.663] [SEVERE ] updating countdown to 37580
[23:24:30.773] [SEVERE ] updating countdown to 37470
[23:24:30.882] [SEVERE ] updating countdown to 37361
[23:24:30.993] [SEVERE ] updating countdown to 37250
[23:24:31.104] [SEVERE ] updating countdown to 37139
[23:24:31.214] [SEVERE ] updating countdown to 37029
[23:24:31.324] [SEVERE ] updating countdown to 36919
[23:24:31.436] [SEVERE ] updating countdown to 36807
[23:24:31.546] [SEVERE ] updating countdown to 36697
[23:24:31.659] [SEVERE ] updating countdown to 36584
[23:24:31.770] [SEVERE ] updating countdown to 36473
[23:24:31.882] [SEVERE ] updating countdown to 36361
[23:24:31.995] [SEVERE ] updating countdown to 36248
[23:24:32.112] [SEVERE ] updating countdown to 36131
[23:24:32.218] [SEVERE ] updating countdown to 36025
[23:24:32.330] [SEVERE ] updating countdown to 35913
[23:24:32.441] [SEVERE ] updating countdown to 35802
[23:24:32.555] [SEVERE ] updating countdown to 35688
[23:24:32.665] [SEVERE ] updating countdown to 35578
[23:24:32.775] [SEVERE ] updating countdown to 35468
[23:24:32.885] [SEVERE ] updating countdown to 35358
[23:24:32.995] [SEVERE ] updating countdown to 35248
[23:24:33.106] [SEVERE ] updating countdown to 35137
[23:24:33.217] [SEVERE ] updating countdown to 35026
[23:24:33.340] [SEVERE ] updating countdown to 34903
[23:24:33.450] [SEVERE ] updating countdown to 34793
[23:24:33.560] [SEVERE ] updating countdown to 34683
[23:24:33.669] [SEVERE ] updating countdown to 34574
[23:24:33.780] [SEVERE ] updating countdown to 34463
[23:24:33.891] [SEVERE ] updating countdown to 34352
[23:24:34.000] [SEVERE ] updating countdown to 34243
[23:24:34.110] [SEVERE ] updating countdown to 34133
[23:24:34.215] [SEVERE ] updating countdown to 34028
[23:24:34.325] [SEVERE ] updating countdown to 33918
[23:24:34.435] [SEVERE ] updating countdown to 33808
[23:24:34.545] [SEVERE ] updating countdown to 33698
[23:24:34.655] [SEVERE ] updating countdown to 33588
[23:24:34.765] [SEVERE ] updating countdown to 33478
[23:24:34.875] [SEVERE ] updating countdown to 33368
[23:24:34.985] [SEVERE ] updating countdown to 33258
[23:24:35.094] [SEVERE ] updating countdown to 33149
[23:24:35.204] [SEVERE ] updating countdown to 33039
[23:24:35.314] [SEVERE ] updating countdown to 32929
[23:24:35.427] [SEVERE ] updating countdown to 32816
[23:24:35.537] [SEVERE ] updating countdown to 32706
[23:24:35.648] [SEVERE ] updating countdown to 32595
[23:24:35.758] [SEVERE ] updating countdown to 32485
[23:24:35.867] [SEVERE ] updating countdown to 32376
[23:24:35.978] [SEVERE ] updating countdown to 32265
[23:24:36.087] [SEVERE ] updating countdown to 32156
[23:24:36.198] [SEVERE ] updating countdown to 32045
[23:24:36.312] [SEVERE ] updating countdown to 31931
[23:24:36.422] [SEVERE ] updating countdown to 31821
[23:24:36.533] [SEVERE ] updating countdown to 31710
[23:24:36.644] [SEVERE ] updating countdown to 31599
[23:24:36.753] [SEVERE ] updating countdown to 31490
[23:24:36.864] [SEVERE ] updating countdown to 31379
[23:24:36.975] [SEVERE ] updating countdown to 31268
[23:24:37.085] [SEVERE ] updating countdown to 31158
[23:24:37.195] [SEVERE ] updating countdown to 31048
[23:24:37.305] [SEVERE ] updating countdown to 30938
[23:24:37.415] [SEVERE ] updating countdown to 30828
[23:24:37.527] [SEVERE ] updating countdown to 30716
[23:24:37.636] [SEVERE ] updating countdown to 30607
[23:24:37.747] [SEVERE ] updating countdown to 30496
[23:24:37.857] [SEVERE ] updating countdown to 30386
[23:24:37.966] [SEVERE ] updating countdown to 30277
[23:24:38.077] [SEVERE ] updating countdown to 30166
[23:24:38.187] [SEVERE ] updating countdown to 30056
[23:24:38.297] [SEVERE ] updating countdown to 29946
[23:24:38.407] [SEVERE ] updating countdown to 29836
[23:24:38.517] [SEVERE ] updating countdown to 29726
[23:24:38.632] [SEVERE ] updating countdown to 29611
[23:24:38.742] [SEVERE ] updating countdown to 29501
[23:24:38.852] [SEVERE ] updating countdown to 29391
[23:24:38.961] [SEVERE ] updating countdown to 29282
[23:24:39.071] [SEVERE ] updating countdown to 29172
[23:24:39.212] [SEVERE ] updating countdown to 29031
[23:24:39.325] [SEVERE ] updating countdown to 28918
[23:24:39.435] [SEVERE ] updating countdown to 28808
[23:24:39.545] [SEVERE ] updating countdown to 28698
[23:24:39.655] [SEVERE ] updating countdown to 28588
[23:24:39.764] [SEVERE ] updating countdown to 28479
[23:24:39.874] [SEVERE ] updating countdown to 28369
[23:24:39.984] [SEVERE ] updating countdown to 28259
[23:24:40.095] [SEVERE ] updating countdown to 28148
[23:24:40.204] [SEVERE ] updating countdown to 28039
[23:24:40.314] [SEVERE ] updating countdown to 27929
[23:24:40.424] [SEVERE ] updating countdown to 27819
[23:24:40.534] [SEVERE ] updating countdown to 27709
[23:24:40.644] [SEVERE ] updating countdown to 27599
[23:24:40.754] [SEVERE ] updating countdown to 27489
[23:24:40.863] [SEVERE ] updating countdown to 27380
[23:24:40.973] [SEVERE ] updating countdown to 27270
[23:24:41.083] [SEVERE ] updating countdown to 27160
[23:24:41.194] [SEVERE ] updating countdown to 27049
[23:24:41.306] [SEVERE ] updating countdown to 26937
[23:24:41.416] [SEVERE ] updating countdown to 26827
[23:24:41.526] [SEVERE ] updating countdown to 26717
[23:24:41.637] [SEVERE ] updating countdown to 26606
[23:24:41.747] [SEVERE ] updating countdown to 26496
[23:24:41.857] [SEVERE ] updating countdown to 26386
[23:24:41.967] [SEVERE ] updating countdown to 26276
[23:24:42.077] [SEVERE ] updating countdown to 26166
[23:24:42.188] [SEVERE ] updating countdown to 26055
[23:24:42.298] [SEVERE ] updating countdown to 25945
[23:24:42.400] [SEVERE ] updating countdown to 25843
[23:24:42.511] [SEVERE ] updating countdown to 25732
[23:24:42.620] [SEVERE ] updating countdown to 25623
[23:24:42.731] [SEVERE ] updating countdown to 25512
[23:24:42.840] [SEVERE ] updating countdown to 25403
[23:24:42.950] [SEVERE ] updating countdown to 25293
[23:24:43.060] [SEVERE ] updating countdown to 25184
[23:24:43.170] [SEVERE ] updating countdown to 25073
[23:24:43.280] [SEVERE ] updating countdown to 24963
[23:24:43.393] [SEVERE ] updating countdown to 24850
[23:24:43.503] [SEVERE ] updating countdown to 24740
[23:24:43.613] [SEVERE ] updating countdown to 24630
[23:24:43.723] [SEVERE ] updating countdown to 24520
[23:24:43.834] [SEVERE ] updating countdown to 24409
[23:24:43.943] [SEVERE ] updating countdown to 24300
[23:24:44.053] [SEVERE ] updating countdown to 24190
[23:24:44.163] [SEVERE ] updating countdown to 24080
[23:24:44.273] [SEVERE ] updating countdown to 23970
[23:24:44.385] [SEVERE ] updating countdown to 23858
[23:24:44.495] [SEVERE ] updating countdown to 23748
[23:24:44.610] [SEVERE ] updating countdown to 23633
[23:24:44.720] [SEVERE ] updating countdown to 23523
[23:24:44.831] [SEVERE ] updating countdown to 23412
[23:24:44.941] [SEVERE ] updating countdown to 23302
[23:24:45.051] [SEVERE ] updating countdown to 23192
[23:24:45.161] [SEVERE ] updating countdown to 23082
[23:24:45.271] [SEVERE ] updating countdown to 22972
[23:24:45.383] [SEVERE ] updating countdown to 22860
[23:24:45.493] [SEVERE ] updating countdown to 22750
[23:24:45.603] [SEVERE ] updating countdown to 22640
[23:24:45.713] [SEVERE ] updating countdown to 22530
[23:24:45.823] [SEVERE ] updating countdown to 22420
[23:24:45.933] [SEVERE ] updating countdown to 22310
[23:24:46.043] [SEVERE ] updating countdown to 22200
[23:24:46.154] [SEVERE ] updating countdown to 22089
[23:24:46.264] [SEVERE ] updating countdown to 21979
[23:24:46.377] [SEVERE ] updating countdown to 21866
[23:24:46.487] [SEVERE ] updating countdown to 21756
[23:24:46.597] [SEVERE ] updating countdown to 21646
[23:24:46.707] [SEVERE ] updating countdown to 21536
[23:24:46.815] [SEVERE ] updating countdown to 21428
[23:24:46.925] [SEVERE ] updating countdown to 21318
[23:24:47.035] [SEVERE ] updating countdown to 21208
[23:24:47.146] [SEVERE ] updating countdown to 21097
[23:24:47.256] [SEVERE ] updating countdown to 20987
[23:24:47.390] [SEVERE ] updating countdown to 20853
[23:24:47.500] [SEVERE ] updating countdown to 20743
[23:24:47.610] [SEVERE ] updating countdown to 20633
[23:24:47.719] [SEVERE ] updating countdown to 20524
[23:24:47.830] [SEVERE ] updating countdown to 20413
[23:24:47.941] [SEVERE ] updating countdown to 20302
[23:24:48.052] [SEVERE ] updating countdown to 20191
[23:24:48.164] [SEVERE ] updating countdown to 20079
[23:24:48.277] [SEVERE ] updating countdown to 19966
[23:24:48.390] [SEVERE ] updating countdown to 19853
[23:24:48.500] [SEVERE ] updating countdown to 19743
[23:24:48.611] [SEVERE ] updating countdown to 19632
[23:24:48.751] [SEVERE ] updating countdown to 19492
[23:24:48.861] [SEVERE ] updating countdown to 19382
[23:24:48.967] [SEVERE ] updating countdown to 19276
[23:24:49.078] [SEVERE ] updating countdown to 19165
[23:24:49.188] [SEVERE ] updating countdown to 19055
[23:24:49.300] [SEVERE ] updating countdown to 18943
[23:24:49.410] [SEVERE ] updating countdown to 18833
[23:24:49.521] [SEVERE ] updating countdown to 18722
[23:24:49.631] [SEVERE ] updating countdown to 18612
[23:24:49.741] [SEVERE ] updating countdown to 18502
[23:24:49.852] [SEVERE ] updating countdown to 18391
[23:24:49.961] [SEVERE ] updating countdown to 18282
[23:24:50.107] [SEVERE ] updating countdown to 18136
[23:24:50.163] [SEVERE ] key 87 was pressed by player 1
[23:24:50.163] [SEVERE ] player 1 placing token on slot 1
[23:24:50.217] [SEVERE ] updating countdown to 18026
[23:24:50.318] [SEVERE ] updating countdown to 17925
[23:24:50.428] [SEVERE ] updating countdown to 17815
[23:24:50.538] [SEVERE ] updating countdown to 17705
[23:24:50.648] [SEVERE ] updating countdown to 17595
[23:24:50.758] [SEVERE ] updating countdown to 17485
[23:24:50.868] [SEVERE ] updating countdown to 17375
[23:24:50.977] [SEVERE ] updating countdown to 17266
[23:24:51.088] [SEVERE ] updating countdown to 17155
[23:24:51.198] [SEVERE ] updating countdown to 17045
[23:24:51.308] [SEVERE ] updating countdown to 16935
[23:24:51.419] [SEVERE ] updating countdown to 16824
[23:24:51.529] [SEVERE ] updating countdown to 16714
[23:24:51.639] [SEVERE ] updating countdown to 16604
[23:24:51.749] [SEVERE ] updating countdown to 16494
[23:24:51.749] [SEVERE ] key 88 was pressed by player 1
[23:24:51.749] [SEVERE ] player 1 placing token on slot 9
[23:24:51.862] [SEVERE ] updating countdown to 16381
[23:24:51.976] [SEVERE ] updating countdown to 16267
[23:24:52.086] [SEVERE ] updating countdown to 16157
[23:24:52.196] [SEVERE ] updating countdown to 16047
[23:24:52.310] [SEVERE ] updating countdown to 15933
[23:24:52.421] [SEVERE ] updating countdown to 15822
[23:24:52.531] [SEVERE ] updating countdown to 15712
[23:24:52.642] [SEVERE ] updating countdown to 15601
[23:24:52.754] [SEVERE ] updating countdown to 15489
[23:24:52.863] [SEVERE ] updating countdown to 15380
[23:24:52.973] [SEVERE ] updating countdown to 15270
[23:24:53.084] [SEVERE ] updating countdown to 15159
[23:24:53.194] [SEVERE ] updating countdown to 15049
[23:24:53.303] [SEVERE ] updating countdown to 14940
[23:24:53.415] [SEVERE ] updating countdown to 14828
[23:24:53.515] [SEVERE ] updating countdown to 14728
[23:24:53.626] [SEVERE ] updating countdown to 14617
[23:24:53.736] [SEVERE ] updating countdown to 14507
[23:24:53.846] [SEVERE ] updating countdown to 14397
[23:24:53.956] [SEVERE ] updating countdown to 14287
[23:24:54.065] [SEVERE ] updating countdown to 14178
[23:24:54.175] [SEVERE ] updating countdown to 14068
[23:24:54.286] [SEVERE ] updating countdown to 13957
[23:24:54.399] [SEVERE ] updating countdown to 13844
[23:24:54.509] [SEVERE ] updating countdown to 13734
[23:24:54.619] [SEVERE ] updating countdown to 13624
[23:24:54.729] [SEVERE ] updating countdown to 13514
[23:24:54.839] [SEVERE ] updating countdown to 13404
[23:24:54.949] [SEVERE ] updating countdown to 13294
[23:24:55.059] [SEVERE ] updating countdown to 13184
[23:24:55.169] [SEVERE ] updating countdown to 13074
[23:24:55.278] [SEVERE ] updating countdown to 12965
[23:24:55.390] [SEVERE ] updating countdown to 12853
[23:24:55.500] [SEVERE ] updating countdown to 12743
[23:24:55.611] [SEVERE ] updating countdown to 12632
[23:24:55.723] [SEVERE ] updating countdown to 12520
[23:24:55.833] [SEVERE ] updating countdown to 12410
[23:24:55.943] [SEVERE ] updating countdown to 12300
[23:24:56.053] [SEVERE ] updating countdown to 12190
[23:24:56.163] [SEVERE ] updating countdown to 12080
[23:24:56.272] [SEVERE ] updating countdown to 11971
[23:24:56.385] [SEVERE ] updating countdown to 11858
[23:24:56.430] [SEVERE ] key 82 was pressed by player 1
[23:24:56.430] [SEVERE ] player 1 placing token on slot 3
[23:24:56.499] [SEVERE ] updating countdown to 11744
[23:25:11.806] [SEVERE ] removing all tokens
[23:25:11.915] [SEVERE ] removing card from slot 1
[23:25:11.939] [SEVERE ] removing all tokens
[23:25:12.043] [SEVERE ] removing card from slot 3
[23:25:12.044] [SEVERE ] removing all tokens
[23:25:12.153] [SEVERE ] removing card from slot 9
[23:25:12.281] [SEVERE ] placing card 64 in slot 1
[23:25:12.395] [SEVERE ] placing card 9 in slot 3
[23:25:12.513] [SEVERE ] placing card 55 in slot 9
[23:25:36.072] [SEVERE ] setting player 1 score to 1
[23:25:52.865] [SEVERE ] removing all tokens
[23:25:56.549] [SEVERE ] placing card 22 in slot 0
[23:25:56.661] [SEVERE ] placing card 75 in slot 1
[23:25:56.771] [SEVERE ] placing card 48 in slot 2
[23:25:56.882] [SEVERE ] placing card 12 in slot 3
[23:25:56.993] [SEVERE ] placing card 2 in slot 4
[23:25:57.104] [SEVERE ] placing card 80 in slot 5
[23:25:57.214] [SEVERE ] placing card 53 in slot 6
[23:25:57.328] [SEVERE ] placing card 32 in slot 7
[23:25:57.439] [SEVERE ] placing card 43 in slot 8
[23:25:57.550] [SEVERE ] placing card 35 in slot 9
[23:25:57.669] [SEVERE ] placing card 1 in slot 10
[23:25:57.779] [SEVERE ] placing card 70 in slot 11
[23:26:07.242] [SEVERE ] updating countdown to 60000
[23:26:07.356] [SEVERE ] updating countdown to 59885
[23:29:06.423] [INFO   ] thread dealer terminated.
