[13:17:31.306] [INFO   ] thread main starting.
[13:17:31.313] [SEVERE ] cannot read configuration file config.properties trying from resources.
[13:17:31.313] [SEVERE ] configuration file was loaded from resources directory.
[13:17:31.818] [INFO   ] thread dealer starting.
[13:17:31.929] [SEVERE ] placing card 11 in slot 0
[13:17:32.031] [SEVERE ] placing card 54 in slot 1
[13:17:32.133] [SEVERE ] placing card 77 in slot 2
[13:17:32.247] [SEVERE ] placing card 3 in slot 3
[13:17:32.361] [SEVERE ] placing card 13 in slot 4
[13:17:32.469] [SEVERE ] placing card 33 in slot 5
[13:17:32.571] [SEVERE ] placing card 74 in slot 6
[13:17:32.688] [SEVERE ] placing card 38 in slot 7
[13:17:32.805] [SEVERE ] placing card 72 in slot 8
[13:17:32.915] [SEVERE ] placing card 46 in slot 9
[13:17:33.024] [SEVERE ] placing card 66 in slot 10
[13:17:33.136] [SEVERE ] placing card 37 in slot 11
[13:17:45.465] [SEVERE ] key 87 was pressed by player 1
[13:17:45.465] [SEVERE ] player 1 placing token on slot 1
[13:17:45.468] [SEVERE ] removing player 1 token from slot 1
[13:17:46.372] [SEVERE ] key 87 was pressed by player 1
[13:17:46.372] [SEVERE ] player 1 placing token on slot 1
[13:17:46.372] [SEVERE ] removing player 1 token from slot 1
[13:17:46.435] [SEVERE ] key 69 was pressed by player 1
[13:17:46.435] [SEVERE ] player 1 placing token on slot 2
[13:17:46.435] [SEVERE ] removing player 1 token from slot 2
[13:17:46.844] [SEVERE ] key 83 was pressed by player 1
[13:17:46.844] [SEVERE ] player 1 placing token on slot 5
[13:17:46.844] [SEVERE ] removing player 1 token from slot 5
[13:17:47.871] [SEVERE ] key 81 was pressed by player 1
[13:17:47.871] [SEVERE ] player 1 placing token on slot 0
[13:17:47.871] [SEVERE ] removing player 1 token from slot 0
[13:17:48.186] [SEVERE ] key 87 was pressed by player 1
[13:17:48.186] [SEVERE ] player 1 placing token on slot 1
[13:17:48.186] [SEVERE ] removing player 1 token from slot 1
[13:17:48.422] [SEVERE ] key 69 was pressed by player 1
[13:17:48.422] [SEVERE ] player 1 placing token on slot 2
[13:17:48.422] [SEVERE ] removing player 1 token from slot 2
[13:17:48.674] [SEVERE ] key 82 was pressed by player 1
[13:17:48.689] [SEVERE ] player 1 placing token on slot 3
[13:17:48.689] [SEVERE ] removing player 1 token from slot 3
[13:17:49.529] [SEVERE ] key 87 was pressed by player 1
[13:17:49.529] [SEVERE ] player 1 placing token on slot 1
[13:17:49.529] [SEVERE ] key 69 was pressed by player 1
[13:17:49.530] [SEVERE ] removing player 1 token from slot 1
[13:17:49.530] [SEVERE ] player 1 placing token on slot 2
[13:17:49.530] [SEVERE ] removing player 1 token from slot 2
[13:17:49.659] [SEVERE ] key 82 was pressed by player 1
[13:17:49.659] [SEVERE ] player 1 placing token on slot 3
[13:17:49.659] [SEVERE ] removing player 1 token from slot 3
[13:17:49.785] [SEVERE ] key 87 was pressed by player 1
[13:17:49.801] [SEVERE ] player 1 placing token on slot 1
[13:17:49.801] [SEVERE ] removing player 1 token from slot 1
[13:17:50.485] [SEVERE ] key 65 was pressed by player 1
[13:17:50.485] [SEVERE ] player 1 placing token on slot 4
[13:17:50.485] [SEVERE ] removing player 1 token from slot 4
[13:17:50.736] [SEVERE ] key 83 was pressed by player 1
[13:17:50.736] [SEVERE ] player 1 placing token on slot 5
[13:17:50.736] [SEVERE ] removing player 1 token from slot 5
[13:17:50.911] [SEVERE ] key 68 was pressed by player 1
[13:17:50.911] [SEVERE ] player 1 placing token on slot 6
[13:17:50.911] [SEVERE ] removing player 1 token from slot 6
[13:17:51.433] [SEVERE ] key 82 was pressed by player 1
[13:17:51.433] [SEVERE ] player 1 placing token on slot 3
[13:17:51.434] [SEVERE ] removing player 1 token from slot 3
[13:17:51.670] [SEVERE ] key 69 was pressed by player 1
[13:17:51.670] [SEVERE ] player 1 placing token on slot 2
[13:17:51.670] [SEVERE ] removing player 1 token from slot 2
[13:17:51.787] [SEVERE ] key 82 was pressed by player 1
[13:17:51.787] [SEVERE ] player 1 placing token on slot 3
[13:17:51.787] [SEVERE ] removing player 1 token from slot 3
[13:17:51.928] [SEVERE ] key 70 was pressed by player 1
[13:17:51.928] [SEVERE ] player 1 placing token on slot 7
[13:17:51.928] [SEVERE ] removing player 1 token from slot 7
[13:17:51.981] [SEVERE ] key 87 was pressed by player 1
[13:17:51.981] [SEVERE ] player 1 placing token on slot 1
[13:17:51.981] [SEVERE ] removing player 1 token from slot 1
[13:17:51.997] [SEVERE ] key 79 was pressed by player 2
[13:17:51.997] [SEVERE ] player 2 placing token on slot 2
[13:17:51.997] [SEVERE ] key 80 was pressed by player 2
[13:17:52.009] [SEVERE ] removing player 2 token from slot 2
[13:17:52.010] [SEVERE ] player 2 placing token on slot 3
[13:17:52.010] [SEVERE ] removing player 2 token from slot 3
[13:17:52.089] [SEVERE ] key 75 was pressed by player 2
[13:17:52.089] [SEVERE ] player 2 placing token on slot 5
[13:17:52.089] [SEVERE ] removing player 2 token from slot 5
[13:17:52.121] [SEVERE ] key 69 was pressed by player 1
[13:17:52.121] [SEVERE ] player 1 placing token on slot 2
[13:17:52.121] [SEVERE ] removing player 1 token from slot 2
[13:17:52.272] [SEVERE ] key 68 was pressed by player 1
[13:17:52.272] [SEVERE ] player 1 placing token on slot 6
[13:17:52.272] [SEVERE ] key 79 was pressed by player 2
[13:17:52.274] [SEVERE ] removing player 1 token from slot 6
[13:17:52.274] [SEVERE ] player 2 placing token on slot 2
[13:17:52.274] [SEVERE ] removing player 2 token from slot 2
[13:17:52.384] [SEVERE ] key 73 was pressed by player 2
[13:17:52.384] [SEVERE ] player 2 placing token on slot 1
[13:17:52.384] [SEVERE ] removing player 2 token from slot 1
[13:17:52.488] [SEVERE ] key 86 was pressed by player 1
[13:17:52.488] [SEVERE ] player 1 placing token on slot 11
[13:17:52.488] [SEVERE ] removing player 1 token from slot 11
[13:17:52.582] [SEVERE ] key 77 was pressed by player 2
[13:17:52.582] [SEVERE ] player 2 placing token on slot 8
[13:17:52.582] [SEVERE ] removing player 2 token from slot 8
[13:17:52.661] [SEVERE ] key 88 was pressed by player 1
[13:17:52.661] [SEVERE ] player 1 placing token on slot 9
[13:17:52.661] [SEVERE ] removing player 1 token from slot 9
[13:17:52.977] [SEVERE ] key 86 was pressed by player 1
[13:17:52.977] [SEVERE ] player 1 placing token on slot 11
[13:17:52.979] [SEVERE ] removing player 1 token from slot 11
