[13:23:17.087] [INFO   ] thread main starting.
[13:23:17.095] [SEVERE ] cannot read configuration file config.properties trying from resources.
[13:23:17.097] [SEVERE ] configuration file was loaded from resources directory.
[13:23:17.582] [INFO   ] thread dealer starting.
[13:23:17.690] [SEVERE ] placing card 26 in slot 0
[13:23:17.800] [SEVERE ] placing card 17 in slot 1
[13:23:17.902] [SEVERE ] placing card 63 in slot 2
[13:23:18.012] [SEVERE ] placing card 37 in slot 3
[13:23:18.118] [SEVERE ] placing card 1 in slot 4
[13:23:18.230] [SEVERE ] placing card 50 in slot 5
[13:23:18.348] [SEVERE ] placing card 45 in slot 6
[13:23:18.463] [SEVERE ] placing card 51 in slot 7
[13:23:18.573] [SEVERE ] placing card 76 in slot 8
[13:23:18.684] [SEVERE ] placing card 42 in slot 9
[13:23:18.797] [SEVERE ] placing card 50 in slot 10
[13:23:18.901] [SEVERE ] placing card 25 in slot 11
[13:23:19.609] [SEVERE ] key 82 was pressed by player 1
[13:23:19.609] [SEVERE ] player 1 placing token on slot 3
[13:23:19.611] [SEVERE ] removing player 1 token from slot 3
[13:23:19.689] [SEVERE ] key 82 was pressed by player 1
[13:23:19.689] [SEVERE ] player 1 placing token on slot 3
[13:23:19.689] [SEVERE ] removing player 1 token from slot 3
[13:23:19.957] [SEVERE ] key 69 was pressed by player 1
[13:23:19.957] [SEVERE ] player 1 placing token on slot 2
[13:23:19.957] [SEVERE ] removing player 1 token from slot 2
[13:23:19.988] [SEVERE ] key 82 was pressed by player 1
[13:23:19.988] [SEVERE ] player 1 placing token on slot 3
[13:23:19.988] [SEVERE ] removing player 1 token from slot 3
[13:23:21.153] [SEVERE ] key 68 was pressed by player 1
[13:23:21.169] [SEVERE ] player 1 placing token on slot 6
[13:23:21.169] [SEVERE ] removing player 1 token from slot 6
[13:23:21.282] [SEVERE ] key 70 was pressed by player 1
[13:23:21.282] [SEVERE ] player 1 placing token on slot 7
[13:23:21.282] [SEVERE ] removing player 1 token from slot 7
[13:23:21.589] [SEVERE ] key 68 was pressed by player 1
[13:23:21.589] [SEVERE ] player 1 placing token on slot 6
[13:23:21.589] [SEVERE ] removing player 1 token from slot 6
[13:23:22.339] [SEVERE ] key 88 was pressed by player 1
[13:23:22.339] [SEVERE ] player 1 placing token on slot 9
[13:23:22.339] [SEVERE ] removing player 1 token from slot 9
[13:23:22.672] [SEVERE ] key 67 was pressed by player 1
[13:23:22.672] [SEVERE ] player 1 placing token on slot 10
[13:23:22.672] [SEVERE ] removing player 1 token from slot 10
[13:23:23.076] [SEVERE ] key 67 was pressed by player 1
[13:23:23.076] [SEVERE ] player 1 placing token on slot 10
[13:23:23.076] [SEVERE ] removing player 1 token from slot 10
[13:23:23.883] [SEVERE ] exit button pressed
[13:23:23.883] [SEVERE ] thanks for playing... it was fun!
[13:23:23.884] [INFO   ] thread main terminated.
