[23:30:59.088] [INFO   ] thread main starting.
[23:30:59.088] [SEVERE ] cannot read configuration file config.properties trying from resources.
[23:30:59.088] [SEVERE ] configuration file was loaded from resources directory.
[23:30:59.659] [INFO   ] thread dealer starting.
[23:30:59.770] [SEVERE ] placing card 33 in slot 0
[23:30:59.889] [SEVERE ] placing card 48 in slot 1
[23:30:59.991] [SEVERE ] placing card 70 in slot 2
[23:31:00.103] [SEVERE ] placing card 45 in slot 3
[23:31:00.215] [SEVERE ] placing card 58 in slot 4
[23:31:00.324] [SEVERE ] placing card 34 in slot 5
[23:31:00.438] [SEVERE ] placing card 18 in slot 6
[23:31:00.581] [SEVERE ] placing card 55 in slot 7
[23:31:00.684] [SEVERE ] placing card 38 in slot 8
[23:31:00.791] [SEVERE ] placing card 63 in slot 9
[23:31:00.904] [SEVERE ] placing card 23 in slot 10
[23:31:01.015] [SEVERE ] placing card 71 in slot 11
[23:31:01.016] [SEVERE ] updating countdown to 60000
[23:31:01.126] [SEVERE ] updating countdown to 59889
[23:31:01.240] [SEVERE ] updating countdown to 59775
[23:31:01.355] [SEVERE ] updating countdown to 59660
[23:31:01.465] [SEVERE ] updating countdown to 59550
[23:31:01.576] [SEVERE ] updating countdown to 59439
[23:31:01.687] [SEVERE ] updating countdown to 59328
[23:31:01.802] [SEVERE ] updating countdown to 59213
[23:31:01.914] [SEVERE ] updating countdown to 59101
[23:31:02.028] [SEVERE ] updating countdown to 58987
[23:31:02.139] [SEVERE ] updating countdown to 58876
[23:31:02.249] [SEVERE ] updating countdown to 58766
[23:31:02.359] [SEVERE ] updating countdown to 58656
[23:31:02.460] [SEVERE ] updating countdown to 58555
[23:31:02.571] [SEVERE ] updating countdown to 58444
[23:31:02.681] [SEVERE ] updating countdown to 58334
[23:31:02.793] [SEVERE ] updating countdown to 58222
[23:31:02.905] [SEVERE ] updating countdown to 58110
[23:31:03.014] [SEVERE ] updating countdown to 58001
[23:31:03.124] [SEVERE ] updating countdown to 57891
[23:31:03.225] [SEVERE ] updating countdown to 57790
[23:31:03.338] [SEVERE ] updating countdown to 57677
[23:31:03.449] [SEVERE ] updating countdown to 57566
[23:31:03.561] [SEVERE ] updating countdown to 57454
[23:31:03.671] [SEVERE ] updating countdown to 57344
[23:31:03.781] [SEVERE ] updating countdown to 57234
[23:31:03.891] [SEVERE ] updating countdown to 57124
[23:31:04.002] [SEVERE ] updating countdown to 57013
[23:31:04.112] [SEVERE ] updating countdown to 56903
[23:31:04.222] [SEVERE ] updating countdown to 56793
[23:31:04.332] [SEVERE ] updating countdown to 56683
[23:31:04.442] [SEVERE ] updating countdown to 56573
[23:31:04.553] [SEVERE ] updating countdown to 56462
[23:31:04.663] [SEVERE ] updating countdown to 56352
[23:31:04.768] [SEVERE ] updating countdown to 56247
[23:31:04.879] [SEVERE ] updating countdown to 56136
[23:31:04.990] [SEVERE ] updating countdown to 56025
[23:31:05.101] [SEVERE ] updating countdown to 55914
[23:31:05.213] [SEVERE ] updating countdown to 55802
[23:31:05.326] [SEVERE ] updating countdown to 55689
[23:31:05.431] [SEVERE ] updating countdown to 55584
[23:31:05.542] [SEVERE ] updating countdown to 55473
[23:31:05.652] [SEVERE ] updating countdown to 55363
[23:31:05.763] [SEVERE ] updating countdown to 55252
[23:31:05.873] [SEVERE ] updating countdown to 55142
[23:31:05.985] [SEVERE ] updating countdown to 55030
[23:31:06.095] [SEVERE ] updating countdown to 54920
[23:31:06.205] [SEVERE ] updating countdown to 54810
[23:31:06.314] [SEVERE ] updating countdown to 54701
[23:31:06.427] [SEVERE ] updating countdown to 54588
[23:31:06.539] [SEVERE ] updating countdown to 54476
[23:31:06.649] [SEVERE ] updating countdown to 54366
[23:31:06.762] [SEVERE ] updating countdown to 54253
[23:31:06.872] [SEVERE ] updating countdown to 54143
[23:31:06.982] [SEVERE ] updating countdown to 54033
[23:31:07.092] [SEVERE ] updating countdown to 53923
[23:31:07.193] [SEVERE ] updating countdown to 53822
[23:31:07.306] [SEVERE ] updating countdown to 53709
[23:31:07.417] [SEVERE ] updating countdown to 53598
[23:31:07.531] [SEVERE ] updating countdown to 53484
[23:31:07.643] [SEVERE ] updating countdown to 53372
[23:31:07.754] [SEVERE ] updating countdown to 53261
[23:31:07.864] [SEVERE ] updating countdown to 53151
[23:31:07.974] [SEVERE ] updating countdown to 53041
[23:31:08.084] [SEVERE ] updating countdown to 52931
[23:31:08.196] [SEVERE ] updating countdown to 52819
[23:31:08.309] [SEVERE ] updating countdown to 52706
[23:31:08.420] [SEVERE ] updating countdown to 52595
[23:31:08.530] [SEVERE ] updating countdown to 52485
[23:31:08.640] [SEVERE ] updating countdown to 52375
[23:31:08.752] [SEVERE ] updating countdown to 52264
[23:31:08.862] [SEVERE ] updating countdown to 52153
[23:31:08.972] [SEVERE ] updating countdown to 52043
[23:31:09.083] [SEVERE ] updating countdown to 51932
[23:31:09.209] [SEVERE ] updating countdown to 51806
[23:31:09.320] [SEVERE ] updating countdown to 51695
[23:31:09.430] [SEVERE ] updating countdown to 51585
[23:31:09.540] [SEVERE ] updating countdown to 51475
[23:31:09.650] [SEVERE ] updating countdown to 51365
[23:31:09.761] [SEVERE ] updating countdown to 51254
[23:31:09.872] [SEVERE ] updating countdown to 51143
[23:31:09.979] [SEVERE ] updating countdown to 51036
[23:31:10.089] [SEVERE ] updating countdown to 50926
[23:31:10.200] [SEVERE ] updating countdown to 50815
[23:31:10.313] [SEVERE ] updating countdown to 50702
[23:31:10.423] [SEVERE ] updating countdown to 50592
[23:31:10.535] [SEVERE ] updating countdown to 50480
[23:31:10.645] [SEVERE ] updating countdown to 50370
[23:31:10.765] [SEVERE ] updating countdown to 50250
[23:31:10.871] [SEVERE ] updating countdown to 50144
[23:31:10.987] [SEVERE ] updating countdown to 50028
[23:31:11.097] [SEVERE ] updating countdown to 49918
[23:31:11.208] [SEVERE ] updating countdown to 49807
[23:31:11.318] [SEVERE ] updating countdown to 49697
[23:31:11.428] [SEVERE ] updating countdown to 49587
[23:31:11.538] [SEVERE ] updating countdown to 49477
[23:31:11.648] [SEVERE ] updating countdown to 49367
[23:31:11.759] [SEVERE ] updating countdown to 49256
[23:31:11.869] [SEVERE ] updating countdown to 49146
[23:31:11.979] [SEVERE ] updating countdown to 49036
[23:31:12.088] [SEVERE ] updating countdown to 48927
[23:31:12.197] [SEVERE ] updating countdown to 48818
[23:31:12.312] [SEVERE ] updating countdown to 48703
[23:31:12.417] [SEVERE ] updating countdown to 48598
[23:31:12.528] [SEVERE ] updating countdown to 48487
[23:31:12.639] [SEVERE ] updating countdown to 48376
[23:31:12.749] [SEVERE ] updating countdown to 48266
[23:31:12.859] [SEVERE ] updating countdown to 48156
[23:31:12.969] [SEVERE ] updating countdown to 48046
[23:31:13.079] [SEVERE ] updating countdown to 47936
[23:31:13.183] [SEVERE ] updating countdown to 47832
[23:31:13.296] [SEVERE ] updating countdown to 47719
[23:31:13.406] [SEVERE ] updating countdown to 47609
[23:31:13.516] [SEVERE ] updating countdown to 47499
[23:31:13.626] [SEVERE ] updating countdown to 47389
[23:31:13.737] [SEVERE ] updating countdown to 47278
[23:31:13.847] [SEVERE ] updating countdown to 47168
[23:31:13.958] [SEVERE ] updating countdown to 47057
[23:31:14.068] [SEVERE ] updating countdown to 46947
[23:31:14.180] [SEVERE ] updating countdown to 46835
[23:31:14.288] [SEVERE ] updating countdown to 46727
[23:31:14.398] [SEVERE ] updating countdown to 46617
[23:31:14.509] [SEVERE ] updating countdown to 46506
[23:31:14.618] [SEVERE ] updating countdown to 46397
[23:31:14.728] [SEVERE ] updating countdown to 46287
[23:31:14.840] [SEVERE ] updating countdown to 46175
[23:31:14.950] [SEVERE ] updating countdown to 46065
[23:31:15.055] [SEVERE ] updating countdown to 45960
[23:31:15.166] [SEVERE ] updating countdown to 45849
[23:31:15.277] [SEVERE ] updating countdown to 45738
[23:31:15.389] [SEVERE ] updating countdown to 45626
[23:31:15.500] [SEVERE ] updating countdown to 45515
[23:31:15.616] [SEVERE ] updating countdown to 45399
[23:31:15.727] [SEVERE ] updating countdown to 45288
[23:31:15.838] [SEVERE ] updating countdown to 45177
[23:31:15.949] [SEVERE ] updating countdown to 45067
[23:31:16.064] [SEVERE ] updating countdown to 44951
[23:31:16.175] [SEVERE ] updating countdown to 44840
[23:31:16.284] [SEVERE ] updating countdown to 44731
[23:31:16.391] [SEVERE ] updating countdown to 44624
[23:31:16.500] [SEVERE ] updating countdown to 44515
[23:31:16.610] [SEVERE ] updating countdown to 44405
[23:31:16.713] [SEVERE ] updating countdown to 44302
[23:31:16.816] [SEVERE ] updating countdown to 44199
[23:31:16.927] [SEVERE ] updating countdown to 44088
[23:31:17.036] [SEVERE ] updating countdown to 43979
[23:31:17.147] [SEVERE ] updating countdown to 43868
[23:31:17.257] [SEVERE ] updating countdown to 43758
[23:31:17.370] [SEVERE ] updating countdown to 43645
[23:31:17.478] [SEVERE ] updating countdown to 43537
[23:31:17.580] [SEVERE ] updating countdown to 43435
[23:31:17.690] [SEVERE ] updating countdown to 43325
[23:31:17.801] [SEVERE ] updating countdown to 43214
[23:31:17.913] [SEVERE ] updating countdown to 43102
[23:31:18.020] [SEVERE ] updating countdown to 42995
[23:31:18.130] [SEVERE ] updating countdown to 42885
[23:31:18.241] [SEVERE ] updating countdown to 42774
[23:31:18.355] [SEVERE ] updating countdown to 42660
[23:31:18.466] [SEVERE ] updating countdown to 42549
[23:31:18.576] [SEVERE ] updating countdown to 42439
[23:31:18.688] [SEVERE ] updating countdown to 42327
[23:31:18.798] [SEVERE ] updating countdown to 42217
[23:31:18.908] [SEVERE ] updating countdown to 42107
[23:31:19.018] [SEVERE ] updating countdown to 41997
[23:31:19.128] [SEVERE ] updating countdown to 41887
[23:31:19.238] [SEVERE ] updating countdown to 41777
[23:31:19.349] [SEVERE ] updating countdown to 41666
[23:31:19.459] [SEVERE ] updating countdown to 41556
[23:31:19.569] [SEVERE ] updating countdown to 41446
[23:31:19.679] [SEVERE ] updating countdown to 41336
[23:31:19.789] [SEVERE ] updating countdown to 41226
[23:31:19.890] [SEVERE ] updating countdown to 41125
[23:31:19.994] [SEVERE ] updating countdown to 41021
[23:31:20.105] [SEVERE ] updating countdown to 40910
[23:31:20.207] [SEVERE ] updating countdown to 40808
[23:31:20.321] [SEVERE ] updating countdown to 40694
[23:31:20.432] [SEVERE ] updating countdown to 40583
[23:31:20.544] [SEVERE ] updating countdown to 40471
[23:31:20.654] [SEVERE ] updating countdown to 40361
[23:31:20.768] [SEVERE ] updating countdown to 40247
[23:31:20.877] [SEVERE ] updating countdown to 40138
[23:31:21.007] [SEVERE ] updating countdown to 40008
[23:31:21.112] [SEVERE ] updating countdown to 39903
[23:31:21.224] [SEVERE ] updating countdown to 39791
[23:31:21.337] [SEVERE ] updating countdown to 39678
[23:31:21.442] [SEVERE ] updating countdown to 39573
[23:31:21.554] [SEVERE ] updating countdown to 39461
[23:31:21.664] [SEVERE ] updating countdown to 39351
[23:31:21.776] [SEVERE ] updating countdown to 39239
[23:31:21.887] [SEVERE ] updating countdown to 39128
[23:31:21.997] [SEVERE ] updating countdown to 39018
[23:31:22.108] [SEVERE ] updating countdown to 38907
[23:31:22.220] [SEVERE ] updating countdown to 38795
[23:31:22.330] [SEVERE ] updating countdown to 38685
[23:31:22.440] [SEVERE ] updating countdown to 38575
[23:31:22.551] [SEVERE ] updating countdown to 38464
[23:31:22.660] [SEVERE ] updating countdown to 38355
[23:31:22.770] [SEVERE ] updating countdown to 38245
[23:31:22.878] [SEVERE ] updating countdown to 38137
[23:31:22.988] [SEVERE ] updating countdown to 38027
[23:31:23.097] [SEVERE ] updating countdown to 37918
[23:31:23.207] [SEVERE ] updating countdown to 37808
[23:31:23.318] [SEVERE ] updating countdown to 37697
[23:31:23.429] [SEVERE ] updating countdown to 37586
[23:31:23.540] [SEVERE ] updating countdown to 37475
[23:31:23.650] [SEVERE ] updating countdown to 37365
[23:31:23.761] [SEVERE ] updating countdown to 37254
[23:31:23.872] [SEVERE ] updating countdown to 37143
[23:31:23.982] [SEVERE ] updating countdown to 37033
[23:31:24.091] [SEVERE ] updating countdown to 36924
[23:31:24.202] [SEVERE ] updating countdown to 36813
[23:31:24.313] [SEVERE ] updating countdown to 36702
[23:31:24.423] [SEVERE ] updating countdown to 36592
[23:31:24.534] [SEVERE ] updating countdown to 36481
[23:31:24.644] [SEVERE ] updating countdown to 36371
[23:31:24.755] [SEVERE ] updating countdown to 36260
[23:31:24.866] [SEVERE ] updating countdown to 36149
[23:31:24.976] [SEVERE ] updating countdown to 36039
[23:31:25.087] [SEVERE ] updating countdown to 35928
[23:31:25.200] [SEVERE ] updating countdown to 35815
[23:31:25.314] [SEVERE ] updating countdown to 35701
[23:31:25.424] [SEVERE ] updating countdown to 35591
[23:31:25.534] [SEVERE ] updating countdown to 35481
[23:31:25.644] [SEVERE ] updating countdown to 35371
[23:31:25.754] [SEVERE ] updating countdown to 35261
[23:31:25.865] [SEVERE ] updating countdown to 35150
[23:31:25.982] [SEVERE ] updating countdown to 35033
[23:31:26.092] [SEVERE ] updating countdown to 34923
[23:31:26.202] [SEVERE ] updating countdown to 34813
[23:31:26.313] [SEVERE ] updating countdown to 34702
[23:31:26.423] [SEVERE ] updating countdown to 34592
[23:31:26.533] [SEVERE ] updating countdown to 34482
[23:31:26.644] [SEVERE ] updating countdown to 34371
[23:31:26.755] [SEVERE ] updating countdown to 34260
[23:31:26.866] [SEVERE ] updating countdown to 34149
[23:31:26.976] [SEVERE ] updating countdown to 34039
[23:31:27.087] [SEVERE ] updating countdown to 33928
[23:31:27.197] [SEVERE ] updating countdown to 33818
[23:31:27.311] [SEVERE ] updating countdown to 33704
[23:31:27.421] [SEVERE ] updating countdown to 33594
[23:31:27.532] [SEVERE ] updating countdown to 33483
[23:31:27.642] [SEVERE ] updating countdown to 33373
[23:31:27.752] [SEVERE ] updating countdown to 33263
[23:31:27.863] [SEVERE ] updating countdown to 33152
[23:31:27.972] [SEVERE ] updating countdown to 33043
[23:31:28.087] [SEVERE ] updating countdown to 32928
[23:31:28.199] [SEVERE ] updating countdown to 32816
[23:31:28.311] [SEVERE ] updating countdown to 32704
[23:31:28.422] [SEVERE ] updating countdown to 32593
[23:31:28.533] [SEVERE ] updating countdown to 32482
[23:31:28.647] [SEVERE ] updating countdown to 32368
[23:31:28.762] [SEVERE ] updating countdown to 32253
[23:31:28.873] [SEVERE ] updating countdown to 32142
[23:31:28.983] [SEVERE ] updating countdown to 32032
[23:31:29.093] [SEVERE ] updating countdown to 31922
[23:31:29.203] [SEVERE ] updating countdown to 31812
[23:31:29.306] [SEVERE ] updating countdown to 31709
[23:31:29.417] [SEVERE ] updating countdown to 31598
[23:31:29.522] [SEVERE ] updating countdown to 31493
[23:31:29.646] [SEVERE ] updating countdown to 31369
[23:31:29.758] [SEVERE ] updating countdown to 31257
[23:31:29.868] [SEVERE ] updating countdown to 31147
[23:31:29.979] [SEVERE ] updating countdown to 31036
[23:31:30.089] [SEVERE ] updating countdown to 30926
[23:31:30.201] [SEVERE ] updating countdown to 30814
[23:31:30.312] [SEVERE ] updating countdown to 30703
[23:31:30.427] [SEVERE ] updating countdown to 30588
[23:31:30.539] [SEVERE ] updating countdown to 30476
[23:31:30.649] [SEVERE ] updating countdown to 30366
[23:31:30.762] [SEVERE ] updating countdown to 30253
[23:31:30.871] [SEVERE ] updating countdown to 30144
[23:31:30.981] [SEVERE ] updating countdown to 30034
[23:31:31.092] [SEVERE ] updating countdown to 29923
[23:31:31.201] [SEVERE ] updating countdown to 29814
[23:31:31.313] [SEVERE ] updating countdown to 29702
[23:31:31.423] [SEVERE ] updating countdown to 29592
[23:31:31.534] [SEVERE ] updating countdown to 29481
[23:31:31.646] [SEVERE ] updating countdown to 29369
[23:31:31.750] [SEVERE ] updating countdown to 29265
[23:31:31.861] [SEVERE ] updating countdown to 29154
[23:31:31.971] [SEVERE ] updating countdown to 29044
[23:31:32.083] [SEVERE ] updating countdown to 28932
[23:31:32.193] [SEVERE ] updating countdown to 28822
[23:31:32.302] [SEVERE ] updating countdown to 28713
[23:31:32.416] [SEVERE ] updating countdown to 28599
[23:31:32.526] [SEVERE ] updating countdown to 28489
[23:31:32.637] [SEVERE ] updating countdown to 28378
[23:31:32.747] [SEVERE ] updating countdown to 28268
[23:31:32.859] [SEVERE ] updating countdown to 28156
[23:31:32.969] [SEVERE ] updating countdown to 28046
[23:31:33.079] [SEVERE ] updating countdown to 27936
[23:31:33.188] [SEVERE ] updating countdown to 27827
[23:31:33.301] [SEVERE ] updating countdown to 27714
[23:31:33.413] [SEVERE ] updating countdown to 27602
[23:31:33.524] [SEVERE ] updating countdown to 27491
[23:31:33.634] [SEVERE ] updating countdown to 27381
[23:31:33.744] [SEVERE ] updating countdown to 27271
[23:31:33.854] [SEVERE ] updating countdown to 27161
[23:31:33.964] [SEVERE ] updating countdown to 27051
[23:31:34.074] [SEVERE ] updating countdown to 26941
[23:31:34.187] [SEVERE ] updating countdown to 26828
[23:31:34.298] [SEVERE ] updating countdown to 26717
[23:31:34.408] [SEVERE ] updating countdown to 26607
[23:31:34.522] [SEVERE ] updating countdown to 26493
[23:31:34.637] [SEVERE ] updating countdown to 26378
[23:31:34.747] [SEVERE ] updating countdown to 26268
[23:31:34.859] [SEVERE ] updating countdown to 26156
[23:31:34.972] [SEVERE ] updating countdown to 26043
[23:31:35.082] [SEVERE ] updating countdown to 25933
[23:31:35.193] [SEVERE ] updating countdown to 25822
[23:31:35.303] [SEVERE ] updating countdown to 25712
[23:31:35.413] [SEVERE ] updating countdown to 25602
[23:31:35.525] [SEVERE ] updating countdown to 25490
[23:31:35.626] [SEVERE ] updating countdown to 25389
[23:31:35.730] [SEVERE ] updating countdown to 25285
[23:31:35.839] [SEVERE ] updating countdown to 25176
[23:31:35.949] [SEVERE ] updating countdown to 25066
[23:31:36.064] [SEVERE ] updating countdown to 24951
[23:31:36.174] [SEVERE ] updating countdown to 24841
[23:31:36.284] [SEVERE ] updating countdown to 24731
[23:31:36.394] [SEVERE ] updating countdown to 24621
[23:31:36.504] [SEVERE ] updating countdown to 24511
[23:31:36.615] [SEVERE ] updating countdown to 24400
[23:31:36.725] [SEVERE ] updating countdown to 24290
[23:31:36.836] [SEVERE ] updating countdown to 24179
[23:31:36.946] [SEVERE ] updating countdown to 24069
[23:31:37.057] [SEVERE ] updating countdown to 23958
[23:31:37.160] [SEVERE ] updating countdown to 23855
[23:31:37.266] [SEVERE ] updating countdown to 23749
[23:31:37.377] [SEVERE ] updating countdown to 23638
[23:31:37.489] [SEVERE ] updating countdown to 23526
[23:31:37.599] [SEVERE ] updating countdown to 23416
[23:31:37.700] [SEVERE ] updating countdown to 23315
[23:31:37.809] [SEVERE ] updating countdown to 23206
[23:31:37.921] [SEVERE ] updating countdown to 23094
[23:31:38.023] [SEVERE ] updating countdown to 22992
[23:31:38.141] [SEVERE ] updating countdown to 22874
[23:31:38.243] [SEVERE ] updating countdown to 22772
[23:31:38.353] [SEVERE ] updating countdown to 22662
[23:31:38.458] [SEVERE ] updating countdown to 22557
[23:31:38.559] [SEVERE ] updating countdown to 22456
[23:31:38.675] [SEVERE ] updating countdown to 22340
[23:31:38.783] [SEVERE ] updating countdown to 22232
[23:31:38.893] [SEVERE ] updating countdown to 22122
[23:31:39.019] [SEVERE ] updating countdown to 21996
[23:31:39.121] [SEVERE ] updating countdown to 21894
[23:31:39.238] [SEVERE ] updating countdown to 21777
[23:31:39.343] [SEVERE ] updating countdown to 21672
[23:31:39.454] [SEVERE ] updating countdown to 21561
[23:31:39.555] [SEVERE ] updating countdown to 21460
[23:31:39.657] [SEVERE ] updating countdown to 21358
[23:31:39.771] [SEVERE ] updating countdown to 21244
[23:31:39.879] [SEVERE ] updating countdown to 21136
[23:31:39.992] [SEVERE ] updating countdown to 21023
[23:31:40.105] [SEVERE ] updating countdown to 20910
[23:31:40.217] [SEVERE ] updating countdown to 20798
[23:31:40.332] [SEVERE ] updating countdown to 20683
[23:31:40.443] [SEVERE ] updating countdown to 20572
[23:31:40.552] [SEVERE ] updating countdown to 20463
[23:31:40.661] [SEVERE ] updating countdown to 20354
[23:31:40.771] [SEVERE ] updating countdown to 20244
[23:31:40.876] [SEVERE ] updating countdown to 20139
[23:31:40.987] [SEVERE ] updating countdown to 20028
[23:31:41.094] [SEVERE ] updating countdown to 19921
[23:31:41.217] [SEVERE ] updating countdown to 19798
[23:31:41.332] [SEVERE ] updating countdown to 19683
[23:31:41.433] [SEVERE ] updating countdown to 19582
[23:31:41.537] [SEVERE ] updating countdown to 19478
[23:31:41.648] [SEVERE ] updating countdown to 19367
[23:31:41.761] [SEVERE ] updating countdown to 19254
[23:31:41.862] [SEVERE ] updating countdown to 19153
[23:31:41.970] [SEVERE ] updating countdown to 19045
[23:31:42.072] [SEVERE ] updating countdown to 18943
[23:31:42.175] [SEVERE ] updating countdown to 18840
[23:31:42.291] [SEVERE ] updating countdown to 18724
[23:31:42.397] [SEVERE ] updating countdown to 18618
[23:31:42.511] [SEVERE ] updating countdown to 18504
[23:31:42.624] [SEVERE ] updating countdown to 18391
[23:31:42.735] [SEVERE ] updating countdown to 18280
[23:31:42.840] [SEVERE ] updating countdown to 18175
[23:31:42.953] [SEVERE ] updating countdown to 18062
[23:31:43.059] [SEVERE ] updating countdown to 17956
[23:31:43.196] [SEVERE ] updating countdown to 17819
[23:31:43.301] [SEVERE ] updating countdown to 17714
[23:31:43.415] [SEVERE ] updating countdown to 17600
[23:31:43.534] [SEVERE ] updating countdown to 17481
[23:31:43.639] [SEVERE ] updating countdown to 17376
[23:31:43.742] [SEVERE ] updating countdown to 17273
[23:31:43.851] [SEVERE ] updating countdown to 17164
[23:31:43.961] [SEVERE ] updating countdown to 17054
[23:31:44.063] [SEVERE ] updating countdown to 16952
[23:31:44.177] [SEVERE ] updating countdown to 16838
[23:31:44.289] [SEVERE ] updating countdown to 16726
[23:31:44.405] [SEVERE ] updating countdown to 16610
[23:31:44.514] [SEVERE ] updating countdown to 16501
[23:31:44.614] [SEVERE ] updating countdown to 16401
[23:31:44.723] [SEVERE ] updating countdown to 16292
[23:31:44.831] [SEVERE ] updating countdown to 16184
[23:31:44.940] [SEVERE ] updating countdown to 16075
[23:31:45.058] [SEVERE ] updating countdown to 15957
[23:31:45.168] [SEVERE ] updating countdown to 15847
[23:31:45.279] [SEVERE ] updating countdown to 15736
[23:31:45.394] [SEVERE ] updating countdown to 15621
[23:31:45.502] [SEVERE ] updating countdown to 15513
[23:31:45.611] [SEVERE ] updating countdown to 15404
[23:31:45.719] [SEVERE ] updating countdown to 15296
[23:31:45.830] [SEVERE ] updating countdown to 15185
[23:31:45.935] [SEVERE ] updating countdown to 15080
[23:31:46.039] [SEVERE ] updating countdown to 14976
[23:31:46.142] [SEVERE ] updating countdown to 14873
[23:31:46.258] [SEVERE ] updating countdown to 14757
[23:31:46.365] [SEVERE ] updating countdown to 14650
[23:31:46.478] [SEVERE ] updating countdown to 14537
[23:31:46.592] [SEVERE ] updating countdown to 14423
[23:31:46.698] [SEVERE ] updating countdown to 14317
[23:31:46.801] [SEVERE ] updating countdown to 14214
[23:31:46.910] [SEVERE ] updating countdown to 14105
[23:31:47.012] [SEVERE ] updating countdown to 14003
[23:31:47.127] [SEVERE ] updating countdown to 13888
[23:31:47.237] [SEVERE ] updating countdown to 13778
[23:31:47.349] [SEVERE ] updating countdown to 13666
[23:31:47.451] [SEVERE ] updating countdown to 13564
[23:31:47.563] [SEVERE ] updating countdown to 13452
[23:31:47.667] [SEVERE ] updating countdown to 13348
[23:31:47.782] [SEVERE ] updating countdown to 13233
[23:31:47.894] [SEVERE ] updating countdown to 13121
[23:31:48.008] [SEVERE ] updating countdown to 13007
[23:31:48.117] [SEVERE ] updating countdown to 12898
[23:31:48.226] [SEVERE ] updating countdown to 12789
[23:31:48.355] [SEVERE ] updating countdown to 12660
[23:31:48.464] [SEVERE ] updating countdown to 12551
[23:31:48.575] [SEVERE ] updating countdown to 12440
[23:31:48.693] [SEVERE ] updating countdown to 12322
[23:31:48.805] [SEVERE ] updating countdown to 12210
[23:31:48.915] [SEVERE ] updating countdown to 12100
[23:31:49.026] [SEVERE ] updating countdown to 11989
[23:31:49.139] [SEVERE ] updating countdown to 11876
[23:31:49.264] [SEVERE ] updating countdown to 11751
[23:31:49.371] [SEVERE ] updating countdown to 11644
[23:31:49.486] [SEVERE ] updating countdown to 11529
[23:31:49.591] [SEVERE ] updating countdown to 11424
[23:31:49.701] [SEVERE ] updating countdown to 11314
[23:31:49.816] [SEVERE ] updating countdown to 11199
[23:31:49.923] [SEVERE ] updating countdown to 11092
[23:31:50.029] [SEVERE ] updating countdown to 10986
[23:31:50.143] [SEVERE ] updating countdown to 10872
[23:31:50.255] [SEVERE ] updating countdown to 10760
[23:31:50.366] [SEVERE ] updating countdown to 10649
[23:31:50.477] [SEVERE ] updating countdown to 10538
[23:31:50.588] [SEVERE ] updating countdown to 10427
[23:31:50.699] [SEVERE ] updating countdown to 10316
[23:31:50.814] [SEVERE ] updating countdown to 10201
[23:31:50.926] [SEVERE ] updating countdown to 10089
[23:31:51.037] [SEVERE ] updating countdown to 9978
[23:31:51.144] [SEVERE ] updating countdown to 9871
[23:31:51.255] [SEVERE ] updating countdown to 9760
[23:31:51.366] [SEVERE ] updating countdown to 9649
[23:31:51.480] [SEVERE ] updating countdown to 9535
[23:31:51.594] [SEVERE ] updating countdown to 9421
[23:31:51.704] [SEVERE ] updating countdown to 9311
[23:31:51.815] [SEVERE ] updating countdown to 9200
[23:31:51.926] [SEVERE ] updating countdown to 9089
[23:31:52.030] [SEVERE ] updating countdown to 8985
[23:31:52.140] [SEVERE ] updating countdown to 8875
[23:31:52.243] [SEVERE ] updating countdown to 8772
[23:31:52.350] [SEVERE ] updating countdown to 8665
[23:31:52.459] [SEVERE ] updating countdown to 8556
[23:31:52.563] [SEVERE ] updating countdown to 8452
[23:31:52.674] [SEVERE ] updating countdown to 8341
[23:31:52.782] [SEVERE ] updating countdown to 8233
[23:31:52.892] [SEVERE ] updating countdown to 8123
[23:31:53.006] [SEVERE ] updating countdown to 8009
[23:31:53.111] [SEVERE ] updating countdown to 7904
[23:31:53.217] [SEVERE ] updating countdown to 7798
[23:31:53.325] [SEVERE ] updating countdown to 7690
[23:31:53.436] [SEVERE ] updating countdown to 7579
[23:31:53.539] [SEVERE ] updating countdown to 7476
[23:31:53.649] [SEVERE ] updating countdown to 7366
[23:31:53.768] [SEVERE ] updating countdown to 7247
[23:31:53.891] [SEVERE ] updating countdown to 7124
[23:31:53.993] [SEVERE ] updating countdown to 7022
[23:31:54.109] [SEVERE ] updating countdown to 6906
[23:31:54.222] [SEVERE ] updating countdown to 6793
[23:31:54.333] [SEVERE ] updating countdown to 6682
[23:31:54.446] [SEVERE ] updating countdown to 6569
[23:31:54.554] [SEVERE ] updating countdown to 6461
[23:31:54.664] [SEVERE ] updating countdown to 6351
[23:31:54.776] [SEVERE ] updating countdown to 6239
[23:31:54.890] [SEVERE ] updating countdown to 6125
[23:31:54.991] [SEVERE ] updating countdown to 6024
[23:31:55.101] [SEVERE ] updating countdown to 5914
[23:31:55.202] [SEVERE ] updating countdown to 5813
[23:31:55.305] [SEVERE ] updating countdown to 5710
[23:31:55.416] [SEVERE ] updating countdown to 5599
[23:31:55.529] [SEVERE ] updating countdown to 5486
[23:31:55.640] [SEVERE ] updating countdown to 5375
[23:31:55.751] [SEVERE ] updating countdown to 5264
[23:31:55.869] [SEVERE ] updating countdown to 5146
[23:31:55.971] [SEVERE ] updating countdown to 5044
[23:32:01.019] [SEVERE ] removing all tokens
[23:32:01.128] [SEVERE ] placing card 58 in slot 0
[23:32:01.240] [SEVERE ] placing card 48 in slot 1
[23:32:01.350] [SEVERE ] placing card 80 in slot 2
[23:32:01.459] [SEVERE ] placing card 34 in slot 3
[23:32:01.570] [SEVERE ] placing card 41 in slot 4
[23:32:01.681] [SEVERE ] placing card 18 in slot 5
[23:32:01.791] [SEVERE ] placing card 57 in slot 6
[23:32:01.903] [SEVERE ] placing card 70 in slot 7
[23:32:02.008] [SEVERE ] placing card 64 in slot 8
[23:32:02.112] [SEVERE ] placing card 22 in slot 9
[23:32:02.227] [SEVERE ] placing card 25 in slot 10
[23:32:02.329] [SEVERE ] placing card 36 in slot 11
[23:32:02.329] [SEVERE ] updating countdown to 60000
[23:32:02.452] [SEVERE ] updating countdown to 59877
[23:32:02.564] [SEVERE ] updating countdown to 59765
[23:32:02.676] [SEVERE ] updating countdown to 59653
[23:32:02.787] [SEVERE ] updating countdown to 59542
[23:32:02.893] [SEVERE ] updating countdown to 59436
[23:32:03.003] [SEVERE ] updating countdown to 59326
[23:32:03.118] [SEVERE ] updating countdown to 59211
[23:32:03.220] [SEVERE ] updating countdown to 59109
[23:32:03.321] [SEVERE ] updating countdown to 59008
[23:32:03.438] [SEVERE ] updating countdown to 58891
[23:32:03.541] [SEVERE ] updating countdown to 58788
[23:32:03.650] [SEVERE ] updating countdown to 58679
[23:32:03.760] [SEVERE ] updating countdown to 58569
[23:32:03.870] [SEVERE ] updating countdown to 58459
[23:32:03.980] [SEVERE ] updating countdown to 58349
[23:32:04.090] [SEVERE ] updating countdown to 58239
[23:32:04.200] [SEVERE ] updating countdown to 58129
[23:32:04.316] [SEVERE ] updating countdown to 58013
[23:32:04.430] [SEVERE ] updating countdown to 57899
[23:32:04.535] [SEVERE ] updating countdown to 57794
[23:32:04.645] [SEVERE ] updating countdown to 57684
[23:32:04.755] [SEVERE ] updating countdown to 57574
[23:32:04.872] [SEVERE ] updating countdown to 57457
[23:32:04.982] [SEVERE ] updating countdown to 57347
[23:32:05.093] [SEVERE ] updating countdown to 57236
[23:32:05.203] [SEVERE ] updating countdown to 57126
[23:32:05.312] [SEVERE ] updating countdown to 57017
[23:32:05.422] [SEVERE ] updating countdown to 56907
[23:32:05.533] [SEVERE ] updating countdown to 56796
[23:32:05.644] [SEVERE ] updating countdown to 56685
[23:32:05.753] [SEVERE ] updating countdown to 56576
[23:32:05.864] [SEVERE ] updating countdown to 56465
[23:32:05.975] [SEVERE ] updating countdown to 56354
[23:32:06.085] [SEVERE ] updating countdown to 56244
[23:32:06.196] [SEVERE ] updating countdown to 56133
[23:32:06.316] [SEVERE ] updating countdown to 56013
[23:32:06.427] [SEVERE ] updating countdown to 55902
[23:32:06.533] [SEVERE ] updating countdown to 55796
[23:32:06.636] [SEVERE ] updating countdown to 55693
[23:32:06.737] [SEVERE ] updating countdown to 55592
[23:32:06.852] [SEVERE ] updating countdown to 55477
[23:32:06.954] [SEVERE ] updating countdown to 55375
[23:32:07.064] [SEVERE ] updating countdown to 55265
[23:32:07.174] [SEVERE ] updating countdown to 55155
[23:32:07.283] [SEVERE ] updating countdown to 55046
[23:32:07.393] [SEVERE ] updating countdown to 54936
[23:32:07.503] [SEVERE ] updating countdown to 54826
[23:32:07.613] [SEVERE ] updating countdown to 54716
[23:32:07.724] [SEVERE ] updating countdown to 54605
[23:32:07.834] [SEVERE ] updating countdown to 54495
[23:32:07.944] [SEVERE ] updating countdown to 54385
[23:32:08.054] [SEVERE ] updating countdown to 54275
[23:32:08.164] [SEVERE ] updating countdown to 54165
[23:32:08.275] [SEVERE ] updating countdown to 54054
[23:32:08.384] [SEVERE ] updating countdown to 53945
[23:32:08.496] [SEVERE ] updating countdown to 53833
[23:32:08.608] [SEVERE ] updating countdown to 53721
[23:32:08.710] [SEVERE ] updating countdown to 53619
[23:32:08.813] [SEVERE ] updating countdown to 53516
[23:32:08.924] [SEVERE ] updating countdown to 53405
[23:32:09.028] [SEVERE ] updating countdown to 53301
[23:32:09.138] [SEVERE ] updating countdown to 53191
[23:32:09.260] [SEVERE ] updating countdown to 53069
[23:32:09.365] [SEVERE ] updating countdown to 52964
[23:32:09.475] [SEVERE ] updating countdown to 52854
[23:32:09.584] [SEVERE ] updating countdown to 52745
[23:32:09.686] [SEVERE ] updating countdown to 52643
[23:32:09.805] [SEVERE ] updating countdown to 52524
[23:32:09.921] [SEVERE ] updating countdown to 52408
[23:32:10.036] [SEVERE ] updating countdown to 52293
[23:32:10.146] [SEVERE ] updating countdown to 52183
[23:32:10.257] [SEVERE ] updating countdown to 52072
[23:32:10.357] [SEVERE ] updating countdown to 51972
[23:32:10.467] [SEVERE ] updating countdown to 51862
[23:32:10.580] [SEVERE ] updating countdown to 51749
[23:32:10.689] [SEVERE ] updating countdown to 51640
[23:32:10.802] [SEVERE ] updating countdown to 51527
[23:32:10.903] [SEVERE ] updating countdown to 51426
[23:32:11.015] [SEVERE ] updating countdown to 51314
[23:32:11.116] [SEVERE ] updating countdown to 51213
[23:32:11.220] [SEVERE ] updating countdown to 51109
[23:32:11.339] [SEVERE ] updating countdown to 50990
[23:32:11.450] [SEVERE ] updating countdown to 50879
[23:32:11.560] [SEVERE ] updating countdown to 50769
[23:32:11.674] [SEVERE ] updating countdown to 50655
[23:32:11.785] [SEVERE ] updating countdown to 50544
[23:32:11.895] [SEVERE ] updating countdown to 50434
[23:32:12.003] [SEVERE ] updating countdown to 50326
[23:32:12.113] [SEVERE ] updating countdown to 50216
[23:32:12.223] [SEVERE ] updating countdown to 50106
[23:32:12.334] [SEVERE ] updating countdown to 49995
[23:32:12.445] [SEVERE ] updating countdown to 49884
[23:32:12.556] [SEVERE ] updating countdown to 49773
[23:32:12.661] [SEVERE ] updating countdown to 49668
[23:32:12.765] [SEVERE ] updating countdown to 49564
[23:32:12.880] [SEVERE ] updating countdown to 49449
[23:32:12.981] [SEVERE ] updating countdown to 49348
[23:32:13.090] [SEVERE ] updating countdown to 49239
[23:32:13.191] [SEVERE ] updating countdown to 49138
[23:32:13.293] [SEVERE ] updating countdown to 49036
[23:32:13.407] [SEVERE ] updating countdown to 48922
[23:32:13.521] [SEVERE ] updating countdown to 48808
[23:32:13.627] [SEVERE ] updating countdown to 48702
[23:32:13.731] [SEVERE ] updating countdown to 48598
[23:32:13.843] [SEVERE ] updating countdown to 48486
[23:32:13.949] [SEVERE ] updating countdown to 48380
[23:32:14.058] [SEVERE ] updating countdown to 48271
[23:32:14.161] [SEVERE ] updating countdown to 48168
[23:32:14.275] [SEVERE ] updating countdown to 48054
[23:32:14.386] [SEVERE ] updating countdown to 47943
[23:32:14.492] [SEVERE ] updating countdown to 47837
[23:32:14.609] [SEVERE ] updating countdown to 47720
[23:32:14.720] [SEVERE ] updating countdown to 47609
[23:32:14.822] [SEVERE ] updating countdown to 47507
[23:32:14.934] [SEVERE ] updating countdown to 47395
[23:32:15.037] [SEVERE ] updating countdown to 47292
[23:32:15.140] [SEVERE ] updating countdown to 47189
[23:32:15.246] [SEVERE ] updating countdown to 47084
[23:32:15.357] [SEVERE ] updating countdown to 46972
[23:32:15.471] [SEVERE ] updating countdown to 46858
[23:32:15.582] [SEVERE ] updating countdown to 46747
[23:32:15.692] [SEVERE ] updating countdown to 46637
[23:32:15.802] [SEVERE ] updating countdown to 46527
[23:32:15.903] [SEVERE ] updating countdown to 46426
[23:32:16.006] [SEVERE ] updating countdown to 46323
[23:32:16.109] [SEVERE ] updating countdown to 46220
[23:32:16.221] [SEVERE ] updating countdown to 46108
[23:32:16.331] [SEVERE ] updating countdown to 45998
[23:32:16.435] [SEVERE ] updating countdown to 45894
[23:32:16.540] [SEVERE ] updating countdown to 45789
[23:32:16.649] [SEVERE ] updating countdown to 45680
[23:32:16.758] [SEVERE ] updating countdown to 45571
[23:32:16.869] [SEVERE ] updating countdown to 45460
[23:32:16.975] [SEVERE ] updating countdown to 45354
[23:32:17.086] [SEVERE ] updating countdown to 45243
[23:32:17.197] [SEVERE ] updating countdown to 45132
[23:32:17.302] [SEVERE ] updating countdown to 45027
[23:32:17.404] [SEVERE ] updating countdown to 44925
[23:32:17.509] [SEVERE ] updating countdown to 44820
[23:32:17.622] [SEVERE ] updating countdown to 44707
[23:32:17.732] [SEVERE ] updating countdown to 44597
[23:32:17.842] [SEVERE ] updating countdown to 44487
[23:32:17.952] [SEVERE ] updating countdown to 44377
[23:32:18.064] [SEVERE ] updating countdown to 44265
[23:32:18.174] [SEVERE ] updating countdown to 44155
[23:32:18.283] [SEVERE ] updating countdown to 44046
[23:32:18.389] [SEVERE ] updating countdown to 43940
[23:32:18.499] [SEVERE ] updating countdown to 43830
[23:32:18.610] [SEVERE ] updating countdown to 43720
[23:32:18.711] [SEVERE ] updating countdown to 43618
[23:32:18.821] [SEVERE ] updating countdown to 43508
[23:32:18.930] [SEVERE ] updating countdown to 43399
[23:32:19.040] [SEVERE ] updating countdown to 43289
[23:32:19.151] [SEVERE ] updating countdown to 43178
[23:32:19.252] [SEVERE ] updating countdown to 43077
[23:32:19.362] [SEVERE ] updating countdown to 42967
[23:32:19.473] [SEVERE ] updating countdown to 42856
[23:32:19.582] [SEVERE ] updating countdown to 42747
[23:32:19.692] [SEVERE ] updating countdown to 42637
[23:32:19.804] [SEVERE ] updating countdown to 42525
[23:32:19.913] [SEVERE ] updating countdown to 42416
[23:32:20.024] [SEVERE ] updating countdown to 42305
[23:32:20.135] [SEVERE ] updating countdown to 42194
[23:32:20.246] [SEVERE ] updating countdown to 42083
[23:32:20.353] [SEVERE ] updating countdown to 41976
[23:32:20.465] [SEVERE ] updating countdown to 41864
[23:32:20.571] [SEVERE ] updating countdown to 41758
[23:32:20.682] [SEVERE ] updating countdown to 41647
[23:32:20.797] [SEVERE ] updating countdown to 41532
[23:32:20.907] [SEVERE ] updating countdown to 41422
[23:32:21.017] [SEVERE ] updating countdown to 41312
[23:32:21.132] [SEVERE ] updating countdown to 41197
[23:32:21.241] [SEVERE ] updating countdown to 41088
[23:32:21.342] [SEVERE ] updating countdown to 40987
[23:32:21.447] [SEVERE ] updating countdown to 40882
[23:32:21.558] [SEVERE ] updating countdown to 40771
[23:32:21.668] [SEVERE ] updating countdown to 40661
[23:32:21.780] [SEVERE ] updating countdown to 40549
[23:32:21.890] [SEVERE ] updating countdown to 40439
[23:32:22.001] [SEVERE ] updating countdown to 40328
[23:32:22.102] [SEVERE ] updating countdown to 40227
[23:32:22.212] [SEVERE ] updating countdown to 40117
[23:32:22.319] [SEVERE ] updating countdown to 40010
[23:32:22.424] [SEVERE ] updating countdown to 39905
[23:32:22.540] [SEVERE ] updating countdown to 39789
[23:32:22.642] [SEVERE ] updating countdown to 39687
[23:32:22.752] [SEVERE ] updating countdown to 39577
[23:32:22.853] [SEVERE ] updating countdown to 39476
[23:32:22.969] [SEVERE ] updating countdown to 39360
[23:32:23.079] [SEVERE ] updating countdown to 39250
[23:32:23.190] [SEVERE ] updating countdown to 39139
[23:32:23.302] [SEVERE ] updating countdown to 39027
[23:32:23.402] [SEVERE ] updating countdown to 38927
[23:32:23.500] [SEVERE ] key 67 was pressed by player 1
[23:32:23.500] [SEVERE ] player 1 placing token on slot 10
[23:32:23.516] [SEVERE ] updating countdown to 38813
[23:32:23.631] [SEVERE ] updating countdown to 38698
[23:32:23.742] [SEVERE ] updating countdown to 38587
[23:32:23.850] [SEVERE ] updating countdown to 38479
[23:32:23.962] [SEVERE ] updating countdown to 38367
[23:32:24.069] [SEVERE ] updating countdown to 38260
[23:32:24.182] [SEVERE ] updating countdown to 38147
[23:32:24.283] [SEVERE ] updating countdown to 38046
[23:32:24.393] [SEVERE ] updating countdown to 37936
[23:32:24.505] [SEVERE ] updating countdown to 37824
[23:32:24.609] [SEVERE ] updating countdown to 37720
[23:32:24.717] [SEVERE ] updating countdown to 37612
[23:32:24.827] [SEVERE ] updating countdown to 37502
[23:32:24.937] [SEVERE ] updating countdown to 37392
[23:32:25.050] [SEVERE ] updating countdown to 37279
[23:32:25.160] [SEVERE ] updating countdown to 37169
[23:32:25.267] [SEVERE ] updating countdown to 37062
[23:32:25.377] [SEVERE ] updating countdown to 36952
[23:32:25.485] [SEVERE ] updating countdown to 36844
[23:32:25.588] [SEVERE ] updating countdown to 36741
[23:32:25.702] [SEVERE ] updating countdown to 36627
[23:32:25.816] [SEVERE ] updating countdown to 36513
[23:32:25.902] [SEVERE ] key 70 was pressed by player 1
[23:32:25.902] [SEVERE ] player 1 placing token on slot 7
[23:32:25.930] [SEVERE ] updating countdown to 36399
[23:32:26.032] [SEVERE ] updating countdown to 36297
[23:32:26.143] [SEVERE ] updating countdown to 36186
[23:32:26.253] [SEVERE ] updating countdown to 36076
[23:32:26.365] [SEVERE ] updating countdown to 35964
[23:32:26.466] [SEVERE ] updating countdown to 35863
[23:32:26.580] [SEVERE ] updating countdown to 35749
[23:32:26.681] [SEVERE ] updating countdown to 35648
[23:32:26.783] [SEVERE ] updating countdown to 35546
[23:32:26.893] [SEVERE ] updating countdown to 35436
[23:32:26.999] [SEVERE ] updating countdown to 35330
[23:32:27.109] [SEVERE ] updating countdown to 35220
[23:32:27.219] [SEVERE ] updating countdown to 35110
[23:32:27.330] [SEVERE ] updating countdown to 35000
[23:32:27.436] [SEVERE ] updating countdown to 34893
[23:32:27.491] [SEVERE ] key 82 was pressed by player 1
[23:32:27.491] [SEVERE ] player 1 placing token on slot 3
[23:32:27.549] [SEVERE ] updating countdown to 34780
[23:32:27.550] [SEVERE ] removing all tokens
[23:32:27.665] [SEVERE ] removing card from slot 3
[23:32:27.666] [SEVERE ] removing all tokens
[23:32:27.767] [SEVERE ] removing card from slot 7
[23:32:27.767] [SEVERE ] removing all tokens
[23:32:27.883] [SEVERE ] removing card from slot 10
[23:32:27.990] [SEVERE ] placing card 39 in slot 3
[23:32:28.099] [SEVERE ] placing card 56 in slot 7
[23:32:28.215] [SEVERE ] placing card 32 in slot 10
[23:32:28.215] [SEVERE ] setting player 1 score to 1
[23:32:28.327] [SEVERE ] updating countdown to 34002
[23:32:28.437] [SEVERE ] updating countdown to 33892
[23:32:28.544] [SEVERE ] updating countdown to 33785
[23:32:28.659] [SEVERE ] updating countdown to 33670
[23:32:28.782] [SEVERE ] updating countdown to 33547
[23:32:28.884] [SEVERE ] updating countdown to 33445
[23:32:28.988] [SEVERE ] updating countdown to 33341
[23:32:29.102] [SEVERE ] updating countdown to 33227
[23:32:29.206] [SEVERE ] updating countdown to 33123
[23:32:29.312] [SEVERE ] updating countdown to 33017
[23:32:29.419] [SEVERE ] updating countdown to 32910
[23:32:29.525] [SEVERE ] updating countdown to 32804
[23:32:29.629] [SEVERE ] updating countdown to 32700
[23:32:29.738] [SEVERE ] updating countdown to 32591
[23:32:29.849] [SEVERE ] updating countdown to 32480
[23:32:29.960] [SEVERE ] updating countdown to 32369
[23:32:30.061] [SEVERE ] updating countdown to 32268
[23:32:30.171] [SEVERE ] updating countdown to 32158
[23:32:30.273] [SEVERE ] updating countdown to 32056
[23:32:30.382] [SEVERE ] updating countdown to 31947
[23:32:30.499] [SEVERE ] updating countdown to 31830
[23:32:30.601] [SEVERE ] updating countdown to 31728
[23:32:30.711] [SEVERE ] updating countdown to 31618
[23:32:30.822] [SEVERE ] updating countdown to 31507
[23:32:30.928] [SEVERE ] updating countdown to 31401
[23:32:31.051] [SEVERE ] updating countdown to 31278
[23:32:31.163] [SEVERE ] updating countdown to 31166
[23:32:31.271] [SEVERE ] updating countdown to 31058
[23:32:31.382] [SEVERE ] updating countdown to 30947
[23:32:31.493] [SEVERE ] updating countdown to 30836
[23:32:31.612] [SEVERE ] updating countdown to 30717
[23:32:31.719] [SEVERE ] updating countdown to 30610
[23:32:31.830] [SEVERE ] updating countdown to 30499
[23:32:31.931] [SEVERE ] updating countdown to 30398
[23:32:32.040] [SEVERE ] updating countdown to 30289
[23:32:32.142] [SEVERE ] updating countdown to 30187
[23:32:32.243] [SEVERE ] updating countdown to 30086
[23:32:32.349] [SEVERE ] updating countdown to 29980
[23:32:32.462] [SEVERE ] updating countdown to 29867
[23:32:32.563] [SEVERE ] updating countdown to 29766
[23:32:32.668] [SEVERE ] updating countdown to 29661
[23:32:32.782] [SEVERE ] updating countdown to 29547
[23:32:32.884] [SEVERE ] updating countdown to 29445
[23:32:32.998] [SEVERE ] updating countdown to 29331
[23:32:33.110] [SEVERE ] updating countdown to 29219
[23:32:33.224] [SEVERE ] updating countdown to 29105
[23:32:33.336] [SEVERE ] updating countdown to 28993
[23:32:33.441] [SEVERE ] updating countdown to 28888
[23:32:33.548] [SEVERE ] updating countdown to 28781
[23:32:33.665] [SEVERE ] updating countdown to 28664
[23:32:33.778] [SEVERE ] updating countdown to 28551
[23:32:33.880] [SEVERE ] updating countdown to 28449
[23:32:33.994] [SEVERE ] updating countdown to 28335
[23:32:34.095] [SEVERE ] updating countdown to 28234
[23:32:34.203] [SEVERE ] updating countdown to 28126
[23:32:34.315] [SEVERE ] updating countdown to 28014
[23:32:34.426] [SEVERE ] updating countdown to 27903
[23:32:34.537] [SEVERE ] updating countdown to 27792
[23:32:34.654] [SEVERE ] updating countdown to 27675
[23:32:34.767] [SEVERE ] updating countdown to 27562
[23:32:34.869] [SEVERE ] updating countdown to 27460
[23:32:34.978] [SEVERE ] updating countdown to 27351
[23:32:35.081] [SEVERE ] updating countdown to 27248
[23:32:35.191] [SEVERE ] updating countdown to 27138
[23:32:35.298] [SEVERE ] updating countdown to 27031
[23:32:35.406] [SEVERE ] updating countdown to 26923
[23:32:35.513] [SEVERE ] updating countdown to 26816
[23:32:35.615] [SEVERE ] updating countdown to 26714
[23:32:35.727] [SEVERE ] updating countdown to 26602
[23:32:35.843] [SEVERE ] updating countdown to 26486
[23:32:35.955] [SEVERE ] updating countdown to 26374
[23:32:36.069] [SEVERE ] updating countdown to 26260
[23:32:36.183] [SEVERE ] updating countdown to 26146
[23:32:36.293] [SEVERE ] updating countdown to 26036
[23:32:36.396] [SEVERE ] updating countdown to 25933
[23:32:36.504] [SEVERE ] updating countdown to 25825
[23:32:36.613] [SEVERE ] updating countdown to 25716
[23:32:36.721] [SEVERE ] updating countdown to 25608
[23:32:36.834] [SEVERE ] updating countdown to 25495
[23:32:36.941] [SEVERE ] updating countdown to 25388
[23:32:37.045] [SEVERE ] updating countdown to 25284
[23:32:37.156] [SEVERE ] updating countdown to 25173
[23:32:37.256] [SEVERE ] updating countdown to 25073
[23:32:37.366] [SEVERE ] updating countdown to 24963
[23:32:37.471] [SEVERE ] updating countdown to 24858
[23:32:37.576] [SEVERE ] updating countdown to 24753
[23:32:37.687] [SEVERE ] updating countdown to 24642
[23:32:37.790] [SEVERE ] updating countdown to 24539
[23:32:37.893] [SEVERE ] updating countdown to 24436
[23:32:37.997] [SEVERE ] updating countdown to 24332
[23:32:38.109] [SEVERE ] updating countdown to 24220
[23:32:38.220] [SEVERE ] updating countdown to 24109
[23:32:38.330] [SEVERE ] updating countdown to 23999
[23:32:38.438] [SEVERE ] updating countdown to 23891
[23:32:38.557] [SEVERE ] updating countdown to 23772
[23:32:38.659] [SEVERE ] updating countdown to 23670
[23:32:38.766] [SEVERE ] updating countdown to 23563
[23:32:38.877] [SEVERE ] updating countdown to 23452
[23:32:38.980] [SEVERE ] updating countdown to 23349
[23:32:39.084] [SEVERE ] updating countdown to 23245
[23:32:39.186] [SEVERE ] updating countdown to 23143
[23:32:39.297] [SEVERE ] updating countdown to 23032
[23:32:39.399] [SEVERE ] updating countdown to 22930
[23:32:39.505] [SEVERE ] updating countdown to 22824
[23:32:39.614] [SEVERE ] updating countdown to 22715
[23:32:39.728] [SEVERE ] updating countdown to 22601
[23:32:39.847] [SEVERE ] updating countdown to 22482
[23:32:39.949] [SEVERE ] updating countdown to 22380
[23:32:40.053] [SEVERE ] updating countdown to 22276
[23:32:40.156] [SEVERE ] updating countdown to 22173
[23:32:40.260] [SEVERE ] updating countdown to 22069
[23:32:40.364] [SEVERE ] updating countdown to 21965
[23:32:40.478] [SEVERE ] updating countdown to 21851
[23:32:40.596] [SEVERE ] updating countdown to 21733
[23:32:40.700] [SEVERE ] updating countdown to 21629
[23:32:40.811] [SEVERE ] updating countdown to 21518
[23:32:40.912] [SEVERE ] updating countdown to 21417
[23:32:41.014] [SEVERE ] updating countdown to 21315
[23:32:41.124] [SEVERE ] updating countdown to 21205
[23:32:41.238] [SEVERE ] updating countdown to 21091
[23:32:41.345] [SEVERE ] updating countdown to 20984
[23:32:41.456] [SEVERE ] updating countdown to 20873
[23:32:41.567] [SEVERE ] updating countdown to 20762
[23:32:41.679] [SEVERE ] updating countdown to 20650
[23:32:41.784] [SEVERE ] updating countdown to 20545
[23:32:41.895] [SEVERE ] updating countdown to 20434
[23:32:42.006] [SEVERE ] updating countdown to 20323
[23:32:42.123] [SEVERE ] updating countdown to 20206
[23:32:42.235] [SEVERE ] updating countdown to 20094
[23:32:42.341] [SEVERE ] updating countdown to 19988
[23:32:42.447] [SEVERE ] updating countdown to 19882
[23:32:42.558] [SEVERE ] updating countdown to 19771
[23:32:42.658] [SEVERE ] updating countdown to 19671
[23:32:42.769] [SEVERE ] updating countdown to 19560
[23:32:42.881] [SEVERE ] updating countdown to 19448
[23:32:42.991] [SEVERE ] updating countdown to 19338
[23:32:43.094] [SEVERE ] updating countdown to 19235
[23:32:43.206] [SEVERE ] updating countdown to 19123
[23:32:43.316] [SEVERE ] updating countdown to 19013
[23:32:43.423] [SEVERE ] updating countdown to 18906
[23:32:43.533] [SEVERE ] updating countdown to 18796
[23:32:43.644] [SEVERE ] updating countdown to 18685
[23:32:43.745] [SEVERE ] updating countdown to 18584
[23:32:43.854] [SEVERE ] updating countdown to 18475
[23:32:43.956] [SEVERE ] updating countdown to 18373
[23:32:44.057] [SEVERE ] updating countdown to 18272
[23:32:44.167] [SEVERE ] updating countdown to 18162
[23:32:44.268] [SEVERE ] updating countdown to 18061
[23:32:44.368] [SEVERE ] updating countdown to 17961
[23:32:44.482] [SEVERE ] updating countdown to 17847
[23:32:44.599] [SEVERE ] updating countdown to 17730
[23:32:44.704] [SEVERE ] updating countdown to 17625
[23:32:44.814] [SEVERE ] updating countdown to 17515
[23:32:44.924] [SEVERE ] updating countdown to 17405
[23:32:45.034] [SEVERE ] updating countdown to 17295
[23:32:45.144] [SEVERE ] updating countdown to 17185
[23:32:45.250] [SEVERE ] updating countdown to 17079
[23:32:45.351] [SEVERE ] updating countdown to 16978
[23:32:45.461] [SEVERE ] updating countdown to 16868
[23:32:45.571] [SEVERE ] updating countdown to 16758
[23:32:45.682] [SEVERE ] updating countdown to 16647
[23:32:45.792] [SEVERE ] updating countdown to 16537
[23:32:45.902] [SEVERE ] updating countdown to 16427
[23:32:46.012] [SEVERE ] updating countdown to 16317
[23:32:46.122] [SEVERE ] updating countdown to 16207
[23:32:46.235] [SEVERE ] updating countdown to 16094
[23:32:46.337] [SEVERE ] updating countdown to 15992
[23:32:46.447] [SEVERE ] updating countdown to 15882
[23:32:46.559] [SEVERE ] updating countdown to 15770
[23:32:46.669] [SEVERE ] updating countdown to 15660
[23:32:46.773] [SEVERE ] updating countdown to 15556
[23:32:46.883] [SEVERE ] updating countdown to 15446
[23:32:46.994] [SEVERE ] updating countdown to 15335
[23:32:47.105] [SEVERE ] updating countdown to 15224
[23:32:47.213] [SEVERE ] updating countdown to 15116
[23:32:47.324] [SEVERE ] updating countdown to 15005
[23:32:47.433] [SEVERE ] updating countdown to 14896
[23:32:47.544] [SEVERE ] updating countdown to 14785
[23:32:47.649] [SEVERE ] updating countdown to 14680
[23:32:47.758] [SEVERE ] updating countdown to 14571
[23:32:47.868] [SEVERE ] updating countdown to 14461
[23:32:47.980] [SEVERE ] updating countdown to 14349
[23:32:48.094] [SEVERE ] updating countdown to 14235
[23:32:48.205] [SEVERE ] updating countdown to 14124
[23:32:48.315] [SEVERE ] updating countdown to 14014
[23:32:48.425] [SEVERE ] updating countdown to 13904
[23:32:48.536] [SEVERE ] updating countdown to 13793
[23:32:48.647] [SEVERE ] updating countdown to 13682
[23:32:48.756] [SEVERE ] updating countdown to 13573
[23:32:48.866] [SEVERE ] updating countdown to 13463
[23:32:48.976] [SEVERE ] updating countdown to 13353
[23:32:49.086] [SEVERE ] updating countdown to 13243
[23:32:49.196] [SEVERE ] updating countdown to 13133
[23:32:49.307] [SEVERE ] updating countdown to 13022
[23:32:49.418] [SEVERE ] updating countdown to 12911
[23:32:49.518] [SEVERE ] updating countdown to 12811
[23:32:49.628] [SEVERE ] updating countdown to 12701
[23:32:49.739] [SEVERE ] updating countdown to 12590
[23:32:49.848] [SEVERE ] updating countdown to 12481
[23:32:49.958] [SEVERE ] updating countdown to 12371
[23:32:50.068] [SEVERE ] updating countdown to 12261
[23:32:50.178] [SEVERE ] updating countdown to 12151
[23:32:50.289] [SEVERE ] updating countdown to 12040
[23:32:50.401] [SEVERE ] updating countdown to 11928
[23:32:50.506] [SEVERE ] updating countdown to 11823
[23:32:50.616] [SEVERE ] updating countdown to 11713
[23:32:50.726] [SEVERE ] updating countdown to 11603
[23:32:50.838] [SEVERE ] updating countdown to 11491
[23:32:50.948] [SEVERE ] updating countdown to 11381
[23:32:51.058] [SEVERE ] updating countdown to 11271
[23:32:51.168] [SEVERE ] updating countdown to 11161
[23:32:51.278] [SEVERE ] updating countdown to 11051
[23:32:51.386] [SEVERE ] updating countdown to 10943
[23:32:51.495] [SEVERE ] updating countdown to 10834
[23:32:51.605] [SEVERE ] updating countdown to 10724
[23:32:51.715] [SEVERE ] updating countdown to 10614
[23:32:51.825] [SEVERE ] updating countdown to 10504
[23:32:51.925] [SEVERE ] updating countdown to 10404
[23:32:52.037] [SEVERE ] updating countdown to 10292
[23:32:52.147] [SEVERE ] updating countdown to 10182
[23:32:52.258] [SEVERE ] updating countdown to 10071
[23:32:52.368] [SEVERE ] updating countdown to 9961
[23:32:52.478] [SEVERE ] updating countdown to 9851
[23:32:52.588] [SEVERE ] updating countdown to 9741
[23:32:52.691] [SEVERE ] updating countdown to 9638
[23:32:52.802] [SEVERE ] updating countdown to 9527
[23:32:52.914] [SEVERE ] updating countdown to 9415
[23:32:53.024] [SEVERE ] updating countdown to 9305
[23:32:53.136] [SEVERE ] updating countdown to 9193
[23:32:53.246] [SEVERE ] updating countdown to 9083
[23:32:53.349] [SEVERE ] updating countdown to 8980
[23:32:53.464] [SEVERE ] updating countdown to 8865
[23:32:53.574] [SEVERE ] updating countdown to 8755
[23:32:53.684] [SEVERE ] updating countdown to 8645
[23:32:53.794] [SEVERE ] updating countdown to 8535
[23:32:53.904] [SEVERE ] updating countdown to 8425
[23:32:54.014] [SEVERE ] updating countdown to 8315
[23:32:54.124] [SEVERE ] updating countdown to 8205
[23:32:54.233] [SEVERE ] updating countdown to 8096
[23:32:54.343] [SEVERE ] updating countdown to 7986
[23:32:54.453] [SEVERE ] updating countdown to 7876
[23:32:54.564] [SEVERE ] updating countdown to 7765
[23:32:54.674] [SEVERE ] updating countdown to 7655
[23:32:54.784] [SEVERE ] updating countdown to 7545
[23:32:54.894] [SEVERE ] updating countdown to 7435
[23:32:55.005] [SEVERE ] updating countdown to 7324
[23:32:55.116] [SEVERE ] updating countdown to 7213
[23:32:55.225] [SEVERE ] updating countdown to 7104
[23:32:55.335] [SEVERE ] updating countdown to 6994
[23:32:55.444] [SEVERE ] updating countdown to 6885
[23:32:55.555] [SEVERE ] updating countdown to 6774
[23:32:55.666] [SEVERE ] updating countdown to 6663
[23:32:55.776] [SEVERE ] updating countdown to 6553
[23:32:55.886] [SEVERE ] updating countdown to 6443
[23:32:55.997] [SEVERE ] updating countdown to 6332
[23:32:56.107] [SEVERE ] updating countdown to 6222
[23:32:56.217] [SEVERE ] updating countdown to 6112
[23:32:56.327] [SEVERE ] updating countdown to 6002
[23:32:56.437] [SEVERE ] updating countdown to 5892
[23:32:56.547] [SEVERE ] updating countdown to 5782
[23:32:56.657] [SEVERE ] updating countdown to 5672
[23:32:56.766] [SEVERE ] updating countdown to 5563
[23:32:56.877] [SEVERE ] updating countdown to 5452
[23:32:56.987] [SEVERE ] updating countdown to 5342
[23:32:57.097] [SEVERE ] updating countdown to 5232
[23:32:57.207] [SEVERE ] updating countdown to 5122
[23:32:57.270] [SEVERE ] key 69 was pressed by player 1
[23:32:57.270] [SEVERE ] player 1 placing token on slot 2
[23:32:57.308] [SEVERE ] updating countdown to 5021
[23:32:58.508] [SEVERE ] key 68 was pressed by player 1
[23:32:58.508] [SEVERE ] player 1 placing token on slot 6
[23:33:00.329] [SEVERE ] updating countdown to 2000
[23:33:00.461] [SEVERE ] key 90 was pressed by player 1
[23:33:00.461] [SEVERE ] player 1 placing token on slot 8
[23:33:00.476] [SEVERE ] removing all tokens
[23:33:00.579] [SEVERE ] removing card from slot 2
[23:33:00.579] [SEVERE ] removing all tokens
[23:33:00.689] [SEVERE ] removing card from slot 6
[23:33:00.689] [SEVERE ] removing all tokens
[23:33:00.799] [SEVERE ] removing card from slot 8
[23:33:00.909] [SEVERE ] placing card 47 in slot 2
[23:33:01.020] [SEVERE ] placing card 0 in slot 6
[23:33:01.130] [SEVERE ] placing card 58 in slot 8
[23:33:01.130] [SEVERE ] setting player 1 score to 2
[23:33:02.335] [SEVERE ] removing all tokens
[23:33:02.445] [SEVERE ] placing card 56 in slot 0
[23:33:02.555] [SEVERE ] placing card 58 in slot 1
[23:33:02.666] [SEVERE ] placing card 65 in slot 2
[23:33:02.776] [SEVERE ] placing card 58 in slot 3
[23:33:02.892] [SEVERE ] placing card 10 in slot 4
[23:33:03.002] [SEVERE ] placing card 11 in slot 5
[23:33:03.112] [SEVERE ] placing card 27 in slot 6
[23:33:03.216] [SEVERE ] placing card 56 in slot 7
[23:33:03.328] [SEVERE ] placing card 39 in slot 8
[23:33:03.439] [SEVERE ] placing card 76 in slot 9
[23:33:03.549] [SEVERE ] placing card 18 in slot 10
[23:33:03.660] [SEVERE ] placing card 23 in slot 11
[23:33:03.660] [SEVERE ] updating countdown to 60000
[23:33:03.771] [SEVERE ] updating countdown to 59889
[23:33:03.881] [SEVERE ] updating countdown to 59779
[23:33:03.991] [SEVERE ] updating countdown to 59669
[23:33:04.102] [SEVERE ] updating countdown to 59558
[23:33:04.212] [SEVERE ] updating countdown to 59448
[23:33:04.322] [SEVERE ] updating countdown to 59338
[23:33:04.432] [SEVERE ] updating countdown to 59228
[23:33:04.543] [SEVERE ] updating countdown to 59117
[23:33:04.652] [SEVERE ] updating countdown to 59008
[23:33:04.762] [SEVERE ] updating countdown to 58898
[23:33:04.872] [SEVERE ] updating countdown to 58788
[23:33:04.982] [SEVERE ] updating countdown to 58678
[23:33:05.091] [SEVERE ] updating countdown to 58569
[23:33:05.202] [SEVERE ] updating countdown to 58458
[23:33:05.312] [SEVERE ] updating countdown to 58348
[23:33:05.423] [SEVERE ] updating countdown to 58237
[23:33:05.533] [SEVERE ] updating countdown to 58127
[23:33:05.634] [SEVERE ] updating countdown to 58026
[23:33:05.744] [SEVERE ] updating countdown to 57916
[23:33:05.854] [SEVERE ] updating countdown to 57806
[23:33:05.965] [SEVERE ] updating countdown to 57695
[23:33:06.076] [SEVERE ] updating countdown to 57584
[23:33:06.186] [SEVERE ] updating countdown to 57474
[23:33:06.296] [SEVERE ] updating countdown to 57364
[23:33:06.407] [SEVERE ] updating countdown to 57253
[23:33:06.522] [SEVERE ] updating countdown to 57138
[23:33:06.632] [SEVERE ] updating countdown to 57028
[23:33:06.744] [SEVERE ] updating countdown to 56916
[23:33:06.855] [SEVERE ] updating countdown to 56805
[23:33:06.970] [SEVERE ] updating countdown to 56690
[23:33:07.077] [SEVERE ] updating countdown to 56583
[23:33:07.198] [SEVERE ] updating countdown to 56462
[23:33:07.306] [SEVERE ] updating countdown to 56354
[23:33:07.427] [SEVERE ] updating countdown to 56233
[23:33:07.539] [SEVERE ] updating countdown to 56121
[23:33:07.649] [SEVERE ] updating countdown to 56011
[23:33:07.761] [SEVERE ] updating countdown to 55899
[23:33:07.871] [SEVERE ] updating countdown to 55789
[23:33:07.992] [SEVERE ] updating countdown to 55668
[23:33:08.105] [SEVERE ] updating countdown to 55555
[23:33:08.216] [SEVERE ] updating countdown to 55444
[23:33:08.326] [SEVERE ] updating countdown to 55334
[23:33:08.432] [SEVERE ] updating countdown to 55228
[23:33:08.542] [SEVERE ] updating countdown to 55118
[23:33:08.652] [SEVERE ] updating countdown to 55008
[23:33:08.766] [SEVERE ] updating countdown to 54894
[23:33:08.876] [SEVERE ] updating countdown to 54784
[23:33:08.980] [SEVERE ] updating countdown to 54680
[23:33:09.087] [SEVERE ] updating countdown to 54573
[23:33:09.197] [SEVERE ] updating countdown to 54463
[23:33:09.307] [SEVERE ] updating countdown to 54353
[23:33:09.416] [SEVERE ] updating countdown to 54244
[23:33:09.526] [SEVERE ] updating countdown to 54134
[23:33:09.640] [SEVERE ] updating countdown to 54020
[23:33:09.750] [SEVERE ] updating countdown to 53910
[23:33:09.855] [SEVERE ] updating countdown to 53805
[23:33:09.965] [SEVERE ] updating countdown to 53695
[23:33:10.076] [SEVERE ] updating countdown to 53584
[23:33:10.076] [SEVERE ] key 70 was pressed by player 1
[23:33:10.076] [SEVERE ] player 1 placing token on slot 7
[23:33:10.182] [SEVERE ] updating countdown to 53478
[23:33:10.214] [SEVERE ] key 83 was pressed by player 1
[23:33:10.214] [SEVERE ] player 1 placing token on slot 5
[23:33:10.293] [SEVERE ] updating countdown to 53367
[23:33:10.438] [SEVERE ] updating countdown to 53222
[23:33:10.546] [SEVERE ] updating countdown to 53114
[23:33:10.656] [SEVERE ] updating countdown to 53004
[23:33:10.759] [SEVERE ] updating countdown to 52901
[23:33:10.869] [SEVERE ] updating countdown to 52791
[23:33:10.979] [SEVERE ] updating countdown to 52681
[23:33:11.085] [SEVERE ] updating countdown to 52575
[23:33:11.185] [SEVERE ] updating countdown to 52475
[23:33:11.295] [SEVERE ] updating countdown to 52365
[23:33:11.408] [SEVERE ] updating countdown to 52252
[23:33:11.520] [SEVERE ] updating countdown to 52140
[23:33:11.631] [SEVERE ] updating countdown to 52029
[23:33:11.665] [SEVERE ] key 70 was pressed by player 1
[23:33:11.682] [SEVERE ] removing player 1 token from slot 7
[23:33:11.740] [SEVERE ] updating countdown to 51920
[23:33:11.852] [SEVERE ] updating countdown to 51808
[23:33:11.962] [SEVERE ] updating countdown to 51698
[23:33:12.072] [SEVERE ] updating countdown to 51588
[23:33:12.182] [SEVERE ] updating countdown to 51478
[23:33:12.292] [SEVERE ] updating countdown to 51368
[23:33:12.402] [SEVERE ] updating countdown to 51258
[23:33:12.512] [SEVERE ] updating countdown to 51148
[23:33:12.622] [SEVERE ] updating countdown to 51038
[23:33:12.732] [SEVERE ] updating countdown to 50928
[23:33:12.834] [SEVERE ] updating countdown to 50826
[23:33:12.938] [SEVERE ] updating countdown to 50722
[23:33:13.049] [SEVERE ] updating countdown to 50611
[23:33:13.158] [SEVERE ] updating countdown to 50502
[23:33:13.269] [SEVERE ] updating countdown to 50391
[23:33:13.380] [SEVERE ] updating countdown to 50280
[23:33:13.483] [SEVERE ] updating countdown to 50177
[23:33:13.594] [SEVERE ] updating countdown to 50066
[23:33:13.704] [SEVERE ] updating countdown to 49956
[23:33:13.815] [SEVERE ] updating countdown to 49845
[23:33:13.924] [SEVERE ] updating countdown to 49736
[23:33:14.035] [SEVERE ] updating countdown to 49625
[23:33:14.145] [SEVERE ] updating countdown to 49515
[23:33:14.255] [SEVERE ] updating countdown to 49405
[23:33:14.359] [SEVERE ] updating countdown to 49301
[23:33:14.471] [SEVERE ] updating countdown to 49189
[23:33:14.575] [SEVERE ] updating countdown to 49085
[23:33:14.686] [SEVERE ] updating countdown to 48974
[23:33:14.797] [SEVERE ] updating countdown to 48863
[23:33:14.907] [SEVERE ] updating countdown to 48753
[23:33:15.010] [SEVERE ] updating countdown to 48650
[23:33:15.120] [SEVERE ] updating countdown to 48540
[23:33:15.239] [SEVERE ] updating countdown to 48421
[23:33:15.350] [SEVERE ] updating countdown to 48310
[23:33:15.461] [SEVERE ] updating countdown to 48199
[23:33:15.572] [SEVERE ] updating countdown to 48088
[23:33:15.683] [SEVERE ] updating countdown to 47977
[23:33:15.792] [SEVERE ] updating countdown to 47868
[23:33:15.894] [SEVERE ] updating countdown to 47766
[23:33:16.006] [SEVERE ] updating countdown to 47654
[23:33:16.116] [SEVERE ] updating countdown to 47544
[23:33:16.233] [SEVERE ] updating countdown to 47427
[23:33:16.347] [SEVERE ] updating countdown to 47313
[23:33:16.450] [SEVERE ] updating countdown to 47210
[23:33:16.561] [SEVERE ] updating countdown to 47099
[23:33:16.673] [SEVERE ] updating countdown to 46987
[23:33:16.784] [SEVERE ] updating countdown to 46876
[23:33:16.894] [SEVERE ] updating countdown to 46766
[23:33:17.005] [SEVERE ] updating countdown to 46655
[23:33:17.115] [SEVERE ] updating countdown to 46545
[23:33:17.229] [SEVERE ] updating countdown to 46431
[23:33:17.342] [SEVERE ] updating countdown to 46318
[23:33:17.452] [SEVERE ] updating countdown to 46208
[23:33:17.452] [SEVERE ] key 70 was pressed by player 1
[23:33:17.452] [SEVERE ] player 1 placing token on slot 7
[23:33:17.563] [SEVERE ] updating countdown to 46097
[23:33:17.665] [SEVERE ] updating countdown to 45995
[23:33:17.776] [SEVERE ] updating countdown to 45884
[23:33:17.886] [SEVERE ] updating countdown to 45774
[23:33:18.001] [SEVERE ] updating countdown to 45659
[23:33:18.113] [SEVERE ] updating countdown to 45547
[23:33:18.161] [SEVERE ] key 68 was pressed by player 1
[23:33:18.161] [SEVERE ] player 1 placing token on slot 6
[23:33:18.223] [SEVERE ] updating countdown to 45437
[23:33:18.223] [SEVERE ] removing player 1 token from slot 5
[23:33:18.223] [SEVERE ] removing player 1 token from slot 6
[23:33:18.223] [SEVERE ] removing player 1 token from slot 7
[23:33:18.223] [SEVERE ] setting player 1 score to 1
[23:33:18.326] [SEVERE ] updating countdown to 45334
[23:33:18.436] [SEVERE ] updating countdown to 45224
[23:33:18.546] [SEVERE ] updating countdown to 45114
[23:33:18.655] [SEVERE ] updating countdown to 45005
[23:33:18.765] [SEVERE ] updating countdown to 44895
[23:33:18.876] [SEVERE ] updating countdown to 44784
[23:33:18.992] [SEVERE ] updating countdown to 44668
[23:33:19.102] [SEVERE ] updating countdown to 44558
[23:33:19.213] [SEVERE ] updating countdown to 44447
[23:33:19.323] [SEVERE ] updating countdown to 44337
[23:33:19.434] [SEVERE ] updating countdown to 44226
[23:33:19.544] [SEVERE ] updating countdown to 44116
[23:33:19.656] [SEVERE ] updating countdown to 44004
[23:33:19.766] [SEVERE ] updating countdown to 43894
[23:33:19.877] [SEVERE ] updating countdown to 43783
[23:33:19.989] [SEVERE ] updating countdown to 43671
[23:33:20.104] [SEVERE ] updating countdown to 43556
[23:33:20.214] [SEVERE ] updating countdown to 43446
[23:33:20.324] [SEVERE ] updating countdown to 43336
[23:33:20.435] [SEVERE ] updating countdown to 43225
[23:33:20.546] [SEVERE ] updating countdown to 43114
[23:33:20.655] [SEVERE ] updating countdown to 43005
[23:33:20.767] [SEVERE ] updating countdown to 42893
[23:33:20.878] [SEVERE ] updating countdown to 42782
[23:33:20.987] [SEVERE ] updating countdown to 42673
[23:33:21.099] [SEVERE ] updating countdown to 42561
[23:33:21.201] [SEVERE ] updating countdown to 42459
[23:33:21.326] [SEVERE ] updating countdown to 42334
[23:33:21.445] [SEVERE ] updating countdown to 42215
[23:33:21.556] [SEVERE ] updating countdown to 42104
[23:33:21.666] [SEVERE ] updating countdown to 41994
[23:33:21.777] [SEVERE ] updating countdown to 41883
[23:33:21.888] [SEVERE ] updating countdown to 41772
[23:33:22.003] [SEVERE ] updating countdown to 41657
[23:33:22.110] [SEVERE ] updating countdown to 41550
[23:33:22.211] [SEVERE ] updating countdown to 41449
[23:33:22.321] [SEVERE ] updating countdown to 41339
[23:33:22.431] [SEVERE ] updating countdown to 41229
[23:33:22.540] [SEVERE ] updating countdown to 41120
[23:33:22.649] [SEVERE ] updating countdown to 41011
[23:33:22.756] [SEVERE ] updating countdown to 40904
[23:33:22.873] [SEVERE ] updating countdown to 40787
[23:33:22.984] [SEVERE ] updating countdown to 40676
[23:33:23.097] [SEVERE ] updating countdown to 40563
[23:33:23.207] [SEVERE ] updating countdown to 40453
[23:33:23.310] [SEVERE ] updating countdown to 40350
[23:33:23.421] [SEVERE ] updating countdown to 40239
[23:33:23.532] [SEVERE ] updating countdown to 40128
[23:33:23.642] [SEVERE ] updating countdown to 40018
[23:33:23.746] [SEVERE ] updating countdown to 39914
[23:33:23.860] [SEVERE ] updating countdown to 39800
[23:33:23.970] [SEVERE ] updating countdown to 39690
[23:33:24.083] [SEVERE ] updating countdown to 39577
[23:33:24.193] [SEVERE ] updating countdown to 39467
[23:33:24.303] [SEVERE ] updating countdown to 39357
[23:33:24.413] [SEVERE ] updating countdown to 39247
[23:33:24.523] [SEVERE ] updating countdown to 39137
[23:33:24.633] [SEVERE ] updating countdown to 39027
[23:33:24.743] [SEVERE ] updating countdown to 38917
[23:33:24.852] [SEVERE ] updating countdown to 38808
[23:33:24.962] [SEVERE ] updating countdown to 38698
[23:33:25.073] [SEVERE ] updating countdown to 38587
[23:33:25.183] [SEVERE ] updating countdown to 38477
[23:33:25.293] [SEVERE ] updating countdown to 38367
[23:33:25.419] [SEVERE ] updating countdown to 38241
[23:33:25.529] [SEVERE ] updating countdown to 38131
[23:33:25.640] [SEVERE ] updating countdown to 38020
[23:33:25.752] [SEVERE ] updating countdown to 37908
[23:33:25.862] [SEVERE ] updating countdown to 37798
[23:33:25.971] [SEVERE ] updating countdown to 37689
[23:33:26.081] [SEVERE ] updating countdown to 37579
[23:33:26.191] [SEVERE ] updating countdown to 37469
[23:33:26.301] [SEVERE ] updating countdown to 37359
[23:33:26.411] [SEVERE ] updating countdown to 37249
[23:33:26.521] [SEVERE ] updating countdown to 37139
[23:33:26.631] [SEVERE ] updating countdown to 37029
[23:33:26.740] [SEVERE ] updating countdown to 36920
[23:33:26.845] [SEVERE ] updating countdown to 36815
[23:33:26.955] [SEVERE ] updating countdown to 36705
[23:33:27.065] [SEVERE ] updating countdown to 36595
[23:33:27.175] [SEVERE ] updating countdown to 36485
[23:33:27.285] [SEVERE ] updating countdown to 36375
[23:33:27.396] [SEVERE ] updating countdown to 36264
[23:33:27.506] [SEVERE ] updating countdown to 36154
[23:33:27.616] [SEVERE ] updating countdown to 36044
[23:33:27.726] [SEVERE ] updating countdown to 35934
[23:33:27.839] [SEVERE ] updating countdown to 35821
[23:33:27.948] [SEVERE ] updating countdown to 35712
[23:33:28.058] [SEVERE ] updating countdown to 35602
[23:33:28.169] [SEVERE ] updating countdown to 35491
[23:33:28.279] [SEVERE ] updating countdown to 35381
[23:33:28.389] [SEVERE ] updating countdown to 35271
[23:33:28.500] [SEVERE ] updating countdown to 35160
[23:33:28.610] [SEVERE ] updating countdown to 35050
[23:33:28.720] [SEVERE ] updating countdown to 34940
[23:33:28.830] [SEVERE ] updating countdown to 34830
[23:33:28.940] [SEVERE ] updating countdown to 34720
[23:33:29.049] [SEVERE ] updating countdown to 34611
[23:33:29.159] [SEVERE ] updating countdown to 34501
[23:33:29.269] [SEVERE ] updating countdown to 34391
[23:33:29.379] [SEVERE ] updating countdown to 34281
[23:33:29.505] [SEVERE ] updating countdown to 34155
[23:33:29.616] [SEVERE ] updating countdown to 34044
[23:33:29.726] [SEVERE ] updating countdown to 33934
[23:33:29.835] [SEVERE ] updating countdown to 33825
[23:33:29.945] [SEVERE ] updating countdown to 33715
[23:33:30.055] [SEVERE ] updating countdown to 33605
[23:33:30.165] [SEVERE ] updating countdown to 33495
[23:33:30.275] [SEVERE ] updating countdown to 33385
[23:33:30.376] [SEVERE ] updating countdown to 33284
[23:33:30.487] [SEVERE ] updating countdown to 33173
[23:33:30.599] [SEVERE ] updating countdown to 33061
[23:33:30.709] [SEVERE ] updating countdown to 32951
[23:33:30.819] [SEVERE ] updating countdown to 32841
[23:33:30.932] [SEVERE ] updating countdown to 32728
[23:33:31.041] [SEVERE ] updating countdown to 32619
[23:33:31.152] [SEVERE ] updating countdown to 32508
[23:33:31.262] [SEVERE ] updating countdown to 32398
[23:33:31.372] [SEVERE ] updating countdown to 32288
[23:33:31.481] [SEVERE ] updating countdown to 32179
[23:33:31.593] [SEVERE ] updating countdown to 32067
[23:33:31.703] [SEVERE ] updating countdown to 31957
[23:33:31.815] [SEVERE ] updating countdown to 31845
[23:33:31.924] [SEVERE ] updating countdown to 31736
[23:33:32.036] [SEVERE ] updating countdown to 31624
[23:33:32.144] [SEVERE ] updating countdown to 31516
[23:33:32.255] [SEVERE ] updating countdown to 31405
[23:33:32.365] [SEVERE ] updating countdown to 31295
[23:33:32.475] [SEVERE ] updating countdown to 31185
[23:33:32.585] [SEVERE ] updating countdown to 31075
[23:33:32.696] [SEVERE ] updating countdown to 30964
[23:33:32.808] [SEVERE ] updating countdown to 30852
[23:33:32.918] [SEVERE ] updating countdown to 30742
[23:33:33.028] [SEVERE ] updating countdown to 30632
[23:33:33.139] [SEVERE ] updating countdown to 30521
[23:33:33.250] [SEVERE ] updating countdown to 30410
[23:33:33.359] [SEVERE ] updating countdown to 30301
[23:33:33.469] [SEVERE ] updating countdown to 30191
[23:33:33.596] [SEVERE ] updating countdown to 30064
[23:33:33.705] [SEVERE ] updating countdown to 29955
[23:33:33.816] [SEVERE ] updating countdown to 29844
[23:33:33.926] [SEVERE ] updating countdown to 29734
[23:33:34.036] [SEVERE ] updating countdown to 29624
[23:33:34.146] [SEVERE ] updating countdown to 29514
[23:33:34.256] [SEVERE ] updating countdown to 29404
[23:33:34.369] [SEVERE ] updating countdown to 29291
[23:33:34.477] [SEVERE ] updating countdown to 29183
[23:33:34.586] [SEVERE ] updating countdown to 29074
[23:33:34.697] [SEVERE ] updating countdown to 28963
[23:33:34.807] [SEVERE ] updating countdown to 28853
[23:33:34.917] [SEVERE ] updating countdown to 28743
[23:33:35.027] [SEVERE ] updating countdown to 28633
[23:33:35.137] [SEVERE ] updating countdown to 28523
[23:33:35.252] [SEVERE ] updating countdown to 28408
[23:33:35.356] [SEVERE ] updating countdown to 28304
[23:33:35.466] [SEVERE ] updating countdown to 28194
[23:33:35.576] [SEVERE ] updating countdown to 28084
[23:33:35.686] [SEVERE ] updating countdown to 27974
[23:33:35.796] [SEVERE ] updating countdown to 27864
[23:33:35.906] [SEVERE ] updating countdown to 27754
[23:33:36.016] [SEVERE ] updating countdown to 27644
[23:33:36.125] [SEVERE ] updating countdown to 27535
[23:33:36.236] [SEVERE ] updating countdown to 27424
[23:33:36.346] [SEVERE ] updating countdown to 27314
[23:33:36.456] [SEVERE ] updating countdown to 27204
[23:33:36.561] [SEVERE ] updating countdown to 27099
[23:33:36.671] [SEVERE ] updating countdown to 26989
[23:33:36.786] [SEVERE ] updating countdown to 26874
[23:33:36.906] [SEVERE ] updating countdown to 26754
[23:33:37.006] [SEVERE ] updating countdown to 26654
[23:33:37.122] [SEVERE ] updating countdown to 26538
[23:33:37.231] [SEVERE ] updating countdown to 26429
[23:33:37.342] [SEVERE ] updating countdown to 26318
[23:33:37.451] [SEVERE ] updating countdown to 26209
[23:33:37.561] [SEVERE ] updating countdown to 26099
[23:33:37.672] [SEVERE ] updating countdown to 25988
[23:33:37.782] [SEVERE ] updating countdown to 25878
[23:33:37.893] [SEVERE ] updating countdown to 25767
[23:33:38.004] [SEVERE ] updating countdown to 25656
[23:33:38.114] [SEVERE ] updating countdown to 25546
[23:33:38.223] [SEVERE ] updating countdown to 25437
[23:33:38.332] [SEVERE ] updating countdown to 25328
[23:33:38.443] [SEVERE ] updating countdown to 25217
[23:33:38.552] [SEVERE ] updating countdown to 25108
[23:33:38.663] [SEVERE ] updating countdown to 24997
[23:33:38.773] [SEVERE ] updating countdown to 24887
[23:33:38.882] [SEVERE ] updating countdown to 24778
[23:33:38.998] [SEVERE ] updating countdown to 24662
[23:33:39.108] [SEVERE ] updating countdown to 24552
[23:33:39.217] [SEVERE ] updating countdown to 24443
[23:33:39.328] [SEVERE ] updating countdown to 24332
[23:33:39.438] [SEVERE ] updating countdown to 24222
[23:33:39.548] [SEVERE ] updating countdown to 24112
[23:33:39.651] [SEVERE ] updating countdown to 24009
[23:33:39.762] [SEVERE ] updating countdown to 23898
[23:33:39.876] [SEVERE ] updating countdown to 23784
[23:33:39.986] [SEVERE ] updating countdown to 23674
[23:33:40.096] [SEVERE ] updating countdown to 23564
[23:33:40.205] [SEVERE ] updating countdown to 23455
[23:33:40.316] [SEVERE ] updating countdown to 23344
[23:33:40.430] [SEVERE ] updating countdown to 23230
[23:33:40.540] [SEVERE ] updating countdown to 23120
[23:33:40.651] [SEVERE ] updating countdown to 23009
[23:33:40.759] [SEVERE ] updating countdown to 22901
[23:33:40.870] [SEVERE ] updating countdown to 22790
[23:33:40.979] [SEVERE ] updating countdown to 22681
[23:33:41.090] [SEVERE ] updating countdown to 22570
[23:33:41.200] [SEVERE ] updating countdown to 22460
[23:33:41.311] [SEVERE ] updating countdown to 22349
[23:33:41.419] [SEVERE ] updating countdown to 22241
[23:33:41.529] [SEVERE ] updating countdown to 22131
[23:33:41.639] [SEVERE ] updating countdown to 22021
[23:33:41.750] [SEVERE ] updating countdown to 21910
[23:33:41.860] [SEVERE ] updating countdown to 21800
[23:33:41.970] [SEVERE ] updating countdown to 21690
[23:33:42.079] [SEVERE ] updating countdown to 21581
[23:33:42.185] [SEVERE ] updating countdown to 21475
[23:33:42.295] [SEVERE ] updating countdown to 21365
[23:33:42.406] [SEVERE ] updating countdown to 21254
[23:33:42.517] [SEVERE ] updating countdown to 21143
[23:33:42.635] [SEVERE ] updating countdown to 21025
[23:33:42.738] [SEVERE ] updating countdown to 20922
[23:33:42.844] [SEVERE ] updating countdown to 20816
[23:33:42.953] [SEVERE ] updating countdown to 20707
[23:33:43.077] [SEVERE ] updating countdown to 20583
[23:33:43.190] [SEVERE ] updating countdown to 20470
[23:33:43.295] [SEVERE ] updating countdown to 20365
[23:33:43.409] [SEVERE ] updating countdown to 20251
[23:33:43.520] [SEVERE ] updating countdown to 20140
[23:33:43.630] [SEVERE ] updating countdown to 20030
[23:33:43.741] [SEVERE ] updating countdown to 19919
[23:33:43.842] [SEVERE ] updating countdown to 19818
[23:33:43.952] [SEVERE ] updating countdown to 19708
[23:33:44.062] [SEVERE ] updating countdown to 19598
[23:33:44.172] [SEVERE ] updating countdown to 19488
[23:33:44.277] [SEVERE ] updating countdown to 19383
[23:33:44.387] [SEVERE ] updating countdown to 19273
[23:33:44.496] [SEVERE ] updating countdown to 19164
[23:33:44.611] [SEVERE ] updating countdown to 19049
[23:33:44.721] [SEVERE ] updating countdown to 18939
[23:33:44.831] [SEVERE ] updating countdown to 18829
[23:33:44.940] [SEVERE ] updating countdown to 18720
[23:33:45.051] [SEVERE ] updating countdown to 18609
[23:33:45.161] [SEVERE ] updating countdown to 18499
[23:33:45.268] [SEVERE ] updating countdown to 18392
[23:33:45.375] [SEVERE ] updating countdown to 18285
[23:33:45.486] [SEVERE ] updating countdown to 18174
[23:33:45.588] [SEVERE ] updating countdown to 18072
[23:33:45.700] [SEVERE ] updating countdown to 17960
[23:33:45.813] [SEVERE ] updating countdown to 17847
[23:33:45.923] [SEVERE ] updating countdown to 17737
[23:33:46.033] [SEVERE ] updating countdown to 17627
[23:33:46.143] [SEVERE ] updating countdown to 17517
[23:33:46.251] [SEVERE ] updating countdown to 17409
[23:33:46.356] [SEVERE ] updating countdown to 17304
[23:33:46.470] [SEVERE ] updating countdown to 17190
[23:33:46.581] [SEVERE ] updating countdown to 17079
[23:33:46.691] [SEVERE ] updating countdown to 16969
[23:33:46.794] [SEVERE ] updating countdown to 16866
[23:33:46.906] [SEVERE ] updating countdown to 16754
[23:33:47.017] [SEVERE ] updating countdown to 16643
[23:33:47.129] [SEVERE ] updating countdown to 16531
[23:33:47.234] [SEVERE ] updating countdown to 16426
[23:33:47.343] [SEVERE ] updating countdown to 16317
[23:33:47.464] [SEVERE ] updating countdown to 16196
[23:33:47.574] [SEVERE ] updating countdown to 16086
[23:33:47.685] [SEVERE ] updating countdown to 15975
[23:33:47.781] [SEVERE ] exit button pressed
[23:33:47.781] [SEVERE ] thanks for playing... it was fun!
[23:33:47.787] [INFO   ] thread main terminated.
