[15:05:53.386] [INFO   ] thread main starting.
[15:05:53.386] [SEVERE ] cannot read configuration file config.properties trying from resources.
[15:05:53.386] [SEVERE ] configuration file was loaded from resources directory.
[15:05:53.822] [INFO   ] thread dealer starting.
[15:05:53.934] [SEVERE ] placing card 58 in slot 0
[15:05:54.046] [SEVERE ] placing card 5 in slot 1
[15:05:54.157] [SEVERE ] placing card 47 in slot 2
[15:05:54.268] [SEVERE ] placing card 36 in slot 3
[15:05:54.382] [SEVERE ] placing card 63 in slot 4
[15:05:54.492] [SEVERE ] placing card 16 in slot 5
[15:05:54.602] [SEVERE ] placing card 69 in slot 6
[15:05:54.714] [SEVERE ] placing card 51 in slot 7
[15:05:54.821] [SEVERE ] placing card 0 in slot 8
[15:05:54.932] [SEVERE ] placing card 41 in slot 9
[15:05:55.041] [SEVERE ] placing card 29 in slot 10
[15:05:55.154] [SEVERE ] placing card 66 in slot 11
[15:05:55.155] [SEVERE ] updating countdown to 60000
[15:05:55.260] [SEVERE ] updating countdown to 59894
[15:05:55.367] [SEVERE ] updating countdown to 59787
[15:05:55.469] [SEVERE ] updating countdown to 59685
[15:05:55.573] [SEVERE ] updating countdown to 59581
[15:05:55.682] [SEVERE ] updating countdown to 59472
[15:05:55.792] [SEVERE ] updating countdown to 59362
[15:05:55.903] [SEVERE ] updating countdown to 59251
[15:05:56.006] [SEVERE ] updating countdown to 59148
[15:05:56.117] [SEVERE ] updating countdown to 59037
[15:05:56.227] [SEVERE ] updating countdown to 58927
[15:05:56.337] [SEVERE ] updating countdown to 58817
[15:05:56.438] [SEVERE ] updating countdown to 58716
[15:05:56.549] [SEVERE ] updating countdown to 58605
[15:05:56.659] [SEVERE ] updating countdown to 58495
[15:05:56.768] [SEVERE ] updating countdown to 58386
[15:05:56.879] [SEVERE ] updating countdown to 58275
[15:05:56.989] [SEVERE ] updating countdown to 58165
[15:05:57.099] [SEVERE ] updating countdown to 58055
[15:05:57.209] [SEVERE ] updating countdown to 57945
[15:05:57.318] [SEVERE ] updating countdown to 57836
[15:05:57.430] [SEVERE ] updating countdown to 57724
[15:05:57.537] [SEVERE ] updating countdown to 57617
[15:05:57.648] [SEVERE ] updating countdown to 57506
[15:05:57.757] [SEVERE ] updating countdown to 57397
[15:05:57.868] [SEVERE ] updating countdown to 57286
[15:05:57.978] [SEVERE ] updating countdown to 57176
[15:05:58.088] [SEVERE ] updating countdown to 57066
[15:05:58.198] [SEVERE ] updating countdown to 56956
[15:05:58.310] [SEVERE ] updating countdown to 56844
[15:05:58.421] [SEVERE ] updating countdown to 56733
[15:05:58.522] [SEVERE ] updating countdown to 56632
[15:05:58.632] [SEVERE ] updating countdown to 56522
[15:05:58.742] [SEVERE ] updating countdown to 56412
[15:05:58.852] [SEVERE ] updating countdown to 56302
[15:05:58.962] [SEVERE ] updating countdown to 56192
[15:05:59.072] [SEVERE ] updating countdown to 56082
[15:05:59.182] [SEVERE ] updating countdown to 55972
[15:05:59.292] [SEVERE ] updating countdown to 55862
[15:05:59.404] [SEVERE ] updating countdown to 55750
[15:05:59.514] [SEVERE ] updating countdown to 55640
[15:05:59.622] [SEVERE ] updating countdown to 55532
[15:05:59.732] [SEVERE ] updating countdown to 55422
[15:05:59.842] [SEVERE ] updating countdown to 55312
[15:05:59.953] [SEVERE ] updating countdown to 55201
[15:06:00.060] [SEVERE ] updating countdown to 55094
[15:06:00.170] [SEVERE ] updating countdown to 54984
[15:06:00.281] [SEVERE ] updating countdown to 54873
[15:06:00.392] [SEVERE ] updating countdown to 54762
[15:06:00.502] [SEVERE ] updating countdown to 54652
[15:06:00.611] [SEVERE ] updating countdown to 54543
[15:06:00.722] [SEVERE ] updating countdown to 54432
[15:06:00.832] [SEVERE ] updating countdown to 54322
[15:06:00.933] [SEVERE ] updating countdown to 54221
[15:06:01.043] [SEVERE ] updating countdown to 54111
[15:06:01.154] [SEVERE ] updating countdown to 54000
[15:06:01.264] [SEVERE ] updating countdown to 53890
[15:06:01.376] [SEVERE ] updating countdown to 53778
[15:06:01.486] [SEVERE ] updating countdown to 53668
[15:06:01.596] [SEVERE ] updating countdown to 53558
[15:06:01.706] [SEVERE ] updating countdown to 53448
[15:06:01.816] [SEVERE ] updating countdown to 53338
[15:06:01.926] [SEVERE ] updating countdown to 53228
[15:06:02.035] [SEVERE ] updating countdown to 53119
[15:06:02.145] [SEVERE ] updating countdown to 53009
[15:06:02.255] [SEVERE ] updating countdown to 52899
[15:06:02.367] [SEVERE ] updating countdown to 52787
[15:06:02.477] [SEVERE ] updating countdown to 52677
[15:06:02.587] [SEVERE ] updating countdown to 52567
[15:06:02.697] [SEVERE ] updating countdown to 52457
[15:06:02.808] [SEVERE ] updating countdown to 52346
[15:06:02.920] [SEVERE ] updating countdown to 52234
[15:06:03.030] [SEVERE ] updating countdown to 52124
[15:06:03.140] [SEVERE ] updating countdown to 52014
[15:06:03.249] [SEVERE ] updating countdown to 51905
[15:06:03.360] [SEVERE ] updating countdown to 51794
[15:06:03.470] [SEVERE ] updating countdown to 51684
[15:06:03.580] [SEVERE ] updating countdown to 51574
[15:06:03.690] [SEVERE ] updating countdown to 51464
[15:06:03.800] [SEVERE ] updating countdown to 51354
[15:06:03.910] [SEVERE ] updating countdown to 51244
[15:06:04.021] [SEVERE ] updating countdown to 51133
[15:06:04.130] [SEVERE ] updating countdown to 51024
[15:06:04.240] [SEVERE ] updating countdown to 50914
[15:06:04.350] [SEVERE ] updating countdown to 50804
[15:06:04.454] [SEVERE ] updating countdown to 50700
[15:06:04.568] [SEVERE ] updating countdown to 50586
[15:06:04.678] [SEVERE ] updating countdown to 50476
[15:06:04.788] [SEVERE ] updating countdown to 50366
[15:06:04.890] [SEVERE ] updating countdown to 50264
[15:06:05.000] [SEVERE ] updating countdown to 50154
[15:06:05.110] [SEVERE ] updating countdown to 50044
[15:06:05.220] [SEVERE ] updating countdown to 49934
[15:06:05.331] [SEVERE ] updating countdown to 49823
[15:06:05.436] [SEVERE ] updating countdown to 49718
[15:06:05.546] [SEVERE ] updating countdown to 49608
[15:06:05.655] [SEVERE ] updating countdown to 49499
[15:06:05.766] [SEVERE ] updating countdown to 49388
[15:06:05.877] [SEVERE ] updating countdown to 49277
[15:06:05.987] [SEVERE ] updating countdown to 49167
[15:06:06.097] [SEVERE ] updating countdown to 49057
[15:06:06.207] [SEVERE ] updating countdown to 48947
[15:06:06.320] [SEVERE ] updating countdown to 48834
[15:06:06.430] [SEVERE ] updating countdown to 48724
[15:06:06.540] [SEVERE ] updating countdown to 48614
[15:06:06.645] [SEVERE ] updating countdown to 48509
[15:06:06.755] [SEVERE ] updating countdown to 48399
[15:06:06.868] [SEVERE ] updating countdown to 48286
[15:06:06.978] [SEVERE ] updating countdown to 48176
[15:06:07.088] [SEVERE ] updating countdown to 48066
[15:06:07.199] [SEVERE ] updating countdown to 47955
[15:06:07.301] [SEVERE ] updating countdown to 47853
[15:06:07.410] [SEVERE ] updating countdown to 47744
[15:06:07.520] [SEVERE ] updating countdown to 47634
[15:06:07.630] [SEVERE ] updating countdown to 47524
[15:06:07.739] [SEVERE ] updating countdown to 47415
[15:06:07.857] [SEVERE ] updating countdown to 47297
[15:06:07.968] [SEVERE ] updating countdown to 47186
[15:06:08.078] [SEVERE ] updating countdown to 47076
[15:06:08.188] [SEVERE ] updating countdown to 46966
[15:06:08.298] [SEVERE ] updating countdown to 46856
[15:06:08.408] [SEVERE ] updating countdown to 46746
[15:06:08.518] [SEVERE ] updating countdown to 46636
[15:06:08.628] [SEVERE ] updating countdown to 46526
[15:06:08.738] [SEVERE ] updating countdown to 46416
[15:06:08.848] [SEVERE ] updating countdown to 46306
[15:06:08.960] [SEVERE ] updating countdown to 46194
[15:06:09.071] [SEVERE ] updating countdown to 46083
[15:06:09.181] [SEVERE ] updating countdown to 45973
[15:06:09.292] [SEVERE ] updating countdown to 45862
[15:06:09.416] [SEVERE ] updating countdown to 45738
[15:06:09.525] [SEVERE ] updating countdown to 45629
[15:06:09.636] [SEVERE ] updating countdown to 45518
[15:06:09.749] [SEVERE ] updating countdown to 45405
[15:06:09.859] [SEVERE ] updating countdown to 45295
[15:06:09.974] [SEVERE ] updating countdown to 45180
[15:06:10.084] [SEVERE ] updating countdown to 45070
[15:06:10.196] [SEVERE ] updating countdown to 44958
[15:06:10.307] [SEVERE ] updating countdown to 44847
[15:06:10.416] [SEVERE ] updating countdown to 44738
[15:06:10.526] [SEVERE ] updating countdown to 44628
[15:06:10.636] [SEVERE ] updating countdown to 44518
[15:06:10.746] [SEVERE ] updating countdown to 44408
[15:06:10.857] [SEVERE ] updating countdown to 44298
[15:06:10.967] [SEVERE ] updating countdown to 44187
[15:06:11.077] [SEVERE ] updating countdown to 44077
[15:06:11.180] [SEVERE ] updating countdown to 43975
[15:06:11.290] [SEVERE ] updating countdown to 43864
[15:06:11.405] [SEVERE ] updating countdown to 43749
[15:06:11.515] [SEVERE ] updating countdown to 43639
[15:06:11.626] [SEVERE ] updating countdown to 43528
[15:06:11.736] [SEVERE ] updating countdown to 43418
[15:06:11.846] [SEVERE ] updating countdown to 43308
[15:06:11.956] [SEVERE ] updating countdown to 43198
[15:06:12.066] [SEVERE ] updating countdown to 43088
[15:06:12.176] [SEVERE ] updating countdown to 42978
[15:06:12.281] [SEVERE ] updating countdown to 42873
[15:06:12.395] [SEVERE ] updating countdown to 42759
[15:06:12.505] [SEVERE ] updating countdown to 42649
[15:06:12.615] [SEVERE ] updating countdown to 42539
[15:06:12.725] [SEVERE ] updating countdown to 42429
[15:06:12.836] [SEVERE ] updating countdown to 42318
[15:06:12.946] [SEVERE ] updating countdown to 42208
[15:06:13.057] [SEVERE ] updating countdown to 42098
[15:06:13.160] [SEVERE ] updating countdown to 41994
[15:06:13.262] [SEVERE ] updating countdown to 41892
[15:06:13.370] [SEVERE ] updating countdown to 41784
[15:06:13.472] [SEVERE ] updating countdown to 41682
[15:06:13.576] [SEVERE ] updating countdown to 41578
[15:06:13.686] [SEVERE ] updating countdown to 41468
[15:06:13.796] [SEVERE ] updating countdown to 41358
[15:06:13.906] [SEVERE ] updating countdown to 41248
[15:06:14.015] [SEVERE ] updating countdown to 41139
[15:06:14.125] [SEVERE ] updating countdown to 41029
[15:06:14.235] [SEVERE ] updating countdown to 40919
[15:06:14.345] [SEVERE ] updating countdown to 40809
[15:06:14.455] [SEVERE ] updating countdown to 40699
[15:06:14.565] [SEVERE ] updating countdown to 40589
[15:06:14.675] [SEVERE ] updating countdown to 40479
[15:06:14.785] [SEVERE ] updating countdown to 40369
[15:06:14.895] [SEVERE ] updating countdown to 40259
[15:06:15.005] [SEVERE ] updating countdown to 40149
[15:06:15.115] [SEVERE ] updating countdown to 40039
[15:06:15.225] [SEVERE ] updating countdown to 39929
[15:06:15.335] [SEVERE ] updating countdown to 39819
[15:06:15.449] [SEVERE ] updating countdown to 39705
[15:06:15.561] [SEVERE ] updating countdown to 39593
[15:06:15.671] [SEVERE ] updating countdown to 39483
[15:06:15.782] [SEVERE ] updating countdown to 39372
[15:06:15.892] [SEVERE ] updating countdown to 39262
[15:06:16.002] [SEVERE ] updating countdown to 39152
[15:06:16.112] [SEVERE ] updating countdown to 39042
[15:06:16.231] [SEVERE ] updating countdown to 38923
[15:06:16.338] [SEVERE ] updating countdown to 38816
[15:06:16.452] [SEVERE ] updating countdown to 38702
[15:06:16.564] [SEVERE ] updating countdown to 38590
[15:06:16.689] [SEVERE ] updating countdown to 38465
[15:06:16.801] [SEVERE ] updating countdown to 38353
[15:06:16.910] [SEVERE ] updating countdown to 38244
[15:06:17.020] [SEVERE ] updating countdown to 38134
[15:06:17.130] [SEVERE ] updating countdown to 38024
[15:06:17.240] [SEVERE ] updating countdown to 37914
[15:06:17.351] [SEVERE ] updating countdown to 37803
[15:06:17.461] [SEVERE ] updating countdown to 37693
[15:06:17.565] [SEVERE ] updating countdown to 37589
[15:06:17.675] [SEVERE ] updating countdown to 37479
[15:06:17.785] [SEVERE ] updating countdown to 37369
[15:06:17.896] [SEVERE ] updating countdown to 37258
[15:06:17.998] [SEVERE ] updating countdown to 37156
[15:06:18.111] [SEVERE ] updating countdown to 37043
[15:06:18.224] [SEVERE ] updating countdown to 36930
[15:06:18.334] [SEVERE ] updating countdown to 36820
[15:06:18.444] [SEVERE ] updating countdown to 36710
[15:06:18.554] [SEVERE ] updating countdown to 36600
[15:06:18.664] [SEVERE ] updating countdown to 36490
[15:06:18.774] [SEVERE ] updating countdown to 36380
[15:06:18.884] [SEVERE ] updating countdown to 36270
[15:06:18.994] [SEVERE ] updating countdown to 36160
[15:06:19.104] [SEVERE ] updating countdown to 36050
[15:06:19.214] [SEVERE ] updating countdown to 35940
[15:06:19.324] [SEVERE ] updating countdown to 35830
[15:06:19.435] [SEVERE ] updating countdown to 35719
[15:06:19.544] [SEVERE ] updating countdown to 35610
[15:06:19.654] [SEVERE ] updating countdown to 35500
[15:06:19.764] [SEVERE ] updating countdown to 35390
[15:06:19.875] [SEVERE ] updating countdown to 35279
[15:06:19.986] [SEVERE ] updating countdown to 35168
[15:06:20.096] [SEVERE ] updating countdown to 35058
[15:06:20.207] [SEVERE ] updating countdown to 34947
[15:06:20.317] [SEVERE ] updating countdown to 34837
[15:06:20.427] [SEVERE ] updating countdown to 34727
[15:06:20.537] [SEVERE ] updating countdown to 34617
[15:06:20.647] [SEVERE ] updating countdown to 34507
[15:06:20.750] [SEVERE ] updating countdown to 34404
[15:06:20.857] [SEVERE ] updating countdown to 34297
[15:06:20.972] [SEVERE ] updating countdown to 34182
[15:06:21.073] [SEVERE ] updating countdown to 34081
[15:06:21.179] [SEVERE ] updating countdown to 33975
[15:06:21.294] [SEVERE ] updating countdown to 33860
[15:06:21.410] [SEVERE ] updating countdown to 33744
[15:06:21.521] [SEVERE ] updating countdown to 33633
[15:06:21.622] [SEVERE ] updating countdown to 33532
[15:06:21.724] [SEVERE ] updating countdown to 33430
[15:06:21.836] [SEVERE ] updating countdown to 33318
[15:06:21.950] [SEVERE ] updating countdown to 33204
[15:06:22.057] [SEVERE ] updating countdown to 33097
[15:06:22.159] [SEVERE ] updating countdown to 32995
[15:06:22.269] [SEVERE ] updating countdown to 32885
[15:06:22.370] [SEVERE ] updating countdown to 32784
[15:06:22.479] [SEVERE ] updating countdown to 32675
[15:06:22.589] [SEVERE ] updating countdown to 32565
[15:06:22.700] [SEVERE ] updating countdown to 32454
[15:06:22.810] [SEVERE ] updating countdown to 32344
[15:06:22.920] [SEVERE ] updating countdown to 32234
[15:06:23.030] [SEVERE ] updating countdown to 32124
[15:06:23.140] [SEVERE ] updating countdown to 32014
[15:06:23.250] [SEVERE ] updating countdown to 31904
[15:06:23.350] [SEVERE ] updating countdown to 31804
[15:06:23.460] [SEVERE ] updating countdown to 31694
[15:06:23.571] [SEVERE ] updating countdown to 31583
[15:06:23.681] [SEVERE ] updating countdown to 31473
[15:06:23.791] [SEVERE ] updating countdown to 31363
[15:06:23.902] [SEVERE ] updating countdown to 31252
[15:06:24.012] [SEVERE ] updating countdown to 31142
[15:06:24.122] [SEVERE ] updating countdown to 31032
[15:06:24.232] [SEVERE ] updating countdown to 30922
[15:06:24.342] [SEVERE ] updating countdown to 30812
[15:06:24.451] [SEVERE ] updating countdown to 30703
[15:06:24.565] [SEVERE ] updating countdown to 30589
[15:06:24.673] [SEVERE ] updating countdown to 30481
[15:06:24.774] [SEVERE ] updating countdown to 30380
[15:06:24.875] [SEVERE ] updating countdown to 30279
[15:06:24.985] [SEVERE ] updating countdown to 30169
[15:06:25.095] [SEVERE ] updating countdown to 30059
[15:06:25.209] [SEVERE ] updating countdown to 29945
[15:06:25.320] [SEVERE ] updating countdown to 29834
[15:06:25.429] [SEVERE ] updating countdown to 29725
[15:06:25.539] [SEVERE ] updating countdown to 29615
[15:06:25.649] [SEVERE ] updating countdown to 29505
[15:06:25.759] [SEVERE ] updating countdown to 29395
[15:06:25.869] [SEVERE ] updating countdown to 29285
[15:06:25.979] [SEVERE ] updating countdown to 29175
[15:06:26.089] [SEVERE ] updating countdown to 29065
[15:06:26.201] [SEVERE ] updating countdown to 28953
[15:06:26.311] [SEVERE ] updating countdown to 28843
[15:06:26.421] [SEVERE ] updating countdown to 28733
[15:06:26.531] [SEVERE ] updating countdown to 28623
[15:06:26.640] [SEVERE ] updating countdown to 28514
[15:06:26.750] [SEVERE ] updating countdown to 28404
[15:06:26.861] [SEVERE ] updating countdown to 28293
[15:06:26.972] [SEVERE ] updating countdown to 28182
[15:06:27.081] [SEVERE ] updating countdown to 28073
[15:06:27.191] [SEVERE ] updating countdown to 27963
[15:06:27.302] [SEVERE ] updating countdown to 27852
[15:06:27.412] [SEVERE ] updating countdown to 27742
[15:06:27.522] [SEVERE ] updating countdown to 27632
[15:06:27.636] [SEVERE ] updating countdown to 27518
[15:06:27.752] [SEVERE ] updating countdown to 27402
[15:06:27.855] [SEVERE ] updating countdown to 27299
[15:06:27.965] [SEVERE ] updating countdown to 27189
[15:06:28.078] [SEVERE ] updating countdown to 27076
[15:06:28.185] [SEVERE ] updating countdown to 26969
[15:06:28.300] [SEVERE ] updating countdown to 26854
[15:06:28.411] [SEVERE ] updating countdown to 26743
[15:06:28.521] [SEVERE ] updating countdown to 26633
[15:06:28.631] [SEVERE ] updating countdown to 26523
[15:06:28.741] [SEVERE ] updating countdown to 26413
[15:06:28.850] [SEVERE ] updating countdown to 26304
[15:06:28.961] [SEVERE ] updating countdown to 26193
[15:06:29.071] [SEVERE ] updating countdown to 26083
[15:06:29.181] [SEVERE ] updating countdown to 25973
[15:06:29.290] [SEVERE ] updating countdown to 25864
[15:06:29.400] [SEVERE ] updating countdown to 25754
[15:06:29.511] [SEVERE ] updating countdown to 25643
[15:06:29.622] [SEVERE ] updating countdown to 25532
[15:06:29.732] [SEVERE ] updating countdown to 25422
[15:06:29.842] [SEVERE ] updating countdown to 25312
[15:06:29.952] [SEVERE ] updating countdown to 25202
[15:06:30.062] [SEVERE ] updating countdown to 25092
[15:06:30.173] [SEVERE ] updating countdown to 24981
[15:06:30.283] [SEVERE ] updating countdown to 24871
[15:06:30.392] [SEVERE ] updating countdown to 24762
[15:06:30.502] [SEVERE ] updating countdown to 24652
[15:06:30.614] [SEVERE ] updating countdown to 24540
[15:06:30.725] [SEVERE ] updating countdown to 24429
[15:06:30.834] [SEVERE ] updating countdown to 24320
[15:06:30.954] [SEVERE ] updating countdown to 24200
[15:06:31.058] [SEVERE ] updating countdown to 24096
[15:06:31.168] [SEVERE ] updating countdown to 23986
[15:06:31.278] [SEVERE ] updating countdown to 23876
[15:06:31.388] [SEVERE ] updating countdown to 23766
[15:06:31.498] [SEVERE ] updating countdown to 23656
[15:06:31.608] [SEVERE ] updating countdown to 23546
[15:06:31.721] [SEVERE ] updating countdown to 23433
[15:06:31.823] [SEVERE ] updating countdown to 23331
[15:06:31.934] [SEVERE ] updating countdown to 23220
[15:06:32.045] [SEVERE ] updating countdown to 23109
[15:06:32.150] [SEVERE ] updating countdown to 23004
[15:06:32.260] [SEVERE ] updating countdown to 22894
[15:06:32.370] [SEVERE ] updating countdown to 22784
[15:06:32.480] [SEVERE ] updating countdown to 22674
[15:06:32.590] [SEVERE ] updating countdown to 22564
[15:06:32.700] [SEVERE ] updating countdown to 22454
[15:06:32.810] [SEVERE ] updating countdown to 22344
[15:06:32.921] [SEVERE ] updating countdown to 22233
[15:06:33.031] [SEVERE ] updating countdown to 22123
[15:06:33.141] [SEVERE ] updating countdown to 22013
[15:06:33.251] [SEVERE ] updating countdown to 21903
[15:06:33.361] [SEVERE ] updating countdown to 21793
[15:06:33.471] [SEVERE ] updating countdown to 21683
[15:06:33.582] [SEVERE ] updating countdown to 21572
[15:06:33.692] [SEVERE ] updating countdown to 21462
[15:06:33.802] [SEVERE ] updating countdown to 21352
[15:06:33.912] [SEVERE ] updating countdown to 21242
[15:06:34.022] [SEVERE ] updating countdown to 21132
[15:06:34.133] [SEVERE ] updating countdown to 21021
[15:06:34.245] [SEVERE ] updating countdown to 20909
[15:06:34.356] [SEVERE ] updating countdown to 20798
[15:06:34.466] [SEVERE ] updating countdown to 20688
[15:06:34.576] [SEVERE ] updating countdown to 20578
[15:06:34.686] [SEVERE ] updating countdown to 20468
[15:06:34.796] [SEVERE ] updating countdown to 20358
[15:06:34.906] [SEVERE ] updating countdown to 20248
[15:06:35.017] [SEVERE ] updating countdown to 20137
[15:06:35.127] [SEVERE ] updating countdown to 20027
[15:06:35.237] [SEVERE ] updating countdown to 19917
[15:06:35.360] [SEVERE ] updating countdown to 19794
[15:06:35.472] [SEVERE ] updating countdown to 19682
[15:06:35.579] [SEVERE ] updating countdown to 19575
[15:06:35.689] [SEVERE ] updating countdown to 19465
[15:06:35.800] [SEVERE ] updating countdown to 19354
[15:06:35.913] [SEVERE ] updating countdown to 19241
[15:06:36.023] [SEVERE ] updating countdown to 19131
[15:06:36.132] [SEVERE ] updating countdown to 19022
[15:06:36.244] [SEVERE ] updating countdown to 18910
[15:06:36.353] [SEVERE ] updating countdown to 18801
[15:06:36.464] [SEVERE ] updating countdown to 18690
[15:06:36.574] [SEVERE ] updating countdown to 18580
[15:06:36.684] [SEVERE ] updating countdown to 18470
[15:06:36.794] [SEVERE ] updating countdown to 18360
[15:06:36.904] [SEVERE ] updating countdown to 18250
[15:06:37.014] [SEVERE ] updating countdown to 18140
[15:06:37.124] [SEVERE ] updating countdown to 18030
[15:06:37.234] [SEVERE ] updating countdown to 17920
[15:06:37.346] [SEVERE ] updating countdown to 17808
[15:06:37.456] [SEVERE ] updating countdown to 17698
[15:06:37.566] [SEVERE ] updating countdown to 17588
[15:06:37.676] [SEVERE ] updating countdown to 17478
[15:06:37.786] [SEVERE ] updating countdown to 17368
[15:06:37.896] [SEVERE ] updating countdown to 17258
[15:06:38.006] [SEVERE ] updating countdown to 17148
[15:06:38.017] [SEVERE ] key 68 was pressed by player 1
[15:06:38.017] [SEVERE ] player 1 placing token on slot 6
[15:06:38.117] [SEVERE ] updating countdown to 17037
[15:06:38.227] [SEVERE ] updating countdown to 16927
[15:06:38.337] [SEVERE ] updating countdown to 16817
[15:06:38.447] [SEVERE ] updating countdown to 16707
[15:06:38.557] [SEVERE ] updating countdown to 16597
[15:06:38.667] [SEVERE ] updating countdown to 16487
[15:06:38.777] [SEVERE ] updating countdown to 16377
[15:06:38.887] [SEVERE ] updating countdown to 16267
[15:06:38.997] [SEVERE ] updating countdown to 16157
[15:06:39.108] [SEVERE ] updating countdown to 16046
[15:06:39.184] [SEVERE ] key 68 was pressed by player 1
[15:06:39.184] [SEVERE ] removing player 1 token from slot 6
[15:06:39.215] [SEVERE ] updating countdown to 15939
[15:06:39.319] [SEVERE ] updating countdown to 15835
[15:06:39.429] [SEVERE ] updating countdown to 15725
[15:06:39.539] [SEVERE ] updating countdown to 15615
[15:06:39.641] [SEVERE ] updating countdown to 15513
[15:06:39.751] [SEVERE ] updating countdown to 15403
[15:06:39.816] [SEVERE ] key 83 was pressed by player 1
[15:06:39.816] [SEVERE ] player 1 placing token on slot 5
[15:06:39.862] [SEVERE ] updating countdown to 15292
[15:06:39.971] [SEVERE ] updating countdown to 15183
[15:06:40.081] [SEVERE ] updating countdown to 15073
[15:06:40.191] [SEVERE ] updating countdown to 14963
[15:06:40.302] [SEVERE ] updating countdown to 14852
[15:06:40.412] [SEVERE ] updating countdown to 14742
[15:06:40.522] [SEVERE ] updating countdown to 14632
[15:06:40.632] [SEVERE ] updating countdown to 14522
[15:06:40.742] [SEVERE ] updating countdown to 14412
[15:06:40.852] [SEVERE ] updating countdown to 14302
[15:06:40.962] [SEVERE ] updating countdown to 14192
[15:06:41.072] [SEVERE ] updating countdown to 14082
[15:06:41.182] [SEVERE ] updating countdown to 13972
[15:06:41.292] [SEVERE ] updating countdown to 13862
[15:06:41.403] [SEVERE ] updating countdown to 13751
[15:06:41.513] [SEVERE ] updating countdown to 13641
[15:06:41.622] [SEVERE ] updating countdown to 13532
[15:06:41.722] [SEVERE ] key 88 was pressed by player 1
[15:06:41.722] [SEVERE ] player 1 placing token on slot 9
[15:06:41.733] [SEVERE ] updating countdown to 13421
[15:06:41.843] [SEVERE ] updating countdown to 13311
[15:06:41.953] [SEVERE ] updating countdown to 13201
[15:06:42.063] [SEVERE ] updating countdown to 13091
[15:06:42.173] [SEVERE ] updating countdown to 12981
[15:06:42.284] [SEVERE ] updating countdown to 12870
[15:06:42.394] [SEVERE ] updating countdown to 12760
[15:06:42.505] [SEVERE ] updating countdown to 12649
[15:06:42.615] [SEVERE ] updating countdown to 12539
[15:06:42.725] [SEVERE ] updating countdown to 12429
[15:06:42.835] [SEVERE ] updating countdown to 12319
[15:06:42.945] [SEVERE ] updating countdown to 12209
[15:06:43.055] [SEVERE ] updating countdown to 12099
[15:06:43.168] [SEVERE ] updating countdown to 11986
[15:06:43.271] [SEVERE ] updating countdown to 11883
[15:06:43.382] [SEVERE ] updating countdown to 11772
[15:06:43.506] [SEVERE ] updating countdown to 11648
[15:06:43.616] [SEVERE ] updating countdown to 11538
[15:06:43.726] [SEVERE ] updating countdown to 11428
[15:06:43.836] [SEVERE ] updating countdown to 11318
[15:06:43.946] [SEVERE ] updating countdown to 11208
[15:06:44.056] [SEVERE ] updating countdown to 11098
[15:06:44.166] [SEVERE ] updating countdown to 10988
[15:06:44.277] [SEVERE ] updating countdown to 10877
[15:06:44.387] [SEVERE ] updating countdown to 10767
[15:06:44.497] [SEVERE ] updating countdown to 10657
[15:06:44.607] [SEVERE ] updating countdown to 10547
[15:06:44.717] [SEVERE ] updating countdown to 10437
[15:06:44.827] [SEVERE ] updating countdown to 10327
[15:06:44.937] [SEVERE ] updating countdown to 10217
[15:06:45.031] [SEVERE ] key 65 was pressed by player 1
[15:06:45.031] [SEVERE ] player 1 placing token on slot 4
[15:06:45.047] [SEVERE ] updating countdown to 10107
[15:06:45.047] [SEVERE ] removing all tokens
[15:06:45.158] [SEVERE ] removing card from slot 4
[15:06:45.158] [SEVERE ] removing all tokens
[15:06:45.268] [SEVERE ] removing card from slot 5
[15:06:45.268] [SEVERE ] removing all tokens
[15:06:45.378] [SEVERE ] removing card from slot 9
[15:06:45.378] [SEVERE ] setting player 1 score to 1
[15:06:45.487] [SEVERE ] placing card 42 in slot 4
[15:06:45.598] [SEVERE ] placing card 34 in slot 5
[15:06:45.707] [SEVERE ] placing card 21 in slot 9
[15:06:45.817] [SEVERE ] updating countdown to 9337
[15:06:45.927] [SEVERE ] updating countdown to 9227
[15:06:46.037] [SEVERE ] updating countdown to 9117
[15:06:46.147] [SEVERE ] updating countdown to 9007
[15:06:46.257] [SEVERE ] updating countdown to 8897
[15:06:46.367] [SEVERE ] updating countdown to 8787
[15:06:46.476] [SEVERE ] updating countdown to 8678
[15:06:46.586] [SEVERE ] updating countdown to 8568
[15:06:46.686] [SEVERE ] updating countdown to 8468
[15:06:46.796] [SEVERE ] updating countdown to 8358
[15:06:46.906] [SEVERE ] updating countdown to 8248
[15:06:47.016] [SEVERE ] updating countdown to 8138
[15:06:47.126] [SEVERE ] updating countdown to 8028
[15:06:47.237] [SEVERE ] updating countdown to 7917
[15:06:47.348] [SEVERE ] updating countdown to 7806
[15:06:47.458] [SEVERE ] updating countdown to 7696
[15:06:47.568] [SEVERE ] updating countdown to 7586
[15:06:47.677] [SEVERE ] updating countdown to 7477
[15:06:47.787] [SEVERE ] updating countdown to 7367
[15:06:47.897] [SEVERE ] updating countdown to 7257
[15:06:48.006] [SEVERE ] updating countdown to 7148
[15:06:48.116] [SEVERE ] updating countdown to 7038
[15:06:48.226] [SEVERE ] updating countdown to 6928
[15:06:48.337] [SEVERE ] updating countdown to 6817
[15:06:48.447] [SEVERE ] updating countdown to 6707
[15:06:48.557] [SEVERE ] updating countdown to 6597
[15:06:48.666] [SEVERE ] updating countdown to 6488
[15:06:48.776] [SEVERE ] updating countdown to 6378
[15:06:48.887] [SEVERE ] updating countdown to 6267
[15:06:48.997] [SEVERE ] updating countdown to 6157
[15:06:49.107] [SEVERE ] updating countdown to 6047
[15:06:49.218] [SEVERE ] updating countdown to 5936
[15:06:49.328] [SEVERE ] updating countdown to 5826
[15:06:49.438] [SEVERE ] updating countdown to 5716
[15:06:49.548] [SEVERE ] updating countdown to 5606
[15:06:49.657] [SEVERE ] updating countdown to 5497
[15:06:49.769] [SEVERE ] updating countdown to 5385
[15:06:49.879] [SEVERE ] updating countdown to 5275
[15:06:49.989] [SEVERE ] updating countdown to 5165
[15:06:50.099] [SEVERE ] updating countdown to 5055
[15:06:55.166] [SEVERE ] removing all tokens
[15:06:55.276] [SEVERE ] placing card 32 in slot 0
[15:06:55.387] [SEVERE ] placing card 69 in slot 1
[15:06:55.509] [SEVERE ] placing card 0 in slot 2
[15:06:55.619] [SEVERE ] placing card 29 in slot 3
[15:06:55.729] [SEVERE ] placing card 1 in slot 4
[15:06:55.838] [SEVERE ] placing card 71 in slot 5
[15:06:55.948] [SEVERE ] placing card 79 in slot 6
[15:06:56.058] [SEVERE ] placing card 63 in slot 7
[15:06:56.168] [SEVERE ] placing card 37 in slot 8
[15:06:56.278] [SEVERE ] placing card 15 in slot 9
[15:06:56.388] [SEVERE ] placing card 21 in slot 10
[15:06:56.498] [SEVERE ] placing card 28 in slot 11
[15:06:56.498] [SEVERE ] updating countdown to 60000
[15:06:56.608] [SEVERE ] updating countdown to 59890
[15:06:56.718] [SEVERE ] updating countdown to 59780
[15:06:56.829] [SEVERE ] updating countdown to 59669
[15:06:56.939] [SEVERE ] updating countdown to 59559
[15:06:57.049] [SEVERE ] updating countdown to 59449
[15:06:57.159] [SEVERE ] updating countdown to 59339
[15:06:57.269] [SEVERE ] updating countdown to 59229
[15:06:57.379] [SEVERE ] updating countdown to 59119
[15:06:57.489] [SEVERE ] updating countdown to 59009
[15:06:57.599] [SEVERE ] updating countdown to 58899
[15:06:57.709] [SEVERE ] updating countdown to 58789
[15:06:57.820] [SEVERE ] updating countdown to 58678
[15:06:57.930] [SEVERE ] updating countdown to 58568
[15:06:58.044] [SEVERE ] updating countdown to 58454
[15:06:58.156] [SEVERE ] updating countdown to 58342
[15:06:58.260] [SEVERE ] updating countdown to 58238
[15:06:58.370] [SEVERE ] updating countdown to 58128
[15:06:58.480] [SEVERE ] updating countdown to 58018
[15:06:58.592] [SEVERE ] updating countdown to 57906
[15:06:58.702] [SEVERE ] updating countdown to 57796
[15:06:58.812] [SEVERE ] updating countdown to 57686
[15:06:58.922] [SEVERE ] updating countdown to 57576
[15:06:59.031] [SEVERE ] updating countdown to 57467
[15:06:59.134] [SEVERE ] updating countdown to 57364
[15:06:59.243] [SEVERE ] updating countdown to 57255
[15:06:59.345] [SEVERE ] updating countdown to 57153
[15:06:59.446] [SEVERE ] updating countdown to 57052
[15:06:59.557] [SEVERE ] updating countdown to 56941
[15:06:59.666] [SEVERE ] updating countdown to 56832
[15:06:59.779] [SEVERE ] updating countdown to 56719
[15:06:59.896] [SEVERE ] updating countdown to 56602
[15:07:00.000] [SEVERE ] updating countdown to 56498
[15:07:00.102] [SEVERE ] updating countdown to 56396
[15:07:00.210] [SEVERE ] updating countdown to 56288
[15:07:00.311] [SEVERE ] updating countdown to 56187
[15:07:00.412] [SEVERE ] updating countdown to 56086
[15:07:00.515] [SEVERE ] exit button pressed
[15:07:00.515] [SEVERE ] thanks for playing... it was fun!
[15:07:00.515] [INFO   ] thread main terminated.
