[14:37:17.567] [INFO   ] thread main starting.
[14:37:17.567] [SEVERE ] cannot read configuration file config.properties trying from resources.
[14:37:17.567] [SEVERE ] configuration file was loaded from resources directory.
[14:37:18.059] [INFO   ] thread dealer starting.
[14:37:18.181] [SEVERE ] placing card 38 in slot 0
[14:37:18.286] [SEVERE ] placing card 49 in slot 1
[14:37:18.388] [SEVERE ] placing card 79 in slot 2
[14:37:18.499] [SEVERE ] placing card 48 in slot 3
[14:37:18.610] [SEVERE ] placing card 72 in slot 4
[14:37:18.726] [SEVERE ] placing card 68 in slot 5
[14:37:18.838] [SEVERE ] placing card 74 in slot 6
[14:37:18.948] [SEVERE ] placing card 66 in slot 7
[14:37:19.059] [SEVERE ] placing card 26 in slot 8
[14:37:19.169] [SEVERE ] placing card 9 in slot 9
[14:37:19.279] [SEVERE ] placing card 58 in slot 10
[14:37:19.391] [SEVERE ] placing card 32 in slot 11
[14:38:35.693] [SEVERE ] key 90 was pressed by player 1
[14:38:35.693] [SEVERE ] player 1 placing token on slot 8
[14:38:36.179] [SEVERE ] key 65 was pressed by player 1
[14:38:36.179] [SEVERE ] player 1 placing token on slot 4
[14:38:37.405] [SEVERE ] key 69 was pressed by player 1
[14:38:37.418] [SEVERE ] player 1 placing token on slot 2
[14:39:06.113] [SEVERE ] key 82 was pressed by player 1
[14:39:06.500] [SEVERE ] key 69 was pressed by player 1
[14:39:06.922] [SEVERE ] key 69 was pressed by player 1
[14:39:07.225] [SEVERE ] key 69 was pressed by player 1
[14:39:08.365] [SEVERE ] exit button pressed
[14:39:08.365] [SEVERE ] thanks for playing... it was fun!
[14:39:08.367] [INFO   ] thread main terminated.
