[19:20:09.459] [INFO   ] thread main starting.
[19:20:09.459] [SEVERE ] cannot read configuration file config.properties trying from resources.
[19:20:09.459] [SEVERE ] configuration file was loaded from resources directory.
[19:20:10.024] [INFO   ] thread dealer starting.
[19:20:10.152] [SEVERE ] placing card 12 in slot 0
[19:20:10.262] [SEVERE ] placing card 67 in slot 1
[19:20:10.374] [SEVERE ] placing card 18 in slot 2
[19:20:10.476] [SEVERE ] placing card 69 in slot 3
[19:20:10.586] [SEVERE ] placing card 38 in slot 4
[19:20:10.694] [SEVERE ] placing card 37 in slot 5
[19:20:10.797] [SEVERE ] placing card 37 in slot 6
[19:20:10.938] [SEVERE ] placing card 40 in slot 7
[19:20:11.040] [SEVERE ] placing card 55 in slot 8
[19:20:11.152] [SEVERE ] placing card 78 in slot 9
[19:20:11.261] [SEVERE ] placing card 27 in slot 10
[19:20:11.379] [SEVERE ] placing card 3 in slot 11
[19:20:12.993] [SEVERE ] key 85 was pressed by player 2
[19:20:13.196] [SEVERE ] key 73 was pressed by player 2
[19:20:13.881] [SEVERE ] key 85 was pressed by player 2
[19:20:14.028] [SEVERE ] key 73 was pressed by player 2
[19:20:14.743] [SEVERE ] key 86 was pressed by player 1
[19:20:15.069] [SEVERE ] key 88 was pressed by player 1
[19:20:16.787] [SEVERE ] exit button pressed
[19:20:16.787] [SEVERE ] thanks for playing... it was fun!
[19:20:16.787] [INFO   ] thread main terminated.
