[13:44:38.044] [INFO   ] thread main starting.
[13:44:38.044] [SEVERE ] cannot read configuration file config.properties trying from resources.
[13:44:38.044] [SEVERE ] configuration file was loaded from resources directory.
[13:44:38.535] [INFO   ] thread dealer starting.
[13:44:38.654] [SEVERE ] placing card 2 in slot 0
[13:44:38.765] [SEVERE ] placing card 65 in slot 1
[13:44:38.889] [SEVERE ] placing card 20 in slot 2
[13:44:38.990] [SEVERE ] placing card 55 in slot 3
[13:44:39.093] [SEVERE ] placing card 21 in slot 4
[13:44:39.202] [SEVERE ] placing card 25 in slot 5
[13:44:39.315] [SEVERE ] placing card 47 in slot 6
[13:44:39.418] [SEVERE ] placing card 46 in slot 7
[13:44:39.530] [SEVERE ] placing card 57 in slot 8
[13:44:39.632] [SEVERE ] placing card 39 in slot 9
[13:44:39.740] [SEVERE ] placing card 34 in slot 10
[13:44:39.851] [SEVERE ] placing card 20 in slot 11
[13:44:44.796] [SEVERE ] key 88 was pressed by player 1
[13:44:44.796] [SEVERE ] player 1 placing token on slot 9
[13:44:45.285] [SEVERE ] key 67 was pressed by player 1
[13:44:45.285] [SEVERE ] player 1 placing token on slot 10
[13:44:46.917] [SEVERE ] key 68 was pressed by player 1
[13:44:46.917] [SEVERE ] player 1 placing token on slot 6
[13:44:46.917] [SEVERE ] removing all tokens
[13:44:47.039] [SEVERE ] removing card from slot 6
[13:44:47.039] [SEVERE ] removing all tokens
[13:44:47.148] [SEVERE ] removing card from slot 9
[13:44:47.148] [SEVERE ] removing all tokens
[13:44:47.259] [SEVERE ] removing card from slot 10
[13:44:47.259] [SEVERE ] setting player 1 score to 1
[13:44:47.382] [SEVERE ] placing card 42 in slot 6
[13:44:47.492] [SEVERE ] placing card 11 in slot 9
[13:44:47.602] [SEVERE ] placing card 68 in slot 10
[13:44:55.591] [SEVERE ] exit button pressed
[13:44:55.591] [SEVERE ] thanks for playing... it was fun!
[13:44:55.592] [INFO   ] thread main terminated.
