[16:08:25.696] [INFO   ] thread main starting.
[16:08:25.696] [SEVERE ] cannot read configuration file config.properties trying from resources.
[16:08:25.696] [SEVERE ] configuration file was loaded from resources directory.
[16:08:26.210] [INFO   ] thread dealer starting.
[16:08:26.280] [SEVERE ] player 2 placing token on slot 8
[16:08:26.281] [SEVERE ] player 2 placing token on slot 10
[16:08:26.326] [SEVERE ] placing card 13 in slot 0
[16:08:26.402] [SEVERE ] player 2 placing token on slot 11
[16:08:26.444] [SEVERE ] placing card 2 in slot 1
[16:08:26.557] [SEVERE ] placing card 40 in slot 2
[16:08:26.679] [SEVERE ] placing card 58 in slot 3
[16:08:26.791] [SEVERE ] placing card 78 in slot 4
[16:08:26.901] [SEVERE ] placing card 73 in slot 5
[16:08:27.012] [SEVERE ] placing card 25 in slot 6
[16:08:27.128] [SEVERE ] placing card 3 in slot 7
[16:08:27.243] [SEVERE ] placing card 28 in slot 8
[16:08:27.359] [SEVERE ] placing card 30 in slot 9
[16:08:27.470] [SEVERE ] placing card 5 in slot 10
[16:08:27.582] [SEVERE ] placing card 54 in slot 11
[16:08:27.582] [SEVERE ] updating countdown to 60000
[16:08:27.692] [SEVERE ] updating countdown to 59890
[16:08:27.692] [SEVERE ] removing player 2 token from slot 8
[16:08:27.692] [SEVERE ] removing player 2 token from slot 10
[16:08:27.694] [SEVERE ] removing player 2 token from slot 11
[16:08:27.694] [SEVERE ] setting player 2 score to -1
[16:08:27.694] [INFO   ] thread dealer terminated.
[16:08:32.698] [SEVERE ] disposing of user interface elements
[16:08:32.709] [SEVERE ] thanks for playing... it was fun!
[16:08:32.709] [INFO   ] thread main terminated.
