[13:27:09.346] [INFO   ] thread main starting.
[13:27:09.362] [SEVERE ] cannot read configuration file config.properties trying from resources.
[13:27:09.362] [SEVERE ] configuration file was loaded from resources directory.
[13:27:09.977] [INFO   ] thread dealer starting.
[13:27:10.090] [SEVERE ] placing card 39 in slot 0
[13:27:10.200] [SEVERE ] placing card 69 in slot 1
[13:27:10.306] [SEVERE ] placing card 33 in slot 2
[13:27:10.408] [SEVERE ] placing card 64 in slot 3
[13:27:10.517] [SEVERE ] placing card 4 in slot 4
[13:27:10.633] [SEVERE ] placing card 79 in slot 5
[13:27:10.743] [SEVERE ] placing card 12 in slot 6
[13:27:10.884] [SEVERE ] placing card 78 in slot 7
[13:27:10.994] [SEVERE ] placing card 15 in slot 8
[13:27:11.100] [SEVERE ] placing card 37 in slot 9
[13:27:11.212] [SEVERE ] placing card 38 in slot 10
[13:27:11.325] [SEVERE ] placing card 21 in slot 11
[13:27:11.325] [SEVERE ] updating countdown to 60000
[13:27:11.435] [SEVERE ] updating countdown to 59890
[13:27:11.546] [SEVERE ] updating countdown to 59779
[13:27:11.657] [SEVERE ] updating countdown to 59668
[13:27:11.767] [SEVERE ] updating countdown to 59558
[13:27:11.880] [SEVERE ] updating countdown to 59445
[13:27:11.990] [SEVERE ] updating countdown to 59335
[13:27:12.112] [SEVERE ] updating countdown to 59213
[13:27:12.217] [SEVERE ] updating countdown to 59108
[13:27:12.327] [SEVERE ] updating countdown to 58998
[13:27:12.437] [SEVERE ] updating countdown to 58888
[13:27:12.547] [SEVERE ] updating countdown to 58778
[13:27:12.659] [SEVERE ] updating countdown to 58666
[13:27:12.769] [SEVERE ] updating countdown to 58556
[13:27:12.880] [SEVERE ] updating countdown to 58445
[13:27:12.990] [SEVERE ] updating countdown to 58335
[13:27:13.100] [SEVERE ] updating countdown to 58225
[13:27:13.206] [SEVERE ] updating countdown to 58119
[13:27:13.316] [SEVERE ] updating countdown to 58009
[13:27:13.426] [SEVERE ] updating countdown to 57899
[13:27:13.536] [SEVERE ] updating countdown to 57789
[13:27:13.646] [SEVERE ] updating countdown to 57679
[13:27:13.758] [SEVERE ] updating countdown to 57567
[13:27:13.867] [SEVERE ] updating countdown to 57458
[13:27:13.977] [SEVERE ] updating countdown to 57348
[13:27:14.095] [SEVERE ] updating countdown to 57230
[13:27:14.203] [SEVERE ] updating countdown to 57122
[13:27:14.316] [SEVERE ] updating countdown to 57009
[13:27:14.427] [SEVERE ] updating countdown to 56898
[13:27:14.537] [SEVERE ] updating countdown to 56788
[13:27:14.649] [SEVERE ] updating countdown to 56676
[13:27:14.767] [SEVERE ] updating countdown to 56558
[13:27:14.877] [SEVERE ] updating countdown to 56448
[13:27:14.986] [SEVERE ] updating countdown to 56339
[13:27:15.097] [SEVERE ] updating countdown to 56228
[13:27:15.198] [SEVERE ] updating countdown to 56127
[13:27:15.310] [SEVERE ] updating countdown to 56015
[13:27:15.421] [SEVERE ] updating countdown to 55904
[13:27:15.531] [SEVERE ] updating countdown to 55794
[13:27:15.647] [SEVERE ] updating countdown to 55678
[13:27:15.763] [SEVERE ] updating countdown to 55562
[13:27:15.873] [SEVERE ] updating countdown to 55452
[13:27:15.983] [SEVERE ] updating countdown to 55342
[13:27:16.094] [SEVERE ] updating countdown to 55231
[13:27:16.204] [SEVERE ] updating countdown to 55121
[13:27:16.315] [SEVERE ] updating countdown to 55010
[13:27:16.427] [SEVERE ] updating countdown to 54898
[13:27:16.537] [SEVERE ] updating countdown to 54788
[13:27:16.647] [SEVERE ] updating countdown to 54678
[13:27:16.758] [SEVERE ] updating countdown to 54567
[13:27:16.867] [SEVERE ] updating countdown to 54458
[13:27:16.977] [SEVERE ] updating countdown to 54348
[13:27:17.033] [SEVERE ] key 65 was pressed by player 1
[13:27:17.033] [SEVERE ] player 1 placing token on slot 4
[13:27:17.090] [SEVERE ] updating countdown to 54235
[13:27:17.199] [SEVERE ] updating countdown to 54126
[13:27:17.304] [SEVERE ] updating countdown to 54021
[13:27:17.415] [SEVERE ] updating countdown to 53910
[13:27:17.525] [SEVERE ] updating countdown to 53800
[13:27:17.635] [SEVERE ] updating countdown to 53690
[13:27:17.745] [SEVERE ] updating countdown to 53580
[13:27:17.869] [SEVERE ] updating countdown to 53456
[13:27:17.980] [SEVERE ] updating countdown to 53345
[13:27:18.090] [SEVERE ] updating countdown to 53235
[13:27:18.201] [SEVERE ] updating countdown to 53124
[13:27:18.310] [SEVERE ] updating countdown to 53015
[13:27:18.420] [SEVERE ] updating countdown to 52905
[13:27:18.534] [SEVERE ] updating countdown to 52791
[13:27:18.644] [SEVERE ] updating countdown to 52681
[13:27:18.672] [SEVERE ] key 88 was pressed by player 1
[13:27:18.672] [SEVERE ] player 1 placing token on slot 9
[13:27:18.751] [SEVERE ] updating countdown to 52574
[13:27:18.852] [SEVERE ] updating countdown to 52473
[13:27:18.900] [SEVERE ] key 83 was pressed by player 1
[13:27:18.913] [SEVERE ] player 1 placing token on slot 5
[13:27:18.961] [SEVERE ] updating countdown to 52364
[13:27:18.961] [SEVERE ] removing all tokens
[13:27:19.072] [SEVERE ] removing card from slot 4
[13:27:19.072] [SEVERE ] removing all tokens
[13:27:19.182] [SEVERE ] removing card from slot 5
[13:27:19.182] [SEVERE ] removing all tokens
[13:27:19.304] [SEVERE ] removing card from slot 9
[13:27:19.405] [SEVERE ] placing card 61 in slot 4
[13:27:19.519] [SEVERE ] placing card 28 in slot 5
[13:27:19.630] [SEVERE ] placing card 42 in slot 9
[13:27:19.630] [SEVERE ] setting player 1 score to 1
[13:27:19.739] [SEVERE ] updating countdown to 51586
[13:27:19.852] [SEVERE ] updating countdown to 51473
[13:27:19.962] [SEVERE ] updating countdown to 51363
[13:27:20.072] [SEVERE ] updating countdown to 51253
[13:27:20.182] [SEVERE ] updating countdown to 51143
[13:27:20.292] [SEVERE ] updating countdown to 51033
[13:27:20.402] [SEVERE ] updating countdown to 50923
[13:27:20.515] [SEVERE ] updating countdown to 50810
[13:27:20.625] [SEVERE ] updating countdown to 50700
[13:27:20.734] [SEVERE ] updating countdown to 50591
[13:27:20.844] [SEVERE ] updating countdown to 50481
[13:27:20.955] [SEVERE ] updating countdown to 50370
[13:27:21.065] [SEVERE ] updating countdown to 50260
[13:27:21.176] [SEVERE ] updating countdown to 50149
[13:27:21.287] [SEVERE ] updating countdown to 50038
[13:27:21.397] [SEVERE ] updating countdown to 49928
[13:27:21.508] [SEVERE ] updating countdown to 49817
[13:27:21.619] [SEVERE ] updating countdown to 49706
[13:27:21.729] [SEVERE ] updating countdown to 49596
[13:27:21.839] [SEVERE ] updating countdown to 49486
[13:27:21.944] [SEVERE ] updating countdown to 49381
[13:27:22.054] [SEVERE ] updating countdown to 49271
[13:27:22.164] [SEVERE ] updating countdown to 49161
[13:27:22.276] [SEVERE ] updating countdown to 49049
[13:27:22.386] [SEVERE ] updating countdown to 48939
[13:27:22.497] [SEVERE ] updating countdown to 48828
[13:27:22.608] [SEVERE ] updating countdown to 48717
[13:27:22.718] [SEVERE ] updating countdown to 48607
[13:27:22.827] [SEVERE ] updating countdown to 48498
[13:27:22.922] [SEVERE ] key 90 was pressed by player 1
[13:27:22.922] [SEVERE ] player 1 placing token on slot 8
[13:27:22.943] [SEVERE ] updating countdown to 48382
[13:27:23.052] [SEVERE ] updating countdown to 48273
[13:27:23.084] [SEVERE ] key 88 was pressed by player 1
[13:27:23.084] [SEVERE ] player 1 placing token on slot 9
[13:27:23.162] [SEVERE ] updating countdown to 48163
[13:27:23.264] [SEVERE ] updating countdown to 48061
[13:27:23.374] [SEVERE ] updating countdown to 47951
[13:27:23.484] [SEVERE ] updating countdown to 47841
[13:27:23.594] [SEVERE ] updating countdown to 47731
[13:27:23.704] [SEVERE ] updating countdown to 47621
[13:27:23.814] [SEVERE ] updating countdown to 47511
[13:27:23.924] [SEVERE ] updating countdown to 47401
[13:27:24.034] [SEVERE ] updating countdown to 47291
[13:27:24.144] [SEVERE ] updating countdown to 47181
[13:27:24.254] [SEVERE ] updating countdown to 47071
[13:27:24.364] [SEVERE ] updating countdown to 46961
[13:27:24.457] [SEVERE ] key 87 was pressed by player 1
[13:27:24.457] [SEVERE ] player 1 placing token on slot 1
[13:27:24.473] [SEVERE ] updating countdown to 46852
[13:27:24.473] [SEVERE ] removing all tokens
[13:27:24.587] [SEVERE ] removing card from slot 1
[13:27:24.587] [SEVERE ] removing all tokens
[13:27:24.700] [SEVERE ] removing card from slot 8
[13:27:24.700] [SEVERE ] removing all tokens
[13:27:24.810] [SEVERE ] removing card from slot 9
[13:27:24.920] [SEVERE ] placing card 18 in slot 1
[13:27:25.031] [SEVERE ] placing card 71 in slot 8
[13:27:25.142] [SEVERE ] placing card 60 in slot 9
[13:27:25.142] [SEVERE ] setting player 1 score to 2
[13:27:25.253] [SEVERE ] updating countdown to 46072
[13:27:25.363] [SEVERE ] updating countdown to 45962
[13:27:25.474] [SEVERE ] updating countdown to 45851
[13:27:25.584] [SEVERE ] updating countdown to 45741
[13:27:25.695] [SEVERE ] updating countdown to 45630
[13:27:25.806] [SEVERE ] updating countdown to 45519
[13:27:25.916] [SEVERE ] updating countdown to 45409
[13:27:26.026] [SEVERE ] updating countdown to 45299
[13:27:26.137] [SEVERE ] updating countdown to 45188
[13:27:26.246] [SEVERE ] updating countdown to 45079
[13:27:26.356] [SEVERE ] updating countdown to 44969
[13:27:26.467] [SEVERE ] updating countdown to 44858
[13:27:26.577] [SEVERE ] updating countdown to 44748
[13:27:26.687] [SEVERE ] updating countdown to 44638
[13:27:26.797] [SEVERE ] updating countdown to 44528
[13:27:26.907] [SEVERE ] updating countdown to 44418
[13:27:27.017] [SEVERE ] updating countdown to 44308
[13:27:27.127] [SEVERE ] updating countdown to 44198
[13:27:27.237] [SEVERE ] updating countdown to 44088
[13:27:27.347] [SEVERE ] updating countdown to 43978
[13:27:27.456] [SEVERE ] updating countdown to 43869
[13:27:27.566] [SEVERE ] updating countdown to 43759
[13:27:27.676] [SEVERE ] updating countdown to 43649
[13:27:27.786] [SEVERE ] updating countdown to 43539
[13:27:27.897] [SEVERE ] updating countdown to 43428
[13:27:28.006] [SEVERE ] updating countdown to 43319
[13:27:28.116] [SEVERE ] updating countdown to 43209
[13:27:28.226] [SEVERE ] updating countdown to 43099
[13:27:28.337] [SEVERE ] updating countdown to 42988
[13:27:28.448] [SEVERE ] updating countdown to 42877
[13:27:28.558] [SEVERE ] updating countdown to 42767
[13:27:28.669] [SEVERE ] updating countdown to 42656
[13:27:28.779] [SEVERE ] updating countdown to 42546
[13:27:28.880] [SEVERE ] updating countdown to 42445
[13:27:28.990] [SEVERE ] updating countdown to 42335
[13:27:29.099] [SEVERE ] updating countdown to 42226
[13:27:29.210] [SEVERE ] updating countdown to 42115
[13:27:29.320] [SEVERE ] updating countdown to 42005
[13:27:29.430] [SEVERE ] updating countdown to 41895
[13:27:29.541] [SEVERE ] updating countdown to 41784
[13:27:29.651] [SEVERE ] updating countdown to 41674
[13:27:29.761] [SEVERE ] updating countdown to 41564
[13:27:29.870] [SEVERE ] updating countdown to 41455
[13:27:29.980] [SEVERE ] updating countdown to 41345
[13:27:30.090] [SEVERE ] updating countdown to 41235
[13:27:30.201] [SEVERE ] updating countdown to 41124
[13:27:30.311] [SEVERE ] updating countdown to 41014
[13:27:30.421] [SEVERE ] updating countdown to 40904
[13:27:30.533] [SEVERE ] updating countdown to 40792
[13:27:30.644] [SEVERE ] updating countdown to 40681
[13:27:30.754] [SEVERE ] updating countdown to 40571
[13:27:30.864] [SEVERE ] updating countdown to 40461
[13:27:30.974] [SEVERE ] updating countdown to 40351
[13:27:31.084] [SEVERE ] updating countdown to 40241
[13:27:31.187] [SEVERE ] updating countdown to 40138
[13:27:31.296] [SEVERE ] updating countdown to 40029
[13:27:31.407] [SEVERE ] updating countdown to 39918
[13:27:31.518] [SEVERE ] updating countdown to 39807
[13:27:31.633] [SEVERE ] updating countdown to 39692
[13:27:31.745] [SEVERE ] updating countdown to 39580
[13:27:31.856] [SEVERE ] updating countdown to 39469
[13:27:31.966] [SEVERE ] updating countdown to 39359
[13:27:32.076] [SEVERE ] updating countdown to 39249
[13:27:32.187] [SEVERE ] updating countdown to 39138
[13:27:32.293] [SEVERE ] updating countdown to 39032
[13:27:32.404] [SEVERE ] updating countdown to 38921
[13:27:32.505] [SEVERE ] updating countdown to 38820
[13:27:32.619] [SEVERE ] updating countdown to 38706
[13:27:32.730] [SEVERE ] updating countdown to 38595
[13:27:32.840] [SEVERE ] updating countdown to 38485
[13:27:32.951] [SEVERE ] updating countdown to 38374
[13:27:33.059] [SEVERE ] updating countdown to 38266
[13:27:33.160] [SEVERE ] updating countdown to 38165
[13:27:33.262] [SEVERE ] updating countdown to 38063
[13:27:33.377] [SEVERE ] updating countdown to 37948
[13:27:33.491] [SEVERE ] updating countdown to 37834
[13:27:33.594] [SEVERE ] updating countdown to 37731
[13:27:33.703] [SEVERE ] updating countdown to 37622
[13:27:33.814] [SEVERE ] updating countdown to 37511
[13:27:33.917] [SEVERE ] updating countdown to 37408
[13:27:34.029] [SEVERE ] updating countdown to 37296
[13:27:34.140] [SEVERE ] updating countdown to 37185
[13:27:34.250] [SEVERE ] updating countdown to 37075
[13:27:34.360] [SEVERE ] updating countdown to 36965
[13:27:34.472] [SEVERE ] updating countdown to 36853
[13:27:34.582] [SEVERE ] updating countdown to 36743
[13:27:34.693] [SEVERE ] updating countdown to 36632
[13:27:34.802] [SEVERE ] updating countdown to 36523
[13:27:34.912] [SEVERE ] updating countdown to 36413
[13:27:35.024] [SEVERE ] updating countdown to 36301
[13:27:35.133] [SEVERE ] updating countdown to 36192
[13:27:35.244] [SEVERE ] updating countdown to 36081
[13:27:35.353] [SEVERE ] updating countdown to 35972
[13:27:35.463] [SEVERE ] updating countdown to 35862
[13:27:35.573] [SEVERE ] updating countdown to 35752
[13:27:35.683] [SEVERE ] updating countdown to 35642
[13:27:35.794] [SEVERE ] updating countdown to 35531
[13:27:35.903] [SEVERE ] updating countdown to 35422
[13:27:36.013] [SEVERE ] updating countdown to 35312
[13:27:36.122] [SEVERE ] updating countdown to 35203
[13:27:36.232] [SEVERE ] updating countdown to 35093
[13:27:36.343] [SEVERE ] updating countdown to 34982
[13:27:36.453] [SEVERE ] updating countdown to 34872
[13:27:36.563] [SEVERE ] updating countdown to 34762
[13:27:36.673] [SEVERE ] updating countdown to 34652
[13:27:36.783] [SEVERE ] updating countdown to 34542
[13:27:36.892] [SEVERE ] updating countdown to 34433
[13:27:37.002] [SEVERE ] updating countdown to 34323
[13:27:37.111] [SEVERE ] updating countdown to 34214
[13:27:37.222] [SEVERE ] updating countdown to 34103
[13:27:37.332] [SEVERE ] updating countdown to 33993
[13:27:37.433] [SEVERE ] updating countdown to 33892
[13:27:37.543] [SEVERE ] updating countdown to 33782
[13:27:37.653] [SEVERE ] updating countdown to 33672
[13:27:37.763] [SEVERE ] updating countdown to 33562
[13:27:37.866] [SEVERE ] updating countdown to 33459
[13:27:37.976] [SEVERE ] updating countdown to 33349
[13:27:38.086] [SEVERE ] updating countdown to 33239
[13:27:38.197] [SEVERE ] updating countdown to 33128
[13:27:38.312] [SEVERE ] updating countdown to 33013
[13:27:38.422] [SEVERE ] updating countdown to 32903
[13:27:38.535] [SEVERE ] updating countdown to 32790
[13:27:38.647] [SEVERE ] updating countdown to 32678
[13:27:38.757] [SEVERE ] updating countdown to 32568
[13:27:38.859] [SEVERE ] updating countdown to 32466
[13:27:38.973] [SEVERE ] updating countdown to 32352
[13:27:39.076] [SEVERE ] updating countdown to 32249
[13:27:39.186] [SEVERE ] updating countdown to 32139
[13:27:39.297] [SEVERE ] updating countdown to 32028
[13:27:39.407] [SEVERE ] updating countdown to 31918
[13:27:39.519] [SEVERE ] updating countdown to 31806
[13:27:39.630] [SEVERE ] updating countdown to 31695
[13:27:39.740] [SEVERE ] updating countdown to 31585
[13:27:39.850] [SEVERE ] updating countdown to 31475
[13:27:39.960] [SEVERE ] updating countdown to 31365
[13:27:40.072] [SEVERE ] updating countdown to 31253
[13:27:40.182] [SEVERE ] updating countdown to 31143
[13:27:40.294] [SEVERE ] updating countdown to 31031
[13:27:40.404] [SEVERE ] updating countdown to 30921
[13:27:40.514] [SEVERE ] updating countdown to 30811
[13:27:40.625] [SEVERE ] updating countdown to 30700
[13:27:40.735] [SEVERE ] updating countdown to 30590
[13:27:40.838] [SEVERE ] updating countdown to 30487
[13:27:40.947] [SEVERE ] updating countdown to 30378
[13:27:41.057] [SEVERE ] updating countdown to 30268
[13:27:41.167] [SEVERE ] updating countdown to 30158
[13:27:41.279] [SEVERE ] updating countdown to 30046
[13:27:41.389] [SEVERE ] updating countdown to 29936
[13:27:41.499] [SEVERE ] updating countdown to 29826
[13:27:41.610] [SEVERE ] updating countdown to 29715
[13:27:41.720] [SEVERE ] updating countdown to 29605
[13:27:41.828] [SEVERE ] updating countdown to 29497
[13:27:41.943] [SEVERE ] updating countdown to 29382
[13:27:42.054] [SEVERE ] updating countdown to 29271
[13:27:42.155] [SEVERE ] updating countdown to 29170
[13:27:42.260] [SEVERE ] updating countdown to 29065
[13:27:42.376] [SEVERE ] updating countdown to 28949
[13:27:42.487] [SEVERE ] updating countdown to 28838
[13:27:42.601] [SEVERE ] updating countdown to 28724
[13:27:42.706] [SEVERE ] updating countdown to 28619
[13:27:42.815] [SEVERE ] updating countdown to 28510
[13:27:42.925] [SEVERE ] updating countdown to 28400
[13:27:43.034] [SEVERE ] updating countdown to 28291
[13:27:43.144] [SEVERE ] updating countdown to 28181
[13:27:43.253] [SEVERE ] updating countdown to 28072
[13:27:43.354] [SEVERE ] updating countdown to 27971
[13:27:43.465] [SEVERE ] updating countdown to 27860
[13:27:43.576] [SEVERE ] updating countdown to 27749
[13:27:43.687] [SEVERE ] updating countdown to 27638
[13:27:43.798] [SEVERE ] updating countdown to 27527
[13:27:43.900] [SEVERE ] updating countdown to 27425
[13:27:44.004] [SEVERE ] updating countdown to 27321
[13:27:44.108] [SEVERE ] updating countdown to 27217
[13:27:44.219] [SEVERE ] updating countdown to 27106
[13:27:44.320] [SEVERE ] updating countdown to 27005
[13:27:44.430] [SEVERE ] updating countdown to 26895
[13:27:44.543] [SEVERE ] updating countdown to 26782
[13:27:44.662] [SEVERE ] updating countdown to 26663
[13:27:44.764] [SEVERE ] updating countdown to 26561
[13:27:44.867] [SEVERE ] updating countdown to 26458
[13:27:44.978] [SEVERE ] updating countdown to 26347
[13:27:45.088] [SEVERE ] updating countdown to 26237
[13:27:45.199] [SEVERE ] updating countdown to 26126
[13:27:45.309] [SEVERE ] updating countdown to 26016
[13:27:45.419] [SEVERE ] updating countdown to 25906
[13:27:45.531] [SEVERE ] updating countdown to 25794
[13:27:45.640] [SEVERE ] updating countdown to 25685
[13:27:45.750] [SEVERE ] updating countdown to 25575
[13:27:45.852] [SEVERE ] updating countdown to 25473
[13:27:45.962] [SEVERE ] updating countdown to 25363
[13:27:46.071] [SEVERE ] updating countdown to 25254
[13:27:46.181] [SEVERE ] updating countdown to 25144
[13:27:46.292] [SEVERE ] updating countdown to 25033
[13:27:46.402] [SEVERE ] updating countdown to 24923
[13:27:46.512] [SEVERE ] updating countdown to 24813
[13:27:46.621] [SEVERE ] updating countdown to 24704
[13:27:46.731] [SEVERE ] updating countdown to 24594
[13:27:46.842] [SEVERE ] updating countdown to 24483
[13:27:46.951] [SEVERE ] updating countdown to 24374
[13:27:47.061] [SEVERE ] updating countdown to 24264
[13:27:47.171] [SEVERE ] updating countdown to 24154
[13:27:47.281] [SEVERE ] updating countdown to 24044
[13:27:47.391] [SEVERE ] updating countdown to 23934
[13:27:47.503] [SEVERE ] updating countdown to 23822
[13:27:47.613] [SEVERE ] updating countdown to 23712
[13:27:47.724] [SEVERE ] updating countdown to 23601
[13:27:47.833] [SEVERE ] updating countdown to 23492
[13:27:47.936] [SEVERE ] updating countdown to 23389
[13:27:48.046] [SEVERE ] updating countdown to 23279
[13:27:48.156] [SEVERE ] updating countdown to 23169
[13:27:48.270] [SEVERE ] updating countdown to 23055
[13:27:48.380] [SEVERE ] updating countdown to 22945
[13:27:48.490] [SEVERE ] updating countdown to 22835
[13:27:48.600] [SEVERE ] updating countdown to 22725
[13:27:48.709] [SEVERE ] updating countdown to 22616
[13:27:48.819] [SEVERE ] updating countdown to 22506
[13:27:48.929] [SEVERE ] updating countdown to 22396
[13:27:49.039] [SEVERE ] updating countdown to 22286
[13:27:49.149] [SEVERE ] updating countdown to 22176
[13:27:49.259] [SEVERE ] updating countdown to 22066
[13:27:49.371] [SEVERE ] updating countdown to 21954
[13:27:49.482] [SEVERE ] updating countdown to 21843
[13:27:49.591] [SEVERE ] updating countdown to 21734
[13:27:49.702] [SEVERE ] updating countdown to 21623
[13:27:49.811] [SEVERE ] updating countdown to 21514
[13:27:49.922] [SEVERE ] updating countdown to 21403
[13:27:50.032] [SEVERE ] updating countdown to 21293
[13:27:50.142] [SEVERE ] updating countdown to 21183
[13:27:50.252] [SEVERE ] updating countdown to 21073
[13:27:50.362] [SEVERE ] updating countdown to 20963
[13:27:50.473] [SEVERE ] updating countdown to 20852
[13:27:50.582] [SEVERE ] updating countdown to 20743
[13:27:50.691] [SEVERE ] updating countdown to 20634
[13:27:50.801] [SEVERE ] updating countdown to 20524
[13:27:50.911] [SEVERE ] updating countdown to 20414
[13:27:51.021] [SEVERE ] updating countdown to 20304
[13:27:51.131] [SEVERE ] updating countdown to 20194
[13:27:51.240] [SEVERE ] updating countdown to 20085
[13:27:51.351] [SEVERE ] updating countdown to 19974
[13:27:51.460] [SEVERE ] updating countdown to 19865
[13:27:51.572] [SEVERE ] updating countdown to 19753
[13:27:51.682] [SEVERE ] updating countdown to 19643
[13:27:51.792] [SEVERE ] updating countdown to 19533
[13:27:51.902] [SEVERE ] updating countdown to 19423
[13:27:52.011] [SEVERE ] updating countdown to 19314
[13:27:52.122] [SEVERE ] updating countdown to 19203
[13:27:52.232] [SEVERE ] updating countdown to 19093
[13:27:52.343] [SEVERE ] updating countdown to 18982
[13:27:52.455] [SEVERE ] updating countdown to 18870
[13:27:52.565] [SEVERE ] updating countdown to 18760
[13:27:52.675] [SEVERE ] updating countdown to 18650
[13:27:52.785] [SEVERE ] updating countdown to 18540
[13:27:52.895] [SEVERE ] updating countdown to 18430
[13:27:53.004] [SEVERE ] updating countdown to 18321
[13:27:53.113] [SEVERE ] updating countdown to 18212
[13:27:53.221] [SEVERE ] updating countdown to 18104
[13:27:53.331] [SEVERE ] updating countdown to 17994
[13:27:53.446] [SEVERE ] updating countdown to 17879
[13:27:53.556] [SEVERE ] updating countdown to 17769
[13:27:53.665] [SEVERE ] updating countdown to 17660
[13:27:53.775] [SEVERE ] updating countdown to 17550
[13:27:53.885] [SEVERE ] updating countdown to 17440
[13:27:53.995] [SEVERE ] updating countdown to 17330
[13:27:54.106] [SEVERE ] updating countdown to 17219
[13:27:54.216] [SEVERE ] updating countdown to 17109
[13:27:54.326] [SEVERE ] updating countdown to 16999
[13:27:54.438] [SEVERE ] updating countdown to 16887
[13:27:54.549] [SEVERE ] updating countdown to 16776
[13:27:54.660] [SEVERE ] updating countdown to 16665
[13:27:54.769] [SEVERE ] updating countdown to 16556
[13:27:54.880] [SEVERE ] updating countdown to 16445
[13:27:54.990] [SEVERE ] updating countdown to 16335
[13:27:55.099] [SEVERE ] updating countdown to 16226
[13:27:55.212] [SEVERE ] updating countdown to 16113
[13:27:55.322] [SEVERE ] updating countdown to 16003
[13:27:55.432] [SEVERE ] updating countdown to 15893
[13:27:55.545] [SEVERE ] updating countdown to 15780
[13:27:55.655] [SEVERE ] updating countdown to 15670
[13:27:55.765] [SEVERE ] updating countdown to 15560
[13:27:55.876] [SEVERE ] updating countdown to 15449
[13:27:55.985] [SEVERE ] updating countdown to 15340
[13:27:56.094] [SEVERE ] updating countdown to 15231
[13:27:56.204] [SEVERE ] updating countdown to 15121
[13:27:56.314] [SEVERE ] updating countdown to 15011
[13:27:56.425] [SEVERE ] updating countdown to 14900
[13:27:56.535] [SEVERE ] updating countdown to 14790
[13:27:56.644] [SEVERE ] updating countdown to 14681
[13:27:56.749] [SEVERE ] updating countdown to 14576
[13:27:56.859] [SEVERE ] updating countdown to 14466
[13:27:56.969] [SEVERE ] updating countdown to 14356
[13:27:57.079] [SEVERE ] updating countdown to 14246
[13:27:57.189] [SEVERE ] updating countdown to 14136
[13:27:57.299] [SEVERE ] updating countdown to 14026
[13:27:57.409] [SEVERE ] updating countdown to 13916
[13:27:57.550] [SEVERE ] updating countdown to 13775
[13:27:57.660] [SEVERE ] updating countdown to 13665
[13:27:57.771] [SEVERE ] updating countdown to 13554
[13:27:57.881] [SEVERE ] updating countdown to 13444
[13:27:57.990] [SEVERE ] updating countdown to 13335
[13:27:58.101] [SEVERE ] updating countdown to 13224
[13:27:58.211] [SEVERE ] updating countdown to 13114
[13:27:58.321] [SEVERE ] updating countdown to 13004
[13:27:58.432] [SEVERE ] updating countdown to 12893
[13:27:58.542] [SEVERE ] updating countdown to 12783
[13:27:58.652] [SEVERE ] updating countdown to 12673
[13:27:58.762] [SEVERE ] updating countdown to 12563
[13:27:58.872] [SEVERE ] updating countdown to 12453
[13:27:58.982] [SEVERE ] updating countdown to 12343
[13:27:59.092] [SEVERE ] updating countdown to 12233
[13:27:59.202] [SEVERE ] updating countdown to 12123
[13:27:59.312] [SEVERE ] updating countdown to 12013
[13:27:59.422] [SEVERE ] updating countdown to 11903
[13:27:59.533] [SEVERE ] updating countdown to 11792
[13:27:59.642] [SEVERE ] updating countdown to 11683
[13:27:59.753] [SEVERE ] updating countdown to 11572
[13:27:59.862] [SEVERE ] updating countdown to 11463
[13:27:59.972] [SEVERE ] updating countdown to 11353
[13:28:00.084] [SEVERE ] updating countdown to 11241
[13:28:00.195] [SEVERE ] updating countdown to 11130
[13:28:00.306] [SEVERE ] updating countdown to 11019
[13:28:00.416] [SEVERE ] updating countdown to 10909
[13:28:00.525] [SEVERE ] updating countdown to 10800
[13:28:00.637] [SEVERE ] updating countdown to 10688
[13:28:00.751] [SEVERE ] updating countdown to 10574
[13:28:00.860] [SEVERE ] updating countdown to 10465
[13:28:00.971] [SEVERE ] updating countdown to 10354
[13:28:01.081] [SEVERE ] updating countdown to 10244
[13:28:01.191] [SEVERE ] updating countdown to 10134
[13:28:01.301] [SEVERE ] updating countdown to 10024
[13:28:01.411] [SEVERE ] updating countdown to 9914
[13:28:01.522] [SEVERE ] updating countdown to 9803
[13:28:01.632] [SEVERE ] updating countdown to 9693
[13:28:01.744] [SEVERE ] updating countdown to 9581
[13:28:01.854] [SEVERE ] updating countdown to 9471
[13:28:01.964] [SEVERE ] updating countdown to 9361
[13:28:02.074] [SEVERE ] updating countdown to 9251
[13:28:02.184] [SEVERE ] updating countdown to 9141
[13:28:02.294] [SEVERE ] updating countdown to 9031
[13:28:02.405] [SEVERE ] updating countdown to 8920
[13:28:02.515] [SEVERE ] updating countdown to 8810
[13:28:02.625] [SEVERE ] updating countdown to 8700
[13:28:02.735] [SEVERE ] updating countdown to 8590
[13:28:02.845] [SEVERE ] updating countdown to 8480
[13:28:02.955] [SEVERE ] updating countdown to 8370
[13:28:03.065] [SEVERE ] updating countdown to 8260
[13:28:03.175] [SEVERE ] updating countdown to 8150
[13:28:03.284] [SEVERE ] updating countdown to 8041
[13:28:03.394] [SEVERE ] updating countdown to 7931
[13:28:03.504] [SEVERE ] updating countdown to 7821
[13:28:03.614] [SEVERE ] updating countdown to 7711
[13:28:03.724] [SEVERE ] updating countdown to 7601
[13:28:03.834] [SEVERE ] updating countdown to 7491
[13:28:03.944] [SEVERE ] updating countdown to 7381
[13:28:04.054] [SEVERE ] updating countdown to 7271
[13:28:04.164] [SEVERE ] updating countdown to 7161
[13:28:04.274] [SEVERE ] updating countdown to 7051
[13:28:04.383] [SEVERE ] updating countdown to 6942
[13:28:04.493] [SEVERE ] updating countdown to 6832
[13:28:04.605] [SEVERE ] updating countdown to 6720
[13:28:04.715] [SEVERE ] updating countdown to 6610
[13:28:04.825] [SEVERE ] updating countdown to 6500
[13:28:04.934] [SEVERE ] updating countdown to 6391
[13:28:05.045] [SEVERE ] updating countdown to 6280
[13:28:05.154] [SEVERE ] updating countdown to 6171
[13:28:05.266] [SEVERE ] updating countdown to 6059
[13:28:05.375] [SEVERE ] updating countdown to 5950
[13:28:05.485] [SEVERE ] updating countdown to 5840
[13:28:05.594] [SEVERE ] updating countdown to 5731
[13:28:05.704] [SEVERE ] updating countdown to 5621
[13:28:05.813] [SEVERE ] updating countdown to 5512
[13:28:05.923] [SEVERE ] updating countdown to 5402
[13:28:06.033] [SEVERE ] updating countdown to 5292
[13:28:06.144] [SEVERE ] updating countdown to 5181
[13:28:06.253] [SEVERE ] updating countdown to 5072
[13:28:11.329] [SEVERE ] removing all tokens
[13:28:11.440] [SEVERE ] placing card 74 in slot 0
[13:28:11.551] [SEVERE ] placing card 8 in slot 1
[13:28:11.660] [SEVERE ] placing card 12 in slot 2
[13:28:11.770] [SEVERE ] placing card 32 in slot 3
[13:28:11.881] [SEVERE ] placing card 52 in slot 4
[13:28:11.992] [SEVERE ] placing card 43 in slot 5
[13:28:12.102] [SEVERE ] placing card 51 in slot 6
[13:28:12.204] [SEVERE ] placing card 35 in slot 7
[13:28:12.314] [SEVERE ] placing card 46 in slot 8
[13:28:12.423] [SEVERE ] placing card 76 in slot 9
[13:28:12.550] [SEVERE ] placing card 50 in slot 10
[13:28:12.661] [SEVERE ] placing card 48 in slot 11
[13:28:12.661] [SEVERE ] updating countdown to 60000
[13:28:12.772] [SEVERE ] updating countdown to 59889
[13:28:12.885] [SEVERE ] updating countdown to 59776
[13:28:12.993] [SEVERE ] updating countdown to 59668
[13:28:13.103] [SEVERE ] updating countdown to 59558
[13:28:13.213] [SEVERE ] updating countdown to 59448
[13:28:13.323] [SEVERE ] updating countdown to 59338
[13:28:13.429] [SEVERE ] updating countdown to 59232
[13:28:13.543] [SEVERE ] updating countdown to 59118
[13:28:13.653] [SEVERE ] updating countdown to 59008
[13:28:13.764] [SEVERE ] updating countdown to 58897
[13:28:13.906] [SEVERE ] updating countdown to 58755
[13:28:14.016] [SEVERE ] updating countdown to 58645
[13:28:14.127] [SEVERE ] updating countdown to 58534
[13:28:14.236] [SEVERE ] updating countdown to 58425
[13:28:14.348] [SEVERE ] updating countdown to 58313
[13:28:14.456] [SEVERE ] updating countdown to 58205
[13:28:14.566] [SEVERE ] updating countdown to 58095
[13:28:14.677] [SEVERE ] updating countdown to 57984
[13:28:14.788] [SEVERE ] updating countdown to 57873
[13:28:14.898] [SEVERE ] updating countdown to 57763
[13:28:15.001] [SEVERE ] updating countdown to 57660
[13:28:15.110] [SEVERE ] updating countdown to 57551
[13:28:15.220] [SEVERE ] updating countdown to 57441
[13:28:15.330] [SEVERE ] updating countdown to 57331
[13:28:15.440] [SEVERE ] updating countdown to 57221
[13:28:15.550] [SEVERE ] updating countdown to 57111
[13:28:15.660] [SEVERE ] updating countdown to 57001
[13:28:15.774] [SEVERE ] updating countdown to 56887
[13:28:15.885] [SEVERE ] updating countdown to 56776
[13:28:15.995] [SEVERE ] updating countdown to 56666
[13:28:16.106] [SEVERE ] updating countdown to 56555
[13:28:16.216] [SEVERE ] updating countdown to 56445
[13:28:16.326] [SEVERE ] updating countdown to 56335
[13:28:16.436] [SEVERE ] updating countdown to 56225
[13:28:16.546] [SEVERE ] updating countdown to 56115
[13:28:16.656] [SEVERE ] updating countdown to 56005
[13:28:16.768] [SEVERE ] updating countdown to 55893
[13:28:16.877] [SEVERE ] updating countdown to 55784
[13:28:16.986] [SEVERE ] updating countdown to 55675
[13:28:17.096] [SEVERE ] updating countdown to 55565
[13:28:17.205] [SEVERE ] updating countdown to 55456
[13:28:17.316] [SEVERE ] updating countdown to 55345
[13:28:17.426] [SEVERE ] updating countdown to 55235
[13:28:17.535] [SEVERE ] updating countdown to 55126
[13:28:17.648] [SEVERE ] updating countdown to 55013
[13:28:17.760] [SEVERE ] updating countdown to 54901
[13:28:17.871] [SEVERE ] updating countdown to 54790
[13:28:17.996] [SEVERE ] updating countdown to 54665
[13:28:18.104] [SEVERE ] updating countdown to 54557
[13:28:18.207] [SEVERE ] updating countdown to 54454
[13:28:18.317] [SEVERE ] updating countdown to 54344
[13:28:18.427] [SEVERE ] updating countdown to 54234
[13:28:18.546] [SEVERE ] updating countdown to 54115
[13:28:18.656] [SEVERE ] updating countdown to 54005
[13:28:18.767] [SEVERE ] updating countdown to 53894
[13:28:18.877] [SEVERE ] updating countdown to 53784
[13:28:18.987] [SEVERE ] updating countdown to 53674
[13:28:19.097] [SEVERE ] updating countdown to 53564
[13:28:19.207] [SEVERE ] updating countdown to 53454
[13:28:19.317] [SEVERE ] updating countdown to 53344
[13:28:19.426] [SEVERE ] updating countdown to 53235
[13:28:19.536] [SEVERE ] updating countdown to 53125
[13:28:19.647] [SEVERE ] updating countdown to 53014
[13:28:19.757] [SEVERE ] updating countdown to 52904
[13:28:19.867] [SEVERE ] updating countdown to 52794
[13:28:19.977] [SEVERE ] updating countdown to 52684
[13:28:20.087] [SEVERE ] updating countdown to 52574
[13:28:20.198] [SEVERE ] updating countdown to 52463
[13:28:20.307] [SEVERE ] updating countdown to 52354
[13:28:20.417] [SEVERE ] updating countdown to 52244
[13:28:20.527] [SEVERE ] updating countdown to 52134
[13:28:20.637] [SEVERE ] updating countdown to 52024
[13:28:20.747] [SEVERE ] updating countdown to 51914
[13:28:20.857] [SEVERE ] updating countdown to 51804
[13:28:20.968] [SEVERE ] updating countdown to 51693
[13:28:21.077] [SEVERE ] updating countdown to 51584
[13:28:21.189] [SEVERE ] updating countdown to 51472
[13:28:21.298] [SEVERE ] updating countdown to 51363
[13:28:21.409] [SEVERE ] updating countdown to 51252
[13:28:21.518] [SEVERE ] updating countdown to 51143
[13:28:21.629] [SEVERE ] updating countdown to 51032
[13:28:21.739] [SEVERE ] updating countdown to 50922
[13:28:21.849] [SEVERE ] updating countdown to 50812
[13:28:21.959] [SEVERE ] updating countdown to 50702
[13:28:22.084] [SEVERE ] updating countdown to 50577
[13:28:22.194] [SEVERE ] updating countdown to 50467
[13:28:22.304] [SEVERE ] updating countdown to 50357
[13:28:22.414] [SEVERE ] updating countdown to 50247
[13:28:22.524] [SEVERE ] updating countdown to 50137
[13:28:22.633] [SEVERE ] updating countdown to 50028
[13:28:22.744] [SEVERE ] updating countdown to 49917
[13:28:22.854] [SEVERE ] updating countdown to 49807
[13:28:22.963] [SEVERE ] updating countdown to 49698
[13:28:23.074] [SEVERE ] updating countdown to 49587
[13:28:23.176] [SEVERE ] updating countdown to 49485
[13:28:23.286] [SEVERE ] updating countdown to 49375
[13:28:23.396] [SEVERE ] updating countdown to 49265
[13:28:23.506] [SEVERE ] updating countdown to 49155
[13:28:23.618] [SEVERE ] updating countdown to 49043
[13:28:23.727] [SEVERE ] updating countdown to 48934
[13:28:23.838] [SEVERE ] updating countdown to 48823
[13:28:23.948] [SEVERE ] updating countdown to 48713
[13:28:24.059] [SEVERE ] updating countdown to 48602
[13:28:24.169] [SEVERE ] updating countdown to 48492
[13:28:24.278] [SEVERE ] updating countdown to 48383
[13:28:24.388] [SEVERE ] updating countdown to 48273
[13:28:24.498] [SEVERE ] updating countdown to 48163
[13:28:24.608] [SEVERE ] updating countdown to 48053
[13:28:24.718] [SEVERE ] updating countdown to 47943
[13:28:24.828] [SEVERE ] updating countdown to 47833
[13:28:24.932] [SEVERE ] updating countdown to 47729
[13:28:25.042] [SEVERE ] updating countdown to 47619
[13:28:25.152] [SEVERE ] updating countdown to 47509
[13:28:25.262] [SEVERE ] updating countdown to 47399
[13:28:25.372] [SEVERE ] updating countdown to 47289
[13:28:25.481] [SEVERE ] updating countdown to 47180
[13:28:25.591] [SEVERE ] updating countdown to 47070
[13:28:25.701] [SEVERE ] updating countdown to 46960
[13:28:25.812] [SEVERE ] updating countdown to 46849
[13:28:25.921] [SEVERE ] updating countdown to 46740
[13:28:26.031] [SEVERE ] updating countdown to 46630
[13:28:26.142] [SEVERE ] updating countdown to 46519
[13:28:26.251] [SEVERE ] updating countdown to 46410
[13:28:26.365] [SEVERE ] updating countdown to 46296
[13:28:26.475] [SEVERE ] updating countdown to 46186
[13:28:26.585] [SEVERE ] updating countdown to 46076
[13:28:26.696] [SEVERE ] updating countdown to 45965
[13:28:26.806] [SEVERE ] updating countdown to 45855
[13:28:26.916] [SEVERE ] updating countdown to 45745
[13:28:27.026] [SEVERE ] updating countdown to 45635
[13:28:27.137] [SEVERE ] updating countdown to 45524
[13:28:27.247] [SEVERE ] updating countdown to 45414
[13:28:27.357] [SEVERE ] updating countdown to 45304
[13:28:27.468] [SEVERE ] updating countdown to 45193
[13:28:27.578] [SEVERE ] updating countdown to 45083
[13:28:27.688] [SEVERE ] updating countdown to 44973
[13:28:27.798] [SEVERE ] updating countdown to 44863
[13:28:27.909] [SEVERE ] updating countdown to 44752
[13:28:28.020] [SEVERE ] updating countdown to 44641
[13:28:28.130] [SEVERE ] updating countdown to 44531
[13:28:28.240] [SEVERE ] updating countdown to 44421
[13:28:28.350] [SEVERE ] updating countdown to 44311
[13:28:28.460] [SEVERE ] updating countdown to 44201
[13:28:28.570] [SEVERE ] updating countdown to 44091
[13:28:28.681] [SEVERE ] updating countdown to 43980
[13:28:28.793] [SEVERE ] updating countdown to 43868
[13:28:28.903] [SEVERE ] updating countdown to 43758
[13:28:29.014] [SEVERE ] updating countdown to 43647
[13:28:29.123] [SEVERE ] updating countdown to 43538
[13:28:29.233] [SEVERE ] updating countdown to 43428
[13:28:29.343] [SEVERE ] updating countdown to 43318
[13:28:29.455] [SEVERE ] updating countdown to 43206
[13:28:29.565] [SEVERE ] updating countdown to 43096
[13:28:29.675] [SEVERE ] updating countdown to 42986
[13:28:29.786] [SEVERE ] updating countdown to 42875
[13:28:29.896] [SEVERE ] updating countdown to 42765
[13:28:30.006] [SEVERE ] updating countdown to 42655
[13:28:30.116] [SEVERE ] updating countdown to 42545
[13:28:30.226] [SEVERE ] updating countdown to 42435
[13:28:30.336] [SEVERE ] updating countdown to 42325
[13:28:30.446] [SEVERE ] updating countdown to 42215
[13:28:30.556] [SEVERE ] updating countdown to 42105
[13:28:30.666] [SEVERE ] updating countdown to 41995
[13:28:30.776] [SEVERE ] updating countdown to 41885
[13:28:30.887] [SEVERE ] updating countdown to 41774
[13:28:30.996] [SEVERE ] updating countdown to 41665
[13:28:31.107] [SEVERE ] updating countdown to 41554
[13:28:31.157] [SEVERE ] key 83 was pressed by player 1
[13:28:31.157] [SEVERE ] player 1 placing token on slot 5
[13:28:31.220] [SEVERE ] updating countdown to 41441
[13:28:31.330] [SEVERE ] updating countdown to 41331
[13:28:31.424] [SEVERE ] key 68 was pressed by player 1
[13:28:31.424] [SEVERE ] player 1 placing token on slot 6
[13:28:31.440] [SEVERE ] updating countdown to 41221
[13:28:31.561] [SEVERE ] updating countdown to 41100
[13:28:31.651] [SEVERE ] key 70 was pressed by player 1
[13:28:31.651] [SEVERE ] player 1 placing token on slot 7
[13:28:31.667] [SEVERE ] updating countdown to 40994
[13:28:31.667] [SEVERE ] removing all tokens
[13:28:31.773] [SEVERE ] removing card from slot 5
[13:28:31.773] [SEVERE ] removing all tokens
[13:28:31.885] [SEVERE ] removing card from slot 6
[13:28:31.886] [SEVERE ] removing all tokens
[13:28:31.996] [SEVERE ] removing card from slot 7
[13:28:32.106] [SEVERE ] placing card 33 in slot 5
[13:28:32.217] [SEVERE ] placing card 68 in slot 6
[13:28:32.326] [SEVERE ] placing card 11 in slot 7
[13:28:32.326] [SEVERE ] setting player 1 score to 3
[13:28:32.436] [SEVERE ] updating countdown to 40225
[13:28:32.546] [SEVERE ] updating countdown to 40115
[13:28:32.656] [SEVERE ] updating countdown to 40005
[13:28:32.768] [SEVERE ] updating countdown to 39893
[13:28:32.879] [SEVERE ] updating countdown to 39782
[13:28:32.989] [SEVERE ] updating countdown to 39672
[13:28:33.100] [SEVERE ] updating countdown to 39561
[13:28:33.211] [SEVERE ] updating countdown to 39450
[13:28:33.322] [SEVERE ] updating countdown to 39339
[13:28:33.432] [SEVERE ] updating countdown to 39229
[13:28:33.542] [SEVERE ] updating countdown to 39119
[13:28:33.652] [SEVERE ] updating countdown to 39009
[13:28:33.762] [SEVERE ] updating countdown to 38899
[13:28:33.873] [SEVERE ] updating countdown to 38788
[13:28:33.983] [SEVERE ] updating countdown to 38678
[13:28:34.093] [SEVERE ] updating countdown to 38568
[13:28:34.203] [SEVERE ] updating countdown to 38458
[13:28:34.310] [SEVERE ] updating countdown to 38351
[13:28:34.420] [SEVERE ] updating countdown to 38241
[13:28:34.523] [SEVERE ] updating countdown to 38138
[13:28:34.630] [SEVERE ] updating countdown to 38031
[13:28:34.731] [SEVERE ] updating countdown to 37930
[13:28:34.842] [SEVERE ] updating countdown to 37819
[13:28:34.951] [SEVERE ] updating countdown to 37710
[13:28:35.061] [SEVERE ] updating countdown to 37600
[13:28:35.171] [SEVERE ] updating countdown to 37490
[13:28:35.282] [SEVERE ] updating countdown to 37379
[13:28:35.392] [SEVERE ] updating countdown to 37269
[13:28:35.502] [SEVERE ] updating countdown to 37159
[13:28:35.612] [SEVERE ] updating countdown to 37049
[13:28:35.722] [SEVERE ] updating countdown to 36939
[13:28:35.833] [SEVERE ] updating countdown to 36828
[13:28:35.942] [SEVERE ] updating countdown to 36719
[13:28:36.052] [SEVERE ] updating countdown to 36609
[13:28:36.162] [SEVERE ] updating countdown to 36499
[13:28:36.272] [SEVERE ] updating countdown to 36389
[13:28:36.382] [SEVERE ] updating countdown to 36279
[13:28:36.492] [SEVERE ] updating countdown to 36169
[13:28:36.602] [SEVERE ] updating countdown to 36059
[13:28:36.712] [SEVERE ] updating countdown to 35949
[13:28:36.823] [SEVERE ] updating countdown to 35838
[13:28:36.933] [SEVERE ] updating countdown to 35728
[13:28:37.074] [SEVERE ] updating countdown to 35587
[13:28:37.185] [SEVERE ] updating countdown to 35476
[13:28:37.295] [SEVERE ] updating countdown to 35366
[13:28:37.405] [SEVERE ] updating countdown to 35256
[13:28:37.515] [SEVERE ] updating countdown to 35146
[13:28:37.625] [SEVERE ] updating countdown to 35036
[13:28:37.735] [SEVERE ] updating countdown to 34926
[13:28:37.846] [SEVERE ] updating countdown to 34815
[13:28:37.957] [SEVERE ] updating countdown to 34704
[13:28:38.067] [SEVERE ] updating countdown to 34594
[13:28:38.178] [SEVERE ] updating countdown to 34483
[13:28:38.288] [SEVERE ] updating countdown to 34373
[13:28:38.398] [SEVERE ] updating countdown to 34263
[13:28:38.508] [SEVERE ] updating countdown to 34153
[13:28:38.618] [SEVERE ] updating countdown to 34043
[13:28:38.728] [SEVERE ] updating countdown to 33933
[13:28:38.838] [SEVERE ] updating countdown to 33823
[13:28:38.948] [SEVERE ] updating countdown to 33713
[13:28:39.058] [SEVERE ] updating countdown to 33603
[13:28:39.163] [SEVERE ] updating countdown to 33498
[13:28:39.270] [SEVERE ] updating countdown to 33391
[13:28:39.380] [SEVERE ] updating countdown to 33281
[13:28:39.490] [SEVERE ] updating countdown to 33171
[13:28:39.601] [SEVERE ] updating countdown to 33060
[13:28:39.711] [SEVERE ] updating countdown to 32950
[13:28:39.822] [SEVERE ] updating countdown to 32839
[13:28:39.932] [SEVERE ] updating countdown to 32729
[13:28:40.042] [SEVERE ] updating countdown to 32619
[13:28:40.152] [SEVERE ] updating countdown to 32509
[13:28:40.262] [SEVERE ] updating countdown to 32399
[13:28:40.374] [SEVERE ] updating countdown to 32287
[13:28:40.485] [SEVERE ] updating countdown to 32176
[13:28:40.595] [SEVERE ] updating countdown to 32066
[13:28:40.705] [SEVERE ] updating countdown to 31956
[13:28:40.815] [SEVERE ] updating countdown to 31846
[13:28:40.925] [SEVERE ] updating countdown to 31736
[13:28:41.036] [SEVERE ] updating countdown to 31625
[13:28:41.146] [SEVERE ] updating countdown to 31515
[13:28:41.257] [SEVERE ] updating countdown to 31404
[13:28:41.367] [SEVERE ] updating countdown to 31294
[13:28:41.477] [SEVERE ] updating countdown to 31184
[13:28:41.587] [SEVERE ] updating countdown to 31074
[13:28:41.697] [SEVERE ] updating countdown to 30964
[13:28:41.809] [SEVERE ] updating countdown to 30852
[13:28:41.919] [SEVERE ] updating countdown to 30742
[13:28:42.029] [SEVERE ] updating countdown to 30632
[13:28:42.138] [SEVERE ] updating countdown to 30523
[13:28:42.248] [SEVERE ] updating countdown to 30413
[13:28:42.359] [SEVERE ] updating countdown to 30302
[13:28:42.469] [SEVERE ] updating countdown to 30192
[13:28:42.579] [SEVERE ] updating countdown to 30082
[13:28:42.689] [SEVERE ] updating countdown to 29972
[13:28:42.800] [SEVERE ] updating countdown to 29861
[13:28:42.910] [SEVERE ] updating countdown to 29751
[13:28:43.020] [SEVERE ] updating countdown to 29641
[13:28:43.130] [SEVERE ] updating countdown to 29531
[13:28:43.240] [SEVERE ] updating countdown to 29421
[13:28:43.350] [SEVERE ] updating countdown to 29311
[13:28:43.460] [SEVERE ] updating countdown to 29201
[13:28:43.570] [SEVERE ] updating countdown to 29091
[13:28:43.680] [SEVERE ] updating countdown to 28981
[13:28:43.791] [SEVERE ] updating countdown to 28870
[13:28:43.910] [SEVERE ] updating countdown to 28751
[13:28:44.020] [SEVERE ] updating countdown to 28641
[13:28:44.130] [SEVERE ] updating countdown to 28531
[13:28:44.240] [SEVERE ] updating countdown to 28421
[13:28:44.350] [SEVERE ] updating countdown to 28311
[13:28:44.460] [SEVERE ] updating countdown to 28201
[13:28:44.570] [SEVERE ] updating countdown to 28091
[13:28:44.680] [SEVERE ] updating countdown to 27981
[13:28:44.790] [SEVERE ] updating countdown to 27871
[13:28:44.900] [SEVERE ] updating countdown to 27761
[13:28:45.012] [SEVERE ] updating countdown to 27649
[13:28:45.122] [SEVERE ] updating countdown to 27539
[13:28:45.232] [SEVERE ] updating countdown to 27429
[13:28:45.342] [SEVERE ] updating countdown to 27319
[13:28:45.452] [SEVERE ] updating countdown to 27209
[13:28:45.562] [SEVERE ] updating countdown to 27099
[13:28:45.671] [SEVERE ] updating countdown to 26990
[13:28:45.782] [SEVERE ] updating countdown to 26879
[13:28:45.892] [SEVERE ] updating countdown to 26769
[13:28:46.002] [SEVERE ] updating countdown to 26659
[13:28:46.112] [SEVERE ] updating countdown to 26549
[13:28:46.222] [SEVERE ] updating countdown to 26439
[13:28:46.331] [SEVERE ] updating countdown to 26330
[13:28:46.441] [SEVERE ] updating countdown to 26220
[13:28:46.551] [SEVERE ] updating countdown to 26110
[13:28:46.661] [SEVERE ] updating countdown to 26000
[13:28:46.771] [SEVERE ] updating countdown to 25890
[13:28:46.880] [SEVERE ] updating countdown to 25781
[13:28:46.990] [SEVERE ] updating countdown to 25671
[13:28:47.100] [SEVERE ] updating countdown to 25561
[13:28:47.210] [SEVERE ] updating countdown to 25451
[13:28:47.320] [SEVERE ] updating countdown to 25341
[13:28:47.430] [SEVERE ] updating countdown to 25231
[13:28:47.539] [SEVERE ] updating countdown to 25122
[13:28:47.649] [SEVERE ] updating countdown to 25012
[13:28:47.759] [SEVERE ] updating countdown to 24902
[13:28:47.870] [SEVERE ] updating countdown to 24791
[13:28:47.980] [SEVERE ] updating countdown to 24681
[13:28:48.089] [SEVERE ] updating countdown to 24572
[13:28:48.190] [SEVERE ] updating countdown to 24471
[13:28:48.300] [SEVERE ] updating countdown to 24361
[13:28:48.410] [SEVERE ] updating countdown to 24251
[13:28:48.520] [SEVERE ] updating countdown to 24141
[13:28:48.632] [SEVERE ] updating countdown to 24029
[13:28:48.741] [SEVERE ] updating countdown to 23920
[13:28:48.852] [SEVERE ] updating countdown to 23809
[13:28:48.962] [SEVERE ] updating countdown to 23699
[13:28:49.071] [SEVERE ] updating countdown to 23590
[13:28:49.186] [SEVERE ] updating countdown to 23475
[13:28:49.296] [SEVERE ] updating countdown to 23365
[13:28:49.406] [SEVERE ] updating countdown to 23255
[13:28:49.516] [SEVERE ] updating countdown to 23145
[13:28:49.626] [SEVERE ] updating countdown to 23035
[13:28:49.736] [SEVERE ] updating countdown to 22925
[13:28:49.847] [SEVERE ] updating countdown to 22814
[13:28:49.957] [SEVERE ] updating countdown to 22704
[13:28:50.066] [SEVERE ] updating countdown to 22595
[13:28:50.174] [SEVERE ] updating countdown to 22487
[13:28:50.284] [SEVERE ] updating countdown to 22377
[13:28:50.394] [SEVERE ] updating countdown to 22267
[13:28:50.503] [SEVERE ] updating countdown to 22158
[13:28:50.614] [SEVERE ] updating countdown to 22047
[13:28:50.724] [SEVERE ] updating countdown to 21937
[13:28:50.835] [SEVERE ] updating countdown to 21826
[13:28:50.945] [SEVERE ] updating countdown to 21716
[13:28:51.056] [SEVERE ] updating countdown to 21605
[13:28:51.166] [SEVERE ] updating countdown to 21495
[13:28:51.277] [SEVERE ] updating countdown to 21384
[13:28:51.387] [SEVERE ] updating countdown to 21274
[13:28:51.497] [SEVERE ] updating countdown to 21164
[13:28:51.607] [SEVERE ] updating countdown to 21054
[13:28:51.717] [SEVERE ] updating countdown to 20944
[13:28:51.829] [SEVERE ] updating countdown to 20832
[13:28:51.939] [SEVERE ] updating countdown to 20722
[13:28:52.050] [SEVERE ] updating countdown to 20611
[13:28:52.160] [SEVERE ] updating countdown to 20501
[13:28:52.271] [SEVERE ] updating countdown to 20390
[13:28:52.382] [SEVERE ] updating countdown to 20279
[13:28:52.491] [SEVERE ] updating countdown to 20170
[13:28:52.602] [SEVERE ] updating countdown to 20059
[13:28:52.712] [SEVERE ] updating countdown to 19949
[13:28:52.831] [SEVERE ] updating countdown to 19830
[13:28:52.942] [SEVERE ] updating countdown to 19719
[13:28:53.052] [SEVERE ] updating countdown to 19609
[13:28:53.162] [SEVERE ] updating countdown to 19499
[13:28:53.272] [SEVERE ] updating countdown to 19389
[13:28:53.381] [SEVERE ] updating countdown to 19280
[13:28:53.491] [SEVERE ] updating countdown to 19170
[13:28:53.600] [SEVERE ] updating countdown to 19061
[13:28:53.710] [SEVERE ] updating countdown to 18951
[13:28:53.833] [SEVERE ] updating countdown to 18828
[13:28:53.943] [SEVERE ] updating countdown to 18718
[13:28:54.053] [SEVERE ] updating countdown to 18608
[13:28:54.163] [SEVERE ] updating countdown to 18498
[13:28:54.273] [SEVERE ] updating countdown to 18388
[13:28:54.383] [SEVERE ] updating countdown to 18278
[13:28:54.491] [SEVERE ] updating countdown to 18170
[13:28:54.602] [SEVERE ] updating countdown to 18059
[13:28:54.712] [SEVERE ] updating countdown to 17949
[13:28:54.823] [SEVERE ] updating countdown to 17838
[13:28:54.937] [SEVERE ] updating countdown to 17724
[13:28:55.047] [SEVERE ] updating countdown to 17614
[13:28:55.157] [SEVERE ] updating countdown to 17504
[13:28:55.267] [SEVERE ] updating countdown to 17394
[13:28:55.377] [SEVERE ] updating countdown to 17284
[13:28:55.486] [SEVERE ] updating countdown to 17175
[13:28:55.596] [SEVERE ] updating countdown to 17065
[13:28:55.706] [SEVERE ] updating countdown to 16955
[13:28:55.816] [SEVERE ] updating countdown to 16845
[13:28:55.926] [SEVERE ] updating countdown to 16735
[13:28:56.036] [SEVERE ] updating countdown to 16625
[13:28:56.146] [SEVERE ] updating countdown to 16515
[13:28:56.257] [SEVERE ] updating countdown to 16404
[13:28:56.367] [SEVERE ] updating countdown to 16294
[13:28:56.477] [SEVERE ] updating countdown to 16184
[13:28:56.587] [SEVERE ] updating countdown to 16074
[13:28:56.696] [SEVERE ] updating countdown to 15965
[13:28:56.807] [SEVERE ] updating countdown to 15854
[13:28:56.917] [SEVERE ] updating countdown to 15744
[13:28:57.028] [SEVERE ] updating countdown to 15633
[13:28:57.139] [SEVERE ] updating countdown to 15522
[13:28:57.249] [SEVERE ] updating countdown to 15412
[13:28:57.359] [SEVERE ] updating countdown to 15302
[13:28:57.468] [SEVERE ] updating countdown to 15193
[13:28:57.578] [SEVERE ] updating countdown to 15083
[13:28:57.688] [SEVERE ] updating countdown to 14973
[13:28:57.798] [SEVERE ] updating countdown to 14863
[13:28:57.909] [SEVERE ] updating countdown to 14752
[13:28:58.020] [SEVERE ] updating countdown to 14641
[13:28:58.130] [SEVERE ] updating countdown to 14531
[13:28:58.240] [SEVERE ] updating countdown to 14421
[13:28:58.350] [SEVERE ] updating countdown to 14311
[13:28:58.460] [SEVERE ] updating countdown to 14201
[13:28:58.570] [SEVERE ] updating countdown to 14091
[13:28:58.679] [SEVERE ] updating countdown to 13982
[13:28:58.789] [SEVERE ] updating countdown to 13872
[13:28:58.899] [SEVERE ] updating countdown to 13762
[13:28:59.008] [SEVERE ] updating countdown to 13653
[13:28:59.119] [SEVERE ] updating countdown to 13542
[13:28:59.229] [SEVERE ] updating countdown to 13432
[13:28:59.339] [SEVERE ] updating countdown to 13322
[13:28:59.449] [SEVERE ] updating countdown to 13212
[13:28:59.559] [SEVERE ] updating countdown to 13102
[13:28:59.668] [SEVERE ] updating countdown to 12993
[13:28:59.778] [SEVERE ] updating countdown to 12883
[13:28:59.888] [SEVERE ] updating countdown to 12773
[13:28:59.998] [SEVERE ] updating countdown to 12663
[13:29:00.098] [SEVERE ] updating countdown to 12563
[13:29:00.202] [SEVERE ] updating countdown to 12459
[13:29:00.312] [SEVERE ] updating countdown to 12349
[13:29:00.422] [SEVERE ] updating countdown to 12239
[13:29:00.533] [SEVERE ] updating countdown to 12128
[13:29:00.643] [SEVERE ] updating countdown to 12018
[13:29:00.753] [SEVERE ] updating countdown to 11908
[13:29:00.864] [SEVERE ] updating countdown to 11797
[13:29:00.973] [SEVERE ] updating countdown to 11688
[13:29:01.084] [SEVERE ] updating countdown to 11577
[13:29:01.194] [SEVERE ] updating countdown to 11467
[13:29:01.303] [SEVERE ] updating countdown to 11358
[13:29:01.413] [SEVERE ] updating countdown to 11248
[13:29:01.524] [SEVERE ] updating countdown to 11137
[13:29:01.634] [SEVERE ] updating countdown to 11027
[13:29:01.745] [SEVERE ] updating countdown to 10916
[13:29:01.856] [SEVERE ] updating countdown to 10805
[13:29:01.966] [SEVERE ] updating countdown to 10695
[13:29:02.077] [SEVERE ] updating countdown to 10584
[13:29:02.188] [SEVERE ] updating countdown to 10473
[13:29:02.298] [SEVERE ] updating countdown to 10363
[13:29:02.408] [SEVERE ] updating countdown to 10253
[13:29:02.518] [SEVERE ] updating countdown to 10143
[13:29:02.628] [SEVERE ] updating countdown to 10033
[13:29:02.737] [SEVERE ] updating countdown to 9924
[13:29:02.847] [SEVERE ] updating countdown to 9814
[13:29:02.973] [SEVERE ] updating countdown to 9688
[13:29:03.083] [SEVERE ] updating countdown to 9578
[13:29:03.192] [SEVERE ] updating countdown to 9469
[13:29:03.302] [SEVERE ] updating countdown to 9359
[13:29:03.412] [SEVERE ] updating countdown to 9249
[13:29:03.522] [SEVERE ] updating countdown to 9139
[13:29:03.632] [SEVERE ] updating countdown to 9029
[13:29:03.742] [SEVERE ] updating countdown to 8919
[13:29:03.854] [SEVERE ] updating countdown to 8807
[13:29:03.964] [SEVERE ] updating countdown to 8697
[13:29:04.070] [SEVERE ] updating countdown to 8591
[13:29:04.180] [SEVERE ] updating countdown to 8481
[13:29:04.291] [SEVERE ] updating countdown to 8370
[13:29:04.401] [SEVERE ] updating countdown to 8260
[13:29:04.511] [SEVERE ] updating countdown to 8150
[13:29:04.622] [SEVERE ] updating countdown to 8039
[13:29:04.732] [SEVERE ] updating countdown to 7929
[13:29:04.840] [SEVERE ] updating countdown to 7821
[13:29:04.944] [SEVERE ] updating countdown to 7717
[13:29:05.047] [SEVERE ] updating countdown to 7614
[13:29:05.158] [SEVERE ] updating countdown to 7503
[13:29:05.269] [SEVERE ] updating countdown to 7392
[13:29:05.380] [SEVERE ] updating countdown to 7281
[13:29:05.489] [SEVERE ] updating countdown to 7172
[13:29:05.592] [SEVERE ] updating countdown to 7069
[13:29:05.712] [SEVERE ] updating countdown to 6949
[13:29:05.815] [SEVERE ] updating countdown to 6846
[13:29:05.930] [SEVERE ] updating countdown to 6731
[13:29:06.033] [SEVERE ] updating countdown to 6628
[13:29:06.138] [SEVERE ] updating countdown to 6523
[13:29:06.240] [SEVERE ] updating countdown to 6421
[13:29:06.350] [SEVERE ] updating countdown to 6311
[13:29:06.460] [SEVERE ] updating countdown to 6201
[13:29:06.562] [SEVERE ] updating countdown to 6099
[13:29:06.672] [SEVERE ] updating countdown to 5989
[13:29:06.783] [SEVERE ] updating countdown to 5878
[13:29:06.891] [SEVERE ] updating countdown to 5770
[13:29:07.001] [SEVERE ] updating countdown to 5660
[13:29:07.109] [SEVERE ] updating countdown to 5552
[13:29:07.219] [SEVERE ] updating countdown to 5442
[13:29:07.329] [SEVERE ] updating countdown to 5332
[13:29:07.439] [SEVERE ] updating countdown to 5222
[13:29:07.549] [SEVERE ] updating countdown to 5112
[13:29:07.659] [SEVERE ] updating countdown to 5002
[13:29:12.665] [SEVERE ] removing all tokens
[13:29:12.775] [SEVERE ] placing card 6 in slot 0
[13:29:12.885] [SEVERE ] placing card 30 in slot 1
[13:29:12.996] [SEVERE ] placing card 60 in slot 2
[13:29:13.108] [SEVERE ] placing card 25 in slot 3
[13:29:13.218] [SEVERE ] placing card 18 in slot 4
[13:29:13.330] [SEVERE ] placing card 29 in slot 5
[13:29:13.441] [SEVERE ] placing card 75 in slot 6
[13:29:13.552] [SEVERE ] placing card 44 in slot 7
[13:29:13.662] [SEVERE ] placing card 59 in slot 8
[13:29:13.771] [SEVERE ] placing card 55 in slot 9
[13:29:13.882] [SEVERE ] placing card 74 in slot 10
[13:29:13.991] [SEVERE ] placing card 63 in slot 11
[13:29:13.991] [SEVERE ] updating countdown to 60000
[13:29:14.107] [SEVERE ] updating countdown to 59884
[13:29:14.216] [SEVERE ] updating countdown to 59775
[13:29:14.318] [SEVERE ] updating countdown to 59673
[13:29:14.429] [SEVERE ] updating countdown to 59562
[13:29:14.538] [SEVERE ] updating countdown to 59453
[13:29:14.650] [SEVERE ] updating countdown to 59341
[13:29:14.753] [SEVERE ] updating countdown to 59238
[13:29:14.863] [SEVERE ] updating countdown to 59128
[13:29:14.978] [SEVERE ] updating countdown to 59013
[13:29:15.088] [SEVERE ] updating countdown to 58903
[13:29:15.198] [SEVERE ] updating countdown to 58793
[13:29:15.309] [SEVERE ] updating countdown to 58682
[13:29:15.419] [SEVERE ] updating countdown to 58572
[13:29:15.529] [SEVERE ] updating countdown to 58462
[13:29:15.644] [SEVERE ] updating countdown to 58347
[13:29:15.754] [SEVERE ] updating countdown to 58237
[13:29:15.865] [SEVERE ] updating countdown to 58126
[13:29:15.974] [SEVERE ] updating countdown to 58017
[13:29:16.085] [SEVERE ] updating countdown to 57906
[13:29:16.196] [SEVERE ] updating countdown to 57795
[13:29:16.306] [SEVERE ] updating countdown to 57685
[13:29:16.417] [SEVERE ] updating countdown to 57574
[13:29:16.525] [SEVERE ] updating countdown to 57466
[13:29:16.641] [SEVERE ] updating countdown to 57350
[13:29:16.748] [SEVERE ] updating countdown to 57243
[13:29:16.851] [SEVERE ] updating countdown to 57140
[13:29:16.962] [SEVERE ] updating countdown to 57029
[13:29:17.063] [SEVERE ] updating countdown to 56928
[13:29:17.177] [SEVERE ] updating countdown to 56814
[13:29:17.292] [SEVERE ] updating countdown to 56699
[13:29:17.404] [SEVERE ] updating countdown to 56587
[13:29:17.514] [SEVERE ] updating countdown to 56477
[13:29:17.624] [SEVERE ] updating countdown to 56367
[13:29:17.734] [SEVERE ] updating countdown to 56257
[13:29:17.845] [SEVERE ] updating countdown to 56146
[13:29:17.956] [SEVERE ] updating countdown to 56035
[13:29:18.066] [SEVERE ] updating countdown to 55925
[13:29:18.171] [SEVERE ] updating countdown to 55820
[13:29:18.275] [SEVERE ] updating countdown to 55716
[13:29:18.387] [SEVERE ] updating countdown to 55604
[13:29:18.497] [SEVERE ] updating countdown to 55494
[13:29:18.615] [SEVERE ] updating countdown to 55376
[13:29:18.730] [SEVERE ] updating countdown to 55261
[13:29:18.831] [SEVERE ] updating countdown to 55160
[13:29:18.941] [SEVERE ] updating countdown to 55050
[13:29:19.051] [SEVERE ] updating countdown to 54940
[13:29:19.161] [SEVERE ] updating countdown to 54830
[13:29:19.271] [SEVERE ] updating countdown to 54720
[13:29:19.383] [SEVERE ] updating countdown to 54608
[13:29:19.493] [SEVERE ] updating countdown to 54498
[13:29:19.603] [SEVERE ] updating countdown to 54388
[13:29:19.705] [SEVERE ] updating countdown to 54286
[13:29:19.816] [SEVERE ] updating countdown to 54175
[13:29:19.927] [SEVERE ] updating countdown to 54064
[13:29:20.037] [SEVERE ] updating countdown to 53954
[13:29:20.147] [SEVERE ] updating countdown to 53844
[13:29:20.257] [SEVERE ] updating countdown to 53734
[13:29:20.367] [SEVERE ] updating countdown to 53624
[13:29:20.477] [SEVERE ] updating countdown to 53514
[13:29:20.590] [SEVERE ] updating countdown to 53401
[13:29:20.700] [SEVERE ] updating countdown to 53291
[13:29:20.810] [SEVERE ] updating countdown to 53181
[13:29:20.920] [SEVERE ] updating countdown to 53071
[13:29:21.022] [SEVERE ] updating countdown to 52969
[13:29:21.133] [SEVERE ] updating countdown to 52858
[13:29:21.243] [SEVERE ] updating countdown to 52748
[13:29:21.354] [SEVERE ] updating countdown to 52637
[13:29:21.464] [SEVERE ] updating countdown to 52527
[13:29:21.574] [SEVERE ] updating countdown to 52417
[13:29:21.684] [SEVERE ] updating countdown to 52307
[13:29:21.789] [SEVERE ] updating countdown to 52202
[13:29:21.900] [SEVERE ] updating countdown to 52091
[13:29:22.009] [SEVERE ] updating countdown to 51982
[13:29:22.119] [SEVERE ] updating countdown to 51872
[13:29:22.135] [SEVERE ] key 88 was pressed by player 1
[13:29:22.135] [SEVERE ] player 1 placing token on slot 9
[13:29:22.230] [SEVERE ] updating countdown to 51761
[13:29:22.327] [SEVERE ] key 67 was pressed by player 1
[13:29:22.327] [SEVERE ] player 1 placing token on slot 10
[13:29:22.342] [SEVERE ] updating countdown to 51649
[13:29:22.453] [SEVERE ] updating countdown to 51538
[13:29:22.562] [SEVERE ] updating countdown to 51429
[13:29:22.610] [SEVERE ] key 86 was pressed by player 1
[13:29:22.610] [SEVERE ] player 1 placing token on slot 11
[13:29:22.673] [SEVERE ] updating countdown to 51318
[13:29:22.673] [SEVERE ] removing all tokens
[13:29:22.783] [SEVERE ] removing card from slot 9
[13:29:22.783] [SEVERE ] removing all tokens
[13:29:22.910] [SEVERE ] removing card from slot 10
[13:29:22.910] [SEVERE ] removing all tokens
[13:29:23.020] [SEVERE ] removing card from slot 11
[13:29:23.130] [SEVERE ] placing card 24 in slot 9
[13:29:23.241] [SEVERE ] placing card 80 in slot 10
[13:29:23.351] [SEVERE ] placing card 46 in slot 11
[13:29:23.351] [SEVERE ] setting player 1 score to 4
[13:29:23.462] [SEVERE ] updating countdown to 50529
[13:29:23.572] [SEVERE ] updating countdown to 50419
[13:29:23.683] [SEVERE ] updating countdown to 50308
[13:29:23.792] [SEVERE ] updating countdown to 50199
[13:29:23.903] [SEVERE ] updating countdown to 50088
[13:29:24.013] [SEVERE ] updating countdown to 49978
[13:29:24.123] [SEVERE ] updating countdown to 49868
[13:29:24.233] [SEVERE ] updating countdown to 49758
[13:29:24.343] [SEVERE ] updating countdown to 49648
[13:29:24.453] [SEVERE ] updating countdown to 49538
[13:29:24.563] [SEVERE ] updating countdown to 49428
[13:29:24.673] [SEVERE ] updating countdown to 49318
[13:29:24.798] [SEVERE ] updating countdown to 49193
[13:29:24.908] [SEVERE ] updating countdown to 49083
[13:29:25.018] [SEVERE ] updating countdown to 48973
[13:29:25.128] [SEVERE ] updating countdown to 48863
[13:29:25.238] [SEVERE ] updating countdown to 48753
[13:29:25.348] [SEVERE ] updating countdown to 48643
[13:29:25.449] [SEVERE ] updating countdown to 48542
[13:29:25.559] [SEVERE ] updating countdown to 48432
[13:29:25.664] [SEVERE ] updating countdown to 48327
[13:29:25.775] [SEVERE ] updating countdown to 48216
[13:29:25.882] [SEVERE ] updating countdown to 48109
[13:29:25.992] [SEVERE ] updating countdown to 47999
[13:29:26.103] [SEVERE ] updating countdown to 47888
[13:29:26.213] [SEVERE ] updating countdown to 47778
[13:29:26.323] [SEVERE ] updating countdown to 47668
[13:29:26.433] [SEVERE ] updating countdown to 47558
[13:29:26.543] [SEVERE ] updating countdown to 47448
[13:29:26.653] [SEVERE ] updating countdown to 47338
[13:29:26.761] [SEVERE ] updating countdown to 47230
[13:29:26.871] [SEVERE ] updating countdown to 47120
[13:29:26.981] [SEVERE ] updating countdown to 47010
[13:29:27.091] [SEVERE ] updating countdown to 46900
[13:29:27.203] [SEVERE ] updating countdown to 46788
[13:29:27.317] [SEVERE ] updating countdown to 46674
[13:29:27.427] [SEVERE ] updating countdown to 46564
[13:29:27.537] [SEVERE ] updating countdown to 46454
[13:29:27.647] [SEVERE ] updating countdown to 46344
[13:29:27.756] [SEVERE ] updating countdown to 46235
[13:29:27.866] [SEVERE ] updating countdown to 46125
[13:29:27.976] [SEVERE ] updating countdown to 46015
[13:29:28.086] [SEVERE ] updating countdown to 45905
[13:29:28.197] [SEVERE ] updating countdown to 45794
[13:29:28.307] [SEVERE ] updating countdown to 45684
[13:29:28.416] [SEVERE ] updating countdown to 45575
[13:29:28.526] [SEVERE ] updating countdown to 45465
[13:29:28.636] [SEVERE ] updating countdown to 45355
[13:29:28.746] [SEVERE ] updating countdown to 45245
[13:29:28.887] [SEVERE ] updating countdown to 45104
[13:29:28.997] [SEVERE ] updating countdown to 44994
[13:29:29.107] [SEVERE ] updating countdown to 44884
[13:29:29.217] [SEVERE ] updating countdown to 44774
[13:29:29.328] [SEVERE ] updating countdown to 44663
[13:29:29.438] [SEVERE ] updating countdown to 44553
[13:29:29.548] [SEVERE ] updating countdown to 44443
[13:29:29.657] [SEVERE ] updating countdown to 44334
[13:29:29.767] [SEVERE ] updating countdown to 44224
[13:29:29.877] [SEVERE ] updating countdown to 44114
[13:29:29.987] [SEVERE ] updating countdown to 44004
[13:29:30.097] [SEVERE ] updating countdown to 43894
[13:29:30.220] [SEVERE ] updating countdown to 43771
[13:29:30.331] [SEVERE ] updating countdown to 43660
[13:29:30.441] [SEVERE ] updating countdown to 43550
[13:29:30.551] [SEVERE ] updating countdown to 43440
[13:29:30.660] [SEVERE ] updating countdown to 43331
[13:29:30.770] [SEVERE ] updating countdown to 43221
[13:29:30.881] [SEVERE ] updating countdown to 43110
[13:29:30.990] [SEVERE ] updating countdown to 43001
[13:29:31.101] [SEVERE ] updating countdown to 42890
[13:29:31.211] [SEVERE ] updating countdown to 42780
[13:29:31.321] [SEVERE ] updating countdown to 42670
[13:29:31.432] [SEVERE ] updating countdown to 42559
[13:29:31.542] [SEVERE ] updating countdown to 42449
[13:29:31.655] [SEVERE ] updating countdown to 42336
[13:29:31.765] [SEVERE ] updating countdown to 42226
[13:29:31.876] [SEVERE ] updating countdown to 42115
[13:29:31.987] [SEVERE ] updating countdown to 42004
[13:29:32.097] [SEVERE ] updating countdown to 41894
[13:29:32.208] [SEVERE ] updating countdown to 41783
[13:29:32.317] [SEVERE ] updating countdown to 41674
[13:29:32.429] [SEVERE ] updating countdown to 41562
[13:29:32.539] [SEVERE ] updating countdown to 41452
[13:29:32.649] [SEVERE ] updating countdown to 41342
[13:29:32.762] [SEVERE ] updating countdown to 41229
[13:29:32.872] [SEVERE ] updating countdown to 41119
[13:29:32.983] [SEVERE ] updating countdown to 41008
[13:29:33.092] [SEVERE ] updating countdown to 40899
[13:29:33.203] [SEVERE ] updating countdown to 40788
[13:29:33.313] [SEVERE ] updating countdown to 40678
[13:29:33.422] [SEVERE ] updating countdown to 40569
[13:29:33.533] [SEVERE ] updating countdown to 40458
[13:29:33.643] [SEVERE ] updating countdown to 40348
[13:29:33.753] [SEVERE ] updating countdown to 40238
[13:29:33.864] [SEVERE ] updating countdown to 40127
[13:29:33.974] [SEVERE ] updating countdown to 40017
[13:29:34.084] [SEVERE ] updating countdown to 39907
[13:29:34.194] [SEVERE ] updating countdown to 39797
[13:29:34.337] [SEVERE ] updating countdown to 39654
[13:29:34.447] [SEVERE ] updating countdown to 39544
[13:29:34.558] [SEVERE ] updating countdown to 39433
[13:29:34.669] [SEVERE ] updating countdown to 39322
[13:29:34.774] [SEVERE ] updating countdown to 39217
[13:29:34.880] [SEVERE ] updating countdown to 39111
[13:29:34.985] [SEVERE ] updating countdown to 39006
[13:29:35.095] [SEVERE ] updating countdown to 38896
[13:29:35.202] [SEVERE ] updating countdown to 38789
[13:29:35.313] [SEVERE ] updating countdown to 38678
[13:29:35.414] [SEVERE ] updating countdown to 38577
[13:29:35.520] [SEVERE ] updating countdown to 38471
[13:29:35.631] [SEVERE ] updating countdown to 38360
[13:29:35.734] [SEVERE ] updating countdown to 38257
[13:29:35.844] [SEVERE ] updating countdown to 38147
[13:29:35.954] [SEVERE ] updating countdown to 38037
[13:29:36.064] [SEVERE ] updating countdown to 37927
[13:29:36.174] [SEVERE ] updating countdown to 37817
[13:29:36.285] [SEVERE ] updating countdown to 37706
[13:29:36.395] [SEVERE ] updating countdown to 37596
[13:29:36.505] [SEVERE ] updating countdown to 37486
[13:29:36.615] [SEVERE ] updating countdown to 37376
[13:29:36.725] [SEVERE ] updating countdown to 37266
[13:29:36.836] [SEVERE ] updating countdown to 37155
[13:29:36.947] [SEVERE ] updating countdown to 37044
[13:29:37.057] [SEVERE ] updating countdown to 36934
[13:29:37.166] [SEVERE ] updating countdown to 36825
[13:29:37.276] [SEVERE ] updating countdown to 36715
[13:29:37.387] [SEVERE ] updating countdown to 36604
[13:29:37.497] [SEVERE ] updating countdown to 36494
[13:29:37.607] [SEVERE ] updating countdown to 36384
[13:29:37.718] [SEVERE ] updating countdown to 36273
[13:29:37.828] [SEVERE ] updating countdown to 36163
[13:29:37.938] [SEVERE ] updating countdown to 36053
[13:29:38.048] [SEVERE ] updating countdown to 35943
[13:29:38.158] [SEVERE ] updating countdown to 35833
[13:29:38.268] [SEVERE ] updating countdown to 35723
[13:29:38.379] [SEVERE ] updating countdown to 35612
[13:29:38.489] [SEVERE ] updating countdown to 35502
[13:29:38.599] [SEVERE ] updating countdown to 35392
[13:29:38.709] [SEVERE ] updating countdown to 35282
[13:29:38.819] [SEVERE ] updating countdown to 35172
[13:29:38.929] [SEVERE ] updating countdown to 35062
[13:29:39.039] [SEVERE ] updating countdown to 34952
[13:29:39.150] [SEVERE ] updating countdown to 34841
[13:29:39.260] [SEVERE ] updating countdown to 34731
[13:29:39.370] [SEVERE ] updating countdown to 34621
[13:29:39.480] [SEVERE ] updating countdown to 34511
[13:29:39.589] [SEVERE ] updating countdown to 34402
[13:29:39.700] [SEVERE ] updating countdown to 34291
[13:29:39.809] [SEVERE ] updating countdown to 34182
[13:29:39.919] [SEVERE ] updating countdown to 34072
[13:29:40.029] [SEVERE ] updating countdown to 33962
[13:29:40.139] [SEVERE ] updating countdown to 33852
[13:29:40.250] [SEVERE ] updating countdown to 33741
[13:29:40.363] [SEVERE ] updating countdown to 33628
[13:29:40.473] [SEVERE ] updating countdown to 33518
[13:29:40.583] [SEVERE ] updating countdown to 33408
[13:29:40.693] [SEVERE ] updating countdown to 33298
[13:29:40.804] [SEVERE ] updating countdown to 33187
[13:29:40.914] [SEVERE ] updating countdown to 33077
[13:29:41.024] [SEVERE ] updating countdown to 32967
[13:29:41.159] [SEVERE ] updating countdown to 32832
[13:29:41.270] [SEVERE ] updating countdown to 32721
[13:29:41.381] [SEVERE ] updating countdown to 32610
[13:29:41.491] [SEVERE ] updating countdown to 32500
[13:29:41.602] [SEVERE ] updating countdown to 32389
[13:29:41.712] [SEVERE ] updating countdown to 32279
[13:29:41.821] [SEVERE ] updating countdown to 32170
[13:29:41.932] [SEVERE ] updating countdown to 32059
[13:29:42.042] [SEVERE ] updating countdown to 31949
[13:29:42.152] [SEVERE ] updating countdown to 31839
[13:29:42.262] [SEVERE ] updating countdown to 31729
[13:29:42.373] [SEVERE ] updating countdown to 31618
[13:29:42.483] [SEVERE ] updating countdown to 31508
[13:29:42.593] [SEVERE ] updating countdown to 31398
[13:29:42.704] [SEVERE ] updating countdown to 31287
[13:29:42.814] [SEVERE ] updating countdown to 31177
[13:29:42.924] [SEVERE ] updating countdown to 31067
[13:29:43.034] [SEVERE ] updating countdown to 30957
[13:29:43.144] [SEVERE ] updating countdown to 30847
[13:29:43.254] [SEVERE ] updating countdown to 30737
[13:29:43.364] [SEVERE ] updating countdown to 30627
[13:29:43.475] [SEVERE ] updating countdown to 30516
[13:29:43.585] [SEVERE ] updating countdown to 30406
[13:29:43.694] [SEVERE ] updating countdown to 30297
[13:29:43.805] [SEVERE ] updating countdown to 30186
[13:29:43.915] [SEVERE ] updating countdown to 30076
[13:29:44.026] [SEVERE ] updating countdown to 29965
[13:29:44.137] [SEVERE ] updating countdown to 29854
[13:29:44.246] [SEVERE ] updating countdown to 29745
[13:29:44.356] [SEVERE ] updating countdown to 29635
[13:29:44.467] [SEVERE ] updating countdown to 29524
[13:29:44.578] [SEVERE ] updating countdown to 29413
[13:29:44.690] [SEVERE ] updating countdown to 29301
[13:29:44.800] [SEVERE ] updating countdown to 29191
[13:29:44.909] [SEVERE ] updating countdown to 29082
[13:29:45.020] [SEVERE ] updating countdown to 28971
[13:29:45.131] [SEVERE ] updating countdown to 28860
[13:29:45.245] [SEVERE ] updating countdown to 28746
[13:29:45.354] [SEVERE ] updating countdown to 28637
[13:29:45.464] [SEVERE ] updating countdown to 28527
[13:29:45.575] [SEVERE ] updating countdown to 28416
[13:29:45.685] [SEVERE ] updating countdown to 28306
[13:29:45.795] [SEVERE ] updating countdown to 28196
[13:29:45.905] [SEVERE ] updating countdown to 28086
[13:29:46.015] [SEVERE ] updating countdown to 27976
[13:29:46.126] [SEVERE ] updating countdown to 27865
[13:29:46.236] [SEVERE ] updating countdown to 27755
[13:29:46.348] [SEVERE ] updating countdown to 27643
[13:29:46.459] [SEVERE ] updating countdown to 27532
[13:29:46.569] [SEVERE ] updating countdown to 27422
[13:29:46.674] [SEVERE ] updating countdown to 27317
[13:29:46.788] [SEVERE ] updating countdown to 27203
[13:29:46.893] [SEVERE ] updating countdown to 27098
[13:29:47.005] [SEVERE ] updating countdown to 26986
[13:29:47.120] [SEVERE ] updating countdown to 26871
[13:29:47.231] [SEVERE ] updating countdown to 26760
[13:29:47.344] [SEVERE ] updating countdown to 26647
[13:29:47.447] [SEVERE ] updating countdown to 26544
[13:29:47.557] [SEVERE ] updating countdown to 26434
[13:29:47.668] [SEVERE ] updating countdown to 26323
[13:29:47.771] [SEVERE ] updating countdown to 26220
[13:29:47.891] [SEVERE ] updating countdown to 26100
[13:29:48.002] [SEVERE ] updating countdown to 25989
[13:29:48.109] [SEVERE ] updating countdown to 25882
[13:29:48.213] [SEVERE ] updating countdown to 25778
[13:29:48.323] [SEVERE ] updating countdown to 25668
[13:29:48.434] [SEVERE ] updating countdown to 25557
[13:29:48.545] [SEVERE ] updating countdown to 25446
[13:29:48.624] [SEVERE ] exit button pressed
[13:29:48.624] [SEVERE ] thanks for playing... it was fun!
[13:29:48.624] [INFO   ] thread main terminated.
