[00:47:53.440] [INFO   ] thread main starting.
[00:47:53.440] [SEVERE ] cannot read configuration file config.properties trying from resources.
[00:47:53.440] [SEVERE ] configuration file was loaded from resources directory.
[00:47:54.048] [INFO   ] thread dealer starting.
[00:47:54.162] [SEVERE ] placing card 76 in slot 0
[00:47:54.281] [SEVERE ] placing card 49 in slot 1
[00:47:54.390] [SEVERE ] placing card 43 in slot 2
[00:47:54.500] [SEVERE ] placing card 61 in slot 3
[00:47:54.612] [SEVERE ] placing card 59 in slot 4
[00:47:54.723] [SEVERE ] placing card 22 in slot 5
[00:47:54.834] [SEVERE ] placing card 11 in slot 6
[00:47:54.975] [SEVERE ] placing card 21 in slot 7
[00:47:55.086] [SEVERE ] placing card 39 in slot 8
[00:47:55.196] [SEVERE ] placing card 63 in slot 9
[00:47:55.308] [SEVERE ] placing card 70 in slot 10
[00:47:55.430] [SEVERE ] placing card 55 in slot 11
[00:47:55.433] [SEVERE ] updating countdown to 60000
[00:47:55.544] [SEVERE ] updating countdown to 59886
[00:47:55.654] [SEVERE ] updating countdown to 59776
[00:47:55.765] [SEVERE ] updating countdown to 59665
[00:47:55.876] [SEVERE ] updating countdown to 59554
[00:47:55.986] [SEVERE ] updating countdown to 59444
[00:47:56.097] [SEVERE ] updating countdown to 59333
[00:47:56.207] [SEVERE ] updating countdown to 59223
[00:47:56.317] [SEVERE ] updating countdown to 59113
[00:47:56.429] [SEVERE ] updating countdown to 59001
[00:47:56.538] [SEVERE ] updating countdown to 58892
[00:47:56.649] [SEVERE ] updating countdown to 58781
[00:47:56.760] [SEVERE ] updating countdown to 58670
[00:47:56.862] [SEVERE ] updating countdown to 58568
[00:47:56.972] [SEVERE ] updating countdown to 58458
[00:47:57.082] [SEVERE ] updating countdown to 58348
[00:47:57.185] [SEVERE ] updating countdown to 58245
[00:47:57.295] [SEVERE ] updating countdown to 58135
[00:47:57.405] [SEVERE ] updating countdown to 58025
[00:47:57.514] [SEVERE ] updating countdown to 57916
[00:47:57.625] [SEVERE ] updating countdown to 57805
[00:47:57.737] [SEVERE ] updating countdown to 57693
[00:47:57.847] [SEVERE ] updating countdown to 57583
[00:47:57.957] [SEVERE ] updating countdown to 57473
[00:47:58.067] [SEVERE ] updating countdown to 57363
[00:47:58.182] [SEVERE ] updating countdown to 57248
[00:47:58.294] [SEVERE ] updating countdown to 57136
[00:47:58.405] [SEVERE ] updating countdown to 57025
[00:47:58.518] [SEVERE ] updating countdown to 56912
[00:47:58.628] [SEVERE ] updating countdown to 56802
[00:47:58.739] [SEVERE ] updating countdown to 56691
[00:47:58.850] [SEVERE ] updating countdown to 56580
[00:47:58.960] [SEVERE ] updating countdown to 56470
[00:47:59.071] [SEVERE ] updating countdown to 56359
[00:47:59.182] [SEVERE ] updating countdown to 56248
[00:47:59.293] [SEVERE ] updating countdown to 56137
[00:47:59.403] [SEVERE ] updating countdown to 56027
[00:47:59.513] [SEVERE ] updating countdown to 55917
[00:47:59.627] [SEVERE ] updating countdown to 55803
[00:47:59.738] [SEVERE ] updating countdown to 55692
[00:47:59.848] [SEVERE ] updating countdown to 55582
[00:47:59.959] [SEVERE ] updating countdown to 55471
[00:48:00.069] [SEVERE ] updating countdown to 55361
[00:48:00.180] [SEVERE ] updating countdown to 55250
[00:48:00.290] [SEVERE ] updating countdown to 55140
[00:48:00.401] [SEVERE ] updating countdown to 55029
[00:48:00.512] [SEVERE ] updating countdown to 54918
[00:48:00.622] [SEVERE ] updating countdown to 54808
[00:48:00.724] [SEVERE ] updating countdown to 54706
[00:48:00.836] [SEVERE ] updating countdown to 54594
[00:48:00.948] [SEVERE ] updating countdown to 54482
[00:48:01.058] [SEVERE ] updating countdown to 54372
[00:48:01.169] [SEVERE ] updating countdown to 54261
[00:48:01.280] [SEVERE ] updating countdown to 54150
[00:48:01.391] [SEVERE ] updating countdown to 54039
[00:48:01.501] [SEVERE ] updating countdown to 53929
[00:48:01.610] [SEVERE ] updating countdown to 53820
[00:48:01.720] [SEVERE ] updating countdown to 53710
[00:48:01.830] [SEVERE ] updating countdown to 53600
[00:48:01.941] [SEVERE ] updating countdown to 53489
[00:48:02.052] [SEVERE ] updating countdown to 53378
[00:48:02.162] [SEVERE ] updating countdown to 53268
[00:48:02.273] [SEVERE ] updating countdown to 53157
[00:48:02.384] [SEVERE ] updating countdown to 53046
[00:48:02.495] [SEVERE ] updating countdown to 52935
[00:48:02.608] [SEVERE ] updating countdown to 52822
[00:48:02.717] [SEVERE ] updating countdown to 52713
[00:48:02.818] [SEVERE ] updating countdown to 52612
[00:48:02.931] [SEVERE ] updating countdown to 52499
[00:48:03.042] [SEVERE ] updating countdown to 52388
[00:48:03.155] [SEVERE ] updating countdown to 52275
[00:48:03.258] [SEVERE ] updating countdown to 52172
[00:48:03.368] [SEVERE ] updating countdown to 52062
[00:48:03.480] [SEVERE ] updating countdown to 51950
[00:48:03.591] [SEVERE ] updating countdown to 51839
[00:48:03.702] [SEVERE ] updating countdown to 51728
[00:48:03.813] [SEVERE ] updating countdown to 51617
[00:48:03.916] [SEVERE ] updating countdown to 51514
[00:48:04.026] [SEVERE ] updating countdown to 51404
[00:48:04.137] [SEVERE ] updating countdown to 51293
[00:48:04.263] [SEVERE ] updating countdown to 51167
[00:48:04.378] [SEVERE ] updating countdown to 51052
[00:48:04.488] [SEVERE ] updating countdown to 50942
[00:48:04.599] [SEVERE ] updating countdown to 50831
[00:48:04.709] [SEVERE ] updating countdown to 50721
[00:48:04.822] [SEVERE ] updating countdown to 50608
[00:48:04.923] [SEVERE ] updating countdown to 50507
[00:48:05.035] [SEVERE ] updating countdown to 50395
[00:48:05.146] [SEVERE ] updating countdown to 50284
[00:48:05.227] [SEVERE ] key 67 was pressed by player 1
[00:48:05.228] [SEVERE ] player 1 placing token on slot 10
[00:48:05.250] [SEVERE ] updating countdown to 50180
[00:48:05.353] [SEVERE ] updating countdown to 50077
[00:48:05.455] [SEVERE ] updating countdown to 49975
[00:48:05.567] [SEVERE ] updating countdown to 49863
[00:48:05.678] [SEVERE ] updating countdown to 49752
[00:48:05.788] [SEVERE ] updating countdown to 49642
[00:48:05.901] [SEVERE ] updating countdown to 49529
[00:48:06.012] [SEVERE ] updating countdown to 49418
[00:48:06.121] [SEVERE ] updating countdown to 49309
[00:48:06.153] [SEVERE ] key 86 was pressed by player 1
[00:48:06.153] [SEVERE ] player 1 placing token on slot 11
[00:48:06.227] [SEVERE ] updating countdown to 49203
[00:48:06.342] [SEVERE ] updating countdown to 49088
[00:48:06.457] [SEVERE ] updating countdown to 48973
[00:48:06.558] [SEVERE ] updating countdown to 48872
[00:48:06.669] [SEVERE ] updating countdown to 48761
[00:48:06.780] [SEVERE ] updating countdown to 48650
[00:48:06.891] [SEVERE ] updating countdown to 48539
[00:48:07.002] [SEVERE ] updating countdown to 48428
[00:48:07.112] [SEVERE ] updating countdown to 48318
[00:48:07.223] [SEVERE ] updating countdown to 48207
[00:48:07.334] [SEVERE ] updating countdown to 48096
[00:48:07.445] [SEVERE ] updating countdown to 47985
[00:48:07.558] [SEVERE ] updating countdown to 47872
[00:48:07.670] [SEVERE ] updating countdown to 47760
[00:48:07.780] [SEVERE ] updating countdown to 47650
[00:48:07.890] [SEVERE ] updating countdown to 47540
[00:48:08.001] [SEVERE ] updating countdown to 47429
[00:48:08.065] [SEVERE ] key 81 was pressed by player 1
[00:48:08.066] [SEVERE ] player 1 placing token on slot 0
[00:48:08.112] [SEVERE ] updating countdown to 47318
[00:48:08.112] [SEVERE ] removing all tokens
[00:48:08.224] [SEVERE ] removing card from slot 0
[00:48:08.225] [SEVERE ] removing all tokens
[00:48:08.327] [SEVERE ] removing card from slot 10
[00:48:08.327] [SEVERE ] removing all tokens
[00:48:08.441] [SEVERE ] removing card from slot 11
[00:48:08.553] [SEVERE ] placing card 57 in slot 0
[00:48:08.668] [SEVERE ] placing card 20 in slot 10
[00:48:08.779] [SEVERE ] placing card 7 in slot 11
[00:48:08.779] [SEVERE ] setting player 1 score to 1
[00:48:08.890] [SEVERE ] updating countdown to 46540
[00:48:09.001] [SEVERE ] updating countdown to 46429
[00:48:09.111] [SEVERE ] updating countdown to 46319
[00:48:09.223] [SEVERE ] updating countdown to 46207
[00:48:09.333] [SEVERE ] updating countdown to 46097
[00:48:09.444] [SEVERE ] updating countdown to 45986
[00:48:09.555] [SEVERE ] updating countdown to 45875
[00:48:09.665] [SEVERE ] updating countdown to 45765
[00:48:09.776] [SEVERE ] updating countdown to 45655
[00:48:09.886] [SEVERE ] updating countdown to 45544
[00:48:09.996] [SEVERE ] updating countdown to 45434
[00:48:10.106] [SEVERE ] updating countdown to 45324
[00:48:10.216] [SEVERE ] updating countdown to 45214
[00:48:10.329] [SEVERE ] updating countdown to 45101
[00:48:10.439] [SEVERE ] updating countdown to 44991
[00:48:10.549] [SEVERE ] updating countdown to 44881
[00:48:10.661] [SEVERE ] updating countdown to 44769
[00:48:10.763] [SEVERE ] updating countdown to 44667
[00:48:10.864] [SEVERE ] updating countdown to 44566
[00:48:10.975] [SEVERE ] updating countdown to 44455
[00:48:11.080] [SEVERE ] updating countdown to 44350
[00:48:11.188] [SEVERE ] updating countdown to 44242
[00:48:11.296] [SEVERE ] updating countdown to 44134
[00:48:11.399] [SEVERE ] updating countdown to 44031
[00:48:11.514] [SEVERE ] updating countdown to 43916
[00:48:11.627] [SEVERE ] updating countdown to 43803
[00:48:11.737] [SEVERE ] updating countdown to 43693
[00:48:11.848] [SEVERE ] updating countdown to 43582
[00:48:11.959] [SEVERE ] updating countdown to 43471
[00:48:12.069] [SEVERE ] updating countdown to 43361
[00:48:12.179] [SEVERE ] updating countdown to 43251
[00:48:12.290] [SEVERE ] updating countdown to 43140
[00:48:12.400] [SEVERE ] updating countdown to 43030
[00:48:12.510] [SEVERE ] updating countdown to 42920
[00:48:12.621] [SEVERE ] updating countdown to 42809
[00:48:12.731] [SEVERE ] updating countdown to 42699
[00:48:12.841] [SEVERE ] updating countdown to 42589
[00:48:12.952] [SEVERE ] updating countdown to 42478
[00:48:13.062] [SEVERE ] updating countdown to 42368
[00:48:13.173] [SEVERE ] updating countdown to 42257
[00:48:13.284] [SEVERE ] updating countdown to 42146
[00:48:13.394] [SEVERE ] updating countdown to 42036
[00:48:13.504] [SEVERE ] updating countdown to 41926
[00:48:13.616] [SEVERE ] updating countdown to 41814
[00:48:13.727] [SEVERE ] updating countdown to 41703
[00:48:13.837] [SEVERE ] updating countdown to 41593
[00:48:13.947] [SEVERE ] updating countdown to 41483
[00:48:14.058] [SEVERE ] updating countdown to 41372
[00:48:14.160] [SEVERE ] updating countdown to 41270
[00:48:14.271] [SEVERE ] updating countdown to 41159
[00:48:14.382] [SEVERE ] updating countdown to 41048
[00:48:14.492] [SEVERE ] updating countdown to 40938
[00:48:14.603] [SEVERE ] updating countdown to 40827
[00:48:14.713] [SEVERE ] updating countdown to 40717
[00:48:14.824] [SEVERE ] updating countdown to 40606
[00:48:14.933] [SEVERE ] updating countdown to 40497
[00:48:15.044] [SEVERE ] updating countdown to 40386
[00:48:15.155] [SEVERE ] updating countdown to 40275
[00:48:15.266] [SEVERE ] updating countdown to 40164
[00:48:15.376] [SEVERE ] updating countdown to 40054
[00:48:15.486] [SEVERE ] updating countdown to 39944
[00:48:15.601] [SEVERE ] updating countdown to 39829
[00:48:15.711] [SEVERE ] updating countdown to 39719
[00:48:15.821] [SEVERE ] updating countdown to 39609
[00:48:15.932] [SEVERE ] updating countdown to 39498
[00:48:16.043] [SEVERE ] updating countdown to 39387
[00:48:16.153] [SEVERE ] updating countdown to 39277
[00:48:16.263] [SEVERE ] updating countdown to 39167
[00:48:16.373] [SEVERE ] updating countdown to 39057
[00:48:16.484] [SEVERE ] updating countdown to 38946
[00:48:16.596] [SEVERE ] updating countdown to 38834
[00:48:16.706] [SEVERE ] updating countdown to 38724
[00:48:16.817] [SEVERE ] updating countdown to 38613
[00:48:16.929] [SEVERE ] updating countdown to 38501
[00:48:17.040] [SEVERE ] updating countdown to 38390
[00:48:17.155] [SEVERE ] updating countdown to 38275
[00:48:17.263] [SEVERE ] updating countdown to 38167
[00:48:17.375] [SEVERE ] updating countdown to 38055
[00:48:17.485] [SEVERE ] updating countdown to 37945
[00:48:17.596] [SEVERE ] updating countdown to 37834
[00:48:17.706] [SEVERE ] updating countdown to 37724
[00:48:17.817] [SEVERE ] updating countdown to 37613
[00:48:17.927] [SEVERE ] updating countdown to 37503
[00:48:18.037] [SEVERE ] updating countdown to 37393
[00:48:18.149] [SEVERE ] updating countdown to 37281
[00:48:18.260] [SEVERE ] updating countdown to 37170
[00:48:18.370] [SEVERE ] updating countdown to 37060
[00:48:18.482] [SEVERE ] updating countdown to 36948
[00:48:18.592] [SEVERE ] updating countdown to 36838
[00:48:18.702] [SEVERE ] updating countdown to 36728
[00:48:18.813] [SEVERE ] updating countdown to 36617
[00:48:18.923] [SEVERE ] updating countdown to 36507
[00:48:19.033] [SEVERE ] updating countdown to 36397
[00:48:19.143] [SEVERE ] updating countdown to 36287
[00:48:19.253] [SEVERE ] updating countdown to 36177
[00:48:19.364] [SEVERE ] updating countdown to 36066
[00:48:19.474] [SEVERE ] updating countdown to 35956
[00:48:19.587] [SEVERE ] updating countdown to 35843
[00:48:19.697] [SEVERE ] updating countdown to 35733
[00:48:19.808] [SEVERE ] updating countdown to 35622
[00:48:19.920] [SEVERE ] updating countdown to 35510
[00:48:20.030] [SEVERE ] updating countdown to 35400
[00:48:20.144] [SEVERE ] updating countdown to 35286
[00:48:20.254] [SEVERE ] updating countdown to 35176
[00:48:20.364] [SEVERE ] updating countdown to 35066
[00:48:20.475] [SEVERE ] updating countdown to 34955
[00:48:20.584] [SEVERE ] updating countdown to 34846
[00:48:20.696] [SEVERE ] updating countdown to 34734
[00:48:20.806] [SEVERE ] updating countdown to 34624
[00:48:20.917] [SEVERE ] updating countdown to 34513
[00:48:21.028] [SEVERE ] updating countdown to 34402
[00:48:21.145] [SEVERE ] updating countdown to 34285
[00:48:21.257] [SEVERE ] updating countdown to 34173
[00:48:21.367] [SEVERE ] updating countdown to 34063
[00:48:21.477] [SEVERE ] updating countdown to 33953
[00:48:21.587] [SEVERE ] updating countdown to 33843
[00:48:21.697] [SEVERE ] updating countdown to 33733
[00:48:21.807] [SEVERE ] updating countdown to 33623
[00:48:21.918] [SEVERE ] updating countdown to 33512
[00:48:22.028] [SEVERE ] updating countdown to 33402
[00:48:22.138] [SEVERE ] updating countdown to 33292
[00:48:22.249] [SEVERE ] updating countdown to 33181
[00:48:22.359] [SEVERE ] updating countdown to 33071
[00:48:22.461] [SEVERE ] updating countdown to 32969
[00:48:22.562] [SEVERE ] updating countdown to 32868
[00:48:22.673] [SEVERE ] updating countdown to 32757
[00:48:22.783] [SEVERE ] updating countdown to 32647
[00:48:22.894] [SEVERE ] updating countdown to 32536
[00:48:23.004] [SEVERE ] updating countdown to 32426
[00:48:23.113] [SEVERE ] updating countdown to 32317
[00:48:23.225] [SEVERE ] updating countdown to 32205
[00:48:23.336] [SEVERE ] updating countdown to 32094
[00:48:23.446] [SEVERE ] updating countdown to 31984
[00:48:23.557] [SEVERE ] updating countdown to 31873
[00:48:23.669] [SEVERE ] updating countdown to 31761
[00:48:23.780] [SEVERE ] updating countdown to 31650
[00:48:23.889] [SEVERE ] updating countdown to 31541
[00:48:24.000] [SEVERE ] updating countdown to 31431
[00:48:24.111] [SEVERE ] updating countdown to 31319
[00:48:24.222] [SEVERE ] updating countdown to 31208
[00:48:24.333] [SEVERE ] updating countdown to 31097
[00:48:24.443] [SEVERE ] updating countdown to 30987
[00:48:24.554] [SEVERE ] updating countdown to 30876
[00:48:24.664] [SEVERE ] updating countdown to 30766
[00:48:24.774] [SEVERE ] updating countdown to 30656
[00:48:24.885] [SEVERE ] updating countdown to 30545
[00:48:24.995] [SEVERE ] updating countdown to 30435
[00:48:25.105] [SEVERE ] updating countdown to 30325
[00:48:25.216] [SEVERE ] updating countdown to 30214
[00:48:25.326] [SEVERE ] updating countdown to 30104
[00:48:25.437] [SEVERE ] updating countdown to 29993
[00:48:25.547] [SEVERE ] updating countdown to 29883
[00:48:25.657] [SEVERE ] updating countdown to 29773
[00:48:25.767] [SEVERE ] updating countdown to 29663
[00:48:25.878] [SEVERE ] updating countdown to 29552
[00:48:25.988] [SEVERE ] updating countdown to 29442
[00:48:26.099] [SEVERE ] updating countdown to 29331
[00:48:26.209] [SEVERE ] updating countdown to 29221
[00:48:26.319] [SEVERE ] updating countdown to 29111
[00:48:26.428] [SEVERE ] updating countdown to 29002
[00:48:26.570] [SEVERE ] updating countdown to 28860
[00:48:26.681] [SEVERE ] updating countdown to 28749
[00:48:26.792] [SEVERE ] updating countdown to 28638
[00:48:26.902] [SEVERE ] updating countdown to 28528
[00:48:27.013] [SEVERE ] updating countdown to 28417
[00:48:27.123] [SEVERE ] updating countdown to 28307
[00:48:27.233] [SEVERE ] updating countdown to 28197
[00:48:27.343] [SEVERE ] updating countdown to 28087
[00:48:27.454] [SEVERE ] updating countdown to 27976
[00:48:27.564] [SEVERE ] updating countdown to 27866
[00:48:27.675] [SEVERE ] updating countdown to 27755
[00:48:27.785] [SEVERE ] updating countdown to 27645
[00:48:27.927] [SEVERE ] updating countdown to 27503
[00:48:28.038] [SEVERE ] updating countdown to 27392
[00:48:28.149] [SEVERE ] updating countdown to 27281
[00:48:28.263] [SEVERE ] updating countdown to 27167
[00:48:28.373] [SEVERE ] updating countdown to 27057
[00:48:28.483] [SEVERE ] updating countdown to 26947
[00:48:28.593] [SEVERE ] updating countdown to 26837
[00:48:28.703] [SEVERE ] updating countdown to 26727
[00:48:28.813] [SEVERE ] updating countdown to 26617
[00:48:28.923] [SEVERE ] updating countdown to 26507
[00:48:29.034] [SEVERE ] updating countdown to 26396
[00:48:29.144] [SEVERE ] updating countdown to 26286
[00:48:29.286] [SEVERE ] updating countdown to 26144
[00:48:29.396] [SEVERE ] updating countdown to 26034
[00:48:29.507] [SEVERE ] updating countdown to 25923
[00:48:29.620] [SEVERE ] updating countdown to 25810
[00:48:29.728] [SEVERE ] updating countdown to 25702
[00:48:29.839] [SEVERE ] updating countdown to 25591
[00:48:29.950] [SEVERE ] updating countdown to 25480
[00:48:30.060] [SEVERE ] updating countdown to 25370
[00:48:30.171] [SEVERE ] updating countdown to 25259
[00:48:30.281] [SEVERE ] updating countdown to 25149
[00:48:30.391] [SEVERE ] updating countdown to 25039
[00:48:30.500] [SEVERE ] updating countdown to 24930
[00:48:30.610] [SEVERE ] updating countdown to 24820
[00:48:30.720] [SEVERE ] updating countdown to 24710
[00:48:30.830] [SEVERE ] updating countdown to 24600
[00:48:30.941] [SEVERE ] updating countdown to 24489
[00:48:31.052] [SEVERE ] updating countdown to 24378
[00:48:31.163] [SEVERE ] updating countdown to 24267
[00:48:31.273] [SEVERE ] updating countdown to 24157
[00:48:31.384] [SEVERE ] updating countdown to 24046
[00:48:31.494] [SEVERE ] updating countdown to 23936
[00:48:31.605] [SEVERE ] updating countdown to 23825
[00:48:31.715] [SEVERE ] updating countdown to 23715
[00:48:31.825] [SEVERE ] updating countdown to 23605
[00:48:31.936] [SEVERE ] updating countdown to 23494
[00:48:32.047] [SEVERE ] updating countdown to 23383
[00:48:32.157] [SEVERE ] updating countdown to 23273
[00:48:32.267] [SEVERE ] updating countdown to 23163
[00:48:32.377] [SEVERE ] updating countdown to 23053
[00:48:32.487] [SEVERE ] updating countdown to 22943
[00:48:32.519] [SEVERE ] key 83 was pressed by player 1
[00:48:32.519] [SEVERE ] player 1 placing token on slot 5
[00:48:32.599] [SEVERE ] updating countdown to 22831
[00:48:32.708] [SEVERE ] updating countdown to 22722
[00:48:32.818] [SEVERE ] updating countdown to 22612
[00:48:32.928] [SEVERE ] updating countdown to 22502
[00:48:33.006] [SEVERE ] key 65 was pressed by player 1
[00:48:33.006] [SEVERE ] player 1 placing token on slot 4
[00:48:33.037] [SEVERE ] updating countdown to 22393
[00:48:33.148] [SEVERE ] updating countdown to 22282
[00:48:33.258] [SEVERE ] updating countdown to 22172
[00:48:33.384] [SEVERE ] updating countdown to 22046
[00:48:33.494] [SEVERE ] updating countdown to 21936
[00:48:33.605] [SEVERE ] updating countdown to 21825
[00:48:33.715] [SEVERE ] updating countdown to 21715
[00:48:33.825] [SEVERE ] updating countdown to 21605
[00:48:33.935] [SEVERE ] updating countdown to 21495
[00:48:34.046] [SEVERE ] updating countdown to 21385
[00:48:34.155] [SEVERE ] updating countdown to 21275
[00:48:34.265] [SEVERE ] updating countdown to 21165
[00:48:34.376] [SEVERE ] updating countdown to 21054
[00:48:34.487] [SEVERE ] updating countdown to 20943
[00:48:34.600] [SEVERE ] updating countdown to 20830
[00:48:34.741] [SEVERE ] updating countdown to 20689
[00:48:34.851] [SEVERE ] updating countdown to 20579
[00:48:34.960] [SEVERE ] updating countdown to 20470
[00:48:35.070] [SEVERE ] updating countdown to 20360
[00:48:35.181] [SEVERE ] updating countdown to 20249
[00:48:35.291] [SEVERE ] updating countdown to 20139
[00:48:35.401] [SEVERE ] updating countdown to 20029
[00:48:35.512] [SEVERE ] updating countdown to 19918
[00:48:35.622] [SEVERE ] updating countdown to 19808
[00:48:35.733] [SEVERE ] updating countdown to 19697
[00:48:35.843] [SEVERE ] updating countdown to 19587
[00:48:35.845] [SEVERE ] key 90 was pressed by player 1
[00:48:35.845] [SEVERE ] player 1 placing token on slot 8
[00:48:35.956] [SEVERE ] updating countdown to 19474
[00:48:35.956] [SEVERE ] removing all tokens
[00:48:36.065] [SEVERE ] removing card from slot 4
[00:48:36.065] [SEVERE ] removing all tokens
[00:48:36.177] [SEVERE ] removing card from slot 5
[00:48:36.177] [SEVERE ] removing all tokens
[00:48:36.288] [SEVERE ] removing card from slot 8
[00:48:36.399] [SEVERE ] placing card 68 in slot 4
[00:48:36.510] [SEVERE ] placing card 33 in slot 5
[00:48:36.621] [SEVERE ] placing card 41 in slot 8
[00:48:36.621] [SEVERE ] setting player 1 score to 2
[00:48:36.731] [SEVERE ] updating countdown to 18699
[00:48:36.842] [SEVERE ] updating countdown to 18588
[00:48:36.952] [SEVERE ] updating countdown to 18478
[00:48:37.063] [SEVERE ] updating countdown to 18367
[00:48:37.174] [SEVERE ] updating countdown to 18256
[00:48:37.285] [SEVERE ] updating countdown to 18145
[00:48:37.395] [SEVERE ] updating countdown to 18035
[00:48:37.505] [SEVERE ] updating countdown to 17925
[00:48:37.615] [SEVERE ] updating countdown to 17815
[00:48:37.725] [SEVERE ] updating countdown to 17705
[00:48:37.833] [SEVERE ] updating countdown to 17597
[00:48:37.942] [SEVERE ] updating countdown to 17488
[00:48:38.054] [SEVERE ] updating countdown to 17376
[00:48:38.164] [SEVERE ] updating countdown to 17266
[00:48:38.275] [SEVERE ] updating countdown to 17155
[00:48:38.380] [SEVERE ] updating countdown to 17050
[00:48:38.495] [SEVERE ] updating countdown to 16935
[00:48:38.601] [SEVERE ] updating countdown to 16829
[00:48:38.714] [SEVERE ] updating countdown to 16716
[00:48:38.845] [SEVERE ] updating countdown to 16585
[00:48:38.956] [SEVERE ] updating countdown to 16474
[00:48:39.063] [SEVERE ] updating countdown to 16367
[00:48:39.168] [SEVERE ] updating countdown to 16262
[00:48:39.295] [SEVERE ] updating countdown to 16135
[00:48:39.400] [SEVERE ] updating countdown to 16030
[00:48:39.510] [SEVERE ] updating countdown to 15920
[00:48:39.616] [SEVERE ] updating countdown to 15814
[00:48:39.730] [SEVERE ] updating countdown to 15700
[00:48:39.840] [SEVERE ] updating countdown to 15590
[00:48:39.950] [SEVERE ] updating countdown to 15480
[00:48:40.051] [SEVERE ] updating countdown to 15379
[00:48:40.169] [SEVERE ] updating countdown to 15261
[00:48:40.279] [SEVERE ] updating countdown to 15151
[00:48:40.394] [SEVERE ] updating countdown to 15036
[00:48:40.497] [SEVERE ] updating countdown to 14933
[00:48:40.607] [SEVERE ] updating countdown to 14823
[00:48:40.718] [SEVERE ] updating countdown to 14712
[00:48:40.829] [SEVERE ] updating countdown to 14601
[00:48:40.941] [SEVERE ] updating countdown to 14489
[00:48:41.051] [SEVERE ] updating countdown to 14379
[00:48:41.161] [SEVERE ] updating countdown to 14269
[00:48:41.271] [SEVERE ] updating countdown to 14159
[00:48:41.382] [SEVERE ] updating countdown to 14048
[00:48:41.492] [SEVERE ] updating countdown to 13938
[00:48:41.607] [SEVERE ] updating countdown to 13823
[00:48:41.717] [SEVERE ] updating countdown to 13713
[00:48:41.827] [SEVERE ] updating countdown to 13603
[00:48:41.938] [SEVERE ] updating countdown to 13492
[00:48:42.048] [SEVERE ] updating countdown to 13382
[00:48:42.158] [SEVERE ] updating countdown to 13272
[00:48:42.261] [SEVERE ] updating countdown to 13169
[00:48:42.372] [SEVERE ] updating countdown to 13058
[00:48:42.484] [SEVERE ] updating countdown to 12946
[00:48:42.595] [SEVERE ] updating countdown to 12835
[00:48:42.705] [SEVERE ] updating countdown to 12725
[00:48:42.816] [SEVERE ] updating countdown to 12614
[00:48:42.926] [SEVERE ] updating countdown to 12504
[00:48:43.036] [SEVERE ] updating countdown to 12394
[00:48:43.146] [SEVERE ] updating countdown to 12284
[00:48:43.269] [SEVERE ] updating countdown to 12161
[00:48:43.380] [SEVERE ] updating countdown to 12050
[00:48:43.492] [SEVERE ] updating countdown to 11938
[00:48:43.602] [SEVERE ] updating countdown to 11828
[00:48:43.712] [SEVERE ] updating countdown to 11718
[00:48:43.821] [SEVERE ] updating countdown to 11609
[00:48:43.932] [SEVERE ] updating countdown to 11498
[00:48:44.046] [SEVERE ] updating countdown to 11384
[00:48:44.157] [SEVERE ] updating countdown to 11273
[00:48:44.283] [SEVERE ] updating countdown to 11147
[00:48:44.393] [SEVERE ] updating countdown to 11037
[00:48:44.503] [SEVERE ] updating countdown to 10927
[00:48:44.615] [SEVERE ] updating countdown to 10815
[00:48:44.725] [SEVERE ] updating countdown to 10705
[00:48:44.839] [SEVERE ] updating countdown to 10591
[00:48:44.949] [SEVERE ] updating countdown to 10481
[00:48:45.059] [SEVERE ] updating countdown to 10371
[00:48:45.169] [SEVERE ] updating countdown to 10261
[00:48:45.280] [SEVERE ] updating countdown to 10150
[00:48:45.391] [SEVERE ] updating countdown to 10039
[00:48:45.502] [SEVERE ] updating countdown to 9928
[00:48:45.614] [SEVERE ] updating countdown to 9816
[00:48:45.724] [SEVERE ] updating countdown to 9706
[00:48:45.834] [SEVERE ] updating countdown to 9596
[00:48:45.945] [SEVERE ] updating countdown to 9485
[00:48:46.054] [SEVERE ] updating countdown to 9376
[00:48:46.165] [SEVERE ] updating countdown to 9265
[00:48:46.276] [SEVERE ] updating countdown to 9154
[00:48:46.387] [SEVERE ] updating countdown to 9043
[00:48:46.499] [SEVERE ] updating countdown to 8931
[00:48:46.613] [SEVERE ] updating countdown to 8817
[00:48:46.723] [SEVERE ] updating countdown to 8707
[00:48:46.833] [SEVERE ] updating countdown to 8597
[00:48:46.948] [SEVERE ] updating countdown to 8482
[00:48:47.060] [SEVERE ] updating countdown to 8370
[00:48:47.171] [SEVERE ] updating countdown to 8259
[00:48:47.285] [SEVERE ] updating countdown to 8145
[00:48:47.395] [SEVERE ] updating countdown to 8035
[00:48:47.505] [SEVERE ] updating countdown to 7925
[00:48:47.617] [SEVERE ] updating countdown to 7813
[00:48:47.731] [SEVERE ] updating countdown to 7699
[00:48:47.840] [SEVERE ] updating countdown to 7590
[00:48:47.955] [SEVERE ] updating countdown to 7475
[00:48:48.067] [SEVERE ] updating countdown to 7363
[00:48:48.176] [SEVERE ] updating countdown to 7254
[00:48:48.287] [SEVERE ] updating countdown to 7143
[00:48:48.398] [SEVERE ] updating countdown to 7032
[00:48:48.509] [SEVERE ] updating countdown to 6922
[00:48:48.620] [SEVERE ] updating countdown to 6810
[00:48:48.731] [SEVERE ] updating countdown to 6699
[00:48:48.842] [SEVERE ] updating countdown to 6588
[00:48:48.957] [SEVERE ] updating countdown to 6473
[00:48:49.067] [SEVERE ] updating countdown to 6363
[00:48:49.171] [SEVERE ] updating countdown to 6259
[00:48:49.281] [SEVERE ] updating countdown to 6149
[00:48:49.391] [SEVERE ] updating countdown to 6039
[00:48:49.501] [SEVERE ] updating countdown to 5929
[00:48:49.611] [SEVERE ] updating countdown to 5819
[00:48:49.738] [SEVERE ] updating countdown to 5692
[00:48:49.854] [SEVERE ] updating countdown to 5576
[00:48:49.964] [SEVERE ] updating countdown to 5466
[00:48:50.074] [SEVERE ] updating countdown to 5356
[00:48:50.179] [SEVERE ] updating countdown to 5251
[00:48:50.290] [SEVERE ] updating countdown to 5140
[00:48:50.400] [SEVERE ] updating countdown to 5030
[00:48:55.437] [SEVERE ] removing all tokens
[00:48:55.550] [SEVERE ] placing card 48 in slot 0
[00:48:55.660] [SEVERE ] placing card 43 in slot 1
[00:48:55.770] [SEVERE ] placing card 26 in slot 2
[00:48:55.880] [SEVERE ] placing card 42 in slot 3
[00:48:55.990] [SEVERE ] placing card 71 in slot 4
[00:48:56.101] [SEVERE ] placing card 64 in slot 5
[00:48:56.212] [SEVERE ] placing card 62 in slot 6
[00:48:56.323] [SEVERE ] placing card 24 in slot 7
[00:48:56.432] [SEVERE ] placing card 78 in slot 8
[00:48:56.557] [SEVERE ] placing card 3 in slot 9
[00:48:56.668] [SEVERE ] placing card 15 in slot 10
[00:48:56.778] [SEVERE ] placing card 10 in slot 11
[00:48:56.778] [SEVERE ] updating countdown to 60000
[00:48:56.888] [SEVERE ] updating countdown to 59890
[00:48:56.999] [SEVERE ] updating countdown to 59779
[00:48:57.109] [SEVERE ] updating countdown to 59669
[00:48:57.219] [SEVERE ] updating countdown to 59559
[00:48:57.329] [SEVERE ] updating countdown to 59449
[00:48:57.438] [SEVERE ] updating countdown to 59340
[00:48:57.548] [SEVERE ] updating countdown to 59230
[00:48:57.658] [SEVERE ] updating countdown to 59120
[00:48:57.768] [SEVERE ] updating countdown to 59010
[00:48:57.878] [SEVERE ] updating countdown to 58900
[00:48:57.988] [SEVERE ] updating countdown to 58790
[00:48:58.099] [SEVERE ] updating countdown to 58679
[00:48:58.209] [SEVERE ] updating countdown to 58569
[00:48:58.319] [SEVERE ] updating countdown to 58459
[00:48:58.429] [SEVERE ] updating countdown to 58349
[00:48:58.539] [SEVERE ] updating countdown to 58239
[00:48:58.649] [SEVERE ] updating countdown to 58129
[00:48:58.761] [SEVERE ] updating countdown to 58017
[00:48:58.867] [SEVERE ] updating countdown to 57911
[00:48:58.977] [SEVERE ] updating countdown to 57801
[00:48:59.086] [SEVERE ] updating countdown to 57692
[00:48:59.196] [SEVERE ] updating countdown to 57582
[00:48:59.305] [SEVERE ] updating countdown to 57473
[00:48:59.415] [SEVERE ] updating countdown to 57363
[00:48:59.526] [SEVERE ] updating countdown to 57252
[00:48:59.636] [SEVERE ] updating countdown to 57142
[00:48:59.761] [SEVERE ] updating countdown to 57017
[00:48:59.875] [SEVERE ] updating countdown to 56903
[00:48:59.986] [SEVERE ] updating countdown to 56792
[00:49:00.096] [SEVERE ] updating countdown to 56682
[00:49:00.206] [SEVERE ] updating countdown to 56572
[00:49:00.316] [SEVERE ] updating countdown to 56462
[00:49:00.426] [SEVERE ] updating countdown to 56352
[00:49:00.538] [SEVERE ] updating countdown to 56240
[00:49:00.652] [SEVERE ] updating countdown to 56126
[00:49:00.762] [SEVERE ] updating countdown to 56016
[00:49:00.874] [SEVERE ] updating countdown to 55904
[00:49:00.984] [SEVERE ] updating countdown to 55794
[00:49:01.094] [SEVERE ] updating countdown to 55684
[00:49:01.205] [SEVERE ] updating countdown to 55573
[00:49:01.314] [SEVERE ] updating countdown to 55464
[00:49:01.424] [SEVERE ] updating countdown to 55354
[00:49:01.538] [SEVERE ] updating countdown to 55240
[00:49:01.648] [SEVERE ] updating countdown to 55130
[00:49:01.759] [SEVERE ] updating countdown to 55019
[00:49:01.869] [SEVERE ] updating countdown to 54909
[00:49:01.979] [SEVERE ] updating countdown to 54799
[00:49:02.089] [SEVERE ] updating countdown to 54689
[00:49:02.200] [SEVERE ] updating countdown to 54578
[00:49:02.310] [SEVERE ] updating countdown to 54468
[00:49:02.420] [SEVERE ] updating countdown to 54358
[00:49:02.530] [SEVERE ] updating countdown to 54248
[00:49:02.642] [SEVERE ] updating countdown to 54136
[00:49:02.751] [SEVERE ] updating countdown to 54027
[00:49:02.853] [SEVERE ] updating countdown to 53925
[00:49:02.963] [SEVERE ] updating countdown to 53815
[00:49:03.074] [SEVERE ] updating countdown to 53704
[00:49:03.184] [SEVERE ] updating countdown to 53594
[00:49:03.294] [SEVERE ] updating countdown to 53484
[00:49:03.404] [SEVERE ] updating countdown to 53374
[00:49:03.514] [SEVERE ] updating countdown to 53264
[00:49:03.624] [SEVERE ] updating countdown to 53154
[00:49:03.734] [SEVERE ] updating countdown to 53044
[00:49:03.855] [SEVERE ] updating countdown to 52923
[00:49:03.968] [SEVERE ] updating countdown to 52810
[00:49:04.078] [SEVERE ] updating countdown to 52700
[00:49:04.188] [SEVERE ] updating countdown to 52590
[00:49:04.298] [SEVERE ] updating countdown to 52480
[00:49:04.408] [SEVERE ] updating countdown to 52370
[00:49:04.511] [SEVERE ] updating countdown to 52267
[00:49:04.623] [SEVERE ] updating countdown to 52155
[00:49:04.734] [SEVERE ] updating countdown to 52044
[00:49:04.844] [SEVERE ] updating countdown to 51934
[00:49:04.954] [SEVERE ] updating countdown to 51824
[00:49:05.064] [SEVERE ] updating countdown to 51714
[00:49:05.174] [SEVERE ] updating countdown to 51604
[00:49:05.284] [SEVERE ] updating countdown to 51494
[00:49:05.394] [SEVERE ] updating countdown to 51384
[00:49:05.504] [SEVERE ] updating countdown to 51274
[00:49:05.614] [SEVERE ] updating countdown to 51164
[00:49:05.724] [SEVERE ] updating countdown to 51054
[00:49:05.834] [SEVERE ] updating countdown to 50944
[00:49:05.949] [SEVERE ] updating countdown to 50829
[00:49:06.070] [SEVERE ] updating countdown to 50708
[00:49:06.180] [SEVERE ] updating countdown to 50598
[00:49:06.290] [SEVERE ] updating countdown to 50488
[00:49:06.400] [SEVERE ] updating countdown to 50378
[00:49:06.510] [SEVERE ] updating countdown to 50268
[00:49:06.616] [SEVERE ] updating countdown to 50162
[00:49:06.726] [SEVERE ] updating countdown to 50052
[00:49:06.836] [SEVERE ] updating countdown to 49942
[00:49:06.947] [SEVERE ] updating countdown to 49831
[00:49:07.056] [SEVERE ] updating countdown to 49722
[00:49:07.168] [SEVERE ] updating countdown to 49610
[00:49:07.278] [SEVERE ] updating countdown to 49500
[00:49:07.392] [SEVERE ] updating countdown to 49386
[00:49:07.502] [SEVERE ] updating countdown to 49276
[00:49:07.613] [SEVERE ] updating countdown to 49165
[00:49:07.723] [SEVERE ] updating countdown to 49055
[00:49:07.833] [SEVERE ] updating countdown to 48945
[00:49:07.943] [SEVERE ] updating countdown to 48835
[00:49:08.053] [SEVERE ] updating countdown to 48725
[00:49:08.163] [SEVERE ] updating countdown to 48615
[00:49:08.273] [SEVERE ] updating countdown to 48505
[00:49:08.381] [SEVERE ] updating countdown to 48397
[00:49:08.487] [SEVERE ] updating countdown to 48291
[00:49:08.592] [SEVERE ] updating countdown to 48186
[00:49:08.702] [SEVERE ] updating countdown to 48076
[00:49:08.825] [SEVERE ] updating countdown to 47953
[00:49:08.938] [SEVERE ] updating countdown to 47840
[00:49:09.047] [SEVERE ] updating countdown to 47731
[00:49:09.157] [SEVERE ] updating countdown to 47621
[00:49:09.267] [SEVERE ] updating countdown to 47511
[00:49:09.376] [SEVERE ] updating countdown to 47402
[00:49:09.486] [SEVERE ] updating countdown to 47292
[00:49:09.600] [SEVERE ] updating countdown to 47178
[00:49:09.705] [SEVERE ] updating countdown to 47073
[00:49:09.814] [SEVERE ] updating countdown to 46964
[00:49:09.925] [SEVERE ] updating countdown to 46853
[00:49:10.035] [SEVERE ] updating countdown to 46743
[00:49:10.146] [SEVERE ] updating countdown to 46632
[00:49:10.256] [SEVERE ] updating countdown to 46522
[00:49:10.366] [SEVERE ] updating countdown to 46412
[00:49:10.476] [SEVERE ] updating countdown to 46302
[00:49:10.586] [SEVERE ] updating countdown to 46192
[00:49:10.696] [SEVERE ] updating countdown to 46082
[00:49:10.807] [SEVERE ] updating countdown to 45971
[00:49:10.917] [SEVERE ] updating countdown to 45861
[00:49:11.027] [SEVERE ] updating countdown to 45751
[00:49:11.141] [SEVERE ] updating countdown to 45637
[00:49:11.252] [SEVERE ] updating countdown to 45526
[00:49:11.362] [SEVERE ] updating countdown to 45416
[00:49:11.472] [SEVERE ] updating countdown to 45306
[00:49:11.582] [SEVERE ] updating countdown to 45196
[00:49:11.691] [SEVERE ] updating countdown to 45087
[00:49:11.801] [SEVERE ] updating countdown to 44977
[00:49:11.912] [SEVERE ] updating countdown to 44866
[00:49:12.021] [SEVERE ] updating countdown to 44757
[00:49:12.133] [SEVERE ] updating countdown to 44645
[00:49:12.243] [SEVERE ] updating countdown to 44535
[00:49:12.353] [SEVERE ] updating countdown to 44425
[00:49:12.463] [SEVERE ] updating countdown to 44315
[00:49:12.573] [SEVERE ] updating countdown to 44205
[00:49:12.683] [SEVERE ] updating countdown to 44095
[00:49:12.793] [SEVERE ] updating countdown to 43985
[00:49:12.904] [SEVERE ] updating countdown to 43874
[00:49:13.015] [SEVERE ] updating countdown to 43763
[00:49:13.124] [SEVERE ] updating countdown to 43654
[00:49:13.235] [SEVERE ] updating countdown to 43543
[00:49:13.345] [SEVERE ] updating countdown to 43433
[00:49:13.455] [SEVERE ] updating countdown to 43323
[00:49:13.555] [SEVERE ] updating countdown to 43223
[00:49:13.665] [SEVERE ] updating countdown to 43113
[00:49:13.775] [SEVERE ] updating countdown to 43003
[00:49:13.885] [SEVERE ] updating countdown to 42893
[00:49:13.996] [SEVERE ] updating countdown to 42782
[00:49:14.106] [SEVERE ] updating countdown to 42672
[00:49:14.210] [SEVERE ] updating countdown to 42568
[00:49:14.320] [SEVERE ] updating countdown to 42458
[00:49:14.430] [SEVERE ] updating countdown to 42348
[00:49:14.540] [SEVERE ] updating countdown to 42238
[00:49:14.650] [SEVERE ] updating countdown to 42128
[00:49:14.760] [SEVERE ] updating countdown to 42018
[00:49:14.871] [SEVERE ] updating countdown to 41907
[00:49:14.982] [SEVERE ] updating countdown to 41796
[00:49:15.095] [SEVERE ] updating countdown to 41683
[00:49:15.204] [SEVERE ] updating countdown to 41574
[00:49:15.305] [SEVERE ] updating countdown to 41473
[00:49:15.415] [SEVERE ] updating countdown to 41363
[00:49:15.525] [SEVERE ] updating countdown to 41253
[00:49:15.633] [SEVERE ] updating countdown to 41145
[00:49:15.743] [SEVERE ] updating countdown to 41035
[00:49:15.853] [SEVERE ] updating countdown to 40925
[00:49:15.959] [SEVERE ] updating countdown to 40819
[00:49:16.069] [SEVERE ] updating countdown to 40709
[00:49:16.179] [SEVERE ] updating countdown to 40599
[00:49:16.280] [SEVERE ] updating countdown to 40498
[00:49:16.390] [SEVERE ] updating countdown to 40388
[00:49:16.500] [SEVERE ] updating countdown to 40278
[00:49:16.612] [SEVERE ] updating countdown to 40166
[00:49:16.722] [SEVERE ] updating countdown to 40056
[00:49:16.849] [SEVERE ] updating countdown to 39929
[00:49:16.951] [SEVERE ] updating countdown to 39827
[00:49:17.061] [SEVERE ] updating countdown to 39717
[00:49:17.173] [SEVERE ] updating countdown to 39605
[00:49:17.276] [SEVERE ] updating countdown to 39502
[00:49:17.386] [SEVERE ] updating countdown to 39392
[00:49:17.492] [SEVERE ] updating countdown to 39286
[00:49:17.594] [SEVERE ] updating countdown to 39184
[00:49:17.701] [SEVERE ] updating countdown to 39077
[00:49:17.811] [SEVERE ] updating countdown to 38967
[00:49:17.922] [SEVERE ] updating countdown to 38856
[00:49:18.031] [SEVERE ] updating countdown to 38747
[00:49:18.141] [SEVERE ] updating countdown to 38637
[00:49:18.249] [SEVERE ] updating countdown to 38529
[00:49:18.360] [SEVERE ] updating countdown to 38418
[00:49:18.469] [SEVERE ] updating countdown to 38309
[00:49:18.579] [SEVERE ] updating countdown to 38199
[00:49:18.689] [SEVERE ] updating countdown to 38089
[00:49:18.800] [SEVERE ] updating countdown to 37978
[00:49:18.911] [SEVERE ] updating countdown to 37867
[00:49:19.021] [SEVERE ] updating countdown to 37757
[00:49:19.131] [SEVERE ] updating countdown to 37647
[00:49:19.242] [SEVERE ] updating countdown to 37536
[00:49:19.352] [SEVERE ] updating countdown to 37426
[00:49:19.461] [SEVERE ] updating countdown to 37317
[00:49:19.571] [SEVERE ] updating countdown to 37207
[00:49:19.681] [SEVERE ] updating countdown to 37097
[00:49:19.790] [SEVERE ] updating countdown to 36988
[00:49:19.901] [SEVERE ] updating countdown to 36877
[00:49:20.011] [SEVERE ] updating countdown to 36767
[00:49:20.122] [SEVERE ] updating countdown to 36656
[00:49:20.232] [SEVERE ] updating countdown to 36546
[00:49:20.342] [SEVERE ] updating countdown to 36436
[00:49:20.452] [SEVERE ] updating countdown to 36326
[00:49:20.562] [SEVERE ] updating countdown to 36216
[00:49:20.672] [SEVERE ] updating countdown to 36106
[00:49:20.781] [SEVERE ] updating countdown to 35997
[00:49:20.892] [SEVERE ] updating countdown to 35886
[00:49:21.003] [SEVERE ] updating countdown to 35775
[00:49:21.113] [SEVERE ] updating countdown to 35665
[00:49:21.223] [SEVERE ] updating countdown to 35555
[00:49:21.333] [SEVERE ] updating countdown to 35445
[00:49:21.443] [SEVERE ] updating countdown to 35335
[00:49:21.553] [SEVERE ] updating countdown to 35225
[00:49:21.663] [SEVERE ] updating countdown to 35115
[00:49:21.773] [SEVERE ] updating countdown to 35005
[00:49:21.874] [SEVERE ] updating countdown to 34904
[00:49:21.984] [SEVERE ] updating countdown to 34794
[00:49:22.094] [SEVERE ] updating countdown to 34684
[00:49:22.200] [SEVERE ] updating countdown to 34578
[00:49:22.310] [SEVERE ] updating countdown to 34468
[00:49:22.420] [SEVERE ] updating countdown to 34358
[00:49:22.530] [SEVERE ] updating countdown to 34248
[00:49:22.640] [SEVERE ] updating countdown to 34138
[00:49:22.751] [SEVERE ] updating countdown to 34027
[00:49:22.860] [SEVERE ] updating countdown to 33918
[00:49:22.970] [SEVERE ] updating countdown to 33808
[00:49:23.080] [SEVERE ] updating countdown to 33698
[00:49:23.190] [SEVERE ] updating countdown to 33588
[00:49:23.300] [SEVERE ] updating countdown to 33478
[00:49:23.410] [SEVERE ] updating countdown to 33368
[00:49:23.519] [SEVERE ] updating countdown to 33259
[00:49:23.630] [SEVERE ] updating countdown to 33148
[00:49:23.742] [SEVERE ] updating countdown to 33036
[00:49:23.852] [SEVERE ] updating countdown to 32926
[00:49:23.962] [SEVERE ] updating countdown to 32816
[00:49:24.072] [SEVERE ] updating countdown to 32706
[00:49:24.182] [SEVERE ] updating countdown to 32596
[00:49:24.293] [SEVERE ] updating countdown to 32485
[00:49:24.402] [SEVERE ] updating countdown to 32376
[00:49:24.512] [SEVERE ] updating countdown to 32266
[00:49:24.622] [SEVERE ] updating countdown to 32156
[00:49:24.733] [SEVERE ] updating countdown to 32045
[00:49:24.842] [SEVERE ] updating countdown to 31936
[00:49:24.953] [SEVERE ] updating countdown to 31825
[00:49:25.063] [SEVERE ] updating countdown to 31715
[00:49:25.172] [SEVERE ] updating countdown to 31606
[00:49:25.283] [SEVERE ] updating countdown to 31495
[00:49:25.368] [SEVERE ] key 67 was pressed by player 1
[00:49:25.368] [SEVERE ] player 1 placing token on slot 10
[00:49:25.383] [SEVERE ] updating countdown to 31395
[00:49:25.494] [SEVERE ] updating countdown to 31284
[00:49:25.604] [SEVERE ] updating countdown to 31174
[00:49:25.713] [SEVERE ] updating countdown to 31065
[00:49:25.726] [SEVERE ] key 67 was pressed by player 1
[00:49:25.726] [SEVERE ] removing player 1 token from slot 10
[00:49:25.823] [SEVERE ] updating countdown to 30955
[00:49:25.934] [SEVERE ] updating countdown to 30844
[00:49:26.045] [SEVERE ] updating countdown to 30733
[00:49:26.155] [SEVERE ] updating countdown to 30623
[00:49:26.171] [SEVERE ] key 86 was pressed by player 1
[00:49:26.171] [SEVERE ] player 1 placing token on slot 11
[00:49:26.266] [SEVERE ] updating countdown to 30512
[00:49:26.376] [SEVERE ] updating countdown to 30402
[00:49:26.486] [SEVERE ] updating countdown to 30292
[00:49:26.596] [SEVERE ] updating countdown to 30182
[00:49:26.705] [SEVERE ] updating countdown to 30073
[00:49:26.816] [SEVERE ] updating countdown to 29962
[00:49:26.927] [SEVERE ] updating countdown to 29851
[00:49:27.038] [SEVERE ] updating countdown to 29740
[00:49:27.148] [SEVERE ] updating countdown to 29630
[00:49:27.258] [SEVERE ] updating countdown to 29520
[00:49:27.368] [SEVERE ] updating countdown to 29410
[00:49:27.477] [SEVERE ] updating countdown to 29301
[00:49:27.585] [SEVERE ] updating countdown to 29193
[00:49:27.695] [SEVERE ] updating countdown to 29083
[00:49:27.806] [SEVERE ] updating countdown to 28972
[00:49:27.920] [SEVERE ] updating countdown to 28858
[00:49:28.032] [SEVERE ] updating countdown to 28746
[00:49:28.146] [SEVERE ] updating countdown to 28632
[00:49:28.269] [SEVERE ] updating countdown to 28509
[00:49:28.379] [SEVERE ] updating countdown to 28399
[00:49:28.480] [SEVERE ] updating countdown to 28298
[00:49:28.589] [SEVERE ] updating countdown to 28189
[00:49:28.699] [SEVERE ] updating countdown to 28079
[00:49:28.809] [SEVERE ] updating countdown to 27969
[00:49:28.922] [SEVERE ] updating countdown to 27856
[00:49:29.024] [SEVERE ] updating countdown to 27754
[00:49:29.135] [SEVERE ] updating countdown to 27643
[00:49:29.275] [SEVERE ] updating countdown to 27503
[00:49:29.385] [SEVERE ] updating countdown to 27393
[00:49:29.495] [SEVERE ] updating countdown to 27283
[00:49:29.605] [SEVERE ] updating countdown to 27173
[00:49:29.715] [SEVERE ] updating countdown to 27063
[00:49:29.825] [SEVERE ] updating countdown to 26953
[00:49:29.935] [SEVERE ] updating countdown to 26843
[00:49:30.045] [SEVERE ] updating countdown to 26733
[00:49:30.155] [SEVERE ] updating countdown to 26623
[00:49:30.266] [SEVERE ] updating countdown to 26512
[00:49:30.376] [SEVERE ] updating countdown to 26402
[00:49:30.438] [SEVERE ] key 81 was pressed by player 1
[00:49:30.438] [SEVERE ] player 1 placing token on slot 0
[00:49:30.486] [SEVERE ] updating countdown to 26292
[00:49:30.595] [SEVERE ] updating countdown to 26183
[00:49:30.705] [SEVERE ] updating countdown to 26073
[00:49:30.815] [SEVERE ] updating countdown to 25963
[00:49:30.927] [SEVERE ] updating countdown to 25851
[00:49:31.037] [SEVERE ] updating countdown to 25741
[00:49:31.147] [SEVERE ] updating countdown to 25631
[00:49:31.257] [SEVERE ] updating countdown to 25521
[00:49:31.367] [SEVERE ] updating countdown to 25411
[00:49:31.477] [SEVERE ] updating countdown to 25301
[00:49:31.581] [SEVERE ] updating countdown to 25197
[00:49:31.683] [SEVERE ] updating countdown to 25095
[00:49:31.792] [SEVERE ] updating countdown to 24986
[00:49:31.903] [SEVERE ] updating countdown to 24875
[00:49:32.013] [SEVERE ] updating countdown to 24765
[00:49:32.122] [SEVERE ] updating countdown to 24656
[00:49:32.232] [SEVERE ] updating countdown to 24546
[00:49:32.342] [SEVERE ] updating countdown to 24436
[00:49:32.452] [SEVERE ] updating countdown to 24326
[00:49:32.560] [SEVERE ] updating countdown to 24218
[00:49:32.672] [SEVERE ] updating countdown to 24106
[00:49:32.780] [SEVERE ] updating countdown to 23998
[00:49:32.891] [SEVERE ] updating countdown to 23887
[00:49:33.000] [SEVERE ] updating countdown to 23778
[00:49:33.111] [SEVERE ] updating countdown to 23667
[00:49:33.221] [SEVERE ] updating countdown to 23557
[00:49:33.331] [SEVERE ] updating countdown to 23447
[00:49:33.443] [SEVERE ] updating countdown to 23335
[00:49:33.553] [SEVERE ] updating countdown to 23225
[00:49:33.553] [SEVERE ] key 68 was pressed by player 1
[00:49:33.553] [SEVERE ] player 1 placing token on slot 6
[00:49:33.663] [SEVERE ] updating countdown to 23115
[00:49:33.663] [SEVERE ] removing all tokens
[00:49:33.773] [SEVERE ] removing card from slot 0
[00:49:33.773] [SEVERE ] removing all tokens
[00:49:33.884] [SEVERE ] removing card from slot 6
[00:49:33.884] [SEVERE ] removing all tokens
[00:49:33.995] [SEVERE ] removing card from slot 11
[00:49:34.098] [SEVERE ] placing card 0 in slot 0
[00:49:34.208] [SEVERE ] placing card 16 in slot 6
[00:49:34.318] [SEVERE ] placing card 27 in slot 11
[00:49:34.318] [SEVERE ] setting player 1 score to 3
[00:49:34.429] [SEVERE ] updating countdown to 22349
[00:49:34.539] [SEVERE ] updating countdown to 22239
[00:49:34.651] [SEVERE ] updating countdown to 22127
[00:49:34.761] [SEVERE ] updating countdown to 22017
[00:49:34.870] [SEVERE ] updating countdown to 21908
[00:49:34.982] [SEVERE ] updating countdown to 21796
[00:49:35.093] [SEVERE ] updating countdown to 21685
[00:49:35.203] [SEVERE ] updating countdown to 21576
[00:49:35.313] [SEVERE ] updating countdown to 21465
[00:49:35.424] [SEVERE ] updating countdown to 21354
[00:49:35.534] [SEVERE ] updating countdown to 21244
[00:49:35.645] [SEVERE ] updating countdown to 21133
[00:49:35.757] [SEVERE ] updating countdown to 21021
[00:49:35.870] [SEVERE ] updating countdown to 20908
[00:49:35.971] [SEVERE ] updating countdown to 20807
[00:49:36.073] [SEVERE ] updating countdown to 20705
[00:49:36.185] [SEVERE ] updating countdown to 20593
[00:49:36.298] [SEVERE ] updating countdown to 20480
[00:49:36.400] [SEVERE ] updating countdown to 20378
[00:49:36.504] [SEVERE ] updating countdown to 20274
[00:49:36.617] [SEVERE ] updating countdown to 20161
[00:49:36.720] [SEVERE ] updating countdown to 20058
[00:49:36.827] [SEVERE ] updating countdown to 19951
[00:49:36.938] [SEVERE ] updating countdown to 19840
[00:49:37.050] [SEVERE ] updating countdown to 19728
[00:49:37.151] [SEVERE ] updating countdown to 19627
[00:49:37.265] [SEVERE ] updating countdown to 19513
[00:49:37.366] [SEVERE ] updating countdown to 19412
[00:49:37.475] [SEVERE ] updating countdown to 19303
[00:49:37.586] [SEVERE ] updating countdown to 19192
[00:49:37.696] [SEVERE ] updating countdown to 19082
[00:49:37.806] [SEVERE ] updating countdown to 18972
[00:49:37.916] [SEVERE ] updating countdown to 18862
[00:49:38.027] [SEVERE ] updating countdown to 18751
[00:49:38.136] [SEVERE ] updating countdown to 18642
[00:49:38.242] [SEVERE ] updating countdown to 18536
[00:49:38.354] [SEVERE ] updating countdown to 18424
[00:49:38.464] [SEVERE ] updating countdown to 18314
[00:49:38.577] [SEVERE ] updating countdown to 18201
[00:49:38.691] [SEVERE ] updating countdown to 18087
[00:49:38.835] [SEVERE ] updating countdown to 17943
[00:49:38.940] [SEVERE ] updating countdown to 17838
[00:49:39.052] [SEVERE ] updating countdown to 17726
[00:49:39.169] [SEVERE ] updating countdown to 17609
[00:49:39.282] [SEVERE ] updating countdown to 17496
[00:49:39.404] [SEVERE ] updating countdown to 17374
[00:49:39.509] [SEVERE ] updating countdown to 17269
[00:49:39.620] [SEVERE ] updating countdown to 17158
[00:49:39.725] [SEVERE ] updating countdown to 17053
[00:49:39.838] [SEVERE ] updating countdown to 16940
