[16:58:14.322] [INFO   ] thread main starting.
[16:58:14.326] [SEVERE ] cannot read configuration file config.properties trying from resources.
[16:58:14.326] [SEVERE ] configuration file was loaded from resources directory.
[16:58:14.760] [INFO   ] thread dealer starting.
[16:58:14.813] [SEVERE ] player 2 placing token on slot 6
[16:58:14.813] [SEVERE ] player 1 placing token on slot 0
[16:58:14.815] [SEVERE ] player 2 placing token on slot 7
[16:58:14.815] [SEVERE ] player 1 placing token on slot 8
[16:58:14.868] [SEVERE ] placing card 65 in slot 0
[16:58:14.928] [SEVERE ] player 1 placing token on slot 4
[16:58:14.938] [SEVERE ] player 2 placing token on slot 4
[16:58:14.970] [SEVERE ] placing card 0 in slot 1
[16:58:15.074] [SEVERE ] placing card 20 in slot 2
[16:58:15.177] [SEVERE ] placing card 75 in slot 3
[16:58:15.279] [SEVERE ] placing card 7 in slot 4
[16:58:15.392] [SEVERE ] placing card 49 in slot 5
[16:58:15.505] [SEVERE ] placing card 15 in slot 6
[16:58:15.615] [SEVERE ] placing card 24 in slot 7
[16:58:15.725] [SEVERE ] placing card 18 in slot 8
[16:58:15.836] [SEVERE ] placing card 46 in slot 9
[16:58:15.945] [SEVERE ] placing card 42 in slot 10
[16:58:16.057] [SEVERE ] placing card 17 in slot 11
[16:58:16.057] [SEVERE ] updating countdown to 60000
[16:58:16.169] [SEVERE ] updating countdown to 59888
[16:58:16.169] [SEVERE ] removing player 1 token from slot 0
[16:58:16.169] [SEVERE ] removing player 1 token from slot 4
[16:58:16.169] [SEVERE ] removing player 1 token from slot 8
[16:58:16.169] [SEVERE ] setting player 1 score to -1
[16:58:16.228] [SEVERE ] player 1 placing token on slot 10
[16:58:16.228] [SEVERE ] player 1 placing token on slot 8
[16:58:16.275] [SEVERE ] updating countdown to 59782
[16:58:16.275] [SEVERE ] removing player 2 token from slot 4
[16:58:16.275] [SEVERE ] removing player 2 token from slot 6
[16:58:16.276] [SEVERE ] removing player 2 token from slot 7
[16:58:16.276] [SEVERE ] setting player 2 score to -1
[16:58:16.281] [SEVERE ] player 1 placing token on slot 7
[16:58:16.327] [SEVERE ] player 2 placing token on slot 7
[16:58:16.328] [SEVERE ] player 2 placing token on slot 2
[16:58:16.377] [SEVERE ] updating countdown to 59680
[16:58:16.378] [SEVERE ] removing player 1 token from slot 7
[16:58:16.378] [SEVERE ] removing player 1 token from slot 8
[16:58:16.378] [SEVERE ] removing player 1 token from slot 10
[16:58:16.379] [SEVERE ] player 2 placing token on slot 3
[16:58:16.379] [SEVERE ] setting player 1 score to -2
[16:58:16.431] [SEVERE ] player 1 placing token on slot 8
[16:58:16.432] [SEVERE ] player 1 placing token on slot 1
[16:58:16.481] [SEVERE ] updating countdown to 59576
[16:58:16.481] [SEVERE ] removing player 2 token from slot 2
[16:58:16.482] [SEVERE ] removing player 2 token from slot 3
[16:58:16.483] [SEVERE ] removing player 2 token from slot 7
[16:58:16.483] [SEVERE ] player 1 placing token on slot 5
[16:58:16.483] [SEVERE ] setting player 2 score to -2
[16:58:16.535] [SEVERE ] player 2 placing token on slot 8
[16:58:16.536] [SEVERE ] player 2 placing token on slot 6
[16:58:16.585] [SEVERE ] updating countdown to 59472
[16:58:16.586] [SEVERE ] removing player 1 token from slot 1
[16:58:16.587] [SEVERE ] removing player 1 token from slot 5
[16:58:16.587] [SEVERE ] removing player 1 token from slot 8
[16:58:16.588] [SEVERE ] setting player 1 score to -3
[16:58:16.588] [SEVERE ] player 2 placing token on slot 7
[16:58:16.589] [SEVERE ] player 1 placing token on slot 0
[16:58:16.590] [SEVERE ] player 1 placing token on slot 11
[16:58:16.697] [SEVERE ] updating countdown to 59360
[16:58:16.697] [SEVERE ] removing player 2 token from slot 6
[16:58:16.698] [SEVERE ] removing player 2 token from slot 7
[16:58:16.699] [SEVERE ] removing player 2 token from slot 8
[16:58:16.699] [SEVERE ] setting player 2 score to -3
[16:58:16.699] [SEVERE ] player 2 placing token on slot 4
[16:58:16.700] [SEVERE ] player 2 placing token on slot 0
[16:58:16.713] [SEVERE ] player 1 placing token on slot 9
[16:58:16.800] [SEVERE ] updating countdown to 59257
[16:58:16.801] [SEVERE ] removing player 1 token from slot 0
[16:58:16.802] [SEVERE ] player 2 placing token on slot 3
[16:58:16.803] [SEVERE ] removing player 1 token from slot 9
[16:58:16.803] [SEVERE ] removing player 1 token from slot 11
[16:58:16.804] [SEVERE ] setting player 1 score to -4
[16:58:16.869] [SEVERE ] player 1 placing token on slot 6
[16:58:16.869] [SEVERE ] player 1 placing token on slot 2
[16:58:16.906] [SEVERE ] updating countdown to 59151
[16:58:16.906] [SEVERE ] removing player 2 token from slot 0
[16:58:16.907] [SEVERE ] removing player 2 token from slot 3
[16:58:16.907] [SEVERE ] removing player 2 token from slot 4
[16:58:16.908] [SEVERE ] setting player 2 score to -4
[16:58:16.932] [SEVERE ] player 1 placing token on slot 4
[16:58:16.959] [SEVERE ] player 2 placing token on slot 7
[16:58:16.959] [SEVERE ] player 2 placing token on slot 3
[16:58:17.008] [SEVERE ] updating countdown to 59049
[16:58:17.008] [SEVERE ] removing player 1 token from slot 2
[16:58:17.009] [SEVERE ] removing player 1 token from slot 4
[16:58:17.010] [SEVERE ] removing player 1 token from slot 6
[16:58:17.011] [SEVERE ] setting player 1 score to -5
[16:58:17.011] [SEVERE ] player 1 placing token on slot 7
[16:58:17.011] [SEVERE ] removing player 2 token from slot 3
[16:58:17.012] [SEVERE ] player 1 placing token on slot 1
[16:58:17.012] [SEVERE ] player 2 placing token on slot 6
[16:58:17.112] [SEVERE ] updating countdown to 58945
[16:58:17.113] [SEVERE ] player 1 placing token on slot 0
[16:58:17.124] [SEVERE ] player 2 placing token on slot 1
[16:58:17.214] [SEVERE ] updating countdown to 58843
[16:58:17.214] [SEVERE ] removing player 1 token from slot 0
[16:58:17.215] [SEVERE ] removing player 1 token from slot 1
[16:58:17.215] [SEVERE ] removing player 1 token from slot 7
[16:58:17.216] [SEVERE ] setting player 1 score to -6
[16:58:17.216] [SEVERE ] player 1 placing token on slot 8
[16:58:17.217] [SEVERE ] player 1 placing token on slot 4
[16:58:17.318] [SEVERE ] updating countdown to 58739
[16:58:17.319] [SEVERE ] removing player 2 token from slot 1
[16:58:17.319] [SEVERE ] removing player 2 token from slot 6
[16:58:17.320] [SEVERE ] removing player 2 token from slot 7
[16:58:17.320] [SEVERE ] setting player 2 score to -5
[16:58:17.322] [SEVERE ] removing player 1 token from slot 8
[16:58:17.322] [SEVERE ] player 2 placing token on slot 10
[16:58:17.322] [SEVERE ] player 1 placing token on slot 1
[16:58:17.323] [SEVERE ] player 2 placing token on slot 7
[16:58:17.432] [SEVERE ] updating countdown to 58625
[16:58:17.437] [SEVERE ] player 1 placing token on slot 8
[16:58:17.448] [SEVERE ] player 2 placing token on slot 1
[16:58:17.544] [SEVERE ] updating countdown to 58513
[16:58:17.544] [SEVERE ] removing player 1 token from slot 1
[16:58:17.544] [SEVERE ] removing player 1 token from slot 4
[16:58:17.544] [SEVERE ] removing player 1 token from slot 8
[16:58:17.544] [SEVERE ] setting player 1 score to -7
[16:58:17.601] [SEVERE ] player 1 placing token on slot 0
[16:58:17.601] [SEVERE ] player 1 placing token on slot 8
[16:58:17.647] [SEVERE ] updating countdown to 58410
[16:58:17.647] [SEVERE ] removing player 2 token from slot 1
[16:58:17.648] [SEVERE ] removing player 2 token from slot 7
[16:58:17.649] [SEVERE ] removing player 2 token from slot 10
[16:58:17.649] [SEVERE ] setting player 2 score to -6
[16:58:17.663] [SEVERE ] removing player 1 token from slot 0
[16:58:17.663] [SEVERE ] player 1 placing token on slot 11
[16:58:17.700] [SEVERE ] player 2 placing token on slot 3
[16:58:17.700] [SEVERE ] player 2 placing token on slot 7
[16:58:17.750] [SEVERE ] updating countdown to 58307
[16:58:17.753] [SEVERE ] player 2 placing token on slot 6
[16:58:17.776] [SEVERE ] player 1 placing token on slot 9
[16:58:17.859] [SEVERE ] updating countdown to 58198
[16:58:17.859] [SEVERE ] removing player 2 token from slot 3
[16:58:17.859] [SEVERE ] removing player 2 token from slot 6
[16:58:17.859] [SEVERE ] removing player 2 token from slot 7
[16:58:17.859] [SEVERE ] setting player 2 score to -7
[16:58:17.859] [SEVERE ] player 2 placing token on slot 9
[16:58:17.859] [SEVERE ] player 2 placing token on slot 3
[16:58:17.967] [SEVERE ] updating countdown to 58090
[16:58:17.967] [SEVERE ] removing player 1 token from slot 8
[16:58:17.968] [SEVERE ] removing player 1 token from slot 9
[16:58:17.969] [SEVERE ] removing player 1 token from slot 11
[16:58:17.969] [SEVERE ] setting player 1 score to -8
[16:58:17.973] [SEVERE ] player 2 placing token on slot 6
[16:58:18.021] [SEVERE ] player 1 placing token on slot 3
[16:58:18.022] [SEVERE ] player 1 placing token on slot 10
[16:58:18.071] [SEVERE ] updating countdown to 57986
[16:58:18.072] [SEVERE ] removing player 2 token from slot 3
[16:58:18.072] [SEVERE ] removing player 2 token from slot 6
[16:58:18.072] [SEVERE ] removing player 2 token from slot 9
[16:58:18.073] [SEVERE ] setting player 2 score to -8
[16:58:18.075] [SEVERE ] player 1 placing token on slot 1
[16:58:18.124] [SEVERE ] player 2 placing token on slot 0
[16:58:18.124] [SEVERE ] player 2 placing token on slot 10
[16:58:18.174] [SEVERE ] updating countdown to 57883
[16:58:18.174] [SEVERE ] removing all tokens
[16:58:18.176] [SEVERE ] player 2 placing token on slot 9
[16:58:18.276] [SEVERE ] removing card from slot 1
[16:58:18.277] [SEVERE ] removing all tokens
[16:58:18.379] [SEVERE ] removing card from slot 3
[16:58:18.379] [SEVERE ] removing all tokens
[16:58:18.481] [SEVERE ] removing card from slot 10
[16:58:18.582] [SEVERE ] placing card 16 in slot 1
[16:58:18.683] [SEVERE ] placing card 5 in slot 3
[16:58:18.784] [SEVERE ] placing card 30 in slot 10
[16:58:18.784] [SEVERE ] setting player 1 score to -7
[16:58:18.785] [SEVERE ] player 1 placing token on slot 4
[16:58:18.785] [SEVERE ] player 1 placing token on slot 7
[16:58:18.886] [SEVERE ] updating countdown to 57171
[16:58:18.886] [SEVERE ] removing all tokens
[16:58:18.898] [SEVERE ] player 1 placing token on slot 1
[16:58:18.988] [SEVERE ] removing card from slot 0
[16:58:18.988] [SEVERE ] removing all tokens
[16:58:19.090] [SEVERE ] removing card from slot 9
[16:58:19.093] [INFO   ] thread dealer terminated.
[16:58:24.097] [SEVERE ] disposing of user interface elements
[16:58:24.109] [SEVERE ] thanks for playing... it was fun!
[16:58:24.109] [INFO   ] thread main terminated.
