[17:05:11.055] [INFO   ] thread main starting.
[17:05:11.069] [SEVERE ] cannot read configuration file config.properties trying from resources.
[17:05:11.069] [SEVERE ] configuration file was loaded from resources directory.
[17:05:11.631] [INFO   ] thread dealer starting.
[17:05:11.634] [SEVERE ] player 1 placing token on slot 3
[17:05:11.694] [SEVERE ] player 2 placing token on slot 1
[17:05:11.694] [SEVERE ] player 2 placing token on slot 0
[17:05:11.698] [SEVERE ] player 1 placing token on slot 7
[17:05:11.742] [SEVERE ] placing card 26 in slot 0
[17:05:11.795] [SEVERE ] removing player 2 token from slot 0
[17:05:11.799] [SEVERE ] player 1 placing token on slot 11
[17:05:11.805] [SEVERE ] player 2 placing token on slot 9
[17:05:11.843] [SEVERE ] placing card 47 in slot 1
[17:05:11.846] [SEVERE ] player 2 placing token on slot 4
[17:05:11.944] [SEVERE ] placing card 60 in slot 2
[17:05:12.050] [SEVERE ] placing card 4 in slot 3
[17:05:12.161] [SEVERE ] placing card 69 in slot 4
[17:05:12.275] [SEVERE ] placing card 63 in slot 5
[17:05:12.380] [SEVERE ] placing card 15 in slot 6
[17:05:12.487] [SEVERE ] placing card 50 in slot 7
[17:05:12.590] [SEVERE ] placing card 66 in slot 8
[17:05:12.703] [SEVERE ] placing card 12 in slot 9
[17:05:12.817] [SEVERE ] placing card 13 in slot 10
[17:05:12.928] [SEVERE ] placing card 42 in slot 11
[17:05:12.931] [SEVERE ] updating countdown to 60000
[17:05:13.043] [SEVERE ] updating countdown to 59885
[17:05:13.043] [SEVERE ] removing player 1 token from slot 3
[17:05:13.043] [SEVERE ] removing player 1 token from slot 7
[17:05:13.043] [SEVERE ] removing player 1 token from slot 11
[17:05:13.043] [SEVERE ] setting player 1 score to -1
[17:05:13.043] [SEVERE ] player 1 placing token on slot 4
[17:05:13.043] [SEVERE ] player 1 placing token on slot 3
[17:05:13.151] [SEVERE ] updating countdown to 59777
[17:05:13.151] [SEVERE ] removing player 2 token from slot 1
[17:05:13.152] [SEVERE ] removing player 2 token from slot 4
[17:05:13.152] [SEVERE ] removing player 2 token from slot 9
[17:05:13.153] [SEVERE ] setting player 2 score to -1
[17:05:13.155] [SEVERE ] removing player 1 token from slot 4
[17:05:13.155] [SEVERE ] player 1 placing token on slot 7
[17:05:13.204] [SEVERE ] player 2 placing token on slot 10
[17:05:13.254] [SEVERE ] updating countdown to 59674
[17:05:13.256] [SEVERE ] player 2 placing token on slot 11
[17:05:13.256] [SEVERE ] player 2 placing token on slot 5
[17:05:13.265] [SEVERE ] player 1 placing token on slot 9
[17:05:13.365] [SEVERE ] updating countdown to 59563
[17:05:13.365] [SEVERE ] removing player 2 token from slot 5
[17:05:13.365] [SEVERE ] removing player 2 token from slot 10
[17:05:13.365] [SEVERE ] removing player 2 token from slot 11
[17:05:13.365] [SEVERE ] setting player 2 score to -2
[17:05:13.365] [SEVERE ] player 2 placing token on slot 5
[17:05:13.474] [SEVERE ] updating countdown to 59454
[17:05:13.475] [SEVERE ] removing player 1 token from slot 3
[17:05:13.475] [SEVERE ] removing player 1 token from slot 7
[17:05:13.476] [SEVERE ] removing player 1 token from slot 9
[17:05:13.477] [SEVERE ] setting player 1 score to -2
[17:05:13.478] [SEVERE ] player 2 placing token on slot 7
[17:05:13.478] [SEVERE ] player 2 placing token on slot 2
[17:05:13.529] [SEVERE ] player 1 placing token on slot 9
[17:05:13.529] [SEVERE ] player 1 placing token on slot 10
[17:05:13.577] [SEVERE ] updating countdown to 59351
[17:05:13.577] [SEVERE ] removing player 2 token from slot 2
[17:05:13.577] [SEVERE ] removing player 2 token from slot 5
[17:05:13.578] [SEVERE ] removing player 2 token from slot 7
[17:05:13.578] [SEVERE ] setting player 2 score to -3
[17:05:13.581] [SEVERE ] removing player 1 token from slot 9
[17:05:13.581] [SEVERE ] player 1 placing token on slot 9
[17:05:13.631] [SEVERE ] player 2 placing token on slot 0
[17:05:13.680] [SEVERE ] updating countdown to 59248
[17:05:13.683] [SEVERE ] player 2 placing token on slot 11
[17:05:13.683] [SEVERE ] player 2 placing token on slot 9
[17:05:13.696] [SEVERE ] player 1 placing token on slot 5
[17:05:13.795] [SEVERE ] updating countdown to 59133
[17:05:13.795] [SEVERE ] removing player 2 token from slot 0
[17:05:13.795] [SEVERE ] removing player 2 token from slot 9
[17:05:13.796] [SEVERE ] removing player 2 token from slot 11
[17:05:13.796] [SEVERE ] setting player 2 score to -4
[17:05:13.859] [SEVERE ] player 2 placing token on slot 4
[17:05:13.907] [SEVERE ] updating countdown to 59021
[17:05:13.907] [SEVERE ] removing player 1 token from slot 5
[17:05:13.907] [SEVERE ] removing player 1 token from slot 9
[17:05:13.908] [SEVERE ] removing player 1 token from slot 10
[17:05:13.908] [SEVERE ] setting player 1 score to -3
[17:05:13.908] [SEVERE ] player 1 placing token on slot 10
[17:05:13.908] [SEVERE ] player 1 placing token on slot 11
[17:05:13.912] [SEVERE ] player 2 placing token on slot 8
[17:05:13.912] [SEVERE ] removing player 2 token from slot 8
[17:05:14.009] [SEVERE ] updating countdown to 58919
[17:05:14.010] [SEVERE ] player 1 placing token on slot 1
[17:05:14.012] [SEVERE ] player 2 placing token on slot 0
[17:05:14.012] [SEVERE ] player 2 placing token on slot 10
[17:05:14.110] [SEVERE ] updating countdown to 58818
[17:05:14.110] [SEVERE ] removing player 1 token from slot 1
[17:05:14.110] [SEVERE ] removing player 1 token from slot 10
[17:05:14.110] [SEVERE ] removing player 1 token from slot 11
[17:05:14.110] [SEVERE ] setting player 1 score to -4
[17:05:14.173] [SEVERE ] player 1 placing token on slot 11
[17:05:14.173] [SEVERE ] player 1 placing token on slot 10
[17:05:14.220] [SEVERE ] updating countdown to 58708
[17:05:14.220] [SEVERE ] removing player 2 token from slot 0
[17:05:14.220] [SEVERE ] removing player 2 token from slot 4
[17:05:14.220] [SEVERE ] removing player 2 token from slot 10
[17:05:14.221] [SEVERE ] setting player 2 score to -5
[17:05:14.235] [SEVERE ] player 1 placing token on slot 9
[17:05:14.273] [SEVERE ] player 2 placing token on slot 5
[17:05:14.273] [SEVERE ] player 2 placing token on slot 11
[17:05:14.323] [SEVERE ] updating countdown to 58605
[17:05:14.323] [SEVERE ] removing player 1 token from slot 9
[17:05:14.324] [SEVERE ] removing player 1 token from slot 10
[17:05:14.325] [SEVERE ] removing player 1 token from slot 11
[17:05:14.325] [SEVERE ] setting player 1 score to -5
[17:05:14.373] [SEVERE ] player 2 placing token on slot 4
[17:05:14.377] [SEVERE ] player 1 placing token on slot 10
[17:05:14.377] [SEVERE ] removing player 1 token from slot 10
[17:05:14.426] [SEVERE ] updating countdown to 58502
[17:05:14.429] [SEVERE ] player 1 placing token on slot 8
[17:05:14.429] [SEVERE ] player 1 placing token on slot 7
[17:05:14.527] [SEVERE ] updating countdown to 58401
[17:05:14.527] [SEVERE ] removing player 2 token from slot 4
[17:05:14.528] [SEVERE ] removing player 2 token from slot 5
[17:05:14.528] [SEVERE ] removing player 2 token from slot 11
[17:05:14.529] [SEVERE ] setting player 2 score to -6
[17:05:14.531] [SEVERE ] player 1 placing token on slot 3
[17:05:14.581] [SEVERE ] player 2 placing token on slot 3
[17:05:14.581] [SEVERE ] player 2 placing token on slot 7
[17:05:14.631] [SEVERE ] updating countdown to 58297
[17:05:14.631] [SEVERE ] removing all tokens
[17:05:14.633] [SEVERE ] player 2 placing token on slot 11
[17:05:14.633] [SEVERE ] player 2 placing token on slot 1
[17:05:14.732] [SEVERE ] removing card from slot 3
[17:05:14.733] [SEVERE ] removing all tokens
[17:05:14.834] [SEVERE ] removing card from slot 7
[17:05:14.834] [SEVERE ] removing all tokens
[17:05:14.937] [SEVERE ] removing card from slot 8
[17:05:15.039] [SEVERE ] placing card 37 in slot 3
[17:05:15.141] [SEVERE ] placing card 34 in slot 7
[17:05:15.242] [SEVERE ] placing card 29 in slot 8
[17:05:15.242] [SEVERE ] setting player 1 score to -4
[17:06:19.696] [SEVERE ] player 1 placing token on slot 8
[17:06:43.001] [SEVERE ] player 1 placing token on slot 3
[17:07:16.703] [SEVERE ] player 1 placing token on slot 5
[17:07:44.427] [SEVERE ] removing all tokens
[17:07:47.300] [SEVERE ] placing card 17 in slot 0
[17:07:47.416] [SEVERE ] placing card 58 in slot 1
[17:07:47.519] [SEVERE ] placing card 49 in slot 2
[17:07:47.629] [SEVERE ] placing card 48 in slot 3
[17:07:47.740] [SEVERE ] placing card 9 in slot 4
[17:07:47.850] [SEVERE ] placing card 21 in slot 5
[17:07:47.960] [SEVERE ] placing card 46 in slot 6
[17:07:48.073] [SEVERE ] placing card 51 in slot 7
[17:07:48.183] [SEVERE ] placing card 10 in slot 8
[17:07:48.294] [SEVERE ] placing card 5 in slot 9
[17:07:48.404] [SEVERE ] placing card 79 in slot 10
[17:07:48.514] [SEVERE ] placing card 38 in slot 11
[17:08:19.534] [SEVERE ] updating countdown to 60000
[17:08:19.643] [SEVERE ] updating countdown to 59891
[17:17:55.220] [INFO   ] thread dealer terminated.
[17:18:00.233] [SEVERE ] disposing of user interface elements
[17:18:00.248] [SEVERE ] thanks for playing... it was fun!
[17:18:00.249] [INFO   ] thread main terminated.
