[00:30:54.850] [INFO   ] thread main starting.
[00:30:54.866] [SEVERE ] cannot read configuration file config.properties trying from resources.
[00:30:54.866] [SEVERE ] configuration file was loaded from resources directory.
[00:30:55.499] [INFO   ] thread dealer starting.
[00:30:55.623] [SEVERE ] placing card 33 in slot 0
[00:30:55.751] [SEVERE ] placing card 23 in slot 1
[00:30:55.860] [SEVERE ] placing card 79 in slot 2
[00:30:55.971] [SEVERE ] placing card 80 in slot 3
[00:30:56.074] [SEVERE ] placing card 35 in slot 4
[00:30:56.180] [SEVERE ] placing card 18 in slot 5
[00:30:56.291] [SEVERE ] placing card 20 in slot 6
[00:30:56.433] [SEVERE ] placing card 43 in slot 7
[00:30:56.544] [SEVERE ] placing card 23 in slot 8
[00:30:56.655] [SEVERE ] placing card 15 in slot 9
[00:30:56.768] [SEVERE ] placing card 63 in slot 10
[00:30:56.881] [SEVERE ] placing card 54 in slot 11
[00:30:56.881] [SEVERE ] updating countdown to 60000
[00:30:56.991] [SEVERE ] updating countdown to 59890
[00:30:57.107] [SEVERE ] updating countdown to 59774
[00:30:57.221] [SEVERE ] updating countdown to 59660
[00:30:57.332] [SEVERE ] updating countdown to 59549
[00:30:57.444] [SEVERE ] updating countdown to 59437
[00:30:57.553] [SEVERE ] updating countdown to 59328
[00:30:57.655] [SEVERE ] updating countdown to 59226
[00:30:57.765] [SEVERE ] updating countdown to 59116
[00:30:57.875] [SEVERE ] updating countdown to 59006
[00:30:57.985] [SEVERE ] updating countdown to 58896
[00:30:58.098] [SEVERE ] updating countdown to 58783
[00:30:58.212] [SEVERE ] updating countdown to 58669
[00:30:58.324] [SEVERE ] updating countdown to 58557
[00:30:58.434] [SEVERE ] updating countdown to 58447
[00:30:58.545] [SEVERE ] updating countdown to 58336
[00:30:58.655] [SEVERE ] updating countdown to 58226
[00:30:58.766] [SEVERE ] updating countdown to 58115
[00:30:58.876] [SEVERE ] updating countdown to 58005
[00:30:58.987] [SEVERE ] updating countdown to 57894
[00:30:59.100] [SEVERE ] updating countdown to 57781
[00:30:59.211] [SEVERE ] updating countdown to 57670
[00:30:59.321] [SEVERE ] updating countdown to 57560
[00:30:59.433] [SEVERE ] updating countdown to 57448
[00:30:59.543] [SEVERE ] updating countdown to 57338
[00:30:59.655] [SEVERE ] updating countdown to 57226
[00:30:59.768] [SEVERE ] updating countdown to 57113
[00:30:59.879] [SEVERE ] updating countdown to 57002
[00:30:59.989] [SEVERE ] updating countdown to 56892
[00:31:00.102] [SEVERE ] updating countdown to 56779
[00:31:00.212] [SEVERE ] updating countdown to 56669
[00:31:00.322] [SEVERE ] updating countdown to 56559
[00:31:00.427] [SEVERE ] updating countdown to 56454
[00:31:00.538] [SEVERE ] updating countdown to 56343
[00:31:00.649] [SEVERE ] updating countdown to 56232
[00:31:00.759] [SEVERE ] updating countdown to 56122
[00:31:00.869] [SEVERE ] updating countdown to 56012
[00:31:00.980] [SEVERE ] updating countdown to 55901
[00:31:01.091] [SEVERE ] updating countdown to 55790
[00:31:01.201] [SEVERE ] updating countdown to 55680
[00:31:01.312] [SEVERE ] updating countdown to 55569
[00:31:01.423] [SEVERE ] updating countdown to 55458
[00:31:01.531] [SEVERE ] updating countdown to 55350
[00:31:01.641] [SEVERE ] updating countdown to 55240
[00:31:01.752] [SEVERE ] updating countdown to 55129
[00:31:01.864] [SEVERE ] updating countdown to 55017
[00:31:01.975] [SEVERE ] updating countdown to 54906
[00:31:02.086] [SEVERE ] updating countdown to 54795
[00:31:02.196] [SEVERE ] updating countdown to 54685
[00:31:02.306] [SEVERE ] updating countdown to 54575
[00:31:02.417] [SEVERE ] updating countdown to 54464
[00:31:02.527] [SEVERE ] updating countdown to 54354
[00:31:02.637] [SEVERE ] updating countdown to 54244
[00:31:02.747] [SEVERE ] updating countdown to 54134
[00:31:02.858] [SEVERE ] updating countdown to 54023
[00:31:02.969] [SEVERE ] updating countdown to 53912
[00:31:03.078] [SEVERE ] updating countdown to 53803
[00:31:03.189] [SEVERE ] updating countdown to 53692
[00:31:03.300] [SEVERE ] updating countdown to 53581
[00:31:03.410] [SEVERE ] updating countdown to 53471
[00:31:03.520] [SEVERE ] updating countdown to 53361
[00:31:03.632] [SEVERE ] updating countdown to 53249
[00:31:03.745] [SEVERE ] updating countdown to 53136
[00:31:03.855] [SEVERE ] updating countdown to 53026
[00:31:03.965] [SEVERE ] updating countdown to 52916
[00:31:04.075] [SEVERE ] updating countdown to 52806
[00:31:04.187] [SEVERE ] updating countdown to 52694
[00:31:04.296] [SEVERE ] updating countdown to 52585
[00:31:04.408] [SEVERE ] updating countdown to 52473
[00:31:04.518] [SEVERE ] updating countdown to 52363
[00:31:04.630] [SEVERE ] updating countdown to 52251
[00:31:04.744] [SEVERE ] updating countdown to 52137
[00:31:04.854] [SEVERE ] updating countdown to 52027
[00:31:04.964] [SEVERE ] updating countdown to 51917
[00:31:05.077] [SEVERE ] updating countdown to 51804
[00:31:05.188] [SEVERE ] updating countdown to 51693
[00:31:05.299] [SEVERE ] updating countdown to 51582
[00:31:05.409] [SEVERE ] updating countdown to 51472
[00:31:05.519] [SEVERE ] updating countdown to 51362
[00:31:05.629] [SEVERE ] updating countdown to 51252
[00:31:05.741] [SEVERE ] updating countdown to 51140
[00:31:05.853] [SEVERE ] updating countdown to 51028
[00:31:05.963] [SEVERE ] updating countdown to 50918
[00:31:06.076] [SEVERE ] updating countdown to 50805
[00:31:06.188] [SEVERE ] updating countdown to 50693
[00:31:06.299] [SEVERE ] updating countdown to 50582
[00:31:06.409] [SEVERE ] updating countdown to 50472
[00:31:06.519] [SEVERE ] updating countdown to 50362
[00:31:06.630] [SEVERE ] updating countdown to 50251
[00:31:06.744] [SEVERE ] updating countdown to 50137
[00:31:06.854] [SEVERE ] updating countdown to 50027
[00:31:06.965] [SEVERE ] updating countdown to 49916
[00:31:07.075] [SEVERE ] updating countdown to 49806
[00:31:07.185] [SEVERE ] updating countdown to 49696
[00:31:07.300] [SEVERE ] updating countdown to 49581
[00:31:07.410] [SEVERE ] updating countdown to 49471
[00:31:07.521] [SEVERE ] updating countdown to 49360
[00:31:07.631] [SEVERE ] updating countdown to 49250
[00:31:07.744] [SEVERE ] updating countdown to 49137
[00:31:07.855] [SEVERE ] updating countdown to 49026
[00:31:07.965] [SEVERE ] updating countdown to 48916
[00:31:08.076] [SEVERE ] updating countdown to 48805
[00:31:08.187] [SEVERE ] updating countdown to 48694
[00:31:08.297] [SEVERE ] updating countdown to 48584
[00:31:08.407] [SEVERE ] updating countdown to 48474
[00:31:08.517] [SEVERE ] updating countdown to 48364
[00:31:08.627] [SEVERE ] updating countdown to 48254
[00:31:08.737] [SEVERE ] updating countdown to 48144
[00:31:08.848] [SEVERE ] updating countdown to 48033
[00:31:08.958] [SEVERE ] updating countdown to 47923
[00:31:09.072] [SEVERE ] updating countdown to 47809
[00:31:09.183] [SEVERE ] updating countdown to 47698
[00:31:09.294] [SEVERE ] updating countdown to 47587
[00:31:09.405] [SEVERE ] updating countdown to 47476
[00:31:09.519] [SEVERE ] updating countdown to 47362
[00:31:09.632] [SEVERE ] updating countdown to 47249
[00:31:09.742] [SEVERE ] updating countdown to 47139
[00:31:09.853] [SEVERE ] updating countdown to 47028
[00:31:09.963] [SEVERE ] updating countdown to 46918
[00:31:10.079] [SEVERE ] updating countdown to 46802
[00:31:10.188] [SEVERE ] updating countdown to 46693
[00:31:10.298] [SEVERE ] updating countdown to 46583
[00:31:10.408] [SEVERE ] updating countdown to 46473
[00:31:10.518] [SEVERE ] updating countdown to 46363
[00:31:10.629] [SEVERE ] updating countdown to 46252
[00:31:10.740] [SEVERE ] updating countdown to 46141
[00:31:10.850] [SEVERE ] updating countdown to 46031
[00:31:10.960] [SEVERE ] updating countdown to 45921
[00:31:11.069] [SEVERE ] updating countdown to 45812
[00:31:11.186] [SEVERE ] updating countdown to 45695
[00:31:11.296] [SEVERE ] updating countdown to 45585
[00:31:11.406] [SEVERE ] updating countdown to 45475
[00:31:11.516] [SEVERE ] updating countdown to 45365
[00:31:11.625] [SEVERE ] updating countdown to 45256
[00:31:11.738] [SEVERE ] updating countdown to 45143
[00:31:11.846] [SEVERE ] updating countdown to 45035
[00:31:11.958] [SEVERE ] updating countdown to 44923
[00:31:12.079] [SEVERE ] updating countdown to 44802
[00:31:12.191] [SEVERE ] updating countdown to 44690
[00:31:12.304] [SEVERE ] updating countdown to 44577
[00:31:12.415] [SEVERE ] updating countdown to 44466
[00:31:12.528] [SEVERE ] updating countdown to 44353
[00:31:12.638] [SEVERE ] updating countdown to 44243
[00:31:12.748] [SEVERE ] updating countdown to 44133
[00:31:12.859] [SEVERE ] updating countdown to 44022
[00:31:12.971] [SEVERE ] updating countdown to 43910
[00:31:13.082] [SEVERE ] updating countdown to 43799
[00:31:13.196] [SEVERE ] updating countdown to 43685
[00:31:13.306] [SEVERE ] updating countdown to 43575
[00:31:13.417] [SEVERE ] updating countdown to 43464
[00:31:13.527] [SEVERE ] updating countdown to 43354
[00:31:13.637] [SEVERE ] updating countdown to 43244
[00:31:13.748] [SEVERE ] updating countdown to 43133
[00:31:13.858] [SEVERE ] updating countdown to 43023
[00:31:13.969] [SEVERE ] updating countdown to 42912
[00:31:14.079] [SEVERE ] updating countdown to 42802
[00:31:14.191] [SEVERE ] updating countdown to 42690
[00:31:14.303] [SEVERE ] updating countdown to 42578
[00:31:14.415] [SEVERE ] updating countdown to 42466
[00:31:14.528] [SEVERE ] updating countdown to 42353
[00:31:14.638] [SEVERE ] updating countdown to 42243
[00:31:14.747] [SEVERE ] updating countdown to 42134
[00:31:14.858] [SEVERE ] updating countdown to 42023
[00:31:14.977] [SEVERE ] updating countdown to 41904
[00:31:15.087] [SEVERE ] updating countdown to 41794
[00:31:15.193] [SEVERE ] updating countdown to 41688
[00:31:15.306] [SEVERE ] updating countdown to 41575
[00:31:15.415] [SEVERE ] updating countdown to 41466
[00:31:15.525] [SEVERE ] updating countdown to 41356
[00:31:15.634] [SEVERE ] updating countdown to 41247
[00:31:15.745] [SEVERE ] updating countdown to 41136
[00:31:15.856] [SEVERE ] updating countdown to 41025
[00:31:15.963] [SEVERE ] updating countdown to 40918
[00:31:16.074] [SEVERE ] updating countdown to 40807
[00:31:16.191] [SEVERE ] updating countdown to 40690
[00:31:16.295] [SEVERE ] updating countdown to 40586
[00:31:16.406] [SEVERE ] updating countdown to 40475
[00:31:16.516] [SEVERE ] updating countdown to 40365
[00:31:16.627] [SEVERE ] updating countdown to 40254
[00:31:16.738] [SEVERE ] updating countdown to 40143
[00:31:16.849] [SEVERE ] updating countdown to 40032
[00:31:16.959] [SEVERE ] updating countdown to 39922
[00:31:17.070] [SEVERE ] updating countdown to 39811
[00:31:17.181] [SEVERE ] updating countdown to 39700
[00:31:17.293] [SEVERE ] updating countdown to 39588
[00:31:17.404] [SEVERE ] updating countdown to 39477
[00:31:17.505] [SEVERE ] updating countdown to 39376
[00:31:17.615] [SEVERE ] updating countdown to 39266
[00:31:17.733] [SEVERE ] updating countdown to 39148
[00:31:17.845] [SEVERE ] updating countdown to 39036
[00:31:17.952] [SEVERE ] updating countdown to 38929
[00:31:18.057] [SEVERE ] updating countdown to 38824
[00:31:18.161] [SEVERE ] updating countdown to 38720
[00:31:18.271] [SEVERE ] updating countdown to 38610
[00:31:18.387] [SEVERE ] updating countdown to 38494
[00:31:18.497] [SEVERE ] updating countdown to 38384
[00:31:18.602] [SEVERE ] updating countdown to 38279
[00:31:18.712] [SEVERE ] updating countdown to 38169
[00:31:18.840] [SEVERE ] updating countdown to 38041
[00:31:18.949] [SEVERE ] updating countdown to 37933
[00:31:19.051] [SEVERE ] updating countdown to 37830
[00:31:19.165] [SEVERE ] updating countdown to 37716
[00:31:19.277] [SEVERE ] updating countdown to 37604
[00:31:19.391] [SEVERE ] updating countdown to 37490
[00:31:19.503] [SEVERE ] updating countdown to 37378
[00:31:19.616] [SEVERE ] updating countdown to 37265
[00:31:19.726] [SEVERE ] updating countdown to 37155
[00:31:19.836] [SEVERE ] updating countdown to 37045
[00:31:19.884] [SEVERE ] key 88 was pressed by player 1
[00:31:19.884] [SEVERE ] player 1 placing token on slot 9
[00:31:19.948] [SEVERE ] updating countdown to 36933
[00:31:20.058] [SEVERE ] updating countdown to 36823
[00:31:20.170] [SEVERE ] updating countdown to 36711
[00:31:20.280] [SEVERE ] updating countdown to 36601
[00:31:20.389] [SEVERE ] updating countdown to 36492
[00:31:20.500] [SEVERE ] updating countdown to 36381
[00:31:20.611] [SEVERE ] updating countdown to 36270
[00:31:20.720] [SEVERE ] updating countdown to 36161
[00:31:20.831] [SEVERE ] updating countdown to 36050
[00:31:20.940] [SEVERE ] updating countdown to 35941
[00:31:21.051] [SEVERE ] updating countdown to 35830
[00:31:21.163] [SEVERE ] updating countdown to 35718
[00:31:21.272] [SEVERE ] updating countdown to 35609
[00:31:21.382] [SEVERE ] updating countdown to 35499
[00:31:21.461] [SEVERE ] key 65 was pressed by player 1
[00:31:21.461] [SEVERE ] player 1 placing token on slot 4
[00:31:21.493] [SEVERE ] updating countdown to 35388
[00:31:21.603] [SEVERE ] updating countdown to 35278
[00:31:21.713] [SEVERE ] updating countdown to 35168
[00:31:21.823] [SEVERE ] updating countdown to 35058
[00:31:21.934] [SEVERE ] updating countdown to 34947
[00:31:22.045] [SEVERE ] updating countdown to 34836
[00:31:22.155] [SEVERE ] updating countdown to 34726
[00:31:22.265] [SEVERE ] updating countdown to 34616
[00:31:22.376] [SEVERE ] updating countdown to 34505
[00:31:22.487] [SEVERE ] updating countdown to 34394
[00:31:22.597] [SEVERE ] updating countdown to 34284
[00:31:22.707] [SEVERE ] updating countdown to 34174
[00:31:22.817] [SEVERE ] updating countdown to 34064
[00:31:22.929] [SEVERE ] updating countdown to 33952
[00:31:23.038] [SEVERE ] updating countdown to 33843
[00:31:23.148] [SEVERE ] updating countdown to 33733
[00:31:23.258] [SEVERE ] updating countdown to 33623
[00:31:23.368] [SEVERE ] updating countdown to 33513
[00:31:23.479] [SEVERE ] updating countdown to 33402
[00:31:23.589] [SEVERE ] updating countdown to 33292
[00:31:23.604] [SEVERE ] key 69 was pressed by player 1
[00:31:23.604] [SEVERE ] player 1 placing token on slot 2
[00:31:23.698] [SEVERE ] updating countdown to 33183
[00:31:23.698] [SEVERE ] removing all tokens
[00:31:23.802] [SEVERE ] removing card from slot 2
[00:31:23.802] [SEVERE ] removing all tokens
[00:31:23.912] [SEVERE ] removing card from slot 4
[00:31:23.913] [SEVERE ] removing all tokens
[00:31:24.023] [SEVERE ] removing card from slot 9
[00:31:24.132] [SEVERE ] placing card 10 in slot 2
[00:31:24.243] [SEVERE ] placing card 12 in slot 4
[00:31:24.350] [SEVERE ] placing card 35 in slot 9
[00:31:24.350] [SEVERE ] setting player 1 score to 1
[00:31:24.462] [SEVERE ] updating countdown to 32419
[00:31:24.572] [SEVERE ] updating countdown to 32309
[00:31:24.683] [SEVERE ] updating countdown to 32198
[00:31:24.795] [SEVERE ] updating countdown to 32086
[00:31:24.904] [SEVERE ] updating countdown to 31977
[00:31:25.016] [SEVERE ] updating countdown to 31865
[00:31:25.126] [SEVERE ] updating countdown to 31755
[00:31:25.237] [SEVERE ] updating countdown to 31644
[00:31:25.347] [SEVERE ] updating countdown to 31534
[00:31:25.458] [SEVERE ] updating countdown to 31423
[00:31:25.568] [SEVERE ] updating countdown to 31313
[00:31:25.678] [SEVERE ] updating countdown to 31203
[00:31:25.790] [SEVERE ] updating countdown to 31091
[00:31:25.901] [SEVERE ] updating countdown to 30980
[00:31:26.012] [SEVERE ] updating countdown to 30869
[00:31:26.122] [SEVERE ] updating countdown to 30759
[00:31:26.232] [SEVERE ] updating countdown to 30649
[00:31:26.342] [SEVERE ] updating countdown to 30539
[00:31:26.452] [SEVERE ] updating countdown to 30429
[00:31:26.563] [SEVERE ] updating countdown to 30318
[00:31:26.673] [SEVERE ] updating countdown to 30208
[00:31:26.783] [SEVERE ] updating countdown to 30098
[00:31:26.894] [SEVERE ] updating countdown to 29987
[00:31:27.007] [SEVERE ] updating countdown to 29874
[00:31:27.117] [SEVERE ] updating countdown to 29764
[00:31:27.224] [SEVERE ] updating countdown to 29657
[00:31:27.337] [SEVERE ] updating countdown to 29544
[00:31:27.444] [SEVERE ] updating countdown to 29437
[00:31:27.553] [SEVERE ] updating countdown to 29328
[00:31:27.664] [SEVERE ] updating countdown to 29217
[00:31:27.769] [SEVERE ] updating countdown to 29112
[00:31:27.879] [SEVERE ] updating countdown to 29002
[00:31:27.989] [SEVERE ] updating countdown to 28892
[00:31:28.090] [SEVERE ] updating countdown to 28791
[00:31:28.200] [SEVERE ] updating countdown to 28681
[00:31:28.310] [SEVERE ] updating countdown to 28571
[00:31:28.421] [SEVERE ] updating countdown to 28460
[00:31:28.531] [SEVERE ] updating countdown to 28350
[00:31:28.642] [SEVERE ] updating countdown to 28239
[00:31:28.752] [SEVERE ] updating countdown to 28129
[00:31:28.855] [SEVERE ] updating countdown to 28026
[00:31:28.967] [SEVERE ] updating countdown to 27914
[00:31:29.078] [SEVERE ] updating countdown to 27803
[00:31:29.188] [SEVERE ] updating countdown to 27693
[00:31:29.289] [SEVERE ] updating countdown to 27592
[00:31:29.404] [SEVERE ] updating countdown to 27477
[00:31:29.514] [SEVERE ] updating countdown to 27367
[00:31:29.613] [SEVERE ] key 65 was pressed by player 1
[00:31:29.613] [SEVERE ] player 1 placing token on slot 4
[00:31:29.629] [SEVERE ] updating countdown to 27252
[00:31:29.738] [SEVERE ] updating countdown to 27143
[00:31:29.851] [SEVERE ] updating countdown to 27030
[00:31:29.959] [SEVERE ] updating countdown to 26922
[00:31:30.072] [SEVERE ] updating countdown to 26809
[00:31:30.176] [SEVERE ] updating countdown to 26705
[00:31:30.208] [SEVERE ] key 69 was pressed by player 1
[00:31:30.208] [SEVERE ] player 1 placing token on slot 2
[00:31:30.280] [SEVERE ] updating countdown to 26601
[00:31:30.404] [SEVERE ] updating countdown to 26477
[00:31:30.513] [SEVERE ] updating countdown to 26368
[00:31:30.624] [SEVERE ] updating countdown to 26257
[00:31:30.738] [SEVERE ] updating countdown to 26143
[00:31:30.848] [SEVERE ] updating countdown to 26033
[00:31:30.950] [SEVERE ] updating countdown to 25931
[00:31:31.060] [SEVERE ] updating countdown to 25821
[00:31:31.162] [SEVERE ] updating countdown to 25719
[00:31:31.273] [SEVERE ] updating countdown to 25608
[00:31:31.384] [SEVERE ] updating countdown to 25497
[00:31:31.494] [SEVERE ] updating countdown to 25387
[00:31:31.605] [SEVERE ] updating countdown to 25276
[00:31:31.715] [SEVERE ] updating countdown to 25166
[00:31:31.825] [SEVERE ] updating countdown to 25056
[00:31:31.935] [SEVERE ] updating countdown to 24946
[00:31:32.045] [SEVERE ] updating countdown to 24836
[00:31:32.155] [SEVERE ] updating countdown to 24726
[00:31:32.258] [SEVERE ] updating countdown to 24623
[00:31:32.323] [SEVERE ] key 69 was pressed by player 1
[00:31:32.323] [SEVERE ] removing player 1 token from slot 2
[00:31:32.371] [SEVERE ] updating countdown to 24510
[00:31:32.480] [SEVERE ] updating countdown to 24401
[00:31:32.591] [SEVERE ] updating countdown to 24290
[00:31:32.702] [SEVERE ] updating countdown to 24179
[00:31:32.707] [SEVERE ] key 65 was pressed by player 1
[00:31:32.707] [SEVERE ] removing player 1 token from slot 4
[00:31:32.817] [SEVERE ] updating countdown to 24064
[00:31:32.928] [SEVERE ] updating countdown to 23953
[00:31:33.035] [SEVERE ] updating countdown to 23846
[00:31:33.145] [SEVERE ] updating countdown to 23736
[00:31:33.247] [SEVERE ] updating countdown to 23634
[00:31:33.356] [SEVERE ] updating countdown to 23525
[00:31:33.463] [SEVERE ] updating countdown to 23418
[00:31:33.573] [SEVERE ] updating countdown to 23308
[00:31:33.683] [SEVERE ] updating countdown to 23198
[00:31:33.793] [SEVERE ] updating countdown to 23088
[00:31:33.904] [SEVERE ] updating countdown to 22977
[00:31:34.017] [SEVERE ] updating countdown to 22864
[00:31:34.128] [SEVERE ] updating countdown to 22753
[00:31:34.237] [SEVERE ] updating countdown to 22644
[00:31:34.347] [SEVERE ] updating countdown to 22534
[00:31:34.457] [SEVERE ] updating countdown to 22424
[00:31:34.567] [SEVERE ] updating countdown to 22314
[00:31:34.678] [SEVERE ] updating countdown to 22203
[00:31:34.788] [SEVERE ] updating countdown to 22093
[00:31:34.898] [SEVERE ] updating countdown to 21983
[00:31:35.010] [SEVERE ] updating countdown to 21871
[00:31:35.119] [SEVERE ] updating countdown to 21762
[00:31:35.222] [SEVERE ] updating countdown to 21659
[00:31:35.332] [SEVERE ] updating countdown to 21549
[00:31:35.442] [SEVERE ] updating countdown to 21439
[00:31:35.552] [SEVERE ] updating countdown to 21329
[00:31:35.663] [SEVERE ] updating countdown to 21218
[00:31:35.773] [SEVERE ] updating countdown to 21108
[00:31:35.884] [SEVERE ] updating countdown to 20997
[00:31:35.998] [SEVERE ] updating countdown to 20883
[00:31:36.108] [SEVERE ] updating countdown to 20773
[00:31:36.219] [SEVERE ] updating countdown to 20662
[00:31:36.326] [SEVERE ] updating countdown to 20555
[00:31:36.436] [SEVERE ] updating countdown to 20445
[00:31:36.546] [SEVERE ] updating countdown to 20335
[00:31:36.656] [SEVERE ] updating countdown to 20225
[00:31:36.767] [SEVERE ] updating countdown to 20114
[00:31:36.878] [SEVERE ] updating countdown to 20003
[00:31:36.988] [SEVERE ] updating countdown to 19893
[00:31:37.099] [SEVERE ] updating countdown to 19782
[00:31:37.204] [SEVERE ] updating countdown to 19677
[00:31:37.314] [SEVERE ] updating countdown to 19567
[00:31:37.425] [SEVERE ] updating countdown to 19456
[00:31:37.535] [SEVERE ] updating countdown to 19346
[00:31:37.646] [SEVERE ] updating countdown to 19235
[00:31:37.757] [SEVERE ] updating countdown to 19124
[00:31:37.868] [SEVERE ] updating countdown to 19014
[00:31:37.979] [SEVERE ] updating countdown to 18902
[00:31:38.081] [SEVERE ] updating countdown to 18800
[00:31:38.211] [SEVERE ] updating countdown to 18670
[00:31:38.328] [SEVERE ] updating countdown to 18553
[00:31:38.438] [SEVERE ] updating countdown to 18443
[00:31:38.549] [SEVERE ] updating countdown to 18332
[00:31:38.656] [SEVERE ] updating countdown to 18225
[00:31:38.767] [SEVERE ] updating countdown to 18114
[00:31:38.876] [SEVERE ] updating countdown to 18005
[00:31:38.987] [SEVERE ] updating countdown to 17894
[00:31:39.098] [SEVERE ] updating countdown to 17783
[00:31:39.209] [SEVERE ] updating countdown to 17672
[00:31:39.321] [SEVERE ] updating countdown to 17560
[00:31:39.431] [SEVERE ] updating countdown to 17450
[00:31:39.543] [SEVERE ] updating countdown to 17338
[00:31:39.659] [SEVERE ] updating countdown to 17222
[00:31:39.770] [SEVERE ] updating countdown to 17111
[00:31:39.881] [SEVERE ] updating countdown to 17000
[00:31:39.984] [SEVERE ] updating countdown to 16897
[00:31:40.094] [SEVERE ] updating countdown to 16787
[00:31:40.205] [SEVERE ] updating countdown to 16676
[00:31:40.315] [SEVERE ] updating countdown to 16566
[00:31:40.426] [SEVERE ] updating countdown to 16455
[00:31:40.536] [SEVERE ] updating countdown to 16345
[00:31:40.646] [SEVERE ] updating countdown to 16235
[00:31:40.758] [SEVERE ] updating countdown to 16123
[00:31:40.873] [SEVERE ] updating countdown to 16008
[00:31:40.985] [SEVERE ] updating countdown to 15896
[00:31:41.095] [SEVERE ] updating countdown to 15786
[00:31:41.206] [SEVERE ] updating countdown to 15675
[00:31:41.316] [SEVERE ] updating countdown to 15565
[00:31:41.426] [SEVERE ] updating countdown to 15455
[00:31:41.536] [SEVERE ] updating countdown to 15345
[00:31:41.646] [SEVERE ] updating countdown to 15235
[00:31:41.756] [SEVERE ] updating countdown to 15125
[00:31:41.867] [SEVERE ] updating countdown to 15014
[00:31:41.978] [SEVERE ] updating countdown to 14903
[00:31:42.088] [SEVERE ] updating countdown to 14793
[00:31:42.198] [SEVERE ] updating countdown to 14683
[00:31:42.309] [SEVERE ] updating countdown to 14572
[00:31:42.427] [SEVERE ] updating countdown to 14454
[00:31:42.538] [SEVERE ] updating countdown to 14343
[00:31:42.648] [SEVERE ] updating countdown to 14233
[00:31:42.759] [SEVERE ] updating countdown to 14122
[00:31:42.869] [SEVERE ] updating countdown to 14012
[00:31:42.979] [SEVERE ] updating countdown to 13902
[00:31:43.090] [SEVERE ] updating countdown to 13791
[00:31:43.201] [SEVERE ] updating countdown to 13680
[00:31:43.312] [SEVERE ] updating countdown to 13569
[00:31:43.422] [SEVERE ] updating countdown to 13459
[00:31:43.533] [SEVERE ] updating countdown to 13348
[00:31:43.659] [SEVERE ] updating countdown to 13222
[00:31:43.769] [SEVERE ] updating countdown to 13112
[00:31:43.879] [SEVERE ] updating countdown to 13002
[00:31:43.989] [SEVERE ] updating countdown to 12892
[00:31:44.100] [SEVERE ] updating countdown to 12781
[00:31:44.210] [SEVERE ] updating countdown to 12671
[00:31:44.320] [SEVERE ] updating countdown to 12561
[00:31:44.431] [SEVERE ] updating countdown to 12450
[00:31:44.541] [SEVERE ] updating countdown to 12340
[00:31:44.650] [SEVERE ] updating countdown to 12231
[00:31:44.763] [SEVERE ] updating countdown to 12118
[00:31:44.873] [SEVERE ] updating countdown to 12008
[00:31:45.016] [SEVERE ] updating countdown to 11865
[00:31:45.128] [SEVERE ] updating countdown to 11753
[00:31:45.233] [SEVERE ] updating countdown to 11648
[00:31:45.345] [SEVERE ] updating countdown to 11536
[00:31:45.455] [SEVERE ] updating countdown to 11426
[00:31:45.566] [SEVERE ] updating countdown to 11315
[00:31:45.676] [SEVERE ] updating countdown to 11205
[00:31:45.787] [SEVERE ] updating countdown to 11094
[00:31:45.899] [SEVERE ] updating countdown to 10982
[00:31:46.010] [SEVERE ] updating countdown to 10871
[00:31:46.122] [SEVERE ] updating countdown to 10759
[00:31:46.234] [SEVERE ] updating countdown to 10647
[00:31:46.370] [SEVERE ] updating countdown to 10511
[00:31:46.480] [SEVERE ] updating countdown to 10401
[00:31:46.590] [SEVERE ] updating countdown to 10291
[00:31:46.701] [SEVERE ] updating countdown to 10180
[00:31:46.820] [SEVERE ] updating countdown to 10061
[00:31:46.932] [SEVERE ] updating countdown to 9949
[00:31:47.034] [SEVERE ] updating countdown to 9847
[00:31:47.144] [SEVERE ] updating countdown to 9737
[00:31:47.254] [SEVERE ] updating countdown to 9627
[00:31:47.365] [SEVERE ] updating countdown to 9516
[00:31:47.476] [SEVERE ] updating countdown to 9405
[00:31:47.587] [SEVERE ] updating countdown to 9294
[00:31:47.697] [SEVERE ] updating countdown to 9184
[00:31:47.807] [SEVERE ] updating countdown to 9074
[00:31:47.908] [SEVERE ] updating countdown to 8973
[00:31:48.019] [SEVERE ] updating countdown to 8862
[00:31:48.129] [SEVERE ] updating countdown to 8752
[00:31:48.239] [SEVERE ] updating countdown to 8642
[00:31:48.349] [SEVERE ] updating countdown to 8532
[00:31:48.460] [SEVERE ] updating countdown to 8421
[00:31:48.574] [SEVERE ] updating countdown to 8307
[00:31:48.684] [SEVERE ] updating countdown to 8197
[00:31:48.794] [SEVERE ] updating countdown to 8087
[00:31:48.900] [SEVERE ] updating countdown to 7981
[00:31:49.011] [SEVERE ] updating countdown to 7870
[00:31:49.117] [SEVERE ] updating countdown to 7764
[00:31:49.227] [SEVERE ] updating countdown to 7654
[00:31:49.337] [SEVERE ] updating countdown to 7544
[00:31:49.448] [SEVERE ] updating countdown to 7433
[00:31:49.558] [SEVERE ] updating countdown to 7323
[00:31:49.665] [SEVERE ] updating countdown to 7216
[00:31:49.775] [SEVERE ] updating countdown to 7106
[00:31:49.887] [SEVERE ] updating countdown to 6994
[00:31:50.000] [SEVERE ] updating countdown to 6881
[00:31:50.112] [SEVERE ] updating countdown to 6769
[00:31:50.227] [SEVERE ] updating countdown to 6654
[00:31:50.337] [SEVERE ] updating countdown to 6544
[00:31:50.448] [SEVERE ] updating countdown to 6433
[00:31:50.557] [SEVERE ] updating countdown to 6324
[00:31:50.670] [SEVERE ] updating countdown to 6211
[00:31:50.780] [SEVERE ] updating countdown to 6101
[00:31:50.895] [SEVERE ] updating countdown to 5986
[00:31:51.006] [SEVERE ] updating countdown to 5875
[00:31:51.117] [SEVERE ] updating countdown to 5764
[00:31:51.227] [SEVERE ] updating countdown to 5654
[00:31:51.337] [SEVERE ] updating countdown to 5544
[00:31:51.449] [SEVERE ] updating countdown to 5432
[00:31:51.559] [SEVERE ] updating countdown to 5322
[00:31:51.669] [SEVERE ] updating countdown to 5212
[00:31:51.780] [SEVERE ] updating countdown to 5101
[00:31:56.894] [SEVERE ] removing all tokens
[00:31:57.006] [SEVERE ] placing card 33 in slot 0
[00:31:57.116] [SEVERE ] placing card 18 in slot 1
[00:31:57.225] [SEVERE ] placing card 77 in slot 2
[00:31:57.335] [SEVERE ] placing card 51 in slot 3
[00:31:57.447] [SEVERE ] placing card 11 in slot 4
[00:31:57.557] [SEVERE ] placing card 76 in slot 5
[00:31:57.667] [SEVERE ] placing card 65 in slot 6
[00:31:57.779] [SEVERE ] placing card 62 in slot 7
[00:31:57.889] [SEVERE ] placing card 50 in slot 8
[00:31:58.001] [SEVERE ] placing card 38 in slot 9
[00:31:58.111] [SEVERE ] placing card 36 in slot 10
[00:31:58.223] [SEVERE ] placing card 69 in slot 11
[00:31:58.223] [SEVERE ] updating countdown to 60000
[00:31:58.332] [SEVERE ] updating countdown to 59891
[00:31:58.444] [SEVERE ] updating countdown to 59779
[00:31:58.554] [SEVERE ] updating countdown to 59669
[00:31:58.664] [SEVERE ] updating countdown to 59559
[00:31:58.774] [SEVERE ] updating countdown to 59449
[00:31:58.885] [SEVERE ] updating countdown to 59338
[00:31:58.995] [SEVERE ] updating countdown to 59228
[00:31:59.105] [SEVERE ] updating countdown to 59118
[00:31:59.215] [SEVERE ] updating countdown to 59008
[00:31:59.325] [SEVERE ] updating countdown to 58898
[00:31:59.439] [SEVERE ] updating countdown to 58784
[00:31:59.549] [SEVERE ] updating countdown to 58674
[00:31:59.659] [SEVERE ] updating countdown to 58564
[00:31:59.769] [SEVERE ] updating countdown to 58454
[00:31:59.880] [SEVERE ] updating countdown to 58343
[00:31:59.990] [SEVERE ] updating countdown to 58233
[00:32:00.100] [SEVERE ] updating countdown to 58123
[00:32:00.205] [SEVERE ] updating countdown to 58018
[00:32:00.306] [SEVERE ] updating countdown to 57917
[00:32:00.419] [SEVERE ] updating countdown to 57804
[00:32:00.529] [SEVERE ] updating countdown to 57694
[00:32:00.641] [SEVERE ] updating countdown to 57582
[00:32:00.750] [SEVERE ] updating countdown to 57473
[00:32:00.860] [SEVERE ] updating countdown to 57363
[00:32:00.970] [SEVERE ] updating countdown to 57253
[00:32:01.080] [SEVERE ] updating countdown to 57143
[00:32:01.190] [SEVERE ] updating countdown to 57033
[00:32:01.302] [SEVERE ] updating countdown to 56921
[00:32:01.413] [SEVERE ] updating countdown to 56810
[00:32:01.523] [SEVERE ] updating countdown to 56700
[00:32:01.633] [SEVERE ] updating countdown to 56590
[00:32:01.744] [SEVERE ] updating countdown to 56479
[00:32:01.854] [SEVERE ] updating countdown to 56369
[00:32:01.965] [SEVERE ] updating countdown to 56258
[00:32:02.086] [SEVERE ] updating countdown to 56137
[00:32:02.193] [SEVERE ] updating countdown to 56030
[00:32:02.305] [SEVERE ] updating countdown to 55918
[00:32:02.414] [SEVERE ] updating countdown to 55809
[00:32:02.515] [SEVERE ] updating countdown to 55708
[00:32:02.624] [SEVERE ] updating countdown to 55599
[00:32:02.738] [SEVERE ] updating countdown to 55485
[00:32:02.854] [SEVERE ] updating countdown to 55369
[00:32:02.956] [SEVERE ] updating countdown to 55267
[00:32:03.068] [SEVERE ] updating countdown to 55155
[00:32:03.173] [SEVERE ] updating countdown to 55050
[00:32:03.285] [SEVERE ] updating countdown to 54938
[00:32:03.394] [SEVERE ] updating countdown to 54829
[00:32:03.508] [SEVERE ] updating countdown to 54715
[00:32:03.622] [SEVERE ] updating countdown to 54601
[00:32:03.726] [SEVERE ] updating countdown to 54497
[00:32:03.834] [SEVERE ] updating countdown to 54389
[00:32:03.948] [SEVERE ] updating countdown to 54275
[00:32:04.060] [SEVERE ] updating countdown to 54163
[00:32:04.167] [SEVERE ] updating countdown to 54056
[00:32:04.268] [SEVERE ] updating countdown to 53955
[00:32:04.370] [SEVERE ] updating countdown to 53853
[00:32:04.479] [SEVERE ] updating countdown to 53744
[00:32:04.591] [SEVERE ] updating countdown to 53632
[00:32:04.701] [SEVERE ] updating countdown to 53522
[00:32:04.801] [SEVERE ] updating countdown to 53422
[00:32:04.915] [SEVERE ] updating countdown to 53308
[00:32:05.027] [SEVERE ] updating countdown to 53196
[00:32:05.138] [SEVERE ] updating countdown to 53085
[00:32:05.253] [SEVERE ] updating countdown to 52970
[00:32:05.363] [SEVERE ] updating countdown to 52860
[00:32:05.473] [SEVERE ] updating countdown to 52750
[00:32:05.579] [SEVERE ] updating countdown to 52644
[00:32:05.689] [SEVERE ] updating countdown to 52534
[00:32:05.802] [SEVERE ] updating countdown to 52421
[00:32:05.911] [SEVERE ] updating countdown to 52312
[00:32:06.023] [SEVERE ] updating countdown to 52200
[00:32:06.135] [SEVERE ] updating countdown to 52088
[00:32:06.244] [SEVERE ] updating countdown to 51979
[00:32:06.354] [SEVERE ] updating countdown to 51869
[00:32:06.464] [SEVERE ] updating countdown to 51759
[00:32:06.575] [SEVERE ] updating countdown to 51648
[00:32:06.685] [SEVERE ] updating countdown to 51538
[00:32:06.796] [SEVERE ] updating countdown to 51427
[00:32:06.906] [SEVERE ] updating countdown to 51317
[00:32:07.016] [SEVERE ] updating countdown to 51207
[00:32:07.126] [SEVERE ] updating countdown to 51097
[00:32:07.237] [SEVERE ] updating countdown to 50986
[00:32:07.342] [SEVERE ] updating countdown to 50881
[00:32:07.454] [SEVERE ] updating countdown to 50769
[00:32:07.564] [SEVERE ] updating countdown to 50659
[00:32:07.674] [SEVERE ] updating countdown to 50549
[00:32:07.785] [SEVERE ] updating countdown to 50438
[00:32:07.897] [SEVERE ] updating countdown to 50326
[00:32:08.007] [SEVERE ] updating countdown to 50216
[00:32:08.118] [SEVERE ] updating countdown to 50105
[00:32:08.234] [SEVERE ] updating countdown to 49989
[00:32:08.335] [SEVERE ] updating countdown to 49888
[00:32:08.445] [SEVERE ] updating countdown to 49778
[00:32:08.461] [SEVERE ] key 69 was pressed by player 1
[00:32:08.461] [SEVERE ] player 1 placing token on slot 2
[00:32:08.555] [SEVERE ] updating countdown to 49668
[00:32:08.670] [SEVERE ] updating countdown to 49553
[00:32:08.780] [SEVERE ] updating countdown to 49443
[00:32:08.890] [SEVERE ] updating countdown to 49333
[00:32:09.002] [SEVERE ] updating countdown to 49221
[00:32:09.105] [SEVERE ] updating countdown to 49118
[00:32:09.217] [SEVERE ] updating countdown to 49006
[00:32:09.329] [SEVERE ] updating countdown to 48894
[00:32:09.439] [SEVERE ] updating countdown to 48784
[00:32:09.556] [SEVERE ] updating countdown to 48667
[00:32:09.662] [SEVERE ] updating countdown to 48561
[00:32:09.774] [SEVERE ] updating countdown to 48449
[00:32:09.881] [SEVERE ] updating countdown to 48342
[00:32:09.991] [SEVERE ] updating countdown to 48232
[00:32:09.991] [SEVERE ] key 83 was pressed by player 1
[00:32:10.006] [SEVERE ] player 1 placing token on slot 5
[00:32:10.103] [SEVERE ] updating countdown to 48120
[00:32:10.210] [SEVERE ] updating countdown to 48013
[00:32:10.322] [SEVERE ] updating countdown to 47901
[00:32:10.432] [SEVERE ] updating countdown to 47791
[00:32:10.544] [SEVERE ] updating countdown to 47679
[00:32:10.623] [SEVERE ] key 83 was pressed by player 1
[00:32:10.623] [SEVERE ] removing player 1 token from slot 5
[00:32:10.655] [SEVERE ] updating countdown to 47568
[00:32:10.762] [SEVERE ] updating countdown to 47461
[00:32:10.872] [SEVERE ] updating countdown to 47351
[00:32:10.982] [SEVERE ] updating countdown to 47241
[00:32:11.093] [SEVERE ] updating countdown to 47130
[00:32:11.204] [SEVERE ] updating countdown to 47019
[00:32:11.314] [SEVERE ] updating countdown to 46909
[00:32:11.370] [SEVERE ] key 68 was pressed by player 1
[00:32:11.370] [SEVERE ] player 1 placing token on slot 6
[00:32:11.418] [SEVERE ] updating countdown to 46805
[00:32:11.528] [SEVERE ] updating countdown to 46695
[00:32:11.639] [SEVERE ] updating countdown to 46584
[00:32:11.749] [SEVERE ] updating countdown to 46474
[00:32:11.859] [SEVERE ] updating countdown to 46364
[00:32:11.969] [SEVERE ] updating countdown to 46254
[00:32:12.055] [SEVERE ] key 70 was pressed by player 1
[00:32:12.055] [SEVERE ] player 1 placing token on slot 7
[00:32:12.071] [SEVERE ] updating countdown to 46152
[00:32:12.071] [SEVERE ] removing all tokens
[00:32:12.186] [SEVERE ] removing card from slot 2
[00:32:12.186] [SEVERE ] removing all tokens
[00:32:12.292] [SEVERE ] removing card from slot 6
[00:32:12.292] [SEVERE ] removing all tokens
[00:32:12.403] [SEVERE ] removing card from slot 7
[00:32:12.514] [SEVERE ] placing card 1 in slot 2
[00:32:12.626] [SEVERE ] placing card 41 in slot 6
[00:32:12.736] [SEVERE ] placing card 4 in slot 7
[00:32:12.736] [SEVERE ] setting player 1 score to 2
[00:32:12.848] [SEVERE ] updating countdown to 45375
[00:32:12.958] [SEVERE ] updating countdown to 45265
[00:32:13.068] [SEVERE ] updating countdown to 45155
[00:32:13.172] [SEVERE ] updating countdown to 45051
[00:32:13.283] [SEVERE ] updating countdown to 44940
[00:32:13.394] [SEVERE ] updating countdown to 44829
[00:32:13.504] [SEVERE ] updating countdown to 44719
[00:32:13.614] [SEVERE ] updating countdown to 44609
[00:32:13.724] [SEVERE ] updating countdown to 44499
[00:32:13.835] [SEVERE ] updating countdown to 44388
[00:32:13.947] [SEVERE ] updating countdown to 44276
[00:32:14.058] [SEVERE ] updating countdown to 44165
[00:32:14.172] [SEVERE ] updating countdown to 44051
[00:32:14.277] [SEVERE ] updating countdown to 43946
[00:32:14.388] [SEVERE ] updating countdown to 43835
[00:32:14.503] [SEVERE ] updating countdown to 43720
[00:32:14.613] [SEVERE ] updating countdown to 43610
[00:32:14.723] [SEVERE ] updating countdown to 43500
[00:32:14.833] [SEVERE ] updating countdown to 43390
[00:32:14.943] [SEVERE ] updating countdown to 43280
[00:32:15.053] [SEVERE ] updating countdown to 43170
[00:32:15.163] [SEVERE ] updating countdown to 43060
[00:32:15.275] [SEVERE ] updating countdown to 42948
[00:32:15.385] [SEVERE ] updating countdown to 42838
[00:32:15.495] [SEVERE ] updating countdown to 42728
[00:32:15.605] [SEVERE ] updating countdown to 42618
[00:32:15.716] [SEVERE ] updating countdown to 42507
[00:32:15.825] [SEVERE ] updating countdown to 42398
[00:32:15.933] [SEVERE ] updating countdown to 42290
[00:32:16.045] [SEVERE ] updating countdown to 42178
[00:32:16.150] [SEVERE ] updating countdown to 42073
[00:32:16.263] [SEVERE ] updating countdown to 41960
[00:32:16.374] [SEVERE ] updating countdown to 41849
[00:32:16.484] [SEVERE ] updating countdown to 41739
[00:32:16.596] [SEVERE ] updating countdown to 41627
[00:32:16.707] [SEVERE ] updating countdown to 41516
[00:32:16.819] [SEVERE ] updating countdown to 41404
[00:32:16.920] [SEVERE ] updating countdown to 41303
[00:32:17.031] [SEVERE ] updating countdown to 41192
[00:32:17.136] [SEVERE ] updating countdown to 41087
[00:32:17.246] [SEVERE ] updating countdown to 40977
[00:32:17.356] [SEVERE ] updating countdown to 40867
[00:32:17.466] [SEVERE ] updating countdown to 40757
[00:32:17.576] [SEVERE ] updating countdown to 40647
[00:32:17.686] [SEVERE ] updating countdown to 40537
[00:32:17.801] [SEVERE ] updating countdown to 40422
[00:32:17.912] [SEVERE ] updating countdown to 40311
[00:32:18.022] [SEVERE ] updating countdown to 40201
[00:32:18.123] [SEVERE ] updating countdown to 40100
[00:32:18.230] [SEVERE ] updating countdown to 39993
[00:32:18.341] [SEVERE ] updating countdown to 39882
[00:32:18.445] [SEVERE ] updating countdown to 39778
[00:32:18.554] [SEVERE ] updating countdown to 39669
[00:32:18.665] [SEVERE ] updating countdown to 39558
[00:32:18.774] [SEVERE ] updating countdown to 39449
[00:32:18.884] [SEVERE ] updating countdown to 39339
[00:32:18.994] [SEVERE ] updating countdown to 39229
[00:32:19.106] [SEVERE ] updating countdown to 39117
[00:32:19.208] [SEVERE ] updating countdown to 39015
[00:32:19.319] [SEVERE ] updating countdown to 38904
[00:32:19.431] [SEVERE ] updating countdown to 38792
[00:32:19.542] [SEVERE ] updating countdown to 38681
[00:32:19.652] [SEVERE ] updating countdown to 38571
[00:32:19.762] [SEVERE ] updating countdown to 38461
[00:32:19.872] [SEVERE ] updating countdown to 38351
[00:32:19.978] [SEVERE ] updating countdown to 38245
[00:32:20.089] [SEVERE ] updating countdown to 38134
[00:32:20.194] [SEVERE ] updating countdown to 38029
[00:32:20.304] [SEVERE ] updating countdown to 37919
[00:32:20.414] [SEVERE ] updating countdown to 37809
[00:32:20.525] [SEVERE ] updating countdown to 37698
[00:32:20.634] [SEVERE ] updating countdown to 37589
[00:32:20.746] [SEVERE ] updating countdown to 37477
[00:32:20.862] [SEVERE ] updating countdown to 37361
[00:32:20.972] [SEVERE ] updating countdown to 37251
[00:32:21.082] [SEVERE ] updating countdown to 37141
[00:32:21.192] [SEVERE ] updating countdown to 37031
[00:32:21.301] [SEVERE ] updating countdown to 36922
[00:32:21.412] [SEVERE ] updating countdown to 36811
[00:32:21.522] [SEVERE ] updating countdown to 36701
[00:32:21.631] [SEVERE ] updating countdown to 36592
[00:32:21.742] [SEVERE ] updating countdown to 36481
[00:32:21.852] [SEVERE ] updating countdown to 36371
[00:32:21.962] [SEVERE ] updating countdown to 36261
[00:32:22.073] [SEVERE ] updating countdown to 36150
[00:32:22.183] [SEVERE ] updating countdown to 36040
[00:32:22.294] [SEVERE ] updating countdown to 35929
[00:32:22.406] [SEVERE ] updating countdown to 35817
[00:32:22.516] [SEVERE ] updating countdown to 35707
[00:32:22.627] [SEVERE ] updating countdown to 35596
[00:32:22.737] [SEVERE ] updating countdown to 35486
[00:32:22.848] [SEVERE ] updating countdown to 35375
[00:32:22.958] [SEVERE ] updating countdown to 35265
[00:32:23.068] [SEVERE ] updating countdown to 35155
[00:32:23.179] [SEVERE ] updating countdown to 35044
[00:32:23.288] [SEVERE ] updating countdown to 34935
[00:32:23.399] [SEVERE ] updating countdown to 34824
[00:32:23.509] [SEVERE ] updating countdown to 34714
[00:32:23.619] [SEVERE ] updating countdown to 34604
[00:32:23.729] [SEVERE ] updating countdown to 34494
[00:32:23.839] [SEVERE ] updating countdown to 34384
[00:32:23.949] [SEVERE ] updating countdown to 34274
[00:32:24.059] [SEVERE ] updating countdown to 34164
[00:32:24.169] [SEVERE ] updating countdown to 34054
[00:32:24.279] [SEVERE ] updating countdown to 33944
[00:32:24.390] [SEVERE ] updating countdown to 33833
[00:32:24.500] [SEVERE ] updating countdown to 33723
[00:32:24.610] [SEVERE ] updating countdown to 33613
[00:32:24.720] [SEVERE ] updating countdown to 33503
[00:32:24.831] [SEVERE ] updating countdown to 33392
[00:32:24.940] [SEVERE ] updating countdown to 33283
[00:32:25.051] [SEVERE ] updating countdown to 33172
[00:32:25.161] [SEVERE ] updating countdown to 33062
[00:32:25.262] [SEVERE ] updating countdown to 32961
[00:32:25.373] [SEVERE ] updating countdown to 32850
[00:32:25.484] [SEVERE ] updating countdown to 32739
[00:32:25.594] [SEVERE ] updating countdown to 32629
[00:32:25.704] [SEVERE ] updating countdown to 32519
[00:32:25.815] [SEVERE ] updating countdown to 32408
[00:32:25.925] [SEVERE ] updating countdown to 32298
[00:32:26.036] [SEVERE ] updating countdown to 32187
[00:32:26.146] [SEVERE ] updating countdown to 32077
[00:32:26.256] [SEVERE ] updating countdown to 31967
[00:32:26.366] [SEVERE ] updating countdown to 31857
[00:32:26.475] [SEVERE ] updating countdown to 31748
[00:32:26.585] [SEVERE ] updating countdown to 31638
[00:32:26.695] [SEVERE ] updating countdown to 31528
[00:32:26.806] [SEVERE ] updating countdown to 31417
[00:32:26.920] [SEVERE ] updating countdown to 31303
[00:32:27.030] [SEVERE ] updating countdown to 31193
[00:32:27.141] [SEVERE ] updating countdown to 31082
[00:32:27.251] [SEVERE ] updating countdown to 30972
[00:32:27.362] [SEVERE ] updating countdown to 30861
[00:32:27.473] [SEVERE ] updating countdown to 30750
[00:32:27.580] [SEVERE ] updating countdown to 30643
[00:32:27.690] [SEVERE ] updating countdown to 30533
[00:32:27.800] [SEVERE ] updating countdown to 30423
[00:32:27.910] [SEVERE ] updating countdown to 30313
[00:32:28.020] [SEVERE ] updating countdown to 30203
[00:32:28.131] [SEVERE ] updating countdown to 30092
[00:32:28.242] [SEVERE ] updating countdown to 29981
[00:32:28.353] [SEVERE ] updating countdown to 29870
[00:32:28.462] [SEVERE ] updating countdown to 29761
[00:32:28.572] [SEVERE ] updating countdown to 29651
[00:32:28.682] [SEVERE ] updating countdown to 29541
[00:32:28.791] [SEVERE ] updating countdown to 29432
[00:32:28.850] [SEVERE ] key 73 was pressed by player 2
[00:32:28.850] [SEVERE ] player 2 placing token on slot 1
[00:32:28.900] [SEVERE ] updating countdown to 29323
[00:32:29.001] [SEVERE ] updating countdown to 29222
[00:32:29.110] [SEVERE ] updating countdown to 29113
[00:32:29.220] [SEVERE ] updating countdown to 29003
[00:32:29.331] [SEVERE ] updating countdown to 28892
[00:32:29.440] [SEVERE ] updating countdown to 28783
[00:32:29.551] [SEVERE ] updating countdown to 28672
[00:32:29.661] [SEVERE ] updating countdown to 28562
[00:32:29.771] [SEVERE ] updating countdown to 28452
[00:32:29.881] [SEVERE ] updating countdown to 28342
[00:32:29.992] [SEVERE ] updating countdown to 28231
[00:32:30.101] [SEVERE ] updating countdown to 28122
[00:32:30.200] [SEVERE ] key 79 was pressed by player 2
[00:32:30.200] [SEVERE ] player 2 placing token on slot 2
[00:32:30.215] [SEVERE ] updating countdown to 28008
[00:32:30.326] [SEVERE ] updating countdown to 27897
[00:32:30.437] [SEVERE ] updating countdown to 27786
[00:32:30.546] [SEVERE ] updating countdown to 27677
[00:32:30.661] [SEVERE ] updating countdown to 27562
[00:32:30.775] [SEVERE ] updating countdown to 27448
[00:32:30.885] [SEVERE ] updating countdown to 27338
[00:32:30.995] [SEVERE ] updating countdown to 27228
[00:32:31.105] [SEVERE ] updating countdown to 27118
[00:32:31.216] [SEVERE ] updating countdown to 27007
[00:32:31.331] [SEVERE ] updating countdown to 26892
[00:32:31.442] [SEVERE ] updating countdown to 26781
[00:32:31.553] [SEVERE ] updating countdown to 26670
[00:32:31.661] [SEVERE ] updating countdown to 26562
[00:32:31.771] [SEVERE ] updating countdown to 26452
[00:32:31.881] [SEVERE ] updating countdown to 26342
[00:32:31.991] [SEVERE ] updating countdown to 26232
[00:32:32.101] [SEVERE ] updating countdown to 26122
[00:32:32.210] [SEVERE ] updating countdown to 26013
[00:32:32.320] [SEVERE ] updating countdown to 25903
[00:32:32.430] [SEVERE ] updating countdown to 25793
[00:32:32.537] [SEVERE ] updating countdown to 25686
[00:32:32.648] [SEVERE ] updating countdown to 25575
[00:32:32.758] [SEVERE ] updating countdown to 25465
[00:32:32.860] [SEVERE ] updating countdown to 25363
[00:32:32.970] [SEVERE ] updating countdown to 25253
[00:32:33.081] [SEVERE ] updating countdown to 25142
[00:32:33.191] [SEVERE ] updating countdown to 25032
[00:32:33.301] [SEVERE ] updating countdown to 24922
[00:32:33.412] [SEVERE ] updating countdown to 24811
[00:32:33.514] [SEVERE ] updating countdown to 24709
[00:32:33.514] [SEVERE ] key 74 was pressed by player 2
[00:32:33.514] [SEVERE ] player 2 placing token on slot 4
[00:32:33.635] [SEVERE ] updating countdown to 24588
[00:32:33.635] [SEVERE ] removing all tokens
[00:32:33.745] [SEVERE ] removing card from slot 1
[00:32:33.745] [SEVERE ] removing all tokens
[00:32:33.859] [SEVERE ] removing card from slot 2
[00:32:33.859] [SEVERE ] removing all tokens
[00:32:33.970] [SEVERE ] removing card from slot 4
[00:32:34.096] [SEVERE ] placing card 15 in slot 1
[00:32:34.207] [SEVERE ] placing card 14 in slot 2
[00:32:34.308] [SEVERE ] placing card 43 in slot 4
[00:32:34.308] [SEVERE ] setting player 2 score to 1
[00:32:34.419] [SEVERE ] updating countdown to 23804
[00:32:34.529] [SEVERE ] updating countdown to 23694
[00:32:34.640] [SEVERE ] updating countdown to 23583
[00:32:34.757] [SEVERE ] updating countdown to 23466
[00:32:34.868] [SEVERE ] updating countdown to 23355
[00:32:34.978] [SEVERE ] updating countdown to 23245
[00:32:35.089] [SEVERE ] updating countdown to 23134
[00:32:35.199] [SEVERE ] updating countdown to 23024
[00:32:35.309] [SEVERE ] updating countdown to 22914
[00:32:35.419] [SEVERE ] updating countdown to 22804
[00:32:35.520] [SEVERE ] updating countdown to 22703
[00:32:35.635] [SEVERE ] updating countdown to 22588
[00:32:35.745] [SEVERE ] updating countdown to 22478
[00:32:35.856] [SEVERE ] updating countdown to 22367
[00:32:35.962] [SEVERE ] updating countdown to 22261
[00:32:36.072] [SEVERE ] updating countdown to 22151
[00:32:36.183] [SEVERE ] updating countdown to 22040
[00:32:36.294] [SEVERE ] updating countdown to 21929
[00:32:36.405] [SEVERE ] updating countdown to 21818
[00:32:36.515] [SEVERE ] updating countdown to 21708
[00:32:36.625] [SEVERE ] updating countdown to 21598
[00:32:36.736] [SEVERE ] updating countdown to 21487
[00:32:36.848] [SEVERE ] updating countdown to 21375
[00:32:36.958] [SEVERE ] updating countdown to 21265
[00:32:37.070] [SEVERE ] updating countdown to 21153
[00:32:37.185] [SEVERE ] updating countdown to 21038
[00:32:37.296] [SEVERE ] updating countdown to 20927
[00:32:37.407] [SEVERE ] updating countdown to 20816
[00:32:37.517] [SEVERE ] updating countdown to 20706
[00:32:37.618] [SEVERE ] updating countdown to 20605
[00:32:37.728] [SEVERE ] updating countdown to 20495
[00:32:37.838] [SEVERE ] updating countdown to 20385
[00:32:37.950] [SEVERE ] updating countdown to 20273
[00:32:38.061] [SEVERE ] updating countdown to 20162
[00:32:38.183] [SEVERE ] updating countdown to 20040
[00:32:38.289] [SEVERE ] updating countdown to 19934
[00:32:38.411] [SEVERE ] updating countdown to 19812
[00:32:38.521] [SEVERE ] updating countdown to 19702
[00:32:38.631] [SEVERE ] updating countdown to 19592
[00:32:38.742] [SEVERE ] updating countdown to 19481
[00:32:38.857] [SEVERE ] updating countdown to 19366
[00:32:38.960] [SEVERE ] updating countdown to 19263
[00:32:39.068] [SEVERE ] updating countdown to 19155
[00:32:39.179] [SEVERE ] updating countdown to 19044
[00:32:39.289] [SEVERE ] updating countdown to 18934
[00:32:39.393] [SEVERE ] updating countdown to 18830
[00:32:39.494] [SEVERE ] updating countdown to 18729
[00:32:39.605] [SEVERE ] updating countdown to 18618
[00:32:39.716] [SEVERE ] updating countdown to 18507
[00:32:39.838] [SEVERE ] updating countdown to 18385
[00:32:39.949] [SEVERE ] updating countdown to 18274
[00:32:40.059] [SEVERE ] updating countdown to 18164
[00:32:40.170] [SEVERE ] updating countdown to 18053
[00:32:40.281] [SEVERE ] updating countdown to 17942
[00:32:40.397] [SEVERE ] updating countdown to 17826
[00:32:40.507] [SEVERE ] updating countdown to 17716
[00:32:40.617] [SEVERE ] updating countdown to 17606
[00:32:40.726] [SEVERE ] updating countdown to 17497
[00:32:40.837] [SEVERE ] updating countdown to 17386
[00:32:40.947] [SEVERE ] updating countdown to 17276
[00:32:41.057] [SEVERE ] updating countdown to 17166
[00:32:41.166] [SEVERE ] updating countdown to 17057
[00:32:41.198] [SEVERE ] key 75 was pressed by player 2
[00:32:41.198] [SEVERE ] player 2 placing token on slot 5
[00:32:41.276] [SEVERE ] updating countdown to 16947
[00:32:41.388] [SEVERE ] updating countdown to 16835
[00:32:41.469] [SEVERE ] key 76 was pressed by player 2
[00:32:41.469] [SEVERE ] player 2 placing token on slot 6
[00:32:41.501] [SEVERE ] updating countdown to 16722
[00:32:41.611] [SEVERE ] updating countdown to 16612
[00:32:41.722] [SEVERE ] updating countdown to 16501
[00:32:41.832] [SEVERE ] updating countdown to 16391
[00:32:41.942] [SEVERE ] updating countdown to 16281
[00:32:42.020] [SEVERE ] key 59 was pressed by player 2
[00:32:42.020] [SEVERE ] player 2 placing token on slot 7
[00:32:42.052] [SEVERE ] updating countdown to 16171
[00:32:42.052] [SEVERE ] removing player 2 token from slot 5
[00:32:42.052] [SEVERE ] removing player 2 token from slot 6
[00:32:42.052] [SEVERE ] removing player 2 token from slot 7
[00:32:42.052] [SEVERE ] setting player 2 score to 0
[00:32:42.162] [SEVERE ] updating countdown to 16061
[00:32:42.273] [SEVERE ] updating countdown to 15950
[00:32:42.384] [SEVERE ] updating countdown to 15839
[00:32:42.494] [SEVERE ] updating countdown to 15729
[00:32:42.604] [SEVERE ] updating countdown to 15619
[00:32:42.715] [SEVERE ] updating countdown to 15508
[00:32:42.825] [SEVERE ] updating countdown to 15398
[00:32:42.940] [SEVERE ] updating countdown to 15283
[00:32:43.051] [SEVERE ] updating countdown to 15172
[00:32:43.160] [SEVERE ] updating countdown to 15063
[00:32:43.270] [SEVERE ] updating countdown to 14953
[00:32:43.381] [SEVERE ] updating countdown to 14842
[00:32:43.491] [SEVERE ] updating countdown to 14732
[00:32:43.632] [SEVERE ] updating countdown to 14591
[00:32:43.733] [SEVERE ] updating countdown to 14490
[00:32:43.843] [SEVERE ] updating countdown to 14380
[00:32:43.953] [SEVERE ] updating countdown to 14270
[00:32:44.063] [SEVERE ] updating countdown to 14160
[00:32:44.141] [SEVERE ] key 76 was pressed by player 2
[00:32:44.141] [SEVERE ] player 2 placing token on slot 6
[00:32:44.173] [SEVERE ] updating countdown to 14050
[00:32:44.282] [SEVERE ] updating countdown to 13941
[00:32:44.394] [SEVERE ] updating countdown to 13829
[00:32:44.474] [SEVERE ] key 75 was pressed by player 2
[00:32:44.474] [SEVERE ] player 2 placing token on slot 5
[00:32:44.506] [SEVERE ] updating countdown to 13717
[00:32:44.621] [SEVERE ] updating countdown to 13602
[00:32:44.730] [SEVERE ] updating countdown to 13493
[00:32:44.762] [SEVERE ] key 74 was pressed by player 2
[00:32:44.762] [SEVERE ] player 2 placing token on slot 4
[00:32:44.841] [SEVERE ] updating countdown to 13382
[00:32:44.841] [SEVERE ] removing player 2 token from slot 4
[00:32:44.841] [SEVERE ] removing player 2 token from slot 5
[00:32:44.841] [SEVERE ] removing player 2 token from slot 6
[00:32:44.841] [SEVERE ] setting player 2 score to -1
[00:32:44.957] [SEVERE ] updating countdown to 13266
[00:32:45.066] [SEVERE ] updating countdown to 13157
[00:32:45.179] [SEVERE ] updating countdown to 13044
[00:32:45.289] [SEVERE ] updating countdown to 12934
[00:32:45.400] [SEVERE ] updating countdown to 12823
[00:32:45.510] [SEVERE ] updating countdown to 12713
[00:32:45.619] [SEVERE ] updating countdown to 12604
[00:32:45.729] [SEVERE ] updating countdown to 12494
[00:32:45.839] [SEVERE ] updating countdown to 12384
[00:32:45.949] [SEVERE ] updating countdown to 12274
[00:32:46.060] [SEVERE ] updating countdown to 12163
[00:32:46.164] [SEVERE ] updating countdown to 12059
[00:32:46.274] [SEVERE ] updating countdown to 11949
[00:32:46.385] [SEVERE ] updating countdown to 11838
[00:32:46.508] [SEVERE ] updating countdown to 11715
[00:32:46.619] [SEVERE ] updating countdown to 11604
[00:32:46.730] [SEVERE ] updating countdown to 11493
[00:32:46.840] [SEVERE ] updating countdown to 11383
[00:32:46.949] [SEVERE ] updating countdown to 11274
[00:32:47.055] [SEVERE ] updating countdown to 11168
[00:32:47.172] [SEVERE ] updating countdown to 11051
[00:32:47.284] [SEVERE ] updating countdown to 10939
[00:32:47.395] [SEVERE ] updating countdown to 10828
[00:32:47.506] [SEVERE ] updating countdown to 10717
[00:32:47.618] [SEVERE ] updating countdown to 10605
[00:32:47.720] [SEVERE ] updating countdown to 10503
[00:32:47.831] [SEVERE ] updating countdown to 10392
[00:32:47.935] [SEVERE ] updating countdown to 10288
[00:32:48.046] [SEVERE ] updating countdown to 10177
[00:32:48.155] [SEVERE ] updating countdown to 10068
[00:32:48.261] [SEVERE ] updating countdown to 9962
[00:32:48.371] [SEVERE ] updating countdown to 9852
[00:32:48.481] [SEVERE ] updating countdown to 9742
[00:32:48.590] [SEVERE ] updating countdown to 9633
[00:32:48.701] [SEVERE ] updating countdown to 9522
[00:32:48.813] [SEVERE ] updating countdown to 9410
[00:32:48.920] [SEVERE ] updating countdown to 9303
[00:32:49.044] [SEVERE ] updating countdown to 9179
[00:32:49.154] [SEVERE ] updating countdown to 9069
[00:32:49.264] [SEVERE ] updating countdown to 8959
[00:32:49.369] [SEVERE ] updating countdown to 8854
[00:32:49.479] [SEVERE ] updating countdown to 8744
[00:32:49.600] [SEVERE ] updating countdown to 8623
[00:32:49.708] [SEVERE ] updating countdown to 8515
[00:32:49.831] [SEVERE ] updating countdown to 8392
[00:32:49.946] [SEVERE ] updating countdown to 8277
[00:32:50.047] [SEVERE ] updating countdown to 8176
[00:32:50.155] [SEVERE ] updating countdown to 8068
[00:32:50.265] [SEVERE ] updating countdown to 7958
[00:32:50.375] [SEVERE ] updating countdown to 7848
[00:32:50.486] [SEVERE ] updating countdown to 7737
[00:32:50.609] [SEVERE ] updating countdown to 7614
[00:32:50.711] [SEVERE ] updating countdown to 7512
[00:32:50.821] [SEVERE ] updating countdown to 7402
[00:32:50.931] [SEVERE ] updating countdown to 7292
[00:32:51.041] [SEVERE ] updating countdown to 7182
[00:32:51.151] [SEVERE ] updating countdown to 7072
[00:32:51.262] [SEVERE ] updating countdown to 6961
[00:32:51.375] [SEVERE ] updating countdown to 6848
[00:32:51.481] [SEVERE ] updating countdown to 6742
[00:32:51.591] [SEVERE ] updating countdown to 6632
[00:32:51.699] [SEVERE ] updating countdown to 6524
[00:32:51.821] [SEVERE ] updating countdown to 6402
[00:32:51.935] [SEVERE ] updating countdown to 6288
[00:32:52.046] [SEVERE ] updating countdown to 6177
[00:32:52.161] [SEVERE ] updating countdown to 6062
[00:32:52.271] [SEVERE ] updating countdown to 5952
[00:32:52.384] [SEVERE ] updating countdown to 5839
[00:32:52.495] [SEVERE ] updating countdown to 5728
[00:32:52.606] [SEVERE ] updating countdown to 5617
[00:32:52.714] [SEVERE ] updating countdown to 5509
[00:32:52.823] [SEVERE ] updating countdown to 5400
[00:32:52.933] [SEVERE ] updating countdown to 5290
[00:32:53.054] [SEVERE ] updating countdown to 5169
[00:32:53.164] [SEVERE ] updating countdown to 5059
[00:32:54.224] [SEVERE ] updating countdown to 4000
[00:32:55.344] [SEVERE ] exit button pressed
[00:32:55.344] [SEVERE ] thanks for playing... it was fun!
[00:32:55.344] [INFO   ] thread main terminated.
