[13:41:35.940] [INFO   ] thread main starting.
[13:41:35.945] [SEVERE ] cannot read configuration file config.properties trying from resources.
[13:41:35.951] [SEVERE ] configuration file was loaded from resources directory.
[13:41:36.498] [INFO   ] thread dealer starting.
[13:41:36.605] [SEVERE ] placing card 24 in slot 0
[13:41:36.715] [SEVERE ] placing card 58 in slot 1
[13:41:36.827] [SEVERE ] placing card 36 in slot 2
[13:41:36.931] [SEVERE ] placing card 50 in slot 3
[13:41:37.041] [SEVERE ] placing card 46 in slot 4
[13:41:37.149] [SEVERE ] placing card 0 in slot 5
[13:41:37.259] [SEVERE ] placing card 80 in slot 6
[13:41:37.401] [SEVERE ] placing card 39 in slot 7
[13:41:37.511] [SEVERE ] placing card 22 in slot 8
[13:41:37.613] [SEVERE ] placing card 27 in slot 9
[13:41:37.724] [SEVERE ] placing card 55 in slot 10
[13:41:37.836] [SEVERE ] placing card 49 in slot 11
[13:41:37.836] [SEVERE ] updating countdown to 60000
[13:41:37.950] [SEVERE ] updating countdown to 59886
[13:41:38.060] [SEVERE ] updating countdown to 59776
[13:41:38.170] [SEVERE ] updating countdown to 59666
[13:41:38.280] [SEVERE ] updating countdown to 59556
[13:41:38.386] [SEVERE ] updating countdown to 59450
[13:41:38.496] [SEVERE ] updating countdown to 59340
[13:41:38.600] [SEVERE ] updating countdown to 59236
[13:41:38.708] [SEVERE ] updating countdown to 59128
[13:41:38.819] [SEVERE ] updating countdown to 59017
[13:41:38.920] [SEVERE ] updating countdown to 58916
[13:41:39.033] [SEVERE ] updating countdown to 58803
[13:41:39.147] [SEVERE ] updating countdown to 58689
[13:41:39.257] [SEVERE ] updating countdown to 58579
[13:41:39.372] [SEVERE ] updating countdown to 58464
[13:41:39.485] [SEVERE ] updating countdown to 58351
[13:41:39.601] [SEVERE ] updating countdown to 58235
[13:41:39.703] [SEVERE ] updating countdown to 58133
[13:41:39.813] [SEVERE ] updating countdown to 58023
[13:41:39.919] [SEVERE ] updating countdown to 57917
[13:41:40.027] [SEVERE ] updating countdown to 57809
[13:41:40.138] [SEVERE ] updating countdown to 57698
[13:41:40.248] [SEVERE ] updating countdown to 57588
[13:41:40.359] [SEVERE ] updating countdown to 57477
[13:41:40.470] [SEVERE ] updating countdown to 57366
[13:41:40.582] [SEVERE ] updating countdown to 57254
[13:41:40.692] [SEVERE ] updating countdown to 57144
[13:41:40.802] [SEVERE ] updating countdown to 57034
[13:41:40.913] [SEVERE ] updating countdown to 56923
[13:41:41.024] [SEVERE ] updating countdown to 56812
[13:41:41.134] [SEVERE ] updating countdown to 56702
[13:41:41.244] [SEVERE ] updating countdown to 56592
[13:41:41.354] [SEVERE ] updating countdown to 56482
[13:41:41.467] [SEVERE ] updating countdown to 56369
[13:41:41.578] [SEVERE ] updating countdown to 56258
[13:41:41.609] [SEVERE ] key 69 was pressed by player 1
[13:41:41.609] [SEVERE ] player 1 placing token on slot 2
[13:41:41.693] [SEVERE ] updating countdown to 56143
[13:41:41.803] [SEVERE ] updating countdown to 56033
[13:41:41.913] [SEVERE ] updating countdown to 55923
[13:41:41.932] [SEVERE ] key 82 was pressed by player 1
[13:41:41.932] [SEVERE ] player 1 placing token on slot 3
[13:41:42.027] [SEVERE ] updating countdown to 55809
[13:41:42.138] [SEVERE ] updating countdown to 55698
[13:41:42.248] [SEVERE ] updating countdown to 55588
[13:41:42.359] [SEVERE ] updating countdown to 55477
[13:41:42.473] [SEVERE ] updating countdown to 55363
[13:41:42.487] [SEVERE ] key 82 was pressed by player 1
[13:41:42.487] [SEVERE ] removing player 1 token from slot 3
[13:41:42.584] [SEVERE ] updating countdown to 55252
[13:41:42.695] [SEVERE ] updating countdown to 55141
[13:41:42.805] [SEVERE ] updating countdown to 55031
[13:41:42.916] [SEVERE ] updating countdown to 54920
[13:41:43.029] [SEVERE ] updating countdown to 54807
[13:41:43.091] [SEVERE ] key 87 was pressed by player 1
[13:41:43.091] [SEVERE ] player 1 placing token on slot 1
[13:41:43.141] [SEVERE ] updating countdown to 54695
[13:41:43.255] [SEVERE ] updating countdown to 54581
[13:41:43.366] [SEVERE ] updating countdown to 54470
[13:41:43.476] [SEVERE ] updating countdown to 54360
[13:41:43.587] [SEVERE ] updating countdown to 54249
[13:41:43.698] [SEVERE ] updating countdown to 54138
[13:41:43.808] [SEVERE ] updating countdown to 54028
[13:41:43.918] [SEVERE ] updating countdown to 53918
[13:41:44.029] [SEVERE ] updating countdown to 53807
[13:41:44.138] [SEVERE ] updating countdown to 53698
[13:41:44.248] [SEVERE ] updating countdown to 53588
[13:41:44.360] [SEVERE ] updating countdown to 53476
[13:41:44.470] [SEVERE ] updating countdown to 53366
[13:41:44.580] [SEVERE ] updating countdown to 53256
[13:41:44.691] [SEVERE ] updating countdown to 53145
[13:41:44.803] [SEVERE ] updating countdown to 53033
[13:41:44.913] [SEVERE ] updating countdown to 52923
[13:41:45.016] [SEVERE ] updating countdown to 52820
[13:41:45.126] [SEVERE ] updating countdown to 52710
[13:41:45.235] [SEVERE ] updating countdown to 52601
[13:41:45.345] [SEVERE ] updating countdown to 52491
[13:41:45.456] [SEVERE ] updating countdown to 52380
[13:41:45.566] [SEVERE ] updating countdown to 52270
[13:41:45.677] [SEVERE ] updating countdown to 52159
[13:41:45.787] [SEVERE ] updating countdown to 52049
[13:41:45.900] [SEVERE ] updating countdown to 51936
[13:41:46.010] [SEVERE ] updating countdown to 51826
[13:41:46.120] [SEVERE ] updating countdown to 51716
[13:41:46.231] [SEVERE ] updating countdown to 51605
[13:41:46.342] [SEVERE ] updating countdown to 51494
[13:41:46.454] [SEVERE ] updating countdown to 51382
[13:41:46.564] [SEVERE ] updating countdown to 51272
[13:41:46.674] [SEVERE ] updating countdown to 51162
[13:41:46.784] [SEVERE ] updating countdown to 51052
[13:41:46.894] [SEVERE ] updating countdown to 50942
[13:41:47.009] [SEVERE ] updating countdown to 50827
[13:41:47.119] [SEVERE ] updating countdown to 50717
[13:41:47.228] [SEVERE ] updating countdown to 50608
[13:41:47.339] [SEVERE ] updating countdown to 50497
[13:41:47.449] [SEVERE ] updating countdown to 50387
[13:41:47.559] [SEVERE ] updating countdown to 50277
[13:41:47.670] [SEVERE ] updating countdown to 50166
[13:41:47.781] [SEVERE ] updating countdown to 50055
[13:41:47.905] [SEVERE ] updating countdown to 49931
[13:41:48.015] [SEVERE ] updating countdown to 49821
[13:41:48.124] [SEVERE ] updating countdown to 49712
[13:41:48.235] [SEVERE ] updating countdown to 49601
[13:41:48.345] [SEVERE ] updating countdown to 49491
[13:41:48.451] [SEVERE ] updating countdown to 49385
[13:41:48.561] [SEVERE ] updating countdown to 49275
[13:41:48.663] [SEVERE ] updating countdown to 49173
[13:41:48.774] [SEVERE ] updating countdown to 49063
[13:41:48.884] [SEVERE ] updating countdown to 48952
[13:41:48.994] [SEVERE ] updating countdown to 48842
[13:41:49.105] [SEVERE ] updating countdown to 48731
[13:41:49.220] [SEVERE ] updating countdown to 48616
[13:41:49.331] [SEVERE ] updating countdown to 48505
[13:41:49.442] [SEVERE ] updating countdown to 48394
[13:41:49.551] [SEVERE ] updating countdown to 48285
[13:41:49.664] [SEVERE ] updating countdown to 48172
[13:41:49.776] [SEVERE ] updating countdown to 48060
[13:41:49.885] [SEVERE ] updating countdown to 47951
[13:41:49.997] [SEVERE ] updating countdown to 47839
[13:41:50.108] [SEVERE ] updating countdown to 47728
[13:41:50.217] [SEVERE ] updating countdown to 47619
[13:41:50.328] [SEVERE ] updating countdown to 47508
[13:41:50.440] [SEVERE ] updating countdown to 47396
[13:41:50.550] [SEVERE ] updating countdown to 47286
[13:41:50.661] [SEVERE ] updating countdown to 47175
[13:41:50.771] [SEVERE ] updating countdown to 47065
[13:41:50.881] [SEVERE ] updating countdown to 46955
[13:41:50.991] [SEVERE ] updating countdown to 46845
[13:41:51.101] [SEVERE ] updating countdown to 46735
[13:41:51.211] [SEVERE ] updating countdown to 46625
[13:41:51.322] [SEVERE ] updating countdown to 46514
[13:41:51.432] [SEVERE ] updating countdown to 46404
[13:41:51.542] [SEVERE ] updating countdown to 46294
[13:41:51.652] [SEVERE ] updating countdown to 46184
[13:41:51.762] [SEVERE ] updating countdown to 46074
[13:41:51.872] [SEVERE ] updating countdown to 45964
[13:41:51.984] [SEVERE ] updating countdown to 45852
[13:41:52.094] [SEVERE ] updating countdown to 45742
[13:41:52.205] [SEVERE ] updating countdown to 45631
[13:41:52.315] [SEVERE ] updating countdown to 45521
[13:41:52.425] [SEVERE ] updating countdown to 45411
[13:41:52.535] [SEVERE ] updating countdown to 45301
[13:41:52.646] [SEVERE ] updating countdown to 45190
[13:41:52.757] [SEVERE ] updating countdown to 45079
[13:41:52.867] [SEVERE ] updating countdown to 44969
[13:41:52.977] [SEVERE ] updating countdown to 44859
[13:41:53.091] [SEVERE ] updating countdown to 44745
[13:41:53.201] [SEVERE ] updating countdown to 44635
[13:41:53.311] [SEVERE ] updating countdown to 44525
[13:41:53.421] [SEVERE ] updating countdown to 44415
[13:41:53.532] [SEVERE ] updating countdown to 44304
[13:41:53.643] [SEVERE ] updating countdown to 44193
[13:41:53.754] [SEVERE ] updating countdown to 44082
[13:41:53.864] [SEVERE ] updating countdown to 43972
[13:41:53.974] [SEVERE ] updating countdown to 43862
[13:41:54.091] [SEVERE ] updating countdown to 43745
[13:41:54.201] [SEVERE ] updating countdown to 43635
[13:41:54.304] [SEVERE ] updating countdown to 43532
[13:41:54.414] [SEVERE ] updating countdown to 43422
[13:41:54.526] [SEVERE ] updating countdown to 43310
[13:41:54.636] [SEVERE ] updating countdown to 43200
[13:41:54.747] [SEVERE ] updating countdown to 43089
[13:41:54.859] [SEVERE ] updating countdown to 42977
[13:41:54.970] [SEVERE ] updating countdown to 42866
[13:41:55.084] [SEVERE ] updating countdown to 42752
[13:41:55.191] [SEVERE ] updating countdown to 42645
[13:41:55.301] [SEVERE ] updating countdown to 42535
[13:41:55.412] [SEVERE ] updating countdown to 42424
[13:41:55.522] [SEVERE ] updating countdown to 42314
[13:41:55.632] [SEVERE ] updating countdown to 42204
[13:41:55.743] [SEVERE ] updating countdown to 42093
[13:41:55.853] [SEVERE ] updating countdown to 41983
[13:41:55.963] [SEVERE ] updating countdown to 41873
[13:41:56.073] [SEVERE ] updating countdown to 41763
[13:41:56.184] [SEVERE ] updating countdown to 41652
[13:41:56.293] [SEVERE ] updating countdown to 41543
[13:41:56.404] [SEVERE ] updating countdown to 41432
[13:41:56.514] [SEVERE ] updating countdown to 41322
[13:41:56.625] [SEVERE ] updating countdown to 41211
[13:41:56.736] [SEVERE ] updating countdown to 41100
[13:41:56.846] [SEVERE ] updating countdown to 40990
[13:41:56.957] [SEVERE ] updating countdown to 40879
[13:41:57.066] [SEVERE ] updating countdown to 40770
[13:41:57.181] [SEVERE ] updating countdown to 40655
[13:41:57.291] [SEVERE ] updating countdown to 40545
[13:41:57.401] [SEVERE ] updating countdown to 40435
[13:41:57.513] [SEVERE ] updating countdown to 40323
[13:41:57.623] [SEVERE ] updating countdown to 40213
[13:41:57.734] [SEVERE ] updating countdown to 40102
[13:41:57.844] [SEVERE ] updating countdown to 39992
[13:41:57.955] [SEVERE ] updating countdown to 39881
[13:41:58.065] [SEVERE ] updating countdown to 39771
[13:41:58.175] [SEVERE ] updating countdown to 39661
[13:41:58.284] [SEVERE ] updating countdown to 39552
[13:41:58.394] [SEVERE ] updating countdown to 39442
[13:41:58.504] [SEVERE ] updating countdown to 39332
[13:41:58.614] [SEVERE ] updating countdown to 39222
[13:41:58.725] [SEVERE ] updating countdown to 39111
[13:41:58.838] [SEVERE ] updating countdown to 38998
[13:41:58.948] [SEVERE ] updating countdown to 38888
[13:41:59.058] [SEVERE ] updating countdown to 38778
[13:41:59.168] [SEVERE ] updating countdown to 38668
[13:41:59.278] [SEVERE ] updating countdown to 38558
[13:41:59.388] [SEVERE ] updating countdown to 38448
[13:41:59.499] [SEVERE ] updating countdown to 38337
[13:41:59.610] [SEVERE ] updating countdown to 38226
[13:41:59.721] [SEVERE ] updating countdown to 38115
[13:41:59.832] [SEVERE ] updating countdown to 38004
[13:41:59.942] [SEVERE ] updating countdown to 37894
[13:42:00.053] [SEVERE ] updating countdown to 37783
[13:42:00.163] [SEVERE ] updating countdown to 37673
[13:42:00.273] [SEVERE ] updating countdown to 37563
[13:42:00.383] [SEVERE ] updating countdown to 37453
[13:42:00.493] [SEVERE ] updating countdown to 37343
[13:42:00.603] [SEVERE ] updating countdown to 37233
[13:42:00.712] [SEVERE ] updating countdown to 37124
[13:42:00.824] [SEVERE ] updating countdown to 37012
[13:42:00.928] [SEVERE ] updating countdown to 36908
[13:42:01.039] [SEVERE ] updating countdown to 36797
[13:42:01.149] [SEVERE ] updating countdown to 36687
[13:42:01.260] [SEVERE ] updating countdown to 36576
[13:42:01.366] [SEVERE ] updating countdown to 36470
[13:42:01.473] [SEVERE ] updating countdown to 36363
[13:42:01.583] [SEVERE ] updating countdown to 36253
[13:42:01.693] [SEVERE ] updating countdown to 36143
[13:42:01.796] [SEVERE ] updating countdown to 36040
[13:42:01.897] [SEVERE ] updating countdown to 35939
[13:42:02.003] [SEVERE ] updating countdown to 35833
[13:42:02.114] [SEVERE ] updating countdown to 35722
[13:42:02.224] [SEVERE ] updating countdown to 35612
[13:42:02.335] [SEVERE ] updating countdown to 35501
[13:42:02.445] [SEVERE ] updating countdown to 35391
[13:42:02.556] [SEVERE ] updating countdown to 35280
[13:42:02.667] [SEVERE ] updating countdown to 35169
[13:42:02.769] [SEVERE ] updating countdown to 35067
[13:42:02.879] [SEVERE ] updating countdown to 34957
[13:42:02.990] [SEVERE ] updating countdown to 34846
[13:42:03.100] [SEVERE ] updating countdown to 34736
[13:42:03.210] [SEVERE ] updating countdown to 34626
[13:42:03.321] [SEVERE ] updating countdown to 34515
[13:42:03.431] [SEVERE ] updating countdown to 34405
[13:42:03.541] [SEVERE ] updating countdown to 34295
[13:42:03.652] [SEVERE ] updating countdown to 34184
[13:42:03.762] [SEVERE ] updating countdown to 34074
[13:42:03.872] [SEVERE ] updating countdown to 33964
[13:42:03.984] [SEVERE ] updating countdown to 33852
[13:42:04.094] [SEVERE ] updating countdown to 33742
[13:42:04.204] [SEVERE ] updating countdown to 33632
[13:42:04.314] [SEVERE ] updating countdown to 33522
[13:42:04.424] [SEVERE ] updating countdown to 33412
[13:42:04.534] [SEVERE ] updating countdown to 33302
[13:42:04.643] [SEVERE ] updating countdown to 33193
[13:42:04.754] [SEVERE ] updating countdown to 33082
[13:42:04.864] [SEVERE ] updating countdown to 32972
[13:42:04.965] [SEVERE ] updating countdown to 32871
[13:42:05.076] [SEVERE ] updating countdown to 32760
[13:42:05.184] [SEVERE ] updating countdown to 32652
[13:42:05.293] [SEVERE ] updating countdown to 32543
[13:42:05.403] [SEVERE ] updating countdown to 32433
[13:42:05.514] [SEVERE ] updating countdown to 32322
[13:42:05.624] [SEVERE ] updating countdown to 32212
[13:42:05.734] [SEVERE ] updating countdown to 32102
[13:42:05.844] [SEVERE ] updating countdown to 31992
[13:42:05.956] [SEVERE ] updating countdown to 31880
[13:42:06.067] [SEVERE ] updating countdown to 31769
[13:42:06.176] [SEVERE ] updating countdown to 31660
[13:42:06.286] [SEVERE ] updating countdown to 31550
[13:42:06.396] [SEVERE ] updating countdown to 31440
[13:42:06.506] [SEVERE ] updating countdown to 31330
[13:42:06.618] [SEVERE ] updating countdown to 31218
[13:42:06.731] [SEVERE ] updating countdown to 31105
[13:42:06.836] [SEVERE ] updating countdown to 31000
[13:42:06.963] [SEVERE ] updating countdown to 30873
[13:42:07.073] [SEVERE ] updating countdown to 30763
[13:42:07.187] [SEVERE ] updating countdown to 30649
[13:42:07.298] [SEVERE ] updating countdown to 30538
[13:42:07.408] [SEVERE ] updating countdown to 30428
[13:42:07.518] [SEVERE ] updating countdown to 30318
[13:42:07.628] [SEVERE ] updating countdown to 30208
[13:42:07.738] [SEVERE ] updating countdown to 30098
[13:42:07.839] [SEVERE ] updating countdown to 29997
[13:42:07.951] [SEVERE ] updating countdown to 29885
[13:42:08.061] [SEVERE ] updating countdown to 29775
[13:42:08.171] [SEVERE ] updating countdown to 29665
[13:42:08.312] [SEVERE ] updating countdown to 29524
[13:42:08.422] [SEVERE ] updating countdown to 29414
[13:42:08.533] [SEVERE ] updating countdown to 29303
[13:42:08.642] [SEVERE ] updating countdown to 29194
[13:42:08.752] [SEVERE ] updating countdown to 29084
[13:42:08.862] [SEVERE ] updating countdown to 28974
[13:42:08.974] [SEVERE ] updating countdown to 28862
[13:42:09.084] [SEVERE ] updating countdown to 28752
[13:42:09.194] [SEVERE ] updating countdown to 28642
[13:42:09.304] [SEVERE ] updating countdown to 28532
[13:42:09.414] [SEVERE ] updating countdown to 28422
[13:42:09.524] [SEVERE ] updating countdown to 28312
[13:42:09.634] [SEVERE ] updating countdown to 28202
[13:42:09.743] [SEVERE ] updating countdown to 28093
[13:42:09.853] [SEVERE ] updating countdown to 27983
[13:42:09.959] [SEVERE ] updating countdown to 27877
[13:42:10.071] [SEVERE ] updating countdown to 27765
[13:42:10.181] [SEVERE ] updating countdown to 27655
[13:42:10.291] [SEVERE ] updating countdown to 27545
[13:42:10.401] [SEVERE ] updating countdown to 27435
[13:42:10.510] [SEVERE ] updating countdown to 27326
[13:42:10.620] [SEVERE ] updating countdown to 27216
[13:42:10.730] [SEVERE ] updating countdown to 27106
[13:42:10.840] [SEVERE ] updating countdown to 26996
[13:42:10.951] [SEVERE ] updating countdown to 26885
[13:42:11.060] [SEVERE ] updating countdown to 26776
[13:42:11.172] [SEVERE ] updating countdown to 26664
[13:42:11.283] [SEVERE ] updating countdown to 26553
[13:42:11.393] [SEVERE ] updating countdown to 26443
[13:42:11.502] [SEVERE ] updating countdown to 26334
[13:42:11.612] [SEVERE ] updating countdown to 26224
[13:42:11.722] [SEVERE ] updating countdown to 26114
[13:42:11.832] [SEVERE ] updating countdown to 26004
[13:42:11.933] [SEVERE ] updating countdown to 25903
[13:42:12.038] [SEVERE ] updating countdown to 25798
[13:42:12.139] [SEVERE ] updating countdown to 25697
[13:42:12.250] [SEVERE ] updating countdown to 25586
[13:42:12.361] [SEVERE ] updating countdown to 25475
[13:42:12.471] [SEVERE ] updating countdown to 25365
[13:42:12.581] [SEVERE ] updating countdown to 25255
[13:42:12.691] [SEVERE ] updating countdown to 25145
[13:42:12.802] [SEVERE ] updating countdown to 25034
[13:42:12.913] [SEVERE ] updating countdown to 24923
[13:42:13.025] [SEVERE ] updating countdown to 24811
[13:42:13.135] [SEVERE ] updating countdown to 24701
[13:42:13.244] [SEVERE ] updating countdown to 24592
[13:42:13.354] [SEVERE ] updating countdown to 24482
[13:42:13.464] [SEVERE ] updating countdown to 24372
[13:42:13.574] [SEVERE ] updating countdown to 24262
[13:42:13.684] [SEVERE ] updating countdown to 24152
[13:42:13.795] [SEVERE ] updating countdown to 24041
[13:42:13.898] [SEVERE ] updating countdown to 23938
[13:42:14.009] [SEVERE ] updating countdown to 23827
[13:42:14.121] [SEVERE ] updating countdown to 23715
[13:42:14.230] [SEVERE ] updating countdown to 23606
[13:42:14.341] [SEVERE ] updating countdown to 23495
[13:42:14.452] [SEVERE ] updating countdown to 23384
[13:42:14.562] [SEVERE ] updating countdown to 23274
[13:42:14.671] [SEVERE ] updating countdown to 23165
[13:42:14.782] [SEVERE ] updating countdown to 23054
[13:42:14.893] [SEVERE ] updating countdown to 22943
[13:42:15.003] [SEVERE ] updating countdown to 22833
[13:42:15.130] [SEVERE ] updating countdown to 22706
[13:42:15.240] [SEVERE ] updating countdown to 22596
[13:42:15.349] [SEVERE ] updating countdown to 22487
[13:42:15.460] [SEVERE ] updating countdown to 22376
[13:42:15.570] [SEVERE ] updating countdown to 22266
[13:42:15.680] [SEVERE ] updating countdown to 22156
[13:42:15.790] [SEVERE ] updating countdown to 22046
[13:42:15.900] [SEVERE ] updating countdown to 21936
[13:42:16.011] [SEVERE ] updating countdown to 21825
[13:42:16.121] [SEVERE ] updating countdown to 21715
[13:42:16.231] [SEVERE ] updating countdown to 21605
[13:42:16.341] [SEVERE ] updating countdown to 21495
[13:42:16.451] [SEVERE ] updating countdown to 21385
[13:42:16.552] [SEVERE ] updating countdown to 21284
[13:42:16.662] [SEVERE ] updating countdown to 21174
[13:42:16.772] [SEVERE ] updating countdown to 21064
[13:42:16.883] [SEVERE ] updating countdown to 20953
[13:42:16.995] [SEVERE ] updating countdown to 20841
[13:42:17.106] [SEVERE ] updating countdown to 20730
[13:42:17.215] [SEVERE ] updating countdown to 20621
[13:42:17.326] [SEVERE ] updating countdown to 20510
[13:42:17.436] [SEVERE ] updating countdown to 20400
[13:42:17.545] [SEVERE ] updating countdown to 20291
[13:42:17.655] [SEVERE ] updating countdown to 20181
[13:42:17.765] [SEVERE ] updating countdown to 20071
[13:42:17.876] [SEVERE ] updating countdown to 19960
[13:42:17.987] [SEVERE ] updating countdown to 19849
[13:42:18.097] [SEVERE ] updating countdown to 19739
[13:42:18.207] [SEVERE ] updating countdown to 19629
[13:42:18.316] [SEVERE ] updating countdown to 19520
[13:42:18.426] [SEVERE ] updating countdown to 19410
[13:42:18.536] [SEVERE ] updating countdown to 19300
[13:42:18.646] [SEVERE ] updating countdown to 19190
[13:42:18.757] [SEVERE ] updating countdown to 19079
[13:42:18.867] [SEVERE ] updating countdown to 18969
[13:42:18.977] [SEVERE ] updating countdown to 18859
[13:42:19.087] [SEVERE ] updating countdown to 18749
[13:42:19.201] [SEVERE ] updating countdown to 18635
[13:42:19.311] [SEVERE ] updating countdown to 18525
[13:42:19.421] [SEVERE ] updating countdown to 18415
[13:42:19.531] [SEVERE ] updating countdown to 18305
[13:42:19.641] [SEVERE ] updating countdown to 18195
[13:42:19.751] [SEVERE ] updating countdown to 18085
[13:42:19.862] [SEVERE ] updating countdown to 17974
[13:42:19.972] [SEVERE ] updating countdown to 17864
[13:42:20.082] [SEVERE ] updating countdown to 17754
[13:42:20.192] [SEVERE ] updating countdown to 17644
[13:42:20.303] [SEVERE ] updating countdown to 17533
[13:42:20.413] [SEVERE ] updating countdown to 17423
[13:42:20.522] [SEVERE ] updating countdown to 17314
[13:42:20.632] [SEVERE ] updating countdown to 17204
[13:42:20.743] [SEVERE ] updating countdown to 17093
[13:42:20.854] [SEVERE ] updating countdown to 16982
[13:42:20.965] [SEVERE ] updating countdown to 16871
[13:42:21.076] [SEVERE ] updating countdown to 16760
[13:42:21.187] [SEVERE ] updating countdown to 16649
[13:42:21.297] [SEVERE ] updating countdown to 16539
[13:42:21.407] [SEVERE ] updating countdown to 16429
[13:42:21.517] [SEVERE ] updating countdown to 16319
[13:42:21.627] [SEVERE ] updating countdown to 16209
[13:42:21.737] [SEVERE ] updating countdown to 16099
[13:42:21.848] [SEVERE ] updating countdown to 15988
[13:42:21.960] [SEVERE ] updating countdown to 15876
[13:42:22.070] [SEVERE ] updating countdown to 15766
[13:42:22.181] [SEVERE ] updating countdown to 15655
[13:42:22.291] [SEVERE ] updating countdown to 15545
[13:42:22.401] [SEVERE ] updating countdown to 15435
[13:42:22.510] [SEVERE ] updating countdown to 15326
[13:42:22.620] [SEVERE ] updating countdown to 15216
[13:42:22.730] [SEVERE ] updating countdown to 15106
[13:42:22.841] [SEVERE ] updating countdown to 14995
[13:42:22.951] [SEVERE ] updating countdown to 14885
[13:42:23.062] [SEVERE ] updating countdown to 14774
[13:42:23.173] [SEVERE ] updating countdown to 14663
[13:42:23.284] [SEVERE ] updating countdown to 14552
[13:42:23.393] [SEVERE ] updating countdown to 14443
[13:42:23.503] [SEVERE ] updating countdown to 14333
[13:42:23.612] [SEVERE ] updating countdown to 14224
[13:42:23.722] [SEVERE ] updating countdown to 14114
[13:42:23.833] [SEVERE ] updating countdown to 14003
[13:42:23.944] [SEVERE ] updating countdown to 13892
[13:42:24.055] [SEVERE ] updating countdown to 13781
[13:42:24.165] [SEVERE ] updating countdown to 13671
[13:42:24.279] [SEVERE ] updating countdown to 13557
[13:42:24.390] [SEVERE ] updating countdown to 13446
[13:42:24.499] [SEVERE ] updating countdown to 13337
[13:42:24.609] [SEVERE ] updating countdown to 13227
[13:42:24.718] [SEVERE ] updating countdown to 13118
[13:42:24.829] [SEVERE ] updating countdown to 13007
[13:42:24.939] [SEVERE ] updating countdown to 12897
[13:42:25.050] [SEVERE ] updating countdown to 12786
[13:42:25.151] [SEVERE ] updating countdown to 12685
[13:42:25.255] [SEVERE ] updating countdown to 12581
[13:42:25.364] [SEVERE ] updating countdown to 12472
[13:42:25.475] [SEVERE ] updating countdown to 12361
[13:42:25.586] [SEVERE ] updating countdown to 12250
[13:42:25.696] [SEVERE ] updating countdown to 12140
[13:42:25.806] [SEVERE ] updating countdown to 12030
[13:42:25.917] [SEVERE ] updating countdown to 11919
[13:42:26.027] [SEVERE ] updating countdown to 11809
[13:42:26.138] [SEVERE ] updating countdown to 11698
[13:42:26.248] [SEVERE ] updating countdown to 11588
[13:42:26.358] [SEVERE ] updating countdown to 11478
[13:42:26.468] [SEVERE ] updating countdown to 11368
[13:42:26.579] [SEVERE ] updating countdown to 11257
[13:42:26.689] [SEVERE ] updating countdown to 11147
[13:42:26.799] [SEVERE ] updating countdown to 11037
[13:42:26.909] [SEVERE ] updating countdown to 10927
[13:42:27.019] [SEVERE ] updating countdown to 10817
[13:42:27.130] [SEVERE ] updating countdown to 10706
[13:42:27.242] [SEVERE ] updating countdown to 10594
[13:42:27.353] [SEVERE ] updating countdown to 10483
[13:42:27.463] [SEVERE ] updating countdown to 10373
[13:42:27.574] [SEVERE ] updating countdown to 10262
[13:42:27.684] [SEVERE ] updating countdown to 10152
[13:42:27.795] [SEVERE ] updating countdown to 10041
[13:42:27.905] [SEVERE ] updating countdown to 9931
[13:42:28.017] [SEVERE ] updating countdown to 9819
[13:42:28.127] [SEVERE ] updating countdown to 9709
[13:42:28.237] [SEVERE ] updating countdown to 9599
[13:42:28.348] [SEVERE ] updating countdown to 9488
[13:42:28.459] [SEVERE ] updating countdown to 9377
[13:42:28.569] [SEVERE ] updating countdown to 9267
[13:42:28.680] [SEVERE ] updating countdown to 9156
[13:42:28.790] [SEVERE ] updating countdown to 9046
[13:42:28.902] [SEVERE ] updating countdown to 8934
[13:42:29.009] [SEVERE ] updating countdown to 8827
[13:42:29.119] [SEVERE ] updating countdown to 8717
[13:42:29.220] [SEVERE ] updating countdown to 8616
[13:42:29.331] [SEVERE ] updating countdown to 8505
[13:42:29.441] [SEVERE ] updating countdown to 8395
[13:42:29.551] [SEVERE ] updating countdown to 8285
[13:42:29.661] [SEVERE ] updating countdown to 8175
[13:42:29.771] [SEVERE ] updating countdown to 8065
[13:42:29.883] [SEVERE ] updating countdown to 7953
[13:42:29.994] [SEVERE ] updating countdown to 7842
[13:42:30.105] [SEVERE ] updating countdown to 7731
[13:42:30.215] [SEVERE ] updating countdown to 7621
[13:42:30.326] [SEVERE ] updating countdown to 7510
[13:42:30.436] [SEVERE ] updating countdown to 7400
[13:42:30.546] [SEVERE ] updating countdown to 7290
[13:42:30.656] [SEVERE ] updating countdown to 7180
[13:42:30.766] [SEVERE ] updating countdown to 7070
[13:42:30.877] [SEVERE ] updating countdown to 6959
[13:42:30.990] [SEVERE ] updating countdown to 6846
[13:42:31.102] [SEVERE ] updating countdown to 6734
[13:42:31.211] [SEVERE ] updating countdown to 6625
[13:42:31.324] [SEVERE ] updating countdown to 6512
[13:42:31.434] [SEVERE ] updating countdown to 6402
[13:42:31.544] [SEVERE ] updating countdown to 6292
[13:42:31.656] [SEVERE ] updating countdown to 6180
[13:42:31.761] [SEVERE ] updating countdown to 6075
[13:42:31.872] [SEVERE ] updating countdown to 5964
[13:42:31.983] [SEVERE ] updating countdown to 5853
[13:42:32.094] [SEVERE ] updating countdown to 5742
[13:42:32.204] [SEVERE ] updating countdown to 5632
[13:42:32.315] [SEVERE ] updating countdown to 5521
[13:42:32.437] [SEVERE ] updating countdown to 5399
[13:42:32.547] [SEVERE ] updating countdown to 5289
[13:42:32.651] [SEVERE ] updating countdown to 5185
[13:42:32.761] [SEVERE ] updating countdown to 5075
[13:42:37.852] [SEVERE ] removing all tokens
[13:42:37.964] [SEVERE ] placing card 45 in slot 0
[13:42:38.073] [SEVERE ] placing card 15 in slot 1
[13:42:38.184] [SEVERE ] placing card 39 in slot 2
[13:42:38.294] [SEVERE ] placing card 75 in slot 3
[13:42:38.404] [SEVERE ] placing card 66 in slot 4
[13:42:38.514] [SEVERE ] placing card 30 in slot 5
[13:42:38.624] [SEVERE ] placing card 58 in slot 6
[13:42:38.738] [SEVERE ] placing card 19 in slot 7
[13:42:38.850] [SEVERE ] placing card 28 in slot 8
[13:42:38.961] [SEVERE ] placing card 16 in slot 9
[13:42:39.071] [SEVERE ] placing card 1 in slot 10
[13:42:39.178] [SEVERE ] placing card 25 in slot 11
[13:42:39.178] [SEVERE ] updating countdown to 60000
[13:42:39.292] [SEVERE ] updating countdown to 59886
[13:42:39.402] [SEVERE ] updating countdown to 59776
[13:42:39.512] [SEVERE ] updating countdown to 59666
[13:42:39.617] [SEVERE ] updating countdown to 59561
[13:42:39.727] [SEVERE ] updating countdown to 59451
[13:42:39.840] [SEVERE ] updating countdown to 59338
[13:42:39.950] [SEVERE ] updating countdown to 59228
[13:42:40.050] [SEVERE ] updating countdown to 59128
[13:42:40.161] [SEVERE ] updating countdown to 59017
[13:42:40.271] [SEVERE ] updating countdown to 58907
[13:42:40.381] [SEVERE ] updating countdown to 58797
[13:42:40.492] [SEVERE ] updating countdown to 58686
[13:42:40.603] [SEVERE ] updating countdown to 58575
[13:42:40.706] [SEVERE ] updating countdown to 58472
[13:42:40.816] [SEVERE ] updating countdown to 58362
[13:42:40.926] [SEVERE ] updating countdown to 58252
[13:42:41.037] [SEVERE ] updating countdown to 58141
[13:42:41.148] [SEVERE ] updating countdown to 58030
[13:42:41.259] [SEVERE ] updating countdown to 57919
[13:42:41.368] [SEVERE ] updating countdown to 57810
[13:42:41.480] [SEVERE ] updating countdown to 57698
[13:42:41.590] [SEVERE ] updating countdown to 57588
[13:42:41.699] [SEVERE ] updating countdown to 57479
[13:42:41.810] [SEVERE ] updating countdown to 57368
[13:42:41.919] [SEVERE ] updating countdown to 57259
[13:42:42.030] [SEVERE ] updating countdown to 57148
[13:42:42.141] [SEVERE ] updating countdown to 57037
[13:42:42.251] [SEVERE ] updating countdown to 56927
[13:42:42.362] [SEVERE ] updating countdown to 56816
[13:42:42.472] [SEVERE ] updating countdown to 56706
[13:42:42.582] [SEVERE ] updating countdown to 56596
[13:42:42.692] [SEVERE ] updating countdown to 56486
[13:42:42.803] [SEVERE ] updating countdown to 56375
[13:42:42.910] [SEVERE ] updating countdown to 56268
[13:42:43.020] [SEVERE ] updating countdown to 56158
[13:42:43.130] [SEVERE ] updating countdown to 56048
[13:42:43.231] [SEVERE ] updating countdown to 55947
[13:42:43.343] [SEVERE ] updating countdown to 55835
[13:42:43.453] [SEVERE ] updating countdown to 55725
[13:42:43.562] [SEVERE ] updating countdown to 55616
[13:42:43.672] [SEVERE ] updating countdown to 55506
[13:42:43.782] [SEVERE ] updating countdown to 55396
[13:42:43.884] [SEVERE ] updating countdown to 55294
[13:42:43.995] [SEVERE ] updating countdown to 55183
[13:42:44.105] [SEVERE ] updating countdown to 55073
[13:42:44.216] [SEVERE ] updating countdown to 54962
[13:42:44.326] [SEVERE ] updating countdown to 54852
[13:42:44.435] [SEVERE ] updating countdown to 54743
[13:42:44.545] [SEVERE ] updating countdown to 54633
[13:42:44.655] [SEVERE ] updating countdown to 54523
[13:42:44.765] [SEVERE ] updating countdown to 54413
[13:42:44.875] [SEVERE ] updating countdown to 54303
[13:42:44.987] [SEVERE ] updating countdown to 54191
[13:42:45.098] [SEVERE ] updating countdown to 54080
[13:42:45.208] [SEVERE ] updating countdown to 53970
[13:42:45.318] [SEVERE ] updating countdown to 53860
[13:42:45.428] [SEVERE ] updating countdown to 53750
[13:42:45.537] [SEVERE ] updating countdown to 53641
[13:42:45.647] [SEVERE ] updating countdown to 53531
[13:42:45.757] [SEVERE ] updating countdown to 53421
[13:42:45.859] [SEVERE ] updating countdown to 53319
[13:42:45.969] [SEVERE ] updating countdown to 53209
[13:42:46.081] [SEVERE ] updating countdown to 53097
[13:42:46.186] [SEVERE ] updating countdown to 52992
[13:42:46.296] [SEVERE ] updating countdown to 52882
[13:42:46.408] [SEVERE ] updating countdown to 52770
[13:42:46.519] [SEVERE ] updating countdown to 52659
[13:42:46.629] [SEVERE ] updating countdown to 52549
[13:42:46.739] [SEVERE ] updating countdown to 52439
[13:42:46.848] [SEVERE ] updating countdown to 52330
[13:42:46.958] [SEVERE ] updating countdown to 52220
[13:42:47.068] [SEVERE ] updating countdown to 52110
[13:42:47.180] [SEVERE ] updating countdown to 51998
[13:42:47.290] [SEVERE ] updating countdown to 51888
[13:42:47.400] [SEVERE ] updating countdown to 51778
[13:42:47.510] [SEVERE ] updating countdown to 51668
[13:42:47.620] [SEVERE ] updating countdown to 51558
[13:42:47.729] [SEVERE ] updating countdown to 51449
[13:42:47.840] [SEVERE ] updating countdown to 51338
[13:42:47.949] [SEVERE ] updating countdown to 51229
[13:42:48.060] [SEVERE ] updating countdown to 51118
[13:42:48.170] [SEVERE ] updating countdown to 51008
[13:42:48.280] [SEVERE ] updating countdown to 50898
[13:42:48.391] [SEVERE ] updating countdown to 50787
[13:42:48.502] [SEVERE ] updating countdown to 50676
[13:42:48.612] [SEVERE ] updating countdown to 50566
[13:42:48.721] [SEVERE ] updating countdown to 50457
[13:42:48.833] [SEVERE ] updating countdown to 50345
[13:42:48.943] [SEVERE ] updating countdown to 50235
[13:42:49.053] [SEVERE ] updating countdown to 50125
[13:42:49.155] [SEVERE ] updating countdown to 50023
[13:42:49.265] [SEVERE ] updating countdown to 49913
[13:42:49.377] [SEVERE ] updating countdown to 49801
[13:42:49.487] [SEVERE ] updating countdown to 49691
[13:42:49.596] [SEVERE ] updating countdown to 49582
[13:42:49.701] [SEVERE ] updating countdown to 49477
[13:42:49.811] [SEVERE ] updating countdown to 49367
[13:42:49.921] [SEVERE ] updating countdown to 49257
[13:42:50.031] [SEVERE ] updating countdown to 49147
[13:42:50.141] [SEVERE ] updating countdown to 49037
[13:42:50.251] [SEVERE ] updating countdown to 48927
[13:42:50.361] [SEVERE ] updating countdown to 48817
[13:42:50.472] [SEVERE ] updating countdown to 48706
[13:42:50.581] [SEVERE ] updating countdown to 48597
[13:42:50.691] [SEVERE ] updating countdown to 48487
[13:42:50.801] [SEVERE ] updating countdown to 48377
[13:42:50.911] [SEVERE ] updating countdown to 48267
[13:42:51.021] [SEVERE ] updating countdown to 48157
[13:42:51.131] [SEVERE ] updating countdown to 48047
[13:42:51.241] [SEVERE ] updating countdown to 47937
[13:42:51.351] [SEVERE ] updating countdown to 47827
[13:42:51.460] [SEVERE ] updating countdown to 47718
[13:42:51.570] [SEVERE ] updating countdown to 47608
[13:42:51.680] [SEVERE ] updating countdown to 47498
[13:42:51.790] [SEVERE ] updating countdown to 47388
[13:42:51.935] [SEVERE ] updating countdown to 47243
[13:42:52.045] [SEVERE ] updating countdown to 47133
[13:42:52.155] [SEVERE ] updating countdown to 47023
[13:42:52.265] [SEVERE ] updating countdown to 46913
[13:42:52.375] [SEVERE ] updating countdown to 46803
[13:42:52.484] [SEVERE ] updating countdown to 46694
[13:42:52.595] [SEVERE ] updating countdown to 46583
[13:42:52.707] [SEVERE ] updating countdown to 46471
[13:42:52.817] [SEVERE ] updating countdown to 46361
[13:42:52.931] [SEVERE ] updating countdown to 46247
[13:42:53.041] [SEVERE ] updating countdown to 46137
[13:42:53.151] [SEVERE ] updating countdown to 46027
[13:42:53.292] [SEVERE ] updating countdown to 45886
[13:42:53.402] [SEVERE ] updating countdown to 45776
[13:42:53.513] [SEVERE ] updating countdown to 45665
[13:42:53.623] [SEVERE ] updating countdown to 45555
[13:42:53.732] [SEVERE ] updating countdown to 45446
[13:42:53.842] [SEVERE ] updating countdown to 45336
[13:42:53.953] [SEVERE ] updating countdown to 45225
[13:42:54.064] [SEVERE ] updating countdown to 45114
[13:42:54.173] [SEVERE ] updating countdown to 45005
[13:42:54.283] [SEVERE ] updating countdown to 44895
[13:42:54.393] [SEVERE ] updating countdown to 44785
[13:42:54.503] [SEVERE ] updating countdown to 44675
[13:42:54.612] [SEVERE ] updating countdown to 44566
[13:42:54.722] [SEVERE ] updating countdown to 44456
[13:42:54.833] [SEVERE ] updating countdown to 44345
[13:42:54.943] [SEVERE ] updating countdown to 44235
[13:42:55.053] [SEVERE ] updating countdown to 44125
[13:42:55.163] [SEVERE ] updating countdown to 44015
[13:42:55.273] [SEVERE ] updating countdown to 43905
[13:42:55.384] [SEVERE ] updating countdown to 43794
[13:42:55.494] [SEVERE ] updating countdown to 43684
[13:42:55.604] [SEVERE ] updating countdown to 43574
[13:42:55.714] [SEVERE ] updating countdown to 43464
[13:42:55.823] [SEVERE ] updating countdown to 43355
[13:42:55.934] [SEVERE ] updating countdown to 43244
[13:42:56.044] [SEVERE ] updating countdown to 43134
[13:42:56.154] [SEVERE ] updating countdown to 43024
[13:42:56.264] [SEVERE ] updating countdown to 42914
[13:42:56.374] [SEVERE ] updating countdown to 42804
[13:42:56.485] [SEVERE ] updating countdown to 42693
[13:42:56.595] [SEVERE ] updating countdown to 42583
[13:42:56.704] [SEVERE ] updating countdown to 42474
[13:42:56.814] [SEVERE ] updating countdown to 42364
[13:42:56.924] [SEVERE ] updating countdown to 42254
[13:42:57.036] [SEVERE ] updating countdown to 42142
[13:42:57.146] [SEVERE ] updating countdown to 42032
[13:42:57.257] [SEVERE ] updating countdown to 41921
[13:42:57.383] [SEVERE ] updating countdown to 41795
[13:42:57.493] [SEVERE ] updating countdown to 41685
[13:42:57.603] [SEVERE ] updating countdown to 41575
[13:42:57.713] [SEVERE ] updating countdown to 41465
[13:42:57.823] [SEVERE ] updating countdown to 41355
[13:42:57.933] [SEVERE ] updating countdown to 41245
[13:42:58.043] [SEVERE ] updating countdown to 41135
[13:42:58.153] [SEVERE ] updating countdown to 41025
[13:42:58.263] [SEVERE ] updating countdown to 40915
[13:42:58.375] [SEVERE ] updating countdown to 40803
[13:42:58.484] [SEVERE ] updating countdown to 40694
[13:42:58.594] [SEVERE ] updating countdown to 40584
[13:42:58.703] [SEVERE ] updating countdown to 40475
[13:42:58.813] [SEVERE ] updating countdown to 40365
[13:42:58.923] [SEVERE ] updating countdown to 40255
[13:42:59.033] [SEVERE ] updating countdown to 40145
[13:42:59.143] [SEVERE ] updating countdown to 40035
[13:42:59.253] [SEVERE ] updating countdown to 39925
[13:42:59.363] [SEVERE ] updating countdown to 39815
[13:42:59.473] [SEVERE ] updating countdown to 39705
[13:42:59.582] [SEVERE ] updating countdown to 39596
[13:42:59.692] [SEVERE ] updating countdown to 39486
[13:42:59.802] [SEVERE ] updating countdown to 39376
[13:42:59.912] [SEVERE ] updating countdown to 39266
[13:43:00.024] [SEVERE ] updating countdown to 39154
[13:43:00.134] [SEVERE ] updating countdown to 39044
[13:43:00.244] [SEVERE ] updating countdown to 38934
[13:43:00.354] [SEVERE ] updating countdown to 38824
[13:43:00.464] [SEVERE ] updating countdown to 38714
[13:43:00.574] [SEVERE ] updating countdown to 38604
[13:43:00.684] [SEVERE ] updating countdown to 38494
[13:43:00.794] [SEVERE ] updating countdown to 38384
[13:43:00.904] [SEVERE ] updating countdown to 38274
[13:43:01.014] [SEVERE ] updating countdown to 38164
[13:43:01.124] [SEVERE ] updating countdown to 38054
[13:43:01.235] [SEVERE ] updating countdown to 37943
[13:43:01.345] [SEVERE ] updating countdown to 37833
[13:43:01.455] [SEVERE ] updating countdown to 37723
[13:43:01.565] [SEVERE ] updating countdown to 37613
[13:43:01.675] [SEVERE ] updating countdown to 37503
[13:43:01.785] [SEVERE ] updating countdown to 37393
[13:43:01.896] [SEVERE ] updating countdown to 37282
[13:43:02.006] [SEVERE ] updating countdown to 37172
[13:43:02.116] [SEVERE ] updating countdown to 37062
[13:43:02.226] [SEVERE ] updating countdown to 36952
[13:43:02.336] [SEVERE ] updating countdown to 36842
[13:43:02.447] [SEVERE ] updating countdown to 36731
[13:43:02.557] [SEVERE ] updating countdown to 36621
[13:43:02.667] [SEVERE ] updating countdown to 36511
[13:43:02.776] [SEVERE ] updating countdown to 36402
[13:43:02.886] [SEVERE ] updating countdown to 36292
[13:43:02.996] [SEVERE ] updating countdown to 36182
[13:43:03.106] [SEVERE ] updating countdown to 36072
[13:43:03.216] [SEVERE ] updating countdown to 35962
[13:43:03.326] [SEVERE ] updating countdown to 35852
[13:43:03.436] [SEVERE ] updating countdown to 35742
[13:43:03.546] [SEVERE ] updating countdown to 35632
[13:43:03.656] [SEVERE ] updating countdown to 35522
[13:43:03.766] [SEVERE ] updating countdown to 35412
[13:43:03.876] [SEVERE ] updating countdown to 35302
[13:43:03.986] [SEVERE ] updating countdown to 35192
[13:43:04.096] [SEVERE ] updating countdown to 35082
[13:43:04.205] [SEVERE ] updating countdown to 34973
[13:43:04.315] [SEVERE ] updating countdown to 34863
[13:43:04.424] [SEVERE ] updating countdown to 34754
[13:43:04.534] [SEVERE ] updating countdown to 34644
[13:43:04.645] [SEVERE ] updating countdown to 34533
[13:43:04.755] [SEVERE ] updating countdown to 34423
[13:43:04.865] [SEVERE ] updating countdown to 34313
[13:43:04.975] [SEVERE ] updating countdown to 34203
[13:43:05.085] [SEVERE ] updating countdown to 34093
[13:43:05.195] [SEVERE ] updating countdown to 33983
[13:43:05.305] [SEVERE ] updating countdown to 33873
[13:43:05.415] [SEVERE ] updating countdown to 33763
[13:43:05.525] [SEVERE ] updating countdown to 33653
[13:43:05.635] [SEVERE ] updating countdown to 33543
[13:43:05.745] [SEVERE ] updating countdown to 33433
[13:43:05.854] [SEVERE ] updating countdown to 33324
[13:43:05.964] [SEVERE ] updating countdown to 33214
[13:43:06.075] [SEVERE ] updating countdown to 33103
[13:43:06.184] [SEVERE ] updating countdown to 32994
[13:43:06.294] [SEVERE ] updating countdown to 32884
[13:43:06.404] [SEVERE ] updating countdown to 32774
[13:43:06.514] [SEVERE ] updating countdown to 32664
[13:43:06.623] [SEVERE ] updating countdown to 32555
[13:43:06.733] [SEVERE ] updating countdown to 32445
[13:43:06.843] [SEVERE ] updating countdown to 32335
[13:43:06.954] [SEVERE ] updating countdown to 32224
[13:43:07.063] [SEVERE ] updating countdown to 32115
[13:43:07.175] [SEVERE ] updating countdown to 32003
[13:43:07.285] [SEVERE ] updating countdown to 31893
[13:43:07.396] [SEVERE ] updating countdown to 31782
[13:43:07.506] [SEVERE ] updating countdown to 31672
[13:43:07.615] [SEVERE ] updating countdown to 31563
[13:43:07.725] [SEVERE ] updating countdown to 31453
[13:43:07.835] [SEVERE ] updating countdown to 31343
[13:43:07.945] [SEVERE ] updating countdown to 31233
[13:43:08.056] [SEVERE ] updating countdown to 31122
[13:43:08.166] [SEVERE ] updating countdown to 31012
[13:43:08.292] [SEVERE ] updating countdown to 30886
[13:43:08.402] [SEVERE ] updating countdown to 30776
[13:43:08.512] [SEVERE ] updating countdown to 30666
[13:43:08.622] [SEVERE ] updating countdown to 30556
[13:43:08.732] [SEVERE ] updating countdown to 30446
[13:43:08.842] [SEVERE ] updating countdown to 30336
[13:43:08.952] [SEVERE ] updating countdown to 30226
[13:43:09.062] [SEVERE ] updating countdown to 30116
[13:43:09.171] [SEVERE ] updating countdown to 30007
[13:43:09.281] [SEVERE ] updating countdown to 29897
[13:43:09.391] [SEVERE ] updating countdown to 29787
[13:43:09.501] [SEVERE ] updating countdown to 29677
[13:43:09.610] [SEVERE ] updating countdown to 29568
[13:43:09.720] [SEVERE ] updating countdown to 29458
[13:43:09.830] [SEVERE ] updating countdown to 29348
[13:43:09.943] [SEVERE ] updating countdown to 29235
[13:43:10.054] [SEVERE ] updating countdown to 29124
[13:43:10.164] [SEVERE ] updating countdown to 29014
[13:43:10.273] [SEVERE ] updating countdown to 28905
[13:43:10.384] [SEVERE ] updating countdown to 28794
[13:43:10.494] [SEVERE ] updating countdown to 28684
[13:43:10.604] [SEVERE ] updating countdown to 28574
[13:43:10.714] [SEVERE ] updating countdown to 28464
[13:43:10.824] [SEVERE ] updating countdown to 28354
[13:43:10.934] [SEVERE ] updating countdown to 28244
[13:43:11.044] [SEVERE ] updating countdown to 28134
[13:43:11.155] [SEVERE ] updating countdown to 28023
[13:43:11.264] [SEVERE ] updating countdown to 27914
[13:43:11.374] [SEVERE ] updating countdown to 27804
[13:43:11.484] [SEVERE ] updating countdown to 27694
[13:43:11.594] [SEVERE ] updating countdown to 27584
[13:43:11.704] [SEVERE ] updating countdown to 27474
[13:43:11.814] [SEVERE ] updating countdown to 27364
[13:43:11.924] [SEVERE ] updating countdown to 27254
[13:43:12.034] [SEVERE ] updating countdown to 27144
[13:43:12.144] [SEVERE ] updating countdown to 27034
[13:43:12.253] [SEVERE ] updating countdown to 26925
[13:43:12.380] [SEVERE ] updating countdown to 26798
[13:43:12.490] [SEVERE ] updating countdown to 26688
[13:43:12.599] [SEVERE ] updating countdown to 26579
[13:43:12.712] [SEVERE ] updating countdown to 26466
[13:43:12.822] [SEVERE ] updating countdown to 26356
[13:43:12.932] [SEVERE ] updating countdown to 26246
[13:43:13.042] [SEVERE ] updating countdown to 26136
[13:43:13.152] [SEVERE ] updating countdown to 26026
[13:43:13.263] [SEVERE ] updating countdown to 25915
[13:43:13.374] [SEVERE ] updating countdown to 25804
[13:43:13.483] [SEVERE ] updating countdown to 25695
[13:43:13.593] [SEVERE ] updating countdown to 25585
[13:43:13.741] [SEVERE ] updating countdown to 25437
[13:43:13.850] [SEVERE ] updating countdown to 25328
[13:43:13.962] [SEVERE ] updating countdown to 25216
[13:43:14.072] [SEVERE ] updating countdown to 25106
[13:43:14.183] [SEVERE ] updating countdown to 24995
[13:43:14.285] [SEVERE ] updating countdown to 24893
[13:43:14.388] [SEVERE ] updating countdown to 24790
[13:43:14.500] [SEVERE ] updating countdown to 24678
[13:43:14.610] [SEVERE ] updating countdown to 24568
[13:43:14.719] [SEVERE ] updating countdown to 24459
[13:43:14.830] [SEVERE ] updating countdown to 24348
[13:43:14.932] [SEVERE ] updating countdown to 24246
[13:43:15.043] [SEVERE ] updating countdown to 24135
[13:43:15.153] [SEVERE ] updating countdown to 24025
[13:43:15.267] [SEVERE ] updating countdown to 23911
[13:43:15.379] [SEVERE ] updating countdown to 23799
[13:43:15.492] [SEVERE ] updating countdown to 23686
[13:43:15.602] [SEVERE ] updating countdown to 23576
[13:43:15.713] [SEVERE ] updating countdown to 23465
[13:43:15.820] [SEVERE ] updating countdown to 23358
[13:43:15.930] [SEVERE ] updating countdown to 23248
[13:43:16.040] [SEVERE ] updating countdown to 23138
[13:43:16.150] [SEVERE ] updating countdown to 23028
[13:43:16.259] [SEVERE ] updating countdown to 22919
[13:43:16.370] [SEVERE ] updating countdown to 22808
[13:43:16.482] [SEVERE ] updating countdown to 22696
[13:43:16.592] [SEVERE ] updating countdown to 22586
[13:43:16.702] [SEVERE ] updating countdown to 22476
[13:43:16.813] [SEVERE ] updating countdown to 22365
[13:43:16.922] [SEVERE ] updating countdown to 22256
[13:43:17.030] [SEVERE ] updating countdown to 22148
[13:43:17.141] [SEVERE ] updating countdown to 22037
[13:43:17.251] [SEVERE ] updating countdown to 21927
[13:43:17.361] [SEVERE ] updating countdown to 21817
[13:43:17.471] [SEVERE ] updating countdown to 21707
[13:43:17.582] [SEVERE ] updating countdown to 21596
[13:43:17.691] [SEVERE ] updating countdown to 21487
[13:43:17.801] [SEVERE ] updating countdown to 21377
[13:43:17.907] [SEVERE ] updating countdown to 21271
[13:43:18.015] [SEVERE ] updating countdown to 21163
[13:43:18.125] [SEVERE ] updating countdown to 21053
[13:43:18.235] [SEVERE ] updating countdown to 20943
[13:43:18.346] [SEVERE ] updating countdown to 20832
[13:43:18.456] [SEVERE ] updating countdown to 20722
[13:43:18.566] [SEVERE ] updating countdown to 20612
[13:43:18.675] [SEVERE ] updating countdown to 20503
[13:43:18.780] [SEVERE ] updating countdown to 20398
[13:43:18.894] [SEVERE ] updating countdown to 20284
[13:43:19.003] [SEVERE ] updating countdown to 20175
[13:43:19.114] [SEVERE ] updating countdown to 20064
[13:43:19.224] [SEVERE ] updating countdown to 19954
[13:43:19.337] [SEVERE ] updating countdown to 19841
[13:43:19.451] [SEVERE ] updating countdown to 19727
[13:43:19.561] [SEVERE ] updating countdown to 19617
[13:43:19.671] [SEVERE ] updating countdown to 19507
[13:43:19.783] [SEVERE ] updating countdown to 19395
[13:43:19.893] [SEVERE ] updating countdown to 19285
[13:43:20.004] [SEVERE ] updating countdown to 19174
[13:43:20.114] [SEVERE ] updating countdown to 19064
[13:43:20.224] [SEVERE ] updating countdown to 18954
[13:43:20.338] [SEVERE ] updating countdown to 18840
[13:43:20.449] [SEVERE ] updating countdown to 18729
[13:43:20.558] [SEVERE ] updating countdown to 18620
[13:43:20.668] [SEVERE ] updating countdown to 18510
[13:43:20.778] [SEVERE ] updating countdown to 18400
[13:43:20.881] [SEVERE ] updating countdown to 18297
[13:43:20.991] [SEVERE ] updating countdown to 18187
[13:43:21.101] [SEVERE ] updating countdown to 18077
[13:43:21.210] [SEVERE ] updating countdown to 17968
[13:43:21.320] [SEVERE ] updating countdown to 17858
[13:43:21.430] [SEVERE ] updating countdown to 17748
[13:43:21.540] [SEVERE ] updating countdown to 17638
[13:43:21.650] [SEVERE ] updating countdown to 17528
[13:43:21.760] [SEVERE ] updating countdown to 17418
[13:43:21.871] [SEVERE ] updating countdown to 17307
[13:43:21.976] [SEVERE ] updating countdown to 17202
[13:43:22.085] [SEVERE ] updating countdown to 17093
[13:43:22.195] [SEVERE ] updating countdown to 16983
[13:43:22.306] [SEVERE ] updating countdown to 16872
[13:43:22.416] [SEVERE ] updating countdown to 16762
[13:43:22.526] [SEVERE ] updating countdown to 16652
[13:43:22.636] [SEVERE ] updating countdown to 16542
[13:43:22.745] [SEVERE ] updating countdown to 16433
[13:43:22.855] [SEVERE ] updating countdown to 16323
[13:43:22.965] [SEVERE ] updating countdown to 16213
[13:43:23.075] [SEVERE ] updating countdown to 16103
[13:43:23.185] [SEVERE ] updating countdown to 15993
[13:43:23.296] [SEVERE ] updating countdown to 15882
[13:43:23.406] [SEVERE ] updating countdown to 15772
[13:43:23.516] [SEVERE ] updating countdown to 15662
[13:43:23.626] [SEVERE ] updating countdown to 15552
[13:43:23.736] [SEVERE ] updating countdown to 15442
[13:43:23.846] [SEVERE ] updating countdown to 15332
[13:43:23.956] [SEVERE ] updating countdown to 15222
[13:43:24.066] [SEVERE ] updating countdown to 15112
[13:43:24.176] [SEVERE ] updating countdown to 15002
[13:43:24.286] [SEVERE ] updating countdown to 14892
[13:43:24.397] [SEVERE ] updating countdown to 14781
[13:43:24.507] [SEVERE ] updating countdown to 14671
[13:43:24.617] [SEVERE ] updating countdown to 14561
[13:43:24.727] [SEVERE ] updating countdown to 14451
[13:43:24.842] [SEVERE ] updating countdown to 14336
[13:43:24.952] [SEVERE ] updating countdown to 14226
[13:43:25.062] [SEVERE ] updating countdown to 14116
[13:43:25.166] [SEVERE ] updating countdown to 14012
[13:43:25.274] [SEVERE ] updating countdown to 13904
[13:43:25.385] [SEVERE ] updating countdown to 13793
[13:43:25.495] [SEVERE ] updating countdown to 13683
[13:43:25.606] [SEVERE ] updating countdown to 13572
[13:43:25.716] [SEVERE ] updating countdown to 13462
[13:43:25.826] [SEVERE ] updating countdown to 13352
[13:43:25.936] [SEVERE ] updating countdown to 13242
[13:43:26.039] [SEVERE ] updating countdown to 13139
[13:43:26.149] [SEVERE ] updating countdown to 13029
[13:43:26.259] [SEVERE ] updating countdown to 12919
[13:43:26.370] [SEVERE ] updating countdown to 12808
[13:43:26.482] [SEVERE ] updating countdown to 12696
[13:43:26.592] [SEVERE ] updating countdown to 12586
[13:43:26.702] [SEVERE ] updating countdown to 12476
[13:43:26.811] [SEVERE ] updating countdown to 12367
[13:43:26.921] [SEVERE ] updating countdown to 12257
[13:43:27.031] [SEVERE ] updating countdown to 12147
[13:43:27.143] [SEVERE ] updating countdown to 12035
[13:43:27.254] [SEVERE ] updating countdown to 11924
[13:43:27.380] [SEVERE ] updating countdown to 11798
[13:43:27.490] [SEVERE ] updating countdown to 11688
[13:43:27.600] [SEVERE ] updating countdown to 11578
[13:43:27.710] [SEVERE ] updating countdown to 11468
[13:43:27.820] [SEVERE ] updating countdown to 11358
[13:43:27.929] [SEVERE ] updating countdown to 11249
[13:43:28.039] [SEVERE ] updating countdown to 11139
[13:43:28.150] [SEVERE ] updating countdown to 11028
[13:43:28.260] [SEVERE ] updating countdown to 10918
[13:43:28.369] [SEVERE ] updating countdown to 10809
[13:43:28.479] [SEVERE ] updating countdown to 10699
[13:43:28.589] [SEVERE ] updating countdown to 10589
[13:43:28.730] [SEVERE ] updating countdown to 10448
[13:43:28.839] [SEVERE ] updating countdown to 10339
[13:43:28.953] [SEVERE ] updating countdown to 10225
[13:43:29.060] [SEVERE ] updating countdown to 10118
[13:43:29.170] [SEVERE ] updating countdown to 10008
[13:43:29.280] [SEVERE ] updating countdown to 9898
[13:43:29.391] [SEVERE ] updating countdown to 9787
[13:43:29.501] [SEVERE ] updating countdown to 9677
[13:43:29.611] [SEVERE ] updating countdown to 9567
[13:43:29.721] [SEVERE ] updating countdown to 9457
[13:43:29.831] [SEVERE ] updating countdown to 9347
[13:43:29.940] [SEVERE ] updating countdown to 9238
[13:43:30.050] [SEVERE ] updating countdown to 9128
[13:43:30.165] [SEVERE ] updating countdown to 9013
[13:43:30.276] [SEVERE ] updating countdown to 8902
[13:43:30.385] [SEVERE ] updating countdown to 8793
[13:43:30.500] [SEVERE ] updating countdown to 8678
[13:43:30.610] [SEVERE ] updating countdown to 8568
[13:43:30.719] [SEVERE ] updating countdown to 8459
[13:43:30.829] [SEVERE ] updating countdown to 8349
[13:43:30.940] [SEVERE ] updating countdown to 8238
[13:43:31.050] [SEVERE ] updating countdown to 8128
[13:43:31.160] [SEVERE ] updating countdown to 8018
[13:43:31.270] [SEVERE ] updating countdown to 7908
[13:43:31.382] [SEVERE ] updating countdown to 7796
[13:43:31.492] [SEVERE ] updating countdown to 7686
[13:43:31.604] [SEVERE ] updating countdown to 7574
[13:43:31.714] [SEVERE ] updating countdown to 7464
[13:43:31.824] [SEVERE ] updating countdown to 7354
[13:43:31.935] [SEVERE ] updating countdown to 7243
[13:43:32.047] [SEVERE ] updating countdown to 7131
[13:43:32.157] [SEVERE ] updating countdown to 7021
[13:43:32.268] [SEVERE ] updating countdown to 6910
[13:43:32.378] [SEVERE ] updating countdown to 6800
[13:43:32.488] [SEVERE ] updating countdown to 6690
[13:43:32.598] [SEVERE ] updating countdown to 6580
[13:43:32.708] [SEVERE ] updating countdown to 6470
[13:43:32.819] [SEVERE ] updating countdown to 6359
[13:43:32.932] [SEVERE ] updating countdown to 6246
[13:43:33.042] [SEVERE ] updating countdown to 6136
[13:43:33.152] [SEVERE ] updating countdown to 6026
[13:43:33.262] [SEVERE ] updating countdown to 5916
[13:43:33.372] [SEVERE ] updating countdown to 5806
[13:43:33.482] [SEVERE ] updating countdown to 5696
[13:43:33.592] [SEVERE ] updating countdown to 5586
[13:43:33.703] [SEVERE ] updating countdown to 5475
[13:43:33.805] [SEVERE ] updating countdown to 5373
[13:43:33.914] [SEVERE ] updating countdown to 5264
[13:43:34.024] [SEVERE ] updating countdown to 5154
[13:43:34.139] [SEVERE ] updating countdown to 5039
[13:43:39.187] [SEVERE ] removing all tokens
[13:43:39.297] [SEVERE ] placing card 48 in slot 0
[13:43:39.408] [SEVERE ] placing card 61 in slot 1
[13:43:39.519] [SEVERE ] placing card 60 in slot 2
[13:43:39.630] [SEVERE ] placing card 66 in slot 3
[13:43:39.740] [SEVERE ] placing card 20 in slot 4
[13:43:39.850] [SEVERE ] placing card 36 in slot 5
[13:43:39.960] [SEVERE ] placing card 0 in slot 6
[13:43:40.069] [SEVERE ] placing card 31 in slot 7
[13:43:40.179] [SEVERE ] placing card 23 in slot 8
[13:43:40.290] [SEVERE ] placing card 75 in slot 9
[13:43:40.403] [SEVERE ] placing card 3 in slot 10
[13:43:40.515] [SEVERE ] placing card 72 in slot 11
[13:43:40.515] [SEVERE ] updating countdown to 60000
[13:43:40.627] [SEVERE ] updating countdown to 59888
[13:43:40.737] [SEVERE ] updating countdown to 59778
[13:43:40.847] [SEVERE ] updating countdown to 59668
[13:43:40.961] [SEVERE ] updating countdown to 59554
[13:43:41.070] [SEVERE ] updating countdown to 59445
[13:43:41.184] [SEVERE ] updating countdown to 59331
[13:43:41.294] [SEVERE ] updating countdown to 59221
[13:43:41.404] [SEVERE ] updating countdown to 59111
[13:43:41.513] [SEVERE ] updating countdown to 59002
[13:43:41.624] [SEVERE ] updating countdown to 58891
[13:43:41.733] [SEVERE ] updating countdown to 58782
[13:43:41.843] [SEVERE ] updating countdown to 58672
[13:43:41.953] [SEVERE ] updating countdown to 58562
[13:43:42.063] [SEVERE ] updating countdown to 58452
[13:43:42.172] [SEVERE ] updating countdown to 58343
[13:43:42.282] [SEVERE ] updating countdown to 58233
[13:43:42.392] [SEVERE ] updating countdown to 58123
[13:43:42.501] [SEVERE ] updating countdown to 58014
[13:43:42.613] [SEVERE ] updating countdown to 57902
[13:43:42.723] [SEVERE ] updating countdown to 57792
[13:43:42.833] [SEVERE ] updating countdown to 57682
[13:43:42.942] [SEVERE ] updating countdown to 57573
[13:43:43.052] [SEVERE ] updating countdown to 57463
[13:43:43.163] [SEVERE ] updating countdown to 57352
[13:43:43.273] [SEVERE ] updating countdown to 57242
[13:43:43.383] [SEVERE ] updating countdown to 57132
[13:43:43.493] [SEVERE ] updating countdown to 57022
[13:43:43.603] [SEVERE ] updating countdown to 56912
[13:43:43.713] [SEVERE ] updating countdown to 56802
[13:43:43.823] [SEVERE ] updating countdown to 56692
[13:43:43.932] [SEVERE ] updating countdown to 56583
[13:43:44.042] [SEVERE ] updating countdown to 56473
[13:43:44.151] [SEVERE ] updating countdown to 56364
[13:43:44.262] [SEVERE ] updating countdown to 56253
[13:43:44.372] [SEVERE ] updating countdown to 56143
[13:43:44.482] [SEVERE ] updating countdown to 56033
[13:43:44.592] [SEVERE ] updating countdown to 55923
[13:43:44.702] [SEVERE ] updating countdown to 55813
[13:43:44.812] [SEVERE ] updating countdown to 55703
[13:43:44.922] [SEVERE ] updating countdown to 55593
[13:43:45.032] [SEVERE ] updating countdown to 55483
[13:43:45.142] [SEVERE ] updating countdown to 55373
[13:43:45.252] [SEVERE ] updating countdown to 55263
[13:43:45.361] [SEVERE ] updating countdown to 55154
[13:43:45.471] [SEVERE ] updating countdown to 55044
[13:43:45.581] [SEVERE ] updating countdown to 54934
[13:43:45.691] [SEVERE ] updating countdown to 54824
[13:43:45.801] [SEVERE ] updating countdown to 54714
[13:43:45.911] [SEVERE ] updating countdown to 54604
[13:43:46.021] [SEVERE ] updating countdown to 54494
[13:43:46.122] [SEVERE ] updating countdown to 54393
[13:43:46.231] [SEVERE ] updating countdown to 54284
[13:43:46.342] [SEVERE ] updating countdown to 54173
[13:43:46.451] [SEVERE ] updating countdown to 54064
[13:43:46.561] [SEVERE ] updating countdown to 53954
[13:43:46.671] [SEVERE ] updating countdown to 53844
[13:43:46.781] [SEVERE ] updating countdown to 53734
[13:43:46.891] [SEVERE ] updating countdown to 53624
[13:43:47.001] [SEVERE ] updating countdown to 53514
[13:43:47.111] [SEVERE ] updating countdown to 53404
[13:43:47.226] [SEVERE ] updating countdown to 53289
[13:43:47.336] [SEVERE ] updating countdown to 53179
[13:43:47.445] [SEVERE ] updating countdown to 53070
[13:43:47.555] [SEVERE ] updating countdown to 52960
[13:43:47.666] [SEVERE ] updating countdown to 52849
[13:43:47.776] [SEVERE ] updating countdown to 52739
[13:43:47.885] [SEVERE ] updating countdown to 52630
[13:43:47.931] [SEVERE ] key 77 was pressed by player 2
[13:43:47.931] [SEVERE ] player 2 placing token on slot 8
[13:43:47.994] [SEVERE ] updating countdown to 52521
[13:43:48.103] [SEVERE ] updating countdown to 52412
[13:43:48.214] [SEVERE ] updating countdown to 52301
[13:43:48.325] [SEVERE ] updating countdown to 52190
[13:43:48.435] [SEVERE ] updating countdown to 52080
[13:43:48.545] [SEVERE ] updating countdown to 51970
[13:43:48.577] [SEVERE ] key 77 was pressed by player 2
[13:43:48.577] [SEVERE ] removing player 2 token from slot 8
[13:43:48.670] [SEVERE ] updating countdown to 51845
[13:43:48.776] [SEVERE ] updating countdown to 51739
[13:43:48.886] [SEVERE ] updating countdown to 51629
[13:43:48.995] [SEVERE ] updating countdown to 51520
[13:43:49.105] [SEVERE ] updating countdown to 51410
[13:43:49.215] [SEVERE ] updating countdown to 51300
[13:43:49.325] [SEVERE ] updating countdown to 51190
[13:43:49.436] [SEVERE ] updating countdown to 51079
[13:43:49.546] [SEVERE ] updating countdown to 50969
[13:43:49.657] [SEVERE ] updating countdown to 50858
[13:43:49.767] [SEVERE ] updating countdown to 50748
[13:43:49.877] [SEVERE ] updating countdown to 50638
[13:43:49.988] [SEVERE ] updating countdown to 50527
[13:43:50.097] [SEVERE ] updating countdown to 50418
[13:43:50.207] [SEVERE ] updating countdown to 50308
[13:43:50.301] [SEVERE ] key 46 was pressed by player 2
[13:43:50.301] [SEVERE ] player 2 placing token on slot 10
[13:43:50.317] [SEVERE ] updating countdown to 50198
[13:43:50.427] [SEVERE ] updating countdown to 50088
[13:43:50.536] [SEVERE ] updating countdown to 49979
[13:43:50.649] [SEVERE ] updating countdown to 49866
[13:43:50.759] [SEVERE ] updating countdown to 49756
[13:43:50.869] [SEVERE ] updating countdown to 49646
[13:43:50.948] [SEVERE ] key 46 was pressed by player 2
[13:43:50.948] [SEVERE ] removing player 2 token from slot 10
[13:43:50.979] [SEVERE ] updating countdown to 49536
[13:43:51.089] [SEVERE ] updating countdown to 49426
[13:43:51.199] [SEVERE ] updating countdown to 49316
[13:43:51.309] [SEVERE ] updating countdown to 49206
[13:43:51.419] [SEVERE ] updating countdown to 49096
[13:43:51.529] [SEVERE ] updating countdown to 48986
[13:43:51.638] [SEVERE ] updating countdown to 48877
[13:43:51.721] [SEVERE ] key 47 was pressed by player 2
[13:43:51.721] [SEVERE ] player 2 placing token on slot 11
[13:43:51.752] [SEVERE ] updating countdown to 48763
[13:43:51.863] [SEVERE ] updating countdown to 48652
[13:43:51.964] [SEVERE ] updating countdown to 48551
[13:43:52.074] [SEVERE ] updating countdown to 48441
[13:43:52.184] [SEVERE ] updating countdown to 48331
[13:43:52.293] [SEVERE ] updating countdown to 48222
[13:43:52.404] [SEVERE ] updating countdown to 48111
[13:43:52.514] [SEVERE ] updating countdown to 48001
[13:43:52.624] [SEVERE ] updating countdown to 47891
[13:43:52.734] [SEVERE ] updating countdown to 47781
[13:43:52.844] [SEVERE ] updating countdown to 47671
[13:43:52.954] [SEVERE ] updating countdown to 47561
[13:43:53.064] [SEVERE ] updating countdown to 47451
[13:43:53.175] [SEVERE ] updating countdown to 47340
[13:43:53.285] [SEVERE ] updating countdown to 47230
[13:43:53.395] [SEVERE ] updating countdown to 47120
[13:43:53.505] [SEVERE ] updating countdown to 47010
[13:43:53.614] [SEVERE ] updating countdown to 46901
[13:43:53.725] [SEVERE ] updating countdown to 46790
[13:43:53.834] [SEVERE ] updating countdown to 46681
[13:43:53.944] [SEVERE ] updating countdown to 46571
[13:43:54.054] [SEVERE ] updating countdown to 46461
[13:43:54.101] [SEVERE ] key 80 was pressed by player 2
[13:43:54.101] [SEVERE ] player 2 placing token on slot 3
[13:43:54.163] [SEVERE ] updating countdown to 46352
[13:43:54.277] [SEVERE ] updating countdown to 46238
[13:43:54.387] [SEVERE ] updating countdown to 46128
[13:43:54.497] [SEVERE ] updating countdown to 46018
[13:43:54.610] [SEVERE ] updating countdown to 45905
[13:43:54.721] [SEVERE ] updating countdown to 45794
[13:43:54.831] [SEVERE ] updating countdown to 45684
[13:43:54.940] [SEVERE ] updating countdown to 45575
[13:43:55.050] [SEVERE ] updating countdown to 45465
[13:43:55.160] [SEVERE ] updating countdown to 45355
[13:43:55.261] [SEVERE ] updating countdown to 45254
[13:43:55.371] [SEVERE ] updating countdown to 45144
[13:43:55.481] [SEVERE ] updating countdown to 45034
[13:43:55.591] [SEVERE ] updating countdown to 44924
[13:43:55.701] [SEVERE ] updating countdown to 44814
[13:43:55.811] [SEVERE ] updating countdown to 44704
[13:43:55.921] [SEVERE ] updating countdown to 44594
[13:43:56.032] [SEVERE ] updating countdown to 44483
[13:43:56.140] [SEVERE ] updating countdown to 44375
[13:43:56.253] [SEVERE ] updating countdown to 44262
[13:43:56.363] [SEVERE ] updating countdown to 44152
[13:43:56.473] [SEVERE ] updating countdown to 44042
[13:43:56.584] [SEVERE ] updating countdown to 43931
[13:43:56.694] [SEVERE ] updating countdown to 43821
[13:43:56.804] [SEVERE ] updating countdown to 43711
[13:43:56.913] [SEVERE ] updating countdown to 43602
[13:43:57.024] [SEVERE ] updating countdown to 43491
[13:43:57.134] [SEVERE ] updating countdown to 43381
[13:43:57.246] [SEVERE ] updating countdown to 43269
[13:43:57.357] [SEVERE ] updating countdown to 43158
[13:43:57.466] [SEVERE ] updating countdown to 43049
[13:43:57.576] [SEVERE ] updating countdown to 42939
[13:43:57.688] [SEVERE ] updating countdown to 42827
[13:43:57.798] [SEVERE ] updating countdown to 42717
[13:43:57.907] [SEVERE ] updating countdown to 42608
[13:43:58.017] [SEVERE ] updating countdown to 42498
[13:43:58.127] [SEVERE ] updating countdown to 42388
[13:43:58.237] [SEVERE ] updating countdown to 42278
[13:43:58.346] [SEVERE ] updating countdown to 42169
[13:43:58.456] [SEVERE ] updating countdown to 42059
[13:43:58.566] [SEVERE ] updating countdown to 41949
[13:43:58.676] [SEVERE ] updating countdown to 41839
[13:43:58.786] [SEVERE ] updating countdown to 41729
[13:43:58.896] [SEVERE ] updating countdown to 41619
[13:43:59.006] [SEVERE ] updating countdown to 41509
[13:43:59.117] [SEVERE ] updating countdown to 41398
[13:43:59.226] [SEVERE ] updating countdown to 41289
[13:43:59.336] [SEVERE ] updating countdown to 41179
[13:43:59.446] [SEVERE ] updating countdown to 41069
[13:43:59.556] [SEVERE ] updating countdown to 40959
[13:43:59.666] [SEVERE ] updating countdown to 40849
[13:43:59.776] [SEVERE ] updating countdown to 40739
[13:43:59.889] [SEVERE ] updating countdown to 40626
[13:43:59.999] [SEVERE ] updating countdown to 40516
[13:44:00.112] [SEVERE ] updating countdown to 40403
[13:44:00.221] [SEVERE ] updating countdown to 40294
[13:44:00.331] [SEVERE ] updating countdown to 40184
[13:44:00.441] [SEVERE ] updating countdown to 40074
[13:44:00.551] [SEVERE ] updating countdown to 39964
[13:44:00.663] [SEVERE ] updating countdown to 39852
[13:44:00.773] [SEVERE ] updating countdown to 39742
[13:44:00.883] [SEVERE ] updating countdown to 39632
[13:44:00.993] [SEVERE ] updating countdown to 39522
[13:44:01.103] [SEVERE ] updating countdown to 39412
[13:44:01.213] [SEVERE ] updating countdown to 39302
[13:44:01.323] [SEVERE ] updating countdown to 39192
[13:44:01.448] [SEVERE ] updating countdown to 39067
[13:44:01.558] [SEVERE ] updating countdown to 38957
[13:44:01.669] [SEVERE ] updating countdown to 38846
[13:44:01.779] [SEVERE ] updating countdown to 38736
[13:44:01.889] [SEVERE ] updating countdown to 38626
[13:44:01.998] [SEVERE ] updating countdown to 38517
[13:44:02.108] [SEVERE ] updating countdown to 38407
[13:44:02.218] [SEVERE ] updating countdown to 38297
[13:44:02.329] [SEVERE ] updating countdown to 38186
[13:44:02.439] [SEVERE ] updating countdown to 38076
[13:44:02.549] [SEVERE ] updating countdown to 37966
[13:44:02.660] [SEVERE ] updating countdown to 37855
[13:44:02.770] [SEVERE ] updating countdown to 37745
[13:44:02.881] [SEVERE ] updating countdown to 37634
[13:44:02.991] [SEVERE ] updating countdown to 37524
[13:44:03.101] [SEVERE ] updating countdown to 37414
[13:44:03.210] [SEVERE ] updating countdown to 37305
[13:44:03.320] [SEVERE ] updating countdown to 37195
[13:44:03.431] [SEVERE ] updating countdown to 37084
[13:44:03.541] [SEVERE ] updating countdown to 36974
[13:44:03.651] [SEVERE ] updating countdown to 36864
[13:44:03.761] [SEVERE ] updating countdown to 36754
[13:44:03.874] [SEVERE ] updating countdown to 36641
[13:44:03.975] [SEVERE ] updating countdown to 36540
[13:44:04.084] [SEVERE ] updating countdown to 36431
[13:44:04.194] [SEVERE ] updating countdown to 36321
[13:44:04.303] [SEVERE ] updating countdown to 36212
[13:44:04.416] [SEVERE ] updating countdown to 36099
[13:44:04.526] [SEVERE ] updating countdown to 35989
[13:44:04.641] [SEVERE ] updating countdown to 35874
[13:44:04.752] [SEVERE ] updating countdown to 35763
[13:44:04.856] [SEVERE ] updating countdown to 35659
[13:44:04.966] [SEVERE ] updating countdown to 35549
[13:44:05.075] [SEVERE ] updating countdown to 35440
[13:44:05.183] [SEVERE ] updating countdown to 35332
[13:44:05.293] [SEVERE ] updating countdown to 35222
[13:44:05.403] [SEVERE ] updating countdown to 35112
[13:44:05.515] [SEVERE ] updating countdown to 35000
[13:44:05.625] [SEVERE ] updating countdown to 34890
[13:44:05.739] [SEVERE ] updating countdown to 34776
[13:44:05.850] [SEVERE ] updating countdown to 34665
[13:44:05.960] [SEVERE ] updating countdown to 34555
[13:44:06.070] [SEVERE ] updating countdown to 34445
[13:44:06.180] [SEVERE ] updating countdown to 34335
[13:44:06.289] [SEVERE ] updating countdown to 34226
[13:44:06.400] [SEVERE ] updating countdown to 34115
[13:44:06.509] [SEVERE ] updating countdown to 34006
[13:44:06.619] [SEVERE ] updating countdown to 33896
[13:44:06.729] [SEVERE ] updating countdown to 33786
[13:44:06.843] [SEVERE ] updating countdown to 33672
[13:44:06.953] [SEVERE ] updating countdown to 33562
[13:44:07.063] [SEVERE ] updating countdown to 33452
[13:44:07.174] [SEVERE ] updating countdown to 33341
[13:44:07.284] [SEVERE ] updating countdown to 33231
[13:44:07.394] [SEVERE ] updating countdown to 33121
[13:44:07.504] [SEVERE ] updating countdown to 33011
[13:44:07.614] [SEVERE ] updating countdown to 32901
[13:44:07.724] [SEVERE ] updating countdown to 32791
[13:44:07.834] [SEVERE ] updating countdown to 32681
[13:44:07.943] [SEVERE ] updating countdown to 32572
[13:44:08.051] [SEVERE ] updating countdown to 32464
[13:44:08.161] [SEVERE ] updating countdown to 32354
[13:44:08.271] [SEVERE ] updating countdown to 32244
[13:44:08.381] [SEVERE ] updating countdown to 32134
[13:44:08.491] [SEVERE ] updating countdown to 32024
[13:44:08.601] [SEVERE ] updating countdown to 31914
[13:44:08.710] [SEVERE ] updating countdown to 31805
[13:44:08.820] [SEVERE ] updating countdown to 31695
[13:44:08.930] [SEVERE ] updating countdown to 31585
[13:44:09.040] [SEVERE ] updating countdown to 31475
[13:44:09.150] [SEVERE ] updating countdown to 31365
[13:44:09.260] [SEVERE ] updating countdown to 31255
[13:44:09.370] [SEVERE ] updating countdown to 31145
[13:44:09.479] [SEVERE ] updating countdown to 31036
[13:44:09.529] [SEVERE ] key 46 was pressed by player 2
[13:44:09.530] [SEVERE ] player 2 placing token on slot 10
[13:44:09.589] [SEVERE ] updating countdown to 30926
[13:44:09.589] [SEVERE ] removing player 2 token from slot 3
[13:44:09.589] [SEVERE ] removing player 2 token from slot 10
[13:44:09.589] [SEVERE ] removing player 2 token from slot 11
[13:44:09.589] [SEVERE ] setting player 2 score to -1
[13:44:09.690] [SEVERE ] updating countdown to 30825
[13:44:09.800] [SEVERE ] updating countdown to 30715
[13:44:09.911] [SEVERE ] updating countdown to 30604
[13:44:10.021] [SEVERE ] updating countdown to 30494
[13:44:10.131] [SEVERE ] updating countdown to 30384
[13:44:10.241] [SEVERE ] updating countdown to 30274
[13:44:10.351] [SEVERE ] updating countdown to 30164
[13:44:10.460] [SEVERE ] updating countdown to 30055
[13:44:10.572] [SEVERE ] updating countdown to 29943
[13:44:10.682] [SEVERE ] updating countdown to 29833
[13:44:10.792] [SEVERE ] updating countdown to 29723
[13:44:10.894] [SEVERE ] updating countdown to 29621
[13:44:11.004] [SEVERE ] updating countdown to 29511
[13:44:11.114] [SEVERE ] updating countdown to 29401
[13:44:11.223] [SEVERE ] updating countdown to 29292
[13:44:11.223] [SEVERE ] key 46 was pressed by player 2
[13:44:11.223] [SEVERE ] player 2 placing token on slot 10
[13:44:11.334] [SEVERE ] updating countdown to 29181
[13:44:11.443] [SEVERE ] updating countdown to 29072
[13:44:11.553] [SEVERE ] updating countdown to 28962
[13:44:11.664] [SEVERE ] updating countdown to 28851
[13:44:11.773] [SEVERE ] updating countdown to 28742
[13:44:11.883] [SEVERE ] updating countdown to 28632
[13:44:11.992] [SEVERE ] updating countdown to 28523
[13:44:12.103] [SEVERE ] updating countdown to 28412
[13:44:12.212] [SEVERE ] updating countdown to 28303
[13:44:12.322] [SEVERE ] updating countdown to 28193
[13:44:12.433] [SEVERE ] updating countdown to 28082
[13:44:12.542] [SEVERE ] updating countdown to 27973
[13:44:12.652] [SEVERE ] updating countdown to 27863
[13:44:12.763] [SEVERE ] updating countdown to 27752
[13:44:12.872] [SEVERE ] updating countdown to 27643
[13:44:12.982] [SEVERE ] updating countdown to 27533
[13:44:13.092] [SEVERE ] updating countdown to 27423
[13:44:13.202] [SEVERE ] updating countdown to 27313
[13:44:13.311] [SEVERE ] updating countdown to 27204
[13:44:13.421] [SEVERE ] updating countdown to 27094
[13:44:13.531] [SEVERE ] updating countdown to 26984
[13:44:13.643] [SEVERE ] updating countdown to 26872
[13:44:13.753] [SEVERE ] updating countdown to 26762
[13:44:13.854] [SEVERE ] updating countdown to 26661
[13:44:13.964] [SEVERE ] updating countdown to 26551
[13:44:14.074] [SEVERE ] updating countdown to 26441
[13:44:14.185] [SEVERE ] updating countdown to 26330
[13:44:14.295] [SEVERE ] updating countdown to 26220
[13:44:14.406] [SEVERE ] updating countdown to 26109
[13:44:14.406] [SEVERE ] key 46 was pressed by player 2
[13:44:14.406] [SEVERE ] removing player 2 token from slot 10
[13:44:14.515] [SEVERE ] updating countdown to 26000
[13:44:14.623] [SEVERE ] updating countdown to 25892
[13:44:14.732] [SEVERE ] updating countdown to 25783
[13:44:14.795] [SEVERE ] key 47 was pressed by player 2
[13:44:14.795] [SEVERE ] player 2 placing token on slot 11
[13:44:14.844] [SEVERE ] updating countdown to 25671
[13:44:14.957] [SEVERE ] updating countdown to 25558
[13:44:15.078] [SEVERE ] updating countdown to 25437
[13:44:15.189] [SEVERE ] updating countdown to 25326
[13:44:15.302] [SEVERE ] updating countdown to 25213
[13:44:15.414] [SEVERE ] updating countdown to 25101
[13:44:15.525] [SEVERE ] updating countdown to 24990
[13:44:15.642] [SEVERE ] updating countdown to 24873
[13:44:15.752] [SEVERE ] updating countdown to 24763
[13:44:15.863] [SEVERE ] updating countdown to 24652
[13:44:15.973] [SEVERE ] updating countdown to 24542
[13:44:16.084] [SEVERE ] updating countdown to 24431
[13:44:16.188] [SEVERE ] updating countdown to 24327
[13:44:16.203] [SEVERE ] key 80 was pressed by player 2
[13:44:16.203] [SEVERE ] player 2 placing token on slot 3
[13:44:16.298] [SEVERE ] updating countdown to 24217
[13:44:16.422] [SEVERE ] updating countdown to 24093
[13:44:16.531] [SEVERE ] updating countdown to 23984
[13:44:16.641] [SEVERE ] updating countdown to 23874
[13:44:16.748] [SEVERE ] updating countdown to 23767
[13:44:16.857] [SEVERE ] updating countdown to 23658
[13:44:16.968] [SEVERE ] updating countdown to 23547
[13:44:17.080] [SEVERE ] updating countdown to 23435
[13:44:17.189] [SEVERE ] updating countdown to 23326
[13:44:17.299] [SEVERE ] updating countdown to 23216
[13:44:17.409] [SEVERE ] updating countdown to 23106
[13:44:17.519] [SEVERE ] updating countdown to 22996
[13:44:17.630] [SEVERE ] updating countdown to 22885
[13:44:17.741] [SEVERE ] updating countdown to 22774
[13:44:17.851] [SEVERE ] updating countdown to 22664
[13:44:17.961] [SEVERE ] updating countdown to 22554
[13:44:18.071] [SEVERE ] updating countdown to 22444
[13:44:18.181] [SEVERE ] updating countdown to 22334
[13:44:18.290] [SEVERE ] updating countdown to 22225
[13:44:18.400] [SEVERE ] updating countdown to 22115
[13:44:18.510] [SEVERE ] updating countdown to 22005
[13:44:18.604] [SEVERE ] key 86 was pressed by player 1
[13:44:18.604] [SEVERE ] player 1 placing token on slot 11
[13:44:18.624] [SEVERE ] updating countdown to 21891
[13:44:18.735] [SEVERE ] updating countdown to 21780
[13:44:18.847] [SEVERE ] updating countdown to 21668
[13:44:18.957] [SEVERE ] updating countdown to 21558
[13:44:19.067] [SEVERE ] updating countdown to 21448
[13:44:19.177] [SEVERE ] updating countdown to 21338
[13:44:19.286] [SEVERE ] updating countdown to 21229
[13:44:19.396] [SEVERE ] updating countdown to 21119
[13:44:19.506] [SEVERE ] updating countdown to 21009
[13:44:19.617] [SEVERE ] updating countdown to 20898
[13:44:19.728] [SEVERE ] updating countdown to 20787
[13:44:19.831] [SEVERE ] updating countdown to 20684
[13:44:19.941] [SEVERE ] updating countdown to 20574
[13:44:20.052] [SEVERE ] updating countdown to 20463
[13:44:20.162] [SEVERE ] updating countdown to 20353
[13:44:20.193] [SEVERE ] key 68 was pressed by player 1
[13:44:20.193] [SEVERE ] player 1 placing token on slot 6
[13:44:20.271] [SEVERE ] updating countdown to 20244
[13:44:20.378] [SEVERE ] updating countdown to 20137
[13:44:20.488] [SEVERE ] updating countdown to 20027
[13:44:20.599] [SEVERE ] updating countdown to 19916
[13:44:20.711] [SEVERE ] updating countdown to 19804
[13:44:20.818] [SEVERE ] updating countdown to 19697
[13:44:20.928] [SEVERE ] updating countdown to 19587
[13:44:21.039] [SEVERE ] updating countdown to 19476
[13:44:21.149] [SEVERE ] updating countdown to 19366
[13:44:21.259] [SEVERE ] updating countdown to 19256
[13:44:21.369] [SEVERE ] updating countdown to 19146
[13:44:21.478] [SEVERE ] updating countdown to 19037
[13:44:21.589] [SEVERE ] updating countdown to 18926
[13:44:21.699] [SEVERE ] updating countdown to 18816
[13:44:21.808] [SEVERE ] updating countdown to 18707
[13:44:21.918] [SEVERE ] updating countdown to 18597
[13:44:22.028] [SEVERE ] updating countdown to 18487
[13:44:22.138] [SEVERE ] updating countdown to 18377
[13:44:22.248] [SEVERE ] updating countdown to 18267
[13:44:22.358] [SEVERE ] updating countdown to 18157
[13:44:22.467] [SEVERE ] updating countdown to 18048
[13:44:22.577] [SEVERE ] updating countdown to 17938
[13:44:22.686] [SEVERE ] updating countdown to 17829
[13:44:22.798] [SEVERE ] updating countdown to 17717
[13:44:22.909] [SEVERE ] updating countdown to 17606
[13:44:23.019] [SEVERE ] updating countdown to 17496
[13:44:23.130] [SEVERE ] updating countdown to 17385
[13:44:23.230] [SEVERE ] updating countdown to 17285
[13:44:23.340] [SEVERE ] updating countdown to 17175
[13:44:23.450] [SEVERE ] updating countdown to 17065
[13:44:23.560] [SEVERE ] updating countdown to 16955
[13:44:23.671] [SEVERE ] updating countdown to 16844
[13:44:23.781] [SEVERE ] updating countdown to 16734
[13:44:23.891] [SEVERE ] updating countdown to 16624
[13:44:24.000] [SEVERE ] updating countdown to 16515
[13:44:24.110] [SEVERE ] updating countdown to 16405
[13:44:24.220] [SEVERE ] updating countdown to 16295
[13:44:24.330] [SEVERE ] updating countdown to 16185
[13:44:24.440] [SEVERE ] updating countdown to 16075
[13:44:24.550] [SEVERE ] updating countdown to 15965
[13:44:24.661] [SEVERE ] updating countdown to 15854
[13:44:24.771] [SEVERE ] updating countdown to 15744
[13:44:24.881] [SEVERE ] updating countdown to 15634
[13:44:24.886] [SEVERE ] key 79 was pressed by player 2
[13:44:24.886] [SEVERE ] player 2 placing token on slot 2
[13:44:24.991] [SEVERE ] updating countdown to 15524
[13:44:24.991] [SEVERE ] removing all tokens
[13:44:25.007] [SEVERE ] key 83 was pressed by player 1
[13:44:25.007] [SEVERE ] player 1 placing token on slot 5
[13:44:25.102] [SEVERE ] removing card from slot 2
[13:44:25.103] [SEVERE ] removing all tokens
[13:44:25.203] [SEVERE ] removing card from slot 3
[13:44:25.203] [SEVERE ] removing all tokens
[13:44:25.305] [SEVERE ] removing card from slot 11
[13:44:25.406] [SEVERE ] placing card 6 in slot 2
[13:44:25.507] [SEVERE ] placing card 29 in slot 3
[13:44:25.615] [SEVERE ] placing card 13 in slot 11
[13:44:25.616] [SEVERE ] setting player 2 score to 0
[13:44:25.726] [SEVERE ] updating countdown to 14789
[13:44:25.726] [SEVERE ] removing player 1 token from slot 5
[13:44:25.726] [SEVERE ] removing player 1 token from slot 6
[13:44:25.726] [SEVERE ] setting player 1 score to -1
[13:44:25.837] [SEVERE ] updating countdown to 14678
[13:44:25.948] [SEVERE ] updating countdown to 14567
[13:44:26.059] [SEVERE ] updating countdown to 14456
[13:44:26.170] [SEVERE ] updating countdown to 14345
[13:44:26.279] [SEVERE ] updating countdown to 14236
[13:44:26.389] [SEVERE ] updating countdown to 14126
[13:44:26.499] [SEVERE ] updating countdown to 14016
[13:44:26.609] [SEVERE ] updating countdown to 13906
[13:44:26.721] [SEVERE ] updating countdown to 13794
[13:44:26.831] [SEVERE ] updating countdown to 13684
[13:44:26.941] [SEVERE ] updating countdown to 13574
[13:44:27.051] [SEVERE ] updating countdown to 13464
[13:44:27.161] [SEVERE ] updating countdown to 13354
[13:44:27.271] [SEVERE ] updating countdown to 13244
[13:44:27.381] [SEVERE ] updating countdown to 13134
[13:44:27.490] [SEVERE ] updating countdown to 13025
[13:44:27.600] [SEVERE ] updating countdown to 12915
[13:44:27.711] [SEVERE ] updating countdown to 12804
[13:44:27.821] [SEVERE ] updating countdown to 12694
[13:44:27.930] [SEVERE ] updating countdown to 12585
[13:44:28.040] [SEVERE ] updating countdown to 12475
[13:44:28.150] [SEVERE ] updating countdown to 12365
[13:44:28.256] [SEVERE ] updating countdown to 12259
[13:44:28.374] [SEVERE ] updating countdown to 12141
[13:44:28.483] [SEVERE ] updating countdown to 12032
[13:44:28.595] [SEVERE ] updating countdown to 11920
[13:44:28.704] [SEVERE ] updating countdown to 11811
[13:44:28.815] [SEVERE ] updating countdown to 11700
[13:44:28.916] [SEVERE ] updating countdown to 11599
[13:44:29.017] [SEVERE ] updating countdown to 11498
[13:44:29.127] [SEVERE ] updating countdown to 11388
[13:44:29.241] [SEVERE ] updating countdown to 11274
[13:44:29.344] [SEVERE ] updating countdown to 11171
[13:44:29.456] [SEVERE ] updating countdown to 11059
[13:44:29.561] [SEVERE ] updating countdown to 10954
[13:44:29.673] [SEVERE ] updating countdown to 10842
[13:44:29.786] [SEVERE ] updating countdown to 10729
[13:44:29.898] [SEVERE ] updating countdown to 10617
[13:44:30.009] [SEVERE ] updating countdown to 10506
[13:44:30.120] [SEVERE ] updating countdown to 10395
[13:44:30.221] [SEVERE ] updating countdown to 10294
[13:44:30.331] [SEVERE ] updating countdown to 10184
[13:44:30.442] [SEVERE ] updating countdown to 10073
[13:44:30.556] [SEVERE ] updating countdown to 9959
[13:44:30.666] [SEVERE ] updating countdown to 9849
[13:44:30.776] [SEVERE ] updating countdown to 9739
[13:44:30.880] [SEVERE ] updating countdown to 9635
[13:44:30.991] [SEVERE ] updating countdown to 9524
[13:44:31.102] [SEVERE ] updating countdown to 9413
[13:44:31.212] [SEVERE ] updating countdown to 9303
[13:44:31.322] [SEVERE ] updating countdown to 9193
[13:44:31.449] [SEVERE ] updating countdown to 9066
[13:44:31.560] [SEVERE ] updating countdown to 8955
[13:44:31.674] [SEVERE ] updating countdown to 8841
[13:44:31.777] [SEVERE ] updating countdown to 8738
[13:44:31.889] [SEVERE ] updating countdown to 8626
[13:44:32.000] [SEVERE ] updating countdown to 8515
[13:44:32.108] [SEVERE ] updating countdown to 8407
[13:44:32.216] [SEVERE ] updating countdown to 8299
[13:44:32.321] [SEVERE ] updating countdown to 8194
[13:44:32.425] [SEVERE ] updating countdown to 8090
[13:44:32.532] [SEVERE ] updating countdown to 7983
[13:44:32.644] [SEVERE ] updating countdown to 7871
[13:44:32.754] [SEVERE ] updating countdown to 7761
[13:44:32.865] [SEVERE ] updating countdown to 7650
[13:44:32.976] [SEVERE ] updating countdown to 7539
[13:44:33.087] [SEVERE ] updating countdown to 7428
[13:44:33.189] [SEVERE ] updating countdown to 7326
[13:44:33.290] [SEVERE ] updating countdown to 7225
[13:44:33.396] [SEVERE ] updating countdown to 7119
[13:44:33.521] [SEVERE ] updating countdown to 6994
[13:44:33.631] [SEVERE ] updating countdown to 6884
[13:44:33.742] [SEVERE ] updating countdown to 6773
[13:44:33.852] [SEVERE ] updating countdown to 6663
[13:44:33.952] [SEVERE ] updating countdown to 6563
[13:44:34.062] [SEVERE ] updating countdown to 6453
[13:44:34.176] [SEVERE ] updating countdown to 6339
[13:44:34.286] [SEVERE ] updating countdown to 6229
[13:44:34.388] [SEVERE ] updating countdown to 6127
[13:44:34.489] [SEVERE ] updating countdown to 6026
[13:44:34.601] [SEVERE ] updating countdown to 5914
[13:44:34.703] [SEVERE ] updating countdown to 5812
[13:44:34.811] [SEVERE ] updating countdown to 5704
[13:44:34.921] [SEVERE ] updating countdown to 5594
[13:44:35.040] [SEVERE ] updating countdown to 5475
[13:44:35.154] [SEVERE ] updating countdown to 5361
[13:44:35.265] [SEVERE ] updating countdown to 5250
[13:44:35.366] [SEVERE ] updating countdown to 5149
[13:44:35.478] [SEVERE ] updating countdown to 5037
[13:44:40.523] [SEVERE ] removing all tokens
[13:44:40.635] [SEVERE ] placing card 71 in slot 0
[13:44:40.736] [SEVERE ] placing card 63 in slot 1
[13:44:40.847] [SEVERE ] placing card 3 in slot 2
[13:44:40.960] [SEVERE ] placing card 4 in slot 3
[13:44:41.060] [SEVERE ] placing card 55 in slot 4
[13:44:41.170] [SEVERE ] placing card 68 in slot 5
[13:44:41.288] [SEVERE ] placing card 26 in slot 6
[13:44:41.389] [SEVERE ] placing card 29 in slot 7
[13:44:41.505] [SEVERE ] placing card 25 in slot 8
[13:44:41.621] [SEVERE ] placing card 16 in slot 9
[13:44:41.721] [SEVERE ] placing card 58 in slot 10
[13:44:41.832] [SEVERE ] placing card 40 in slot 11
[13:44:41.832] [SEVERE ] updating countdown to 60000
[13:44:41.953] [SEVERE ] updating countdown to 59879
[13:44:42.054] [SEVERE ] updating countdown to 59778
[13:44:42.163] [SEVERE ] updating countdown to 59669
[13:44:42.281] [SEVERE ] updating countdown to 59551
[13:44:42.394] [SEVERE ] updating countdown to 59438
[13:44:42.505] [SEVERE ] updating countdown to 59327
[13:44:42.608] [SEVERE ] updating countdown to 59224
[13:44:42.719] [SEVERE ] updating countdown to 59113
[13:44:42.822] [SEVERE ] updating countdown to 59010
[13:44:42.932] [SEVERE ] updating countdown to 58900
[13:44:43.057] [SEVERE ] updating countdown to 58775
[13:44:43.171] [SEVERE ] updating countdown to 58661
[13:44:43.275] [SEVERE ] updating countdown to 58557
[13:44:43.378] [SEVERE ] updating countdown to 58454
[13:44:43.484] [SEVERE ] updating countdown to 58348
[13:44:43.591] [SEVERE ] updating countdown to 58241
[13:44:43.700] [SEVERE ] updating countdown to 58132
[13:44:43.803] [SEVERE ] updating countdown to 58029
[13:44:43.906] [SEVERE ] updating countdown to 57926
[13:44:44.008] [SEVERE ] updating countdown to 57824
[13:44:44.123] [SEVERE ] updating countdown to 57709
[13:44:44.224] [SEVERE ] updating countdown to 57608
[13:44:44.338] [SEVERE ] updating countdown to 57494
[13:44:44.453] [SEVERE ] updating countdown to 57379
[13:44:44.562] [SEVERE ] updating countdown to 57270
[13:44:44.673] [SEVERE ] updating countdown to 57159
[13:44:44.783] [SEVERE ] updating countdown to 57049
[13:44:44.899] [SEVERE ] updating countdown to 56933
[13:44:45.008] [SEVERE ] updating countdown to 56824
[13:44:45.110] [SEVERE ] updating countdown to 56722
[13:44:45.216] [SEVERE ] updating countdown to 56616
[13:44:45.327] [SEVERE ] updating countdown to 56505
[13:44:45.434] [SEVERE ] updating countdown to 56398
[13:44:45.544] [SEVERE ] updating countdown to 56288
[13:44:45.654] [SEVERE ] updating countdown to 56178
[13:44:45.761] [SEVERE ] updating countdown to 56071
[13:44:45.872] [SEVERE ] updating countdown to 55960
[13:44:45.983] [SEVERE ] updating countdown to 55849
[13:44:46.094] [SEVERE ] updating countdown to 55738
[13:44:46.200] [SEVERE ] updating countdown to 55632
[13:44:46.312] [SEVERE ] updating countdown to 55520
[13:44:46.426] [SEVERE ] updating countdown to 55406
[13:44:46.535] [SEVERE ] updating countdown to 55297
[13:44:46.645] [SEVERE ] updating countdown to 55187
[13:44:46.756] [SEVERE ] updating countdown to 55076
[13:44:46.867] [SEVERE ] updating countdown to 54965
[13:44:46.979] [SEVERE ] updating countdown to 54853
[13:44:47.092] [SEVERE ] updating countdown to 54740
[13:44:47.196] [SEVERE ] updating countdown to 54636
[13:44:47.305] [SEVERE ] updating countdown to 54527
[13:44:47.415] [SEVERE ] updating countdown to 54417
[13:44:47.525] [SEVERE ] updating countdown to 54307
[13:44:47.637] [SEVERE ] updating countdown to 54195
[13:44:47.748] [SEVERE ] updating countdown to 54084
[13:44:47.860] [SEVERE ] updating countdown to 53972
[13:44:47.970] [SEVERE ] updating countdown to 53862
[13:44:48.080] [SEVERE ] updating countdown to 53752
[13:44:48.189] [SEVERE ] updating countdown to 53643
[13:44:48.304] [SEVERE ] updating countdown to 53528
[13:44:48.415] [SEVERE ] updating countdown to 53417
[13:44:48.524] [SEVERE ] updating countdown to 53308
[13:44:48.634] [SEVERE ] updating countdown to 53198
[13:44:48.745] [SEVERE ] updating countdown to 53087
[13:44:48.855] [SEVERE ] updating countdown to 52977
[13:44:48.966] [SEVERE ] updating countdown to 52866
[13:44:49.076] [SEVERE ] updating countdown to 52756
[13:44:49.186] [SEVERE ] updating countdown to 52646
[13:44:49.297] [SEVERE ] updating countdown to 52535
[13:44:49.406] [SEVERE ] updating countdown to 52426
[13:44:49.517] [SEVERE ] updating countdown to 52315
[13:44:49.626] [SEVERE ] updating countdown to 52206
[13:44:49.737] [SEVERE ] updating countdown to 52095
[13:44:49.846] [SEVERE ] updating countdown to 51986
[13:44:49.957] [SEVERE ] updating countdown to 51875
[13:44:50.067] [SEVERE ] updating countdown to 51765
[13:44:50.177] [SEVERE ] updating countdown to 51655
[13:44:50.287] [SEVERE ] updating countdown to 51545
[13:44:50.398] [SEVERE ] updating countdown to 51434
[13:44:50.524] [SEVERE ] updating countdown to 51308
[13:44:50.634] [SEVERE ] updating countdown to 51198
[13:44:50.744] [SEVERE ] updating countdown to 51088
[13:44:50.853] [SEVERE ] updating countdown to 50979
[13:44:50.964] [SEVERE ] updating countdown to 50868
[13:44:51.074] [SEVERE ] updating countdown to 50758
[13:44:51.183] [SEVERE ] updating countdown to 50649
[13:44:51.294] [SEVERE ] updating countdown to 50538
[13:44:51.404] [SEVERE ] updating countdown to 50428
[13:44:51.513] [SEVERE ] updating countdown to 50319
[13:44:51.623] [SEVERE ] updating countdown to 50209
[13:44:51.733] [SEVERE ] updating countdown to 50099
[13:44:51.844] [SEVERE ] updating countdown to 49988
[13:44:51.956] [SEVERE ] updating countdown to 49876
[13:44:52.066] [SEVERE ] updating countdown to 49766
[13:44:52.179] [SEVERE ] updating countdown to 49653
[13:44:52.289] [SEVERE ] updating countdown to 49543
[13:44:52.389] [SEVERE ] updating countdown to 49443
[13:44:52.500] [SEVERE ] updating countdown to 49332
[13:44:52.610] [SEVERE ] updating countdown to 49222
[13:44:52.720] [SEVERE ] updating countdown to 49112
[13:44:52.830] [SEVERE ] updating countdown to 49002
[13:44:52.940] [SEVERE ] updating countdown to 48892
[13:44:53.045] [SEVERE ] updating countdown to 48787
[13:44:53.155] [SEVERE ] updating countdown to 48677
[13:44:53.266] [SEVERE ] updating countdown to 48566
[13:44:53.375] [SEVERE ] updating countdown to 48457
[13:44:53.487] [SEVERE ] updating countdown to 48345
[13:44:53.602] [SEVERE ] updating countdown to 48230
[13:44:53.712] [SEVERE ] updating countdown to 48120
[13:44:53.822] [SEVERE ] updating countdown to 48010
[13:44:53.932] [SEVERE ] updating countdown to 47900
[13:44:54.042] [SEVERE ] updating countdown to 47790
[13:44:54.152] [SEVERE ] updating countdown to 47680
[13:44:54.263] [SEVERE ] updating countdown to 47569
[13:44:54.373] [SEVERE ] updating countdown to 47459
[13:44:54.483] [SEVERE ] updating countdown to 47349
[13:44:54.593] [SEVERE ] updating countdown to 47239
[13:44:54.703] [SEVERE ] updating countdown to 47129
[13:44:54.813] [SEVERE ] updating countdown to 47019
[13:44:54.929] [SEVERE ] updating countdown to 46903
[13:44:55.040] [SEVERE ] updating countdown to 46792
[13:44:55.149] [SEVERE ] updating countdown to 46683
[13:44:55.259] [SEVERE ] updating countdown to 46573
[13:44:55.369] [SEVERE ] updating countdown to 46463
[13:44:55.481] [SEVERE ] updating countdown to 46351
[13:44:55.592] [SEVERE ] updating countdown to 46240
[13:44:55.702] [SEVERE ] updating countdown to 46130
[13:44:55.812] [SEVERE ] updating countdown to 46020
[13:44:55.922] [SEVERE ] updating countdown to 45910
[13:44:56.032] [SEVERE ] updating countdown to 45800
[13:44:56.140] [SEVERE ] updating countdown to 45692
[13:44:56.250] [SEVERE ] updating countdown to 45582
[13:44:56.359] [SEVERE ] updating countdown to 45473
[13:44:56.470] [SEVERE ] updating countdown to 45362
[13:44:56.580] [SEVERE ] updating countdown to 45252
[13:44:56.680] [SEVERE ] updating countdown to 45152
[13:44:56.791] [SEVERE ] updating countdown to 45041
[13:44:56.901] [SEVERE ] updating countdown to 44931
[13:44:57.012] [SEVERE ] updating countdown to 44820
[13:44:57.123] [SEVERE ] updating countdown to 44709
[13:44:57.234] [SEVERE ] updating countdown to 44598
[13:44:57.344] [SEVERE ] updating countdown to 44488
[13:44:57.453] [SEVERE ] updating countdown to 44379
[13:44:57.563] [SEVERE ] updating countdown to 44269
[13:44:57.673] [SEVERE ] updating countdown to 44159
[13:44:57.783] [SEVERE ] updating countdown to 44049
[13:44:57.893] [SEVERE ] updating countdown to 43939
[13:44:58.002] [SEVERE ] updating countdown to 43830
[13:44:58.113] [SEVERE ] updating countdown to 43719
[13:44:58.222] [SEVERE ] updating countdown to 43610
[13:44:58.333] [SEVERE ] updating countdown to 43499
[13:44:58.443] [SEVERE ] updating countdown to 43389
[13:44:58.553] [SEVERE ] updating countdown to 43279
[13:44:58.663] [SEVERE ] updating countdown to 43169
[13:44:58.773] [SEVERE ] updating countdown to 43059
[13:44:58.883] [SEVERE ] updating countdown to 42949
[13:44:58.993] [SEVERE ] updating countdown to 42839
[13:44:59.104] [SEVERE ] updating countdown to 42728
[13:44:59.213] [SEVERE ] updating countdown to 42619
[13:44:59.323] [SEVERE ] updating countdown to 42509
[13:44:59.435] [SEVERE ] updating countdown to 42397
[13:44:59.545] [SEVERE ] updating countdown to 42287
[13:44:59.655] [SEVERE ] updating countdown to 42177
[13:44:59.763] [SEVERE ] updating countdown to 42069
[13:44:59.873] [SEVERE ] updating countdown to 41959
[13:44:59.984] [SEVERE ] updating countdown to 41848
[13:45:00.098] [SEVERE ] updating countdown to 41734
[13:45:00.208] [SEVERE ] updating countdown to 41624
[13:45:00.319] [SEVERE ] updating countdown to 41513
[13:45:00.419] [SEVERE ] updating countdown to 41413
[13:45:00.533] [SEVERE ] updating countdown to 41299
[13:45:00.643] [SEVERE ] updating countdown to 41189
[13:45:00.757] [SEVERE ] updating countdown to 41075
[13:45:00.863] [SEVERE ] updating countdown to 40969
[13:45:00.966] [SEVERE ] updating countdown to 40866
[13:45:01.086] [SEVERE ] updating countdown to 40746
[13:45:01.198] [SEVERE ] updating countdown to 40634
[13:45:01.312] [SEVERE ] updating countdown to 40520
[13:45:01.421] [SEVERE ] updating countdown to 40411
[13:45:01.536] [SEVERE ] updating countdown to 40296
[13:45:01.647] [SEVERE ] updating countdown to 40185
[13:45:01.756] [SEVERE ] updating countdown to 40076
[13:45:01.866] [SEVERE ] updating countdown to 39966
[13:45:01.978] [SEVERE ] updating countdown to 39854
[13:45:02.088] [SEVERE ] updating countdown to 39744
[13:45:02.198] [SEVERE ] updating countdown to 39634
[13:45:02.299] [SEVERE ] updating countdown to 39533
[13:45:02.409] [SEVERE ] updating countdown to 39423
[13:45:02.520] [SEVERE ] updating countdown to 39312
[13:45:02.630] [SEVERE ] updating countdown to 39202
[13:45:02.738] [SEVERE ] updating countdown to 39094
[13:45:02.848] [SEVERE ] updating countdown to 38984
[13:45:02.955] [SEVERE ] updating countdown to 38877
[13:45:03.066] [SEVERE ] updating countdown to 38766
[13:45:03.177] [SEVERE ] updating countdown to 38655
[13:45:03.288] [SEVERE ] updating countdown to 38544
[13:45:03.399] [SEVERE ] updating countdown to 38433
[13:45:03.510] [SEVERE ] updating countdown to 38322
[13:45:03.619] [SEVERE ] updating countdown to 38213
[13:45:03.734] [SEVERE ] updating countdown to 38098
[13:45:03.844] [SEVERE ] updating countdown to 37988
[13:45:03.956] [SEVERE ] updating countdown to 37876
[13:45:04.066] [SEVERE ] updating countdown to 37766
[13:45:04.177] [SEVERE ] updating countdown to 37655
[13:45:04.288] [SEVERE ] updating countdown to 37544
[13:45:04.398] [SEVERE ] updating countdown to 37434
[13:45:04.509] [SEVERE ] updating countdown to 37323
[13:45:04.619] [SEVERE ] updating countdown to 37213
[13:45:04.730] [SEVERE ] updating countdown to 37102
[13:45:04.841] [SEVERE ] updating countdown to 36991
